#auto generated file!
60.0;65;0;35
60.599999999999994;72;0;28
61.199999999999996;70;0;30
61.8;78;0;22
62.4;78;0;22
63.0;75;0;25
63.599999999999994;75;0;25
64.2;79;0;21
64.8;72;0;28
65.39999999999999;73;0;27
66.0;70;0;30
66.6;76;0;24
67.2;77;0;23
67.8;77;0;23
68.39999999999999;81;0;19
69.0;77;0;23
69.6;76;0;24
70.2;70;0;30
70.8;76;0;24
71.39999999999999;75;0;25
72.0;75;0;25
72.6;70;0;30
73.2;72;0;28
73.8;81;0;19
74.39999999999999;76;0;24
75.0;73;0;27
75.6;72;0;28
76.2;78;0;22
76.8;77;0;23
77.39999999999999;73;0;27
78.0;72;0;28
78.6;72;0;28
79.2;72;0;28
79.8;71;0;29
80.39999999999999;71;0;29
81.0;73;0;27
81.6;75;0;25
82.2;75;0;25
82.8;78;0;22
83.39999999999999;73;0;27
84.0;74;0;26
84.6;72;0;28
85.2;75;0;25
85.8;74;0;26
86.39999999999999;76;0;24
87.0;79;0;21
87.6;72;0;28
88.2;76;0;24
88.8;76;0;24
89.39999999999999;80;0;20
90.0;82;0;18
90.6;78;0;22
91.2;75;0;25
91.8;76;0;24
92.39999999999999;78;0;22
93.0;69;0;31
93.6;75;0;25
94.2;75;0;25
94.8;77;0;23
95.39999999999999;70;0;30
96.0;77;0;23
96.6;80;0;20
97.2;82;0;18
97.8;73;0;27
98.39999999999999;74;0;26
99.0;78;0;22
99.6;77;0;23
100.2;79;0;21
100.8;74;0;26
101.39999999999999;72;0;28
102.0;71;0;29
102.6;75;0;25
103.2;75;0;25
103.8;73;0;27
104.39999999999999;78;0;22
105.0;83;0;17
105.6;80;0;20
106.2;82;0;18
106.8;76;0;24
107.39999999999999;72;0;28
108.0;76;0;24
108.6;76;0;24
109.2;70;0;30
109.8;75;0;25
110.39999999999999;75;0;25
111.0;68;0;32
111.6;74;0;26
112.2;74;0;26
112.8;77;0;23
113.39999999999999;81;0;19
114.0;76;0;24
114.6;75;0;25
115.19999999999999;74;0;26
115.8;76;0;24
116.39999999999999;76;0;24
117.0;72;0;28
117.6;68;0;32
118.19999999999999;71;0;29
118.8;76;0;24
119.39999999999999;72;0;28
120.0;77;0;23
120.6;76;0;24
121.19999999999999;72;0;28
121.8;74;0;26
122.39999999999999;66;0;34
123.0;69;0;31
123.6;77;0;23
124.19999999999999;74;0;26
124.8;73;0;27
125.39999999999999;74;0;26
126.0;73;0;27
126.6;74;0;26
127.19999999999999;78;0;22
127.8;76;0;24
128.4;77;0;23
129.0;69;0;31
129.6;66;0;34
130.2;74;0;26
130.79999999999998;81;0;19
131.4;79;0;21
132.0;67;0;33
132.6;66;0;34
133.2;70;0;30
133.79999999999998;72;0;28
134.4;79;0;21
135.0;77;0;23
135.6;73;0;27
136.2;74;0;26
136.79999999999998;74;0;26
137.4;74;0;26
138.0;76;0;24
138.6;78;0;22
139.2;72;0;28
139.79999999999998;75;0;25
140.4;68;0;32
141.0;75;0;25
141.6;72;0;28
142.2;66;0;34
142.79999999999998;73;0;27
143.4;69;0;31
144.0;74;0;26
144.6;75;0;25
145.2;72;0;28
145.79999999999998;68;0;32
146.4;69;0;31
147.0;74;0;26
147.6;72;0;28
148.2;67;0;33
148.79999999999998;77;0;23
149.4;79;0;21
150.0;73;0;27
150.6;78;0;22
151.2;85;0;15
151.79999999999998;81;0;19
152.4;79;0;21
153.0;72;0;28
153.6;70;0;30
154.2;70;0;30
154.79999999999998;76;0;24
155.4;75;0;25
156.0;77;0;23
156.6;79;0;21
157.2;87;0;13
157.79999999999998;83;0;17
158.4;79;0;21
159.0;75;0;25
159.6;75;0;25
160.2;74;0;26
160.79999999999998;69;0;31
161.4;74;0;26
162.0;76;0;24
162.6;72;0;28
163.2;70;0;30
163.79999999999998;75;0;25
164.4;79;0;21
165.0;75;0;25
165.6;73;0;27
166.2;68;0;32
166.79999999999998;69;0;31
167.4;70;0;30
168.0;79;0;21
168.6;82;0;18
169.2;70;0;30
169.79999999999998;72;0;28
170.4;75;0;25
171.0;73;0;27
171.6;77;0;23
172.2;78;0;22
172.79999999999998;76;0;24
173.4;75;0;25
174.0;69;0;31
174.6;70;0;30
175.2;75;0;25
175.79999999999998;72;0;28
176.4;76;0;24
177.0;75;0;25
177.6;77;0;23
178.2;83;0;17
178.79999999999998;80;0;20
179.4;83;0;17
180.0;80;0;20
180.6;73;0;27
181.2;76;0;24
181.79999999999998;77;0;23
182.4;78;0;22
183.0;79;0;21
183.6;80;0;20
184.2;76;0;24
184.79999999999998;66;0;34
185.4;68;0;32
186.0;74;0;26
186.6;69;0;31
187.2;69;0;31
187.79999999999998;65;0;35
188.4;70;0;30
189.0;80;0;20
189.6;71;0;29
190.2;75;0;25
190.79999999999998;70;0;30
191.4;71;0;29
192.0;72;0;28
192.6;73;0;27
193.2;82;0;18
193.79999999999998;80;0;20
194.4;73;0;27
195.0;71;0;29
195.6;73;0;27
196.2;74;0;26
196.79999999999998;73;0;27
197.4;71;0;29
198.0;71;0;29
198.6;73;0;27
199.2;74;0;26
199.79999999999998;75;0;25
200.4;78;0;22
201.0;75;0;25
201.6;74;0;26
202.2;74;0;26
202.79999999999998;68;0;32
203.4;67;0;33
204.0;76;0;24
204.6;76;0;24
205.2;79;0;21
205.79999999999998;80;0;20
206.4;79;0;21
207.0;75;0;25
207.6;77;0;23
208.2;71;0;29
208.79999999999998;76;0;24
209.4;75;0;25
210.0;74;0;26
210.6;69;0;31
211.2;79;0;21
211.79999999999998;71;0;29
212.4;81;0;19
213.0;79;0;21
213.6;75;0;25
214.2;75;0;25
214.79999999999998;75;0;25
215.4;67;0;33
216.0;69;0;31
216.6;65;0;35
217.2;69;0;31
217.79999999999998;75;0;25
218.4;74;0;26
219.0;78;0;22
219.6;75;0;25
220.2;74;0;26
220.79999999999998;79;0;21
221.4;81;0;19
222.0;76;0;24
222.6;78;0;22
223.2;79;0;21
223.79999999999998;81;0;19
224.4;73;0;27
225.0;83;0;17
225.6;74;0;26
226.2;77;0;23
226.79999999999998;68;0;32
227.4;75;0;25
228.0;77;0;23
228.6;74;0;26
229.2;74;0;26
229.79999999999998;76;0;24
230.39999999999998;74;0;26
231.0;75;0;25
231.6;71;0;29
232.2;77;0;23
232.79999999999998;74;0;26
233.39999999999998;81;0;19
234.0;83;0;17
234.6;78;0;22
235.2;79;0;21
235.79999999999998;84;0;16
236.39999999999998;80;0;20
237.0;74;0;26
237.6;67;0;33
238.2;70;0;30
238.79999999999998;69;0;31
239.39999999999998;76;0;24
240.0;70;0;30
240.6;73;0;27
241.2;70;0;30
241.79999999999998;72;0;28
242.39999999999998;75;0;25
243.0;68;0;32
243.6;76;0;24
244.2;75;0;25
244.79999999999998;76;0;24
245.39999999999998;76;0;24
246.0;74;0;26
246.6;76;0;24
247.2;73;0;27
247.79999999999998;77;0;23
248.39999999999998;81;0;19
249.0;76;0;24
249.6;85;0;15
250.2;78;0;22
250.79999999999998;78;0;22
251.39999999999998;79;0;21
252.0;70;0;30
252.6;74;0;26
253.2;76;0;24
253.79999999999998;77;0;23
254.39999999999998;73;0;27
255.0;71;0;29
255.6;74;0;26
256.2;74;0;26
256.8;76;0;24
257.4;82;0;18
258.0;80;0;20
258.59999999999997;75;0;25
259.2;72;0;28
259.8;71;0;29
260.4;72;0;28
261.0;72;0;28
261.59999999999997;76;0;24
262.2;76;0;24
262.8;76;0;24
263.4;80;0;20
264.0;75;0;25
264.59999999999997;78;0;22
265.2;77;0;23
265.8;73;0;27
266.4;71;0;29
267.0;77;0;23
267.59999999999997;79;0;21
268.2;79;0;21
268.8;70;0;30
269.4;73;0;27
270.0;76;0;24
270.59999999999997;71;0;29
271.2;74;0;26
271.8;74;0;26
272.4;74;0;26
273.0;75;0;25
273.59999999999997;78;0;22
274.2;79;0;21
274.8;84;0;16
275.4;79;0;21
276.0;84;0;16
276.59999999999997;82;0;18
277.2;79;0;21
277.8;84;0;16
278.4;79;0;21
279.0;80;0;20
279.59999999999997;71;0;29
280.2;76;0;24
280.8;73;0;27
281.4;71;0;29
282.0;72;0;28
282.59999999999997;69;0;31
283.2;74;0;26
283.8;72;0;28
284.4;71;0;29
285.0;72;0;28
285.59999999999997;77;0;23
286.2;78;0;22
286.8;70;0;30
287.4;74;0;26
288.0;74;0;26
288.59999999999997;72;0;28
289.2;74;0;26
289.8;70;0;30
290.4;81;0;19
291.0;77;0;23
291.59999999999997;76;0;24
292.2;76;0;24
292.8;76;0;24
293.4;75;0;25
294.0;71;0;29
294.59999999999997;73;0;27
295.2;76;0;24
295.8;76;0;24
296.4;69;0;31
297.0;72;0;28
297.59999999999997;73;0;27
298.2;79;0;21
298.8;80;0;20
299.4;78;0;22
#auto generated file!
60.0;72;0;28
60.599999999999994;74;0;26
61.199999999999996;75;0;25
61.8;73;0;27
62.4;79;0;21
63.0;76;0;24
63.599999999999994;72;0;28
64.2;68;0;32
64.8;72;0;28
65.39999999999999;63;0;37
66.0;70;0;30
66.6;70;0;30
67.2;71;0;29
67.8;73;0;27
68.39999999999999;83;0;17
69.0;78;0;22
69.6;78;0;22
70.2;77;0;23
70.8;73;0;27
71.39999999999999;79;0;21
72.0;79;0;21
72.6;81;0;19
73.2;72;0;28
73.8;69;0;31
74.39999999999999;64;0;36
75.0;73;0;27
75.6;77;0;23
76.2;81;0;19
76.8;76;0;24
77.39999999999999;72;0;28
78.0;73;0;27
78.6;75;0;25
79.2;75;0;25
79.8;72;0;28
80.39999999999999;74;0;26
81.0;70;0;30
81.6;71;0;29
82.2;76;0;24
82.8;75;0;25
83.39999999999999;74;0;26
84.0;75;0;25
84.6;75;0;25
85.2;83;0;17
85.8;79;0;21
86.39999999999999;79;0;21
87.0;72;0;28
87.6;73;0;27
88.2;73;0;27
88.8;79;0;21
89.39999999999999;79;0;21
90.0;77;0;23
90.6;74;0;26
91.2;75;0;25
91.8;75;0;25
92.39999999999999;66;0;34
93.0;71;0;29
93.6;78;0;22
94.2;77;0;23
94.8;76;0;24
95.39999999999999;79;0;21
96.0;74;0;26
96.6;74;0;26
97.2;77;0;23
97.8;77;0;23
98.39999999999999;79;0;21
99.0;82;0;18
99.6;80;0;20
100.2;76;0;24
100.8;74;0;26
101.39999999999999;68;0;32
102.0;71;0;29
102.6;74;0;26
103.2;78;0;22
103.8;76;0;24
104.39999999999999;75;0;25
105.0;76;0;24
105.6;75;0;25
106.2;74;0;26
106.8;74;0;26
107.39999999999999;74;0;26
108.0;75;0;25
108.6;74;0;26
109.2;69;0;31
109.8;73;0;27
110.39999999999999;67;0;33
111.0;74;0;26
111.6;79;0;21
112.2;79;0;21
112.8;75;0;25
113.39999999999999;79;0;21
114.0;68;0;32
114.6;72;0;28
115.19999999999999;70;0;30
115.8;71;0;29
116.39999999999999;75;0;25
117.0;73;0;27
117.6;81;0;19
118.19999999999999;81;0;19
118.8;77;0;23
119.39999999999999;73;0;27
120.0;73;0;27
120.6;76;0;24
121.19999999999999;78;0;22
121.8;80;0;20
122.39999999999999;84;0;16
123.0;79;0;21
123.6;80;0;20
124.19999999999999;75;0;25
124.8;71;0;29
125.39999999999999;71;0;29
126.0;71;0;29
126.6;66;0;34
127.19999999999999;67;0;33
127.8;73;0;27
128.4;72;0;28
129.0;75;0;25
129.6;74;0;26
130.2;70;0;30
130.79999999999998;66;0;34
131.4;67;0;33
132.0;67;0;33
132.6;73;0;27
133.2;79;0;21
133.79999999999998;80;0;20
134.4;73;0;27
135.0;75;0;25
135.6;81;0;19
136.2;66;0;34
136.79999999999998;70;0;30
137.4;75;0;25
138.0;77;0;23
138.6;76;0;24
139.2;75;0;25
139.79999999999998;77;0;23
140.4;71;0;29
141.0;82;0;18
141.6;78;0;22
142.2;72;0;28
142.79999999999998;80;0;20
143.4;82;0;18
144.0;81;0;19
144.6;83;0;17
145.2;82;0;18
145.79999999999998;75;0;25
146.4;76;0;24
147.0;72;0;28
147.6;69;0;31
148.2;71;0;29
148.79999999999998;79;0;21
149.4;79;0;21
150.0;73;0;27
150.6;69;0;31
151.2;69;0;31
151.79999999999998;72;0;28
152.4;80;0;20
153.0;75;0;25
153.6;78;0;22
154.2;74;0;26
154.79999999999998;73;0;27
155.4;72;0;28
156.0;78;0;22
156.6;78;0;22
157.2;71;0;29
157.79999999999998;78;0;22
158.4;79;0;21
159.0;75;0;25
159.6;74;0;26
160.2;74;0;26
160.79999999999998;73;0;27
161.4;77;0;23
162.0;72;0;28
162.6;68;0;32
163.2;70;0;30
163.79999999999998;65;0;35
164.4;63;0;37
165.0;64;0;36
165.6;71;0;29
166.2;77;0;23
166.79999999999998;71;0;29
167.4;67;0;33
168.0;79;0;21
168.6;78;0;22
169.2;81;0;19
169.79999999999998;82;0;18
170.4;77;0;23
171.0;72;0;28
171.6;79;0;21
172.2;84;0;16
172.79999999999998;77;0;23
173.4;75;0;25
174.0;74;0;26
174.6;74;0;26
175.2;75;0;25
175.79999999999998;73;0;27
176.4;78;0;22
177.0;72;0;28
177.6;83;0;17
178.2;84;0;16
178.79999999999998;85;0;15
179.4;81;0;19
180.0;74;0;26
180.6;71;0;29
181.2;74;0;26
181.79999999999998;72;0;28
182.4;73;0;27
183.0;69;0;31
183.6;72;0;28
184.2;71;0;29
184.79999999999998;71;0;29
185.4;75;0;25
186.0;73;0;27
186.6;75;0;25
187.2;69;0;31
187.79999999999998;67;0;33
188.4;72;0;28
189.0;76;0;24
189.6;70;0;30
190.2;75;0;25
190.79999999999998;75;0;25
191.4;75;0;25
192.0;73;0;27
192.6;76;0;24
193.2;74;0;26
193.79999999999998;70;0;30
194.4;86;0;14
195.0;80;0;20
195.6;78;0;22
196.2;77;0;23
196.79999999999998;76;0;24
197.4;78;0;22
198.0;82;0;18
198.6;78;0;22
199.2;72;0;28
199.79999999999998;74;0;26
200.4;76;0;24
201.0;74;0;26
201.6;70;0;30
202.2;76;0;24
202.79999999999998;76;0;24
203.4;79;0;21
204.0;80;0;20
204.6;70;0;30
205.2;70;0;30
205.79999999999998;79;0;21
206.4;79;0;21
207.0;80;0;20
207.6;70;0;30
208.2;72;0;28
208.79999999999998;76;0;24
209.4;75;0;25
210.0;72;0;28
210.6;70;0;30
211.2;71;0;29
211.79999999999998;76;0;24
212.4;78;0;22
213.0;70;0;30
213.6;74;0;26
214.2;77;0;23
214.79999999999998;78;0;22
215.4;81;0;19
216.0;74;0;26
216.6;71;0;29
217.2;74;0;26
217.79999999999998;78;0;22
218.4;75;0;25
219.0;75;0;25
219.6;71;0;29
220.2;69;0;31
220.79999999999998;77;0;23
221.4;78;0;22
222.0;73;0;27
222.6;68;0;32
223.2;75;0;25
223.79999999999998;74;0;26
224.4;77;0;23
225.0;70;0;30
225.6;68;0;32
226.2;78;0;22
226.79999999999998;72;0;28
227.4;80;0;20
228.0;79;0;21
228.6;83;0;17
229.2;76;0;24
229.79999999999998;72;0;28
230.39999999999998;80;0;20
231.0;73;0;27
231.6;77;0;23
232.2;80;0;20
232.79999999999998;80;0;20
233.39999999999998;79;0;21
234.0;74;0;26
234.6;73;0;27
235.2;73;0;27
235.79999999999998;73;0;27
236.39999999999998;75;0;25
237.0;79;0;21
237.6;75;0;25
238.2;67;0;33
238.79999999999998;73;0;27
239.39999999999998;73;0;27
240.0;68;0;32
240.6;70;0;30
241.2;79;0;21
241.79999999999998;80;0;20
242.39999999999998;76;0;24
243.0;80;0;20
243.6;71;0;29
244.2;73;0;27
244.79999999999998;73;0;27
245.39999999999998;75;0;25
246.0;76;0;24
246.6;76;0;24
247.2;77;0;23
247.79999999999998;78;0;22
248.39999999999998;85;0;15
249.0;77;0;23
249.6;76;0;24
250.2;77;0;23
250.79999999999998;76;0;24
251.39999999999998;79;0;21
252.0;70;0;30
252.6;77;0;23
253.2;75;0;25
253.79999999999998;69;0;31
254.39999999999998;75;0;25
255.0;79;0;21
255.6;79;0;21
256.2;78;0;22
256.8;74;0;26
257.4;80;0;20
258.0;76;0;24
258.59999999999997;73;0;27
259.2;74;0;26
259.8;72;0;28
260.4;72;0;28
261.0;76;0;24
261.59999999999997;66;0;34
262.2;72;0;28
262.8;81;0;19
263.4;80;0;20
264.0;67;0;33
264.59999999999997;77;0;23
265.2;72;0;28
265.8;77;0;23
266.4;85;0;15
267.0;76;0;24
267.59999999999997;76;0;24
268.2;78;0;22
268.8;76;0;24
269.4;84;0;16
270.0;76;0;24
270.59999999999997;75;0;25
271.2;79;0;21
271.8;76;0;24
272.4;74;0;26
273.0;68;0;32
273.59999999999997;68;0;32
274.2;69;0;31
274.8;73;0;27
275.4;75;0;25
276.0;76;0;24
276.59999999999997;79;0;21
277.2;80;0;20
277.8;77;0;23
278.4;76;0;24
279.0;84;0;16
279.59999999999997;75;0;25
280.2;76;0;24
280.8;66;0;34
281.4;73;0;27
282.0;81;0;19
282.59999999999997;77;0;23
283.2;78;0;22
283.8;79;0;21
284.4;73;0;27
285.0;73;0;27
285.59999999999997;73;0;27
286.2;74;0;26
286.8;71;0;29
287.4;73;0;27
288.0;70;0;30
288.59999999999997;77;0;23
289.2;73;0;27
289.8;74;0;26
290.4;72;0;28
291.0;72;0;28
291.59999999999997;73;0;27
292.2;75;0;25
292.8;79;0;21
293.4;80;0;20
294.0;74;0;26
294.59999999999997;80;0;20
295.2;74;0;26
295.8;76;0;24
296.4;70;0;30
297.0;70;0;30
297.59999999999997;70;0;30
298.2;74;0;26
298.8;79;0;21
299.4;79;0;21
#auto generated file!
60.0;76;0;24
60.599999999999994;71;0;29
61.199999999999996;76;0;24
61.8;74;0;26
62.4;71;0;29
63.0;68;0;32
63.599999999999994;73;0;27
64.2;71;0;29
64.8;69;0;31
65.39999999999999;62;0;38
66.0;65;0;35
66.6;73;0;27
67.2;72;0;28
67.8;74;0;26
68.39999999999999;78;0;22
69.0;76;0;24
69.6;75;0;25
70.2;74;0;26
70.8;79;0;21
71.39999999999999;82;0;18
72.0;80;0;20
72.6;78;0;22
73.2;80;0;20
73.8;82;0;18
74.39999999999999;77;0;23
75.0;76;0;24
75.6;72;0;28
76.2;77;0;23
76.8;84;0;16
77.39999999999999;76;0;24
78.0;68;0;32
78.6;78;0;22
79.2;72;0;28
79.8;75;0;25
80.39999999999999;74;0;26
81.0;72;0;28
81.6;72;0;28
82.2;74;0;26
82.8;77;0;23
83.39999999999999;77;0;23
84.0;74;0;26
84.6;71;0;29
85.2;73;0;27
85.8;76;0;24
86.39999999999999;78;0;22
87.0;74;0;26
87.6;77;0;23
88.2;72;0;28
88.8;77;0;23
89.39999999999999;73;0;27
90.0;78;0;22
90.6;75;0;25
91.2;73;0;27
91.8;72;0;28
92.39999999999999;73;0;27
93.0;75;0;25
93.6;77;0;23
94.2;78;0;22
94.8;76;0;24
95.39999999999999;79;0;21
96.0;76;0;24
96.6;74;0;26
97.2;81;0;19
97.8;82;0;18
98.39999999999999;83;0;17
99.0;81;0;19
99.6;76;0;24
100.2;79;0;21
100.8;75;0;25
101.39999999999999;73;0;27
102.0;71;0;29
102.6;75;0;25
103.2;75;0;25
103.8;78;0;22
104.39999999999999;75;0;25
105.0;74;0;26
105.6;75;0;25
106.2;78;0;22
106.8;75;0;25
107.39999999999999;78;0;22
108.0;81;0;19
108.6;74;0;26
109.2;74;0;26
109.8;69;0;31
110.39999999999999;69;0;31
111.0;70;0;30
111.6;68;0;32
112.2;66;0;34
112.8;73;0;27
113.39999999999999;72;0;28
114.0;73;0;27
114.6;73;0;27
115.19999999999999;71;0;29
115.8;68;0;32
116.39999999999999;72;0;28
117.0;78;0;22
117.6;75;0;25
118.19999999999999;75;0;25
118.8;81;0;19
119.39999999999999;77;0;23
120.0;79;0;21
120.6;76;0;24
121.19999999999999;78;0;22
121.8;77;0;23
122.39999999999999;74;0;26
123.0;75;0;25
123.6;80;0;20
124.19999999999999;67;0;33
124.8;73;0;27
125.39999999999999;74;0;26
126.0;72;0;28
126.6;72;0;28
127.19999999999999;71;0;29
127.8;75;0;25
128.4;70;0;30
129.0;74;0;26
129.6;77;0;23
130.2;73;0;27
130.79999999999998;68;0;32
131.4;67;0;33
132.0;77;0;23
132.6;73;0;27
133.2;71;0;29
133.79999999999998;70;0;30
134.4;70;0;30
135.0;69;0;31
135.6;66;0;34
136.2;72;0;28
136.79999999999998;81;0;19
137.4;75;0;25
138.0;69;0;31
138.6;71;0;29
139.2;73;0;27
139.79999999999998;73;0;27
140.4;72;0;28
141.0;71;0;29
141.6;81;0;19
142.2;78;0;22
142.79999999999998;81;0;19
143.4;78;0;22
144.0;74;0;26
144.6;69;0;31
145.2;73;0;27
145.79999999999998;65;0;35
146.4;73;0;27
147.0;66;0;34
147.6;73;0;27
148.2;78;0;22
148.79999999999998;77;0;23
149.4;73;0;27
150.0;72;0;28
150.6;75;0;25
151.2;66;0;34
151.79999999999998;71;0;29
152.4;67;0;33
153.0;68;0;32
153.6;75;0;25
154.2;77;0;23
154.79999999999998;78;0;22
155.4;82;0;18
156.0;78;0;22
156.6;72;0;28
157.2;75;0;25
157.79999999999998;71;0;29
158.4;82;0;18
159.0;79;0;21
159.6;72;0;28
160.2;78;0;22
160.79999999999998;76;0;24
161.4;73;0;27
162.0;69;0;31
162.6;75;0;25
163.2;78;0;22
163.79999999999998;79;0;21
164.4;79;0;21
165.0;84;0;16
165.6;75;0;25
166.2;74;0;26
166.79999999999998;76;0;24
167.4;73;0;27
168.0;78;0;22
168.6;81;0;19
169.2;81;0;19
169.79999999999998;72;0;28
170.4;77;0;23
171.0;80;0;20
171.6;79;0;21
172.2;76;0;24
172.79999999999998;72;0;28
173.4;72;0;28
174.0;83;0;17
174.6;79;0;21
175.2;74;0;26
175.79999999999998;77;0;23
176.4;78;0;22
177.0;78;0;22
177.6;76;0;24
178.2;75;0;25
178.79999999999998;75;0;25
179.4;73;0;27
180.0;75;0;25
180.6;83;0;17
181.2;88;0;12
181.79999999999998;87;0;13
182.4;82;0;18
183.0;85;0;15
183.6;78;0;22
184.2;80;0;20
184.79999999999998;74;0;26
185.4;76;0;24
186.0;77;0;23
186.6;75;0;25
187.2;74;0;26
187.79999999999998;73;0;27
188.4;78;0;22
189.0;71;0;29
189.6;72;0;28
190.2;70;0;30
190.79999999999998;76;0;24
191.4;74;0;26
192.0;78;0;22
192.6;77;0;23
193.2;76;0;24
193.79999999999998;80;0;20
194.4;78;0;22
195.0;71;0;29
195.6;72;0;28
196.2;70;0;30
196.79999999999998;76;0;24
197.4;77;0;23
198.0;77;0;23
198.6;73;0;27
199.2;77;0;23
199.79999999999998;79;0;21
200.4;86;0;14
201.0;77;0;23
201.6;81;0;19
202.2;76;0;24
202.79999999999998;72;0;28
203.4;75;0;25
204.0;83;0;17
204.6;76;0;24
205.2;79;0;21
205.79999999999998;76;0;24
206.4;71;0;29
207.0;65;0;35
207.6;69;0;31
208.2;76;0;24
208.79999999999998;77;0;23
209.4;76;0;24
210.0;80;0;20
210.6;76;0;24
211.2;81;0;19
211.79999999999998;75;0;25
212.4;74;0;26
213.0;75;0;25
213.6;81;0;19
214.2;72;0;28
214.79999999999998;77;0;23
215.4;77;0;23
216.0;77;0;23
216.6;82;0;18
217.2;77;0;23
217.79999999999998;76;0;24
218.4;67;0;33
219.0;76;0;24
219.6;70;0;30
220.2;77;0;23
220.79999999999998;70;0;30
221.4;73;0;27
222.0;75;0;25
222.6;68;0;32
223.2;72;0;28
223.79999999999998;68;0;32
224.4;71;0;29
225.0;69;0;31
225.6;79;0;21
226.2;79;0;21
226.79999999999998;77;0;23
227.4;77;0;23
228.0;80;0;20
228.6;84;0;16
229.2;77;0;23
229.79999999999998;73;0;27
230.39999999999998;74;0;26
231.0;74;0;26
231.6;74;0;26
232.2;69;0;31
232.79999999999998;71;0;29
233.39999999999998;78;0;22
234.0;76;0;24
234.6;75;0;25
235.2;74;0;26
235.79999999999998;74;0;26
236.39999999999998;73;0;27
237.0;77;0;23
237.6;80;0;20
238.2;85;0;15
238.79999999999998;80;0;20
239.39999999999998;78;0;22
240.0;75;0;25
240.6;74;0;26
241.2;74;0;26
241.79999999999998;79;0;21
242.39999999999998;74;0;26
243.0;75;0;25
243.6;80;0;20
244.2;71;0;29
244.79999999999998;68;0;32
245.39999999999998;71;0;29
246.0;70;0;30
246.6;73;0;27
247.2;76;0;24
247.79999999999998;74;0;26
248.39999999999998;69;0;31
249.0;69;0;31
249.6;70;0;30
250.2;62;0;38
250.79999999999998;66;0;34
251.39999999999998;69;0;31
252.0;74;0;26
252.6;78;0;22
253.2;73;0;27
253.79999999999998;75;0;25
254.39999999999998;81;0;19
255.0;70;0;30
255.6;75;0;25
256.2;70;0;30
256.8;82;0;18
257.4;79;0;21
258.0;80;0;20
258.59999999999997;73;0;27
259.2;69;0;31
259.8;72;0;28
260.4;72;0;28
261.0;72;0;28
261.59999999999997;71;0;29
262.2;71;0;29
262.8;74;0;26
263.4;78;0;22
264.0;75;0;25
264.59999999999997;78;0;22
265.2;80;0;20
265.8;85;0;15
266.4;76;0;24
267.0;70;0;30
267.59999999999997;73;0;27
268.2;72;0;28
268.8;70;0;30
269.4;68;0;32
270.0;72;0;28
270.59999999999997;81;0;19
271.2;72;0;28
271.8;77;0;23
272.4;71;0;29
273.0;69;0;31
273.59999999999997;66;0;34
274.2;65;0;35
274.8;71;0;29
275.4;73;0;27
276.0;76;0;24
276.59999999999997;69;0;31
277.2;68;0;32
277.8;71;0;29
278.4;84;0;16
279.0;81;0;19
279.59999999999997;79;0;21
280.2;80;0;20
280.8;76;0;24
281.4;74;0;26
282.0;85;0;15
282.59999999999997;81;0;19
283.2;78;0;22
283.8;78;0;22
284.4;80;0;20
285.0;74;0;26
285.59999999999997;78;0;22
286.2;78;0;22
286.8;77;0;23
287.4;80;0;20
288.0;81;0;19
288.59999999999997;76;0;24
289.2;74;0;26
289.8;67;0;33
290.4;74;0;26
291.0;80;0;20
291.59999999999997;76;0;24
292.2;82;0;18
292.8;77;0;23
293.4;83;0;17
294.0;80;0;20
294.59999999999997;81;0;19
295.2;84;0;16
295.8;81;0;19
296.4;76;0;24
297.0;83;0;17
297.59999999999997;84;0;16
298.2;79;0;21
298.8;79;0;21
299.4;76;0;24
#auto generated file!
60.0;74;0;26
60.599999999999994;75;0;25
61.199999999999996;70;0;30
61.8;75;0;25
62.4;69;0;31
63.0;72;0;28
63.599999999999994;72;0;28
64.2;75;0;25
64.8;73;0;27
65.39999999999999;75;0;25
66.0;72;0;28
66.6;74;0;26
67.2;72;0;28
67.8;73;0;27
68.39999999999999;68;0;32
69.0;69;0;31
69.6;68;0;32
70.2;67;0;33
70.8;73;0;27
71.39999999999999;73;0;27
72.0;77;0;23
72.6;76;0;24
73.2;74;0;26
73.8;76;0;24
74.39999999999999;77;0;23
75.0;70;0;30
75.6;72;0;28
76.2;73;0;27
76.8;72;0;28
77.39999999999999;69;0;31
78.0;68;0;32
78.6;68;0;32
79.2;74;0;26
79.8;79;0;21
80.39999999999999;84;0;16
81.0;82;0;18
81.6;79;0;21
82.2;79;0;21
82.8;77;0;23
83.39999999999999;71;0;29
84.0;76;0;24
84.6;76;0;24
85.2;69;0;31
85.8;69;0;31
86.39999999999999;73;0;27
87.0;75;0;25
87.6;78;0;22
88.2;80;0;20
88.8;82;0;18
89.39999999999999;79;0;21
90.0;75;0;25
90.6;82;0;18
91.2;82;0;18
91.8;79;0;21
92.39999999999999;68;0;32
93.0;72;0;28
93.6;76;0;24
94.2;81;0;19
94.8;82;0;18
95.39999999999999;78;0;22
96.0;66;0;34
96.6;72;0;28
97.2;78;0;22
97.8;69;0;31
98.39999999999999;78;0;22
99.0;76;0;24
99.6;73;0;27
100.2;65;0;35
100.8;68;0;32
101.39999999999999;67;0;33
102.0;56;0;44
102.6;66;0;34
103.2;79;0;21
103.8;76;0;24
104.39999999999999;80;0;20
105.0;82;0;18
105.6;73;0;27
106.2;72;0;28
106.8;79;0;21
107.39999999999999;79;0;21
108.0;81;0;19
108.6;71;0;29
109.2;66;0;34
109.8;67;0;33
110.39999999999999;73;0;27
111.0;71;0;29
111.6;75;0;25
112.2;86;0;14
112.8;76;0;24
113.39999999999999;82;0;18
114.0;77;0;23
114.6;76;0;24
115.19999999999999;69;0;31
115.8;71;0;29
116.39999999999999;71;0;29
117.0;65;0;35
117.6;67;0;33
118.19999999999999;73;0;27
118.8;64;0;36
119.39999999999999;76;0;24
120.0;74;0;26
120.6;74;0;26
121.19999999999999;75;0;25
121.8;77;0;23
122.39999999999999;72;0;28
123.0;79;0;21
123.6;72;0;28
124.19999999999999;70;0;30
124.8;78;0;22
125.39999999999999;74;0;26
126.0;73;0;27
126.6;76;0;24
127.19999999999999;73;0;27
127.8;81;0;19
128.4;88;0;12
129.0;82;0;18
129.6;88;0;12
130.2;80;0;20
130.79999999999998;74;0;26
131.4;67;0;33
132.0;70;0;30
132.6;72;0;28
133.2;68;0;32
133.79999999999998;75;0;25
134.4;76;0;24
135.0;78;0;22
135.6;78;0;22
136.2;74;0;26
136.79999999999998;71;0;29
137.4;75;0;25
138.0;75;0;25
138.6;76;0;24
139.2;76;0;24
139.79999999999998;68;0;32
140.4;65;0;35
141.0;71;0;29
141.6;74;0;26
142.2;78;0;22
142.79999999999998;82;0;18
143.4;76;0;24
144.0;76;0;24
144.6;75;0;25
145.2;77;0;23
145.79999999999998;73;0;27
146.4;75;0;25
147.0;77;0;23
147.6;73;0;27
148.2;75;0;25
148.79999999999998;75;0;25
149.4;75;0;25
150.0;76;0;24
150.6;83;0;17
151.2;80;0;20
151.79999999999998;79;0;21
152.4;75;0;25
153.0;72;0;28
153.6;71;0;29
154.2;85;0;15
154.79999999999998;83;0;17
155.4;76;0;24
156.0;77;0;23
156.6;79;0;21
157.2;71;0;29
157.79999999999998;73;0;27
158.4;78;0;22
159.0;75;0;25
159.6;75;0;25
160.2;68;0;32
160.79999999999998;82;0;18
161.4;73;0;27
162.0;77;0;23
162.6;75;0;25
163.2;70;0;30
163.79999999999998;73;0;27
164.4;71;0;29
165.0;70;0;30
165.6;75;0;25
166.2;75;0;25
166.79999999999998;74;0;26
167.4;71;0;29
168.0;68;0;32
168.6;76;0;24
169.2;75;0;25
169.79999999999998;72;0;28
170.4;80;0;20
171.0;77;0;23
171.6;76;0;24
172.2;69;0;31
172.79999999999998;68;0;32
173.4;72;0;28
174.0;69;0;31
174.6;68;0;32
175.2;73;0;27
175.79999999999998;75;0;25
176.4;75;0;25
177.0;78;0;22
177.6;81;0;19
178.2;85;0;15
178.79999999999998;78;0;22
179.4;80;0;20
180.0;82;0;18
180.6;75;0;25
181.2;76;0;24
181.79999999999998;73;0;27
182.4;69;0;31
183.0;71;0;29
183.6;60;0;40
184.2;65;0;35
184.79999999999998;74;0;26
185.4;69;0;31
186.0;68;0;32
186.6;76;0;24
187.2;74;0;26
187.79999999999998;77;0;23
188.4;77;0;23
189.0;79;0;21
189.6;77;0;23
190.2;78;0;22
190.79999999999998;76;0;24
191.4;74;0;26
192.0;70;0;30
192.6;69;0;31
193.2;69;0;31
193.79999999999998;71;0;29
194.4;79;0;21
195.0;72;0;28
195.6;66;0;34
196.2;74;0;26
196.79999999999998;73;0;27
197.4;74;0;26
198.0;69;0;31
198.6;69;0;31
199.2;68;0;32
199.79999999999998;69;0;31
200.4;75;0;25
201.0;74;0;26
201.6;68;0;32
202.2;74;0;26
202.79999999999998;68;0;32
203.4;75;0;25
204.0;76;0;24
204.6;76;0;24
205.2;88;0;12
205.79999999999998;77;0;23
206.4;77;0;23
207.0;76;0;24
207.6;71;0;29
208.2;75;0;25
208.79999999999998;74;0;26
209.4;79;0;21
210.0;88;0;12
210.6;84;0;16
211.2;77;0;23
211.79999999999998;71;0;29
212.4;69;0;31
213.0;73;0;27
213.6;71;0;29
214.2;64;0;36
214.79999999999998;74;0;26
215.4;72;0;28
216.0;75;0;25
216.6;74;0;26
217.2;75;0;25
217.79999999999998;65;0;35
218.4;69;0;31
219.0;72;0;28
219.6;73;0;27
220.2;79;0;21
220.79999999999998;76;0;24
221.4;75;0;25
222.0;77;0;23
222.6;71;0;29
223.2;66;0;34
223.79999999999998;71;0;29
224.4;67;0;33
225.0;66;0;34
225.6;70;0;30
226.2;71;0;29
226.79999999999998;72;0;28
227.4;76;0;24
228.0;77;0;23
228.6;76;0;24
229.2;76;0;24
229.79999999999998;81;0;19
230.39999999999998;77;0;23
231.0;81;0;19
231.6;80;0;20
232.2;82;0;18
232.79999999999998;77;0;23
233.39999999999998;76;0;24
234.0;72;0;28
234.6;75;0;25
235.2;69;0;31
235.79999999999998;76;0;24
236.39999999999998;72;0;28
237.0;72;0;28
237.6;67;0;33
238.2;66;0;34
238.79999999999998;69;0;31
239.39999999999998;66;0;34
240.0;69;0;31
240.6;72;0;28
241.2;73;0;27
241.79999999999998;75;0;25
242.39999999999998;75;0;25
243.0;78;0;22
243.6;72;0;28
244.2;70;0;30
244.79999999999998;73;0;27
245.39999999999998;81;0;19
246.0;81;0;19
246.6;75;0;25
247.2;81;0;19
247.79999999999998;76;0;24
248.39999999999998;74;0;26
249.0;69;0;31
249.6;72;0;28
250.2;79;0;21
250.79999999999998;73;0;27
251.39999999999998;78;0;22
252.0;79;0;21
252.6;80;0;20
253.2;76;0;24
253.79999999999998;74;0;26
254.39999999999998;73;0;27
255.0;77;0;23
255.6;76;0;24
256.2;74;0;26
256.8;78;0;22
257.4;78;0;22
258.0;77;0;23
258.59999999999997;74;0;26
259.2;69;0;31
259.8;75;0;25
260.4;75;0;25
261.0;75;0;25
261.59999999999997;77;0;23
262.2;79;0;21
262.8;73;0;27
263.4;74;0;26
264.0;74;0;26
264.59999999999997;72;0;28
265.2;72;0;28
265.8;76;0;24
266.4;70;0;30
267.0;77;0;23
267.59999999999997;70;0;30
268.2;65;0;35
268.8;71;0;29
269.4;76;0;24
270.0;70;0;30
270.59999999999997;73;0;27
271.2;78;0;22
271.8;75;0;25
272.4;73;0;27
273.0;75;0;25
273.59999999999997;75;0;25
274.2;76;0;24
274.8;83;0;17
275.4;82;0;18
276.0;78;0;22
276.59999999999997;76;0;24
277.2;72;0;28
277.8;74;0;26
278.4;78;0;22
279.0;77;0;23
279.59999999999997;79;0;21
280.2;72;0;28
280.8;68;0;32
281.4;74;0;26
282.0;70;0;30
282.59999999999997;76;0;24
283.2;73;0;27
283.8;75;0;25
284.4;73;0;27
285.0;72;0;28
285.59999999999997;69;0;31
286.2;73;0;27
286.8;77;0;23
287.4;77;0;23
288.0;79;0;21
288.59999999999997;81;0;19
289.2;80;0;20
289.8;82;0;18
290.4;78;0;22
291.0;76;0;24
291.59999999999997;77;0;23
292.2;74;0;26
292.8;81;0;19
293.4;79;0;21
294.0;75;0;25
294.59999999999997;77;0;23
295.2;75;0;25
295.8;73;0;27
296.4;80;0;20
297.0;71;0;29
297.59999999999997;69;0;31
298.2;72;0;28
298.8;79;0;21
299.4;75;0;25
#auto generated file!
60.0;76;0;24
60.599999999999994;82;0;18
61.199999999999996;75;0;25
61.8;70;0;30
62.4;74;0;26
63.0;75;0;25
63.599999999999994;68;0;32
64.2;68;0;32
64.8;70;0;30
65.39999999999999;77;0;23
66.0;78;0;22
66.6;76;0;24
67.2;77;0;23
67.8;83;0;17
68.39999999999999;83;0;17
69.0;77;0;23
69.6;71;0;29
70.2;74;0;26
70.8;77;0;23
71.39999999999999;82;0;18
72.0;87;0;13
72.6;74;0;26
73.2;73;0;27
73.8;70;0;30
74.39999999999999;69;0;31
75.0;68;0;32
75.6;70;0;30
76.2;71;0;29
76.8;73;0;27
77.39999999999999;70;0;30
78.0;68;0;32
78.6;67;0;33
79.2;72;0;28
79.8;67;0;33
80.39999999999999;79;0;21
81.0;79;0;21
81.6;77;0;23
82.2;78;0;22
82.8;76;0;24
83.39999999999999;82;0;18
84.0;75;0;25
84.6;73;0;27
85.2;75;0;25
85.8;78;0;22
86.39999999999999;76;0;24
87.0;70;0;30
87.6;71;0;29
88.2;72;0;28
88.8;81;0;19
89.39999999999999;78;0;22
90.0;85;0;15
90.6;81;0;19
91.2;82;0;18
91.8;79;0;21
92.39999999999999;79;0;21
93.0;79;0;21
93.6;74;0;26
94.2;68;0;32
94.8;71;0;29
95.39999999999999;75;0;25
96.0;73;0;27
96.6;74;0;26
97.2;70;0;30
97.8;73;0;27
98.39999999999999;72;0;28
99.0;72;0;28
99.6;73;0;27
100.2;78;0;22
100.8;81;0;19
101.39999999999999;74;0;26
102.0;67;0;33
102.6;73;0;27
103.2;78;0;22
103.8;75;0;25
104.39999999999999;72;0;28
105.0;71;0;29
105.6;76;0;24
106.2;75;0;25
106.8;78;0;22
107.39999999999999;79;0;21
108.0;73;0;27
108.6;70;0;30
109.2;71;0;29
109.8;71;0;29
110.39999999999999;76;0;24
111.0;72;0;28
111.6;75;0;25
112.2;78;0;22
112.8;81;0;19
113.39999999999999;82;0;18
114.0;82;0;18
114.6;79;0;21
115.19999999999999;76;0;24
115.8;76;0;24
116.39999999999999;73;0;27
117.0;78;0;22
117.6;76;0;24
118.19999999999999;76;0;24
118.8;78;0;22
119.39999999999999;68;0;32
120.0;75;0;25
120.6;75;0;25
121.19999999999999;82;0;18
121.8;76;0;24
122.39999999999999;80;0;20
123.0;79;0;21
123.6;73;0;27
124.19999999999999;71;0;29
124.8;69;0;31
125.39999999999999;76;0;24
126.0;82;0;18
126.6;65;0;35
127.19999999999999;69;0;31
127.8;68;0;32
128.4;69;0;31
129.0;72;0;28
129.6;67;0;33
130.2;76;0;24
130.79999999999998;77;0;23
131.4;85;0;15
132.0;76;0;24
132.6;77;0;23
133.2;76;0;24
133.79999999999998;72;0;28
134.4;70;0;30
135.0;66;0;34
135.6;66;0;34
136.2;60;0;40
136.79999999999998;69;0;31
137.4;72;0;28
138.0;80;0;20
138.6;72;0;28
139.2;75;0;25
139.79999999999998;77;0;23
140.4;81;0;19
141.0;71;0;29
141.6;73;0;27
142.2;69;0;31
142.79999999999998;70;0;30
143.4;76;0;24
144.0;83;0;17
144.6;80;0;20
145.2;81;0;19
145.79999999999998;82;0;18
146.4;77;0;23
147.0;78;0;22
147.6;77;0;23
148.2;72;0;28
148.79999999999998;70;0;30
149.4;66;0;34
150.0;72;0;28
150.6;75;0;25
151.2;73;0;27
151.79999999999998;71;0;29
152.4;79;0;21
153.0;79;0;21
153.6;78;0;22
154.2;89;0;11
154.79999999999998;83;0;17
155.4;77;0;23
156.0;80;0;20
156.6;80;0;20
157.2;84;0;16
157.79999999999998;82;0;18
158.4;83;0;17
159.0;78;0;22
159.6;77;0;23
160.2;78;0;22
160.79999999999998;72;0;28
161.4;75;0;25
162.0;69;0;31
162.6;75;0;25
163.2;79;0;21
163.79999999999998;82;0;18
164.4;81;0;19
165.0;80;0;20
165.6;79;0;21
166.2;75;0;25
166.79999999999998;70;0;30
167.4;70;0;30
168.0;71;0;29
168.6;71;0;29
169.2;75;0;25
169.79999999999998;72;0;28
170.4;69;0;31
171.0;78;0;22
171.6;78;0;22
172.2;77;0;23
172.79999999999998;72;0;28
173.4;75;0;25
174.0;79;0;21
174.6;74;0;26
175.2;71;0;29
175.79999999999998;75;0;25
176.4;68;0;32
177.0;77;0;23
177.6;81;0;19
178.2;75;0;25
178.79999999999998;76;0;24
179.4;78;0;22
180.0;66;0;34
180.6;70;0;30
181.2;67;0;33
181.79999999999998;70;0;30
182.4;72;0;28
183.0;69;0;31
183.6;74;0;26
184.2;72;0;28
184.79999999999998;78;0;22
185.4;78;0;22
186.0;80;0;20
186.6;78;0;22
187.2;79;0;21
187.79999999999998;79;0;21
188.4;83;0;17
189.0;75;0;25
189.6;77;0;23
190.2;70;0;30
190.79999999999998;73;0;27
191.4;77;0;23
192.0;83;0;17
192.6;81;0;19
193.2;83;0;17
193.79999999999998;84;0;16
194.4;82;0;18
195.0;79;0;21
195.6;80;0;20
196.2;71;0;29
196.79999999999998;78;0;22
197.4;78;0;22
198.0;79;0;21
198.6;87;0;13
199.2;84;0;16
199.79999999999998;79;0;21
200.4;75;0;25
201.0;68;0;32
201.6;73;0;27
202.2;71;0;29
202.79999999999998;79;0;21
203.4;72;0;28
204.0;83;0;17
204.6;75;0;25
205.2;70;0;30
205.79999999999998;77;0;23
206.4;82;0;18
207.0;78;0;22
207.6;67;0;33
208.2;76;0;24
208.79999999999998;76;0;24
209.4;73;0;27
210.0;76;0;24
210.6;75;0;25
211.2;74;0;26
211.79999999999998;83;0;17
212.4;79;0;21
213.0;72;0;28
213.6;70;0;30
214.2;71;0;29
214.79999999999998;76;0;24
215.4;76;0;24
216.0;83;0;17
216.6;70;0;30
217.2;77;0;23
217.79999999999998;82;0;18
218.4;78;0;22
219.0;70;0;30
219.6;69;0;31
220.2;72;0;28
220.79999999999998;72;0;28
221.4;78;0;22
222.0;80;0;20
222.6;79;0;21
223.2;76;0;24
223.79999999999998;79;0;21
224.4;75;0;25
225.0;81;0;19
225.6;73;0;27
226.2;74;0;26
226.79999999999998;74;0;26
227.4;85;0;15
228.0;81;0;19
228.6;78;0;22
229.2;80;0;20
229.79999999999998;72;0;28
230.39999999999998;78;0;22
231.0;76;0;24
231.6;82;0;18
232.2;72;0;28
232.79999999999998;74;0;26
233.39999999999998;72;0;28
234.0;69;0;31
234.6;73;0;27
235.2;73;0;27
235.79999999999998;70;0;30
236.39999999999998;78;0;22
237.0;83;0;17
237.6;71;0;29
238.2;71;0;29
238.79999999999998;74;0;26
239.39999999999998;72;0;28
240.0;76;0;24
240.6;78;0;22
241.2;74;0;26
241.79999999999998;75;0;25
242.39999999999998;74;0;26
243.0;74;0;26
243.6;76;0;24
244.2;74;0;26
244.79999999999998;71;0;29
245.39999999999998;76;0;24
246.0;78;0;22
246.6;77;0;23
247.2;70;0;30
247.79999999999998;74;0;26
248.39999999999998;69;0;31
249.0;69;0;31
249.6;79;0;21
250.2;83;0;17
250.79999999999998;84;0;16
251.39999999999998;75;0;25
252.0;77;0;23
252.6;75;0;25
253.2;76;0;24
253.79999999999998;73;0;27
254.39999999999998;75;0;25
255.0;73;0;27
255.6;80;0;20
256.2;76;0;24
256.8;73;0;27
257.4;79;0;21
258.0;80;0;20
258.59999999999997;79;0;21
259.2;79;0;21
259.8;74;0;26
260.4;75;0;25
261.0;81;0;19
261.59999999999997;80;0;20
262.2;83;0;17
262.8;76;0;24
263.4;73;0;27
264.0;70;0;30
264.59999999999997;78;0;22
265.2;72;0;28
265.8;76;0;24
266.4;73;0;27
267.0;75;0;25
267.59999999999997;81;0;19
268.2;74;0;26
268.8;76;0;24
269.4;76;0;24
270.0;72;0;28
270.59999999999997;70;0;30
271.2;73;0;27
271.8;75;0;25
272.4;69;0;31
273.0;75;0;25
273.59999999999997;80;0;20
274.2;75;0;25
274.8;79;0;21
275.4;77;0;23
276.0;75;0;25
276.59999999999997;80;0;20
277.2;75;0;25
277.8;75;0;25
278.4;78;0;22
279.0;72;0;28
279.59999999999997;79;0;21
280.2;78;0;22
280.8;80;0;20
281.4;83;0;17
282.0;77;0;23
282.59999999999997;80;0;20
283.2;74;0;26
283.8;73;0;27
284.4;70;0;30
285.0;72;0;28
285.59999999999997;69;0;31
286.2;68;0;32
286.8;74;0;26
287.4;78;0;22
288.0;80;0;20
288.59999999999997;73;0;27
289.2;70;0;30
289.8;77;0;23
290.4;74;0;26
291.0;76;0;24
291.59999999999997;75;0;25
292.2;79;0;21
292.8;82;0;18
293.4;76;0;24
294.0;72;0;28
294.59999999999997;69;0;31
295.2;71;0;29
295.8;71;0;29
296.4;75;0;25
297.0;80;0;20
297.59999999999997;76;0;24
298.2;79;0;21
298.8;77;0;23
299.4;81;0;19
#auto generated file!
60.0;71;0;29
60.599999999999994;71;0;29
61.199999999999996;74;0;26
61.8;82;0;18
62.4;73;0;27
63.0;73;0;27
63.599999999999994;73;0;27
64.2;77;0;23
64.8;77;0;23
65.39999999999999;78;0;22
66.0;74;0;26
66.6;70;0;30
67.2;70;0;30
67.8;71;0;29
68.39999999999999;80;0;20
69.0;77;0;23
69.6;75;0;25
70.2;73;0;27
70.8;74;0;26
71.39999999999999;75;0;25
72.0;71;0;29
72.6;72;0;28
73.2;81;0;19
73.8;83;0;17
74.39999999999999;72;0;28
75.0;70;0;30
75.6;73;0;27
76.2;73;0;27
76.8;78;0;22
77.39999999999999;78;0;22
78.0;75;0;25
78.6;71;0;29
79.2;80;0;20
79.8;71;0;29
80.39999999999999;75;0;25
81.0;75;0;25
81.6;78;0;22
82.2;79;0;21
82.8;72;0;28
83.39999999999999;79;0;21
84.0;73;0;27
84.6;76;0;24
85.2;83;0;17
85.8;81;0;19
86.39999999999999;72;0;28
87.0;70;0;30
87.6;76;0;24
88.2;80;0;20
88.8;76;0;24
89.39999999999999;76;0;24
90.0;75;0;25
90.6;75;0;25
91.2;76;0;24
91.8;76;0;24
92.39999999999999;70;0;30
93.0;69;0;31
93.6;69;0;31
94.2;67;0;33
94.8;66;0;34
95.39999999999999;67;0;33
96.0;71;0;29
96.6;71;0;29
97.2;71;0;29
97.8;70;0;30
98.39999999999999;69;0;31
99.0;73;0;27
99.6;77;0;23
100.2;76;0;24
100.8;78;0;22
101.39999999999999;78;0;22
102.0;76;0;24
102.6;76;0;24
103.2;79;0;21
103.8;79;0;21
104.39999999999999;76;0;24
105.0;82;0;18
105.6;75;0;25
106.2;74;0;26
106.8;78;0;22
107.39999999999999;78;0;22
108.0;74;0;26
108.6;71;0;29
109.2;75;0;25
109.8;75;0;25
110.39999999999999;72;0;28
111.0;71;0;29
111.6;68;0;32
112.2;75;0;25
112.8;73;0;27
113.39999999999999;70;0;30
114.0;71;0;29
114.6;66;0;34
115.19999999999999;69;0;31
115.8;72;0;28
116.39999999999999;81;0;19
117.0;80;0;20
117.6;79;0;21
118.19999999999999;78;0;22
118.8;77;0;23
119.39999999999999;73;0;27
120.0;67;0;33
120.6;73;0;27
121.19999999999999;76;0;24
121.8;68;0;32
122.39999999999999;69;0;31
123.0;74;0;26
123.6;69;0;31
124.19999999999999;73;0;27
124.8;76;0;24
125.39999999999999;80;0;20
126.0;66;0;34
126.6;72;0;28
127.19999999999999;73;0;27
127.8;73;0;27
128.4;73;0;27
129.0;74;0;26
129.6;74;0;26
130.2;73;0;27
130.79999999999998;79;0;21
131.4;84;0;16
132.0;77;0;23
132.6;76;0;24
133.2;75;0;25
133.79999999999998;72;0;28
134.4;73;0;27
135.0;76;0;24
135.6;70;0;30
136.2;76;0;24
136.79999999999998;74;0;26
137.4;75;0;25
138.0;70;0;30
138.6;73;0;27
139.2;84;0;16
139.79999999999998;75;0;25
140.4;80;0;20
141.0;79;0;21
141.6;75;0;25
142.2;74;0;26
142.79999999999998;78;0;22
143.4;75;0;25
144.0;76;0;24
144.6;74;0;26
145.2;77;0;23
145.79999999999998;76;0;24
146.4;70;0;30
147.0;67;0;33
147.6;71;0;29
148.2;77;0;23
148.79999999999998;70;0;30
149.4;63;0;37
150.0;70;0;30
150.6;76;0;24
151.2;74;0;26
151.79999999999998;79;0;21
152.4;76;0;24
153.0;80;0;20
153.6;75;0;25
154.2;73;0;27
154.79999999999998;84;0;16
155.4;86;0;14
156.0;82;0;18
156.6;78;0;22
157.2;73;0;27
157.79999999999998;69;0;31
158.4;68;0;32
159.0;72;0;28
159.6;70;0;30
160.2;75;0;25
160.79999999999998;76;0;24
161.4;75;0;25
162.0;82;0;18
162.6;79;0;21
163.2;83;0;17
163.79999999999998;77;0;23
164.4;84;0;16
165.0;74;0;26
165.6;73;0;27
166.2;75;0;25
166.79999999999998;72;0;28
167.4;63;0;37
168.0;75;0;25
168.6;80;0;20
169.2;84;0;16
169.79999999999998;81;0;19
170.4;73;0;27
171.0;68;0;32
171.6;68;0;32
172.2;74;0;26
172.79999999999998;75;0;25
173.4;73;0;27
174.0;77;0;23
174.6;76;0;24
175.2;73;0;27
175.79999999999998;74;0;26
176.4;79;0;21
177.0;78;0;22
177.6;84;0;16
178.2;76;0;24
178.79999999999998;72;0;28
179.4;68;0;32
180.0;71;0;29
180.6;71;0;29
181.2;70;0;30
181.79999999999998;77;0;23
182.4;72;0;28
183.0;79;0;21
183.6;73;0;27
184.2;70;0;30
184.79999999999998;83;0;17
185.4;76;0;24
186.0;79;0;21
186.6;77;0;23
187.2;76;0;24
187.79999999999998;73;0;27
188.4;73;0;27
189.0;73;0;27
189.6;64;0;36
190.2;75;0;25
190.79999999999998;79;0;21
191.4;75;0;25
192.0;76;0;24
192.6;75;0;25
193.2;78;0;22
193.79999999999998;67;0;33
194.4;71;0;29
195.0;72;0;28
195.6;78;0;22
196.2;75;0;25
196.79999999999998;79;0;21
197.4;80;0;20
198.0;76;0;24
198.6;83;0;17
199.2;79;0;21
199.79999999999998;75;0;25
200.4;74;0;26
201.0;77;0;23
201.6;74;0;26
202.2;71;0;29
202.79999999999998;66;0;34
203.4;70;0;30
204.0;82;0;18
204.6;82;0;18
205.2;79;0;21
205.79999999999998;69;0;31
206.4;68;0;32
207.0;68;0;32
207.6;77;0;23
208.2;75;0;25
208.79999999999998;76;0;24
209.4;75;0;25
210.0;72;0;28
210.6;74;0;26
211.2;79;0;21
211.79999999999998;77;0;23
212.4;75;0;25
213.0;70;0;30
213.6;70;0;30
214.2;69;0;31
214.79999999999998;71;0;29
215.4;78;0;22
216.0;77;0;23
216.6;78;0;22
217.2;76;0;24
217.79999999999998;73;0;27
218.4;72;0;28
219.0;73;0;27
219.6;75;0;25
220.2;78;0;22
220.79999999999998;80;0;20
221.4;81;0;19
222.0;77;0;23
222.6;76;0;24
223.2;75;0;25
223.79999999999998;77;0;23
224.4;73;0;27
225.0;75;0;25
225.6;76;0;24
226.2;69;0;31
226.79999999999998;71;0;29
227.4;76;0;24
228.0;71;0;29
228.6;71;0;29
229.2;75;0;25
229.79999999999998;72;0;28
230.39999999999998;67;0;33
231.0;74;0;26
231.6;74;0;26
232.2;73;0;27
232.79999999999998;71;0;29
233.39999999999998;73;0;27
234.0;76;0;24
234.6;77;0;23
235.2;75;0;25
235.79999999999998;69;0;31
236.39999999999998;73;0;27
237.0;75;0;25
237.6;71;0;29
238.2;74;0;26
238.79999999999998;79;0;21
239.39999999999998;72;0;28
240.0;75;0;25
240.6;70;0;30
241.2;71;0;29
241.79999999999998;78;0;22
242.39999999999998;71;0;29
243.0;74;0;26
243.6;78;0;22
244.2;75;0;25
244.79999999999998;79;0;21
245.39999999999998;72;0;28
246.0;75;0;25
246.6;76;0;24
247.2;73;0;27
247.79999999999998;75;0;25
248.39999999999998;73;0;27
249.0;70;0;30
249.6;73;0;27
250.2;80;0;20
250.79999999999998;80;0;20
251.39999999999998;73;0;27
252.0;72;0;28
252.6;73;0;27
253.2;76;0;24
253.79999999999998;70;0;30
254.39999999999998;77;0;23
255.0;75;0;25
255.6;77;0;23
256.2;69;0;31
256.8;76;0;24
257.4;71;0;29
258.0;70;0;30
258.59999999999997;78;0;22
259.2;77;0;23
259.8;75;0;25
260.4;79;0;21
261.0;76;0;24
261.59999999999997;76;0;24
262.2;75;0;25
262.8;71;0;29
263.4;73;0;27
264.0;68;0;32
264.59999999999997;73;0;27
265.2;75;0;25
265.8;74;0;26
266.4;71;0;29
267.0;66;0;34
267.59999999999997;64;0;36
268.2;69;0;31
268.8;62;0;38
269.4;69;0;31
270.0;68;0;32
270.59999999999997;70;0;30
271.2;63;0;37
271.8;68;0;32
272.4;75;0;25
273.0;72;0;28
273.59999999999997;83;0;17
274.2;82;0;18
274.8;91;0;9
275.4;78;0;22
276.0;75;0;25
276.59999999999997;74;0;26
277.2;78;0;22
277.8;77;0;23
278.4;75;0;25
279.0;69;0;31
279.59999999999997;73;0;27
280.2;72;0;28
280.8;73;0;27
281.4;73;0;27
282.0;79;0;21
282.59999999999997;75;0;25
283.2;70;0;30
283.8;77;0;23
284.4;76;0;24
285.0;75;0;25
285.59999999999997;73;0;27
286.2;76;0;24
286.8;82;0;18
287.4;77;0;23
288.0;69;0;31
288.59999999999997;72;0;28
289.2;73;0;27
289.8;72;0;28
290.4;73;0;27
291.0;70;0;30
291.59999999999997;68;0;32
292.2;72;0;28
292.8;70;0;30
293.4;71;0;29
294.0;69;0;31
294.59999999999997;81;0;19
295.2;75;0;25
295.8;82;0;18
296.4;81;0;19
297.0;78;0;22
297.59999999999997;76;0;24
298.2;71;0;29
298.8;76;0;24
299.4;67;0;33
#auto generated file!
60.0;78;0;22
60.599999999999994;76;0;24
61.199999999999996;75;0;25
61.8;77;0;23
62.4;77;0;23
63.0;78;0;22
63.599999999999994;78;0;22
64.2;76;0;24
64.8;77;0;23
65.39999999999999;76;0;24
66.0;75;0;25
66.6;74;0;26
67.2;75;0;25
67.8;79;0;21
68.39999999999999;76;0;24
69.0;79;0;21
69.6;79;0;21
70.2;74;0;26
70.8;73;0;27
71.39999999999999;74;0;26
72.0;75;0;25
72.6;73;0;27
73.2;72;0;28
73.8;77;0;23
74.39999999999999;74;0;26
75.0;72;0;28
75.6;80;0;20
76.2;76;0;24
76.8;71;0;29
77.39999999999999;75;0;25
78.0;70;0;30
78.6;75;0;25
79.2;71;0;29
79.8;74;0;26
80.39999999999999;75;0;25
81.0;78;0;22
81.6;76;0;24
82.2;73;0;27
82.8;76;0;24
83.39999999999999;78;0;22
84.0;82;0;18
84.6;80;0;20
85.2;78;0;22
85.8;76;0;24
86.39999999999999;76;0;24
87.0;76;0;24
87.6;74;0;26
88.2;72;0;28
88.8;82;0;18
89.39999999999999;78;0;22
90.0;74;0;26
90.6;79;0;21
91.2;79;0;21
91.8;77;0;23
92.39999999999999;77;0;23
93.0;75;0;25
93.6;65;0;35
94.2;61;0;39
94.8;67;0;33
95.39999999999999;72;0;28
96.0;77;0;23
96.6;79;0;21
97.2;77;0;23
97.8;79;0;21
98.39999999999999;73;0;27
99.0;77;0;23
99.6;74;0;26
100.2;74;0;26
100.8;78;0;22
101.39999999999999;82;0;18
102.0;79;0;21
102.6;79;0;21
103.2;77;0;23
103.8;70;0;30
104.39999999999999;71;0;29
105.0;75;0;25
105.6;76;0;24
106.2;78;0;22
106.8;72;0;28
107.39999999999999;73;0;27
108.0;69;0;31
108.6;72;0;28
109.2;74;0;26
109.8;77;0;23
110.39999999999999;82;0;18
111.0;73;0;27
111.6;75;0;25
112.2;75;0;25
112.8;72;0;28
113.39999999999999;76;0;24
114.0;79;0;21
114.6;81;0;19
115.19999999999999;79;0;21
115.8;75;0;25
116.39999999999999;76;0;24
117.0;73;0;27
117.6;79;0;21
118.19999999999999;77;0;23
118.8;77;0;23
119.39999999999999;71;0;29
120.0;78;0;22
120.6;72;0;28
121.19999999999999;65;0;35
121.8;69;0;31
122.39999999999999;72;0;28
123.0;73;0;27
123.6;74;0;26
124.19999999999999;81;0;19
124.8;77;0;23
125.39999999999999;82;0;18
126.0;80;0;20
126.6;80;0;20
127.19999999999999;82;0;18
127.8;83;0;17
128.4;77;0;23
129.0;74;0;26
129.6;78;0;22
130.2;73;0;27
130.79999999999998;71;0;29
131.4;75;0;25
132.0;71;0;29
132.6;72;0;28
133.2;68;0;32
133.79999999999998;77;0;23
134.4;83;0;17
135.0;76;0;24
135.6;74;0;26
136.2;82;0;18
136.79999999999998;80;0;20
137.4;74;0;26
138.0;78;0;22
138.6;82;0;18
139.2;76;0;24
139.79999999999998;73;0;27
140.4;77;0;23
141.0;73;0;27
141.6;73;0;27
142.2;80;0;20
142.79999999999998;81;0;19
143.4;82;0;18
144.0;77;0;23
144.6;73;0;27
145.2;82;0;18
145.79999999999998;74;0;26
146.4;74;0;26
147.0;74;0;26
147.6;69;0;31
148.2;75;0;25
148.79999999999998;70;0;30
149.4;69;0;31
150.0;72;0;28
150.6;73;0;27
151.2;71;0;29
151.79999999999998;78;0;22
152.4;77;0;23
153.0;75;0;25
153.6;77;0;23
154.2;72;0;28
154.79999999999998;74;0;26
155.4;78;0;22
156.0;73;0;27
156.6;73;0;27
157.2;72;0;28
157.79999999999998;70;0;30
158.4;72;0;28
159.0;72;0;28
159.6;76;0;24
160.2;74;0;26
160.79999999999998;72;0;28
161.4;73;0;27
162.0;77;0;23
162.6;80;0;20
163.2;77;0;23
163.79999999999998;82;0;18
164.4;78;0;22
165.0;73;0;27
165.6;75;0;25
166.2;74;0;26
166.79999999999998;76;0;24
167.4;75;0;25
168.0;70;0;30
168.6;73;0;27
169.2;74;0;26
169.79999999999998;78;0;22
170.4;76;0;24
171.0;79;0;21
171.6;70;0;30
172.2;75;0;25
172.79999999999998;71;0;29
173.4;78;0;22
174.0;70;0;30
174.6;74;0;26
175.2;75;0;25
175.79999999999998;76;0;24
176.4;70;0;30
177.0;70;0;30
177.6;65;0;35
178.2;72;0;28
178.79999999999998;76;0;24
179.4;77;0;23
180.0;80;0;20
180.6;80;0;20
181.2;77;0;23
181.79999999999998;80;0;20
182.4;76;0;24
183.0;81;0;19
183.6;80;0;20
184.2;82;0;18
184.79999999999998;78;0;22
185.4;77;0;23
186.0;79;0;21
186.6;81;0;19
187.2;78;0;22
187.79999999999998;77;0;23
188.4;73;0;27
189.0;77;0;23
189.6;79;0;21
190.2;75;0;25
190.79999999999998;76;0;24
191.4;83;0;17
192.0;78;0;22
192.6;81;0;19
193.2;76;0;24
193.79999999999998;78;0;22
194.4;72;0;28
195.0;78;0;22
195.6;75;0;25
196.2;81;0;19
196.79999999999998;77;0;23
197.4;78;0;22
198.0;85;0;15
198.6;80;0;20
199.2;80;0;20
199.79999999999998;78;0;22
200.4;75;0;25
201.0;79;0;21
201.6;70;0;30
202.2;72;0;28
202.79999999999998;71;0;29
203.4;74;0;26
204.0;74;0;26
204.6;71;0;29
205.2;77;0;23
205.79999999999998;69;0;31
206.4;72;0;28
207.0;82;0;18
207.6;85;0;15
208.2;78;0;22
208.79999999999998;79;0;21
209.4;77;0;23
210.0;75;0;25
210.6;74;0;26
211.2;71;0;29
211.79999999999998;67;0;33
212.4;73;0;27
213.0;72;0;28
213.6;72;0;28
214.2;72;0;28
214.79999999999998;82;0;18
215.4;85;0;15
216.0;82;0;18
216.6;79;0;21
217.2;70;0;30
217.79999999999998;68;0;32
218.4;77;0;23
219.0;76;0;24
219.6;78;0;22
220.2;74;0;26
220.79999999999998;79;0;21
221.4;78;0;22
222.0;75;0;25
222.6;75;0;25
223.2;74;0;26
223.79999999999998;78;0;22
224.4;74;0;26
225.0;77;0;23
225.6;79;0;21
226.2;72;0;28
226.79999999999998;72;0;28
227.4;72;0;28
228.0;74;0;26
228.6;74;0;26
229.2;79;0;21
229.79999999999998;76;0;24
230.39999999999998;74;0;26
231.0;77;0;23
231.6;75;0;25
232.2;77;0;23
232.79999999999998;75;0;25
233.39999999999998;75;0;25
234.0;65;0;35
234.6;75;0;25
235.2;75;0;25
235.79999999999998;80;0;20
236.39999999999998;78;0;22
237.0;79;0;21
237.6;75;0;25
238.2;70;0;30
238.79999999999998;77;0;23
239.39999999999998;78;0;22
240.0;81;0;19
240.6;80;0;20
241.2;81;0;19
241.79999999999998;83;0;17
242.39999999999998;74;0;26
243.0;76;0;24
243.6;78;0;22
244.2;78;0;22
244.79999999999998;75;0;25
245.39999999999998;82;0;18
246.0;81;0;19
246.6;80;0;20
247.2;76;0;24
247.79999999999998;71;0;29
248.39999999999998;69;0;31
249.0;72;0;28
249.6;72;0;28
250.2;74;0;26
250.79999999999998;72;0;28
251.39999999999998;74;0;26
252.0;77;0;23
252.6;68;0;32
253.2;80;0;20
253.79999999999998;79;0;21
254.39999999999998;83;0;17
255.0;80;0;20
255.6;77;0;23
256.2;77;0;23
256.8;79;0;21
257.4;79;0;21
258.0;72;0;28
258.59999999999997;75;0;25
259.2;79;0;21
259.8;81;0;19
260.4;78;0;22
261.0;79;0;21
261.59999999999997;75;0;25
262.2;75;0;25
262.8;77;0;23
263.4;78;0;22
264.0;74;0;26
264.59999999999997;79;0;21
265.2;69;0;31
265.8;75;0;25
266.4;78;0;22
267.0;79;0;21
267.59999999999997;72;0;28
268.2;76;0;24
268.8;86;0;14
269.4;82;0;18
270.0;78;0;22
270.59999999999997;80;0;20
271.2;82;0;18
271.8;73;0;27
272.4;75;0;25
273.0;77;0;23
273.59999999999997;76;0;24
274.2;80;0;20
274.8;78;0;22
275.4;79;0;21
276.0;80;0;20
276.59999999999997;73;0;27
277.2;72;0;28
277.8;72;0;28
278.4;76;0;24
279.0;81;0;19
279.59999999999997;78;0;22
280.2;70;0;30
280.8;72;0;28
281.4;75;0;25
282.0;78;0;22
282.59999999999997;72;0;28
283.2;72;0;28
283.8;73;0;27
284.4;69;0;31
285.0;71;0;29
285.59999999999997;68;0;32
286.2;67;0;33
286.8;69;0;31
287.4;72;0;28
288.0;77;0;23
288.59999999999997;85;0;15
289.2;90;0;10
289.8;83;0;17
290.4;80;0;20
291.0;84;0;16
291.59999999999997;79;0;21
292.2;76;0;24
292.8;74;0;26
293.4;68;0;32
294.0;73;0;27
294.59999999999997;79;0;21
295.2;77;0;23
295.8;75;0;25
296.4;73;0;27
297.0;73;0;27
297.59999999999997;78;0;22
298.2;73;0;27
298.8;77;0;23
299.4;78;0;22
#auto generated file!
60.0;75;0;25
60.599999999999994;75;0;25
61.199999999999996;72;0;28
61.8;78;0;22
62.4;78;0;22
63.0;79;0;21
63.599999999999994;75;0;25
64.2;72;0;28
64.8;75;0;25
65.39999999999999;76;0;24
66.0;69;0;31
66.6;74;0;26
67.2;76;0;24
67.8;77;0;23
68.39999999999999;78;0;22
69.0;73;0;27
69.6;75;0;25
70.2;71;0;29
70.8;75;0;25
71.39999999999999;73;0;27
72.0;76;0;24
72.6;71;0;29
73.2;74;0;26
73.8;65;0;35
74.39999999999999;69;0;31
75.0;69;0;31
75.6;70;0;30
76.2;70;0;30
76.8;74;0;26
77.39999999999999;77;0;23
78.0;77;0;23
78.6;78;0;22
79.2;81;0;19
79.8;73;0;27
80.39999999999999;74;0;26
81.0;80;0;20
81.6;81;0;19
82.2;82;0;18
82.8;87;0;13
83.39999999999999;78;0;22
84.0;78;0;22
84.6;78;0;22
85.2;77;0;23
85.8;75;0;25
86.39999999999999;67;0;33
87.0;67;0;33
87.6;73;0;27
88.2;72;0;28
88.8;80;0;20
89.39999999999999;79;0;21
90.0;76;0;24
90.6;80;0;20
91.2;77;0;23
91.8;75;0;25
92.39999999999999;68;0;32
93.0;69;0;31
93.6;72;0;28
94.2;66;0;34
94.8;72;0;28
95.39999999999999;77;0;23
96.0;75;0;25
96.6;72;0;28
97.2;70;0;30
97.8;66;0;34
98.39999999999999;73;0;27
99.0;81;0;19
99.6;85;0;15
100.2;81;0;19
100.8;82;0;18
101.39999999999999;80;0;20
102.0;74;0;26
102.6;71;0;29
103.2;72;0;28
103.8;82;0;18
104.39999999999999;76;0;24
105.0;74;0;26
105.6;82;0;18
106.2;84;0;16
106.8;86;0;14
107.39999999999999;77;0;23
108.0;74;0;26
108.6;74;0;26
109.2;75;0;25
109.8;72;0;28
110.39999999999999;71;0;29
111.0;69;0;31
111.6;70;0;30
112.2;76;0;24
112.8;74;0;26
113.39999999999999;68;0;32
114.0;74;0;26
114.6;72;0;28
115.19999999999999;76;0;24
115.8;82;0;18
116.39999999999999;76;0;24
117.0;76;0;24
117.6;67;0;33
118.19999999999999;67;0;33
118.8;74;0;26
119.39999999999999;71;0;29
120.0;73;0;27
120.6;71;0;29
121.19999999999999;76;0;24
121.8;79;0;21
122.39999999999999;73;0;27
123.0;66;0;34
123.6;67;0;33
124.19999999999999;72;0;28
124.8;73;0;27
125.39999999999999;76;0;24
126.0;68;0;32
126.6;65;0;35
127.19999999999999;75;0;25
127.8;75;0;25
128.4;69;0;31
129.0;69;0;31
129.6;71;0;29
130.2;74;0;26
130.79999999999998;72;0;28
131.4;77;0;23
132.0;80;0;20
132.6;80;0;20
133.2;75;0;25
133.79999999999998;73;0;27
134.4;75;0;25
135.0;74;0;26
135.6;78;0;22
136.2;77;0;23
136.79999999999998;78;0;22
137.4;82;0;18
138.0;79;0;21
138.6;77;0;23
139.2;74;0;26
139.79999999999998;80;0;20
140.4;81;0;19
141.0;81;0;19
141.6;78;0;22
142.2;74;0;26
142.79999999999998;73;0;27
143.4;76;0;24
144.0;80;0;20
144.6;76;0;24
145.2;72;0;28
145.79999999999998;71;0;29
146.4;74;0;26
147.0;77;0;23
147.6;75;0;25
148.2;78;0;22
148.79999999999998;75;0;25
149.4;79;0;21
150.0;72;0;28
150.6;71;0;29
151.2;73;0;27
151.79999999999998;70;0;30
152.4;77;0;23
153.0;79;0;21
153.6;82;0;18
154.2;72;0;28
154.79999999999998;69;0;31
155.4;68;0;32
156.0;72;0;28
156.6;73;0;27
157.2;76;0;24
157.79999999999998;83;0;17
158.4;84;0;16
159.0;83;0;17
159.6;81;0;19
160.2;84;0;16
160.79999999999998;80;0;20
161.4;76;0;24
162.0;78;0;22
162.6;71;0;29
163.2;70;0;30
163.79999999999998;71;0;29
164.4;70;0;30
165.0;73;0;27
165.6;82;0;18
166.2;77;0;23
166.79999999999998;70;0;30
167.4;74;0;26
168.0;71;0;29
168.6;74;0;26
169.2;74;0;26
169.79999999999998;66;0;34
170.4;70;0;30
171.0;78;0;22
171.6;79;0;21
172.2;74;0;26
172.79999999999998;73;0;27
173.4;75;0;25
174.0;84;0;16
174.6;83;0;17
175.2;85;0;15
175.79999999999998;77;0;23
176.4;76;0;24
177.0;78;0;22
177.6;71;0;29
178.2;67;0;33
178.79999999999998;71;0;29
179.4;76;0;24
180.0;70;0;30
180.6;70;0;30
181.2;69;0;31
181.79999999999998;79;0;21
182.4;67;0;33
183.0;73;0;27
183.6;77;0;23
184.2;72;0;28
184.79999999999998;73;0;27
185.4;75;0;25
186.0;77;0;23
186.6;81;0;19
187.2;75;0;25
187.79999999999998;67;0;33
188.4;76;0;24
189.0;78;0;22
189.6;79;0;21
190.2;79;0;21
190.79999999999998;68;0;32
191.4;71;0;29
192.0;80;0;20
192.6;79;0;21
193.2;76;0;24
193.79999999999998;74;0;26
194.4;82;0;18
195.0;83;0;17
195.6;85;0;15
196.2;78;0;22
196.79999999999998;68;0;32
197.4;73;0;27
198.0;69;0;31
198.6;70;0;30
199.2;70;0;30
199.79999999999998;73;0;27
200.4;82;0;18
201.0;77;0;23
201.6;78;0;22
202.2;81;0;19
202.79999999999998;83;0;17
203.4;76;0;24
204.0;73;0;27
204.6;65;0;35
205.2;72;0;28
205.79999999999998;77;0;23
206.4;70;0;30
207.0;68;0;32
207.6;69;0;31
208.2;64;0;36
208.79999999999998;72;0;28
209.4;70;0;30
210.0;67;0;33
210.6;75;0;25
211.2;79;0;21
211.79999999999998;76;0;24
212.4;74;0;26
213.0;70;0;30
213.6;73;0;27
214.2;78;0;22
214.79999999999998;77;0;23
215.4;82;0;18
216.0;86;0;14
216.6;76;0;24
217.2;82;0;18
217.79999999999998;85;0;15
218.4;72;0;28
219.0;81;0;19
219.6;77;0;23
220.2;81;0;19
220.79999999999998;84;0;16
221.4;79;0;21
222.0;80;0;20
222.6;81;0;19
223.2;78;0;22
223.79999999999998;78;0;22
224.4;72;0;28
225.0;75;0;25
225.6;74;0;26
226.2;69;0;31
226.79999999999998;73;0;27
227.4;73;0;27
228.0;71;0;29
228.6;71;0;29
229.2;74;0;26
229.79999999999998;81;0;19
230.39999999999998;80;0;20
231.0;78;0;22
231.6;80;0;20
232.2;81;0;19
232.79999999999998;78;0;22
233.39999999999998;77;0;23
234.0;74;0;26
234.6;72;0;28
235.2;71;0;29
235.79999999999998;63;0;37
236.39999999999998;76;0;24
237.0;79;0;21
237.6;75;0;25
238.2;69;0;31
238.79999999999998;75;0;25
239.39999999999998;78;0;22
240.0;79;0;21
240.6;78;0;22
241.2;75;0;25
241.79999999999998;65;0;35
242.39999999999998;66;0;34
243.0;71;0;29
243.6;70;0;30
244.2;69;0;31
244.79999999999998;66;0;34
245.39999999999998;67;0;33
246.0;69;0;31
246.6;73;0;27
247.2;82;0;18
247.79999999999998;82;0;18
248.39999999999998;80;0;20
249.0;76;0;24
249.6;75;0;25
250.2;74;0;26
250.79999999999998;70;0;30
251.39999999999998;71;0;29
252.0;73;0;27
252.6;73;0;27
253.2;80;0;20
253.79999999999998;79;0;21
254.39999999999998;83;0;17
255.0;81;0;19
255.6;79;0;21
256.2;78;0;22
256.8;77;0;23
257.4;78;0;22
258.0;75;0;25
258.59999999999997;75;0;25
259.2;66;0;34
259.8;72;0;28
260.4;75;0;25
261.0;75;0;25
261.59999999999997;74;0;26
262.2;74;0;26
262.8;72;0;28
263.4;79;0;21
264.0;74;0;26
264.59999999999997;80;0;20
265.2;76;0;24
265.8;78;0;22
266.4;85;0;15
267.0;88;0;12
267.59999999999997;82;0;18
268.2;78;0;22
268.8;79;0;21
269.4;85;0;15
270.0;82;0;18
270.59999999999997;80;0;20
271.2;75;0;25
271.8;77;0;23
272.4;72;0;28
273.0;68;0;32
273.59999999999997;70;0;30
274.2;68;0;32
274.8;74;0;26
275.4;78;0;22
276.0;84;0;16
276.59999999999997;79;0;21
277.2;74;0;26
277.8;76;0;24
278.4;82;0;18
279.0;85;0;15
279.59999999999997;80;0;20
280.2;76;0;24
280.8;73;0;27
281.4;81;0;19
282.0;78;0;22
282.59999999999997;80;0;20
283.2;78;0;22
283.8;77;0;23
284.4;84;0;16
285.0;75;0;25
285.59999999999997;81;0;19
286.2;80;0;20
286.8;71;0;29
287.4;69;0;31
288.0;85;0;15
288.59999999999997;76;0;24
289.2;78;0;22
289.8;73;0;27
290.4;66;0;34
291.0;72;0;28
291.59999999999997;75;0;25
292.2;76;0;24
292.8;70;0;30
293.4;70;0;30
294.0;78;0;22
294.59999999999997;76;0;24
295.2;74;0;26
295.8;79;0;21
296.4;82;0;18
297.0;72;0;28
297.59999999999997;71;0;29
298.2;77;0;23
298.8;81;0;19
299.4;81;0;19
#auto generated file!
60.0;77;0;23
60.599999999999994;78;0;22
61.199999999999996;70;0;30
61.8;72;0;28
62.4;74;0;26
63.0;72;0;28
63.599999999999994;73;0;27
64.2;71;0;29
64.8;70;0;30
65.39999999999999;74;0;26
66.0;75;0;25
66.6;77;0;23
67.2;73;0;27
67.8;78;0;22
68.39999999999999;79;0;21
69.0;79;0;21
69.6;73;0;27
70.2;78;0;22
70.8;76;0;24
71.39999999999999;75;0;25
72.0;70;0;30
72.6;73;0;27
73.2;78;0;22
73.8;70;0;30
74.39999999999999;71;0;29
75.0;70;0;30
75.6;73;0;27
76.2;78;0;22
76.8;83;0;17
77.39999999999999;81;0;19
78.0;78;0;22
78.6;74;0;26
79.2;79;0;21
79.8;76;0;24
80.39999999999999;77;0;23
81.0;72;0;28
81.6;75;0;25
82.2;72;0;28
82.8;72;0;28
83.39999999999999;72;0;28
84.0;74;0;26
84.6;73;0;27
85.2;68;0;32
85.8;76;0;24
86.39999999999999;76;0;24
87.0;75;0;25
87.6;74;0;26
88.2;73;0;27
88.8;76;0;24
89.39999999999999;72;0;28
90.0;68;0;32
90.6;71;0;29
91.2;75;0;25
91.8;77;0;23
92.39999999999999;79;0;21
93.0;73;0;27
93.6;72;0;28
94.2;72;0;28
94.8;82;0;18
95.39999999999999;79;0;21
96.0;79;0;21
96.6;74;0;26
97.2;67;0;33
97.8;66;0;34
98.39999999999999;71;0;29
99.0;67;0;33
99.6;70;0;30
100.2;61;0;39
100.8;70;0;30
101.39999999999999;80;0;20
102.0;75;0;25
102.6;80;0;20
103.2;81;0;19
103.8;83;0;17
104.39999999999999;78;0;22
105.0;74;0;26
105.6;76;0;24
106.2;75;0;25
106.8;76;0;24
107.39999999999999;78;0;22
108.0;77;0;23
108.6;76;0;24
109.2;74;0;26
109.8;74;0;26
110.39999999999999;78;0;22
111.0;74;0;26
111.6;76;0;24
112.2;79;0;21
112.8;75;0;25
113.39999999999999;80;0;20
114.0;80;0;20
114.6;79;0;21
115.19999999999999;80;0;20
115.8;75;0;25
116.39999999999999;76;0;24
117.0;77;0;23
117.6;76;0;24
118.19999999999999;69;0;31
118.8;76;0;24
119.39999999999999;76;0;24
120.0;73;0;27
120.6;80;0;20
121.19999999999999;80;0;20
121.8;76;0;24
122.39999999999999;76;0;24
123.0;81;0;19
123.6;70;0;30
124.19999999999999;76;0;24
124.8;69;0;31
125.39999999999999;77;0;23
126.0;77;0;23
126.6;74;0;26
127.19999999999999;65;0;35
127.8;63;0;37
128.4;64;0;36
129.0;69;0;31
129.6;70;0;30
130.2;79;0;21
130.79999999999998;77;0;23
131.4;77;0;23
132.0;82;0;18
132.6;83;0;17
133.2;72;0;28
133.79999999999998;66;0;34
134.4;73;0;27
135.0;77;0;23
135.6;81;0;19
136.2;77;0;23
136.79999999999998;79;0;21
137.4;77;0;23
138.0;78;0;22
138.6;74;0;26
139.2;75;0;25
139.79999999999998;71;0;29
140.4;79;0;21
141.0;82;0;18
141.6;81;0;19
142.2;83;0;17
142.79999999999998;79;0;21
143.4;79;0;21
144.0;72;0;28
144.6;76;0;24
145.2;76;0;24
145.79999999999998;73;0;27
146.4;73;0;27
147.0;74;0;26
147.6;80;0;20
148.2;75;0;25
148.79999999999998;76;0;24
149.4;85;0;15
150.0;76;0;24
150.6;79;0;21
151.2;79;0;21
151.79999999999998;77;0;23
152.4;74;0;26
153.0;67;0;33
153.6;73;0;27
154.2;68;0;32
154.79999999999998;74;0;26
155.4;74;0;26
156.0;75;0;25
156.6;74;0;26
157.2;75;0;25
157.79999999999998;76;0;24
158.4;68;0;32
159.0;62;0;38
159.6;63;0;37
160.2;72;0;28
160.79999999999998;74;0;26
161.4;70;0;30
162.0;67;0;33
162.6;73;0;27
163.2;74;0;26
163.79999999999998;80;0;20
164.4;76;0;24
165.0;69;0;31
165.6;69;0;31
166.2;77;0;23
166.79999999999998;74;0;26
167.4;81;0;19
168.0;76;0;24
168.6;81;0;19
169.2;80;0;20
169.79999999999998;77;0;23
170.4;72;0;28
171.0;75;0;25
171.6;80;0;20
172.2;76;0;24
172.79999999999998;73;0;27
173.4;71;0;29
174.0;78;0;22
174.6;78;0;22
175.2;84;0;16
175.79999999999998;80;0;20
176.4;71;0;29
177.0;69;0;31
177.6;76;0;24
178.2;73;0;27
178.79999999999998;72;0;28
179.4;72;0;28
180.0;72;0;28
180.6;82;0;18
181.2;87;0;13
181.79999999999998;85;0;15
182.4;77;0;23
183.0;71;0;29
183.6;78;0;22
184.2;77;0;23
184.79999999999998;83;0;17
185.4;84;0;16
186.0;84;0;16
186.6;74;0;26
187.2;73;0;27
187.79999999999998;72;0;28
188.4;70;0;30
189.0;70;0;30
189.6;68;0;32
190.2;78;0;22
190.79999999999998;73;0;27
191.4;82;0;18
192.0;81;0;19
192.6;82;0;18
193.2;80;0;20
193.79999999999998;74;0;26
194.4;76;0;24
195.0;70;0;30
195.6;74;0;26
196.2;73;0;27
196.79999999999998;76;0;24
197.4;77;0;23
198.0;80;0;20
198.6;82;0;18
199.2;82;0;18
199.79999999999998;81;0;19
200.4;76;0;24
201.0;75;0;25
201.6;74;0;26
202.2;74;0;26
202.79999999999998;75;0;25
203.4;78;0;22
204.0;74;0;26
204.6;72;0;28
205.2;73;0;27
205.79999999999998;74;0;26
206.4;73;0;27
207.0;63;0;37
207.6;79;0;21
208.2;76;0;24
208.79999999999998;81;0;19
209.4;75;0;25
210.0;82;0;18
210.6;77;0;23
211.2;76;0;24
211.79999999999998;71;0;29
212.4;72;0;28
213.0;81;0;19
213.6;76;0;24
214.2;76;0;24
214.79999999999998;77;0;23
215.4;71;0;29
216.0;73;0;27
216.6;73;0;27
217.2;70;0;30
217.79999999999998;68;0;32
218.4;74;0;26
219.0;74;0;26
219.6;75;0;25
220.2;73;0;27
220.79999999999998;79;0;21
221.4;74;0;26
222.0;71;0;29
222.6;80;0;20
223.2;78;0;22
223.79999999999998;81;0;19
224.4;86;0;14
225.0;79;0;21
225.6;76;0;24
226.2;70;0;30
226.79999999999998;77;0;23
227.4;79;0;21
228.0;78;0;22
228.6;76;0;24
229.2;79;0;21
229.79999999999998;75;0;25
230.39999999999998;69;0;31
231.0;71;0;29
231.6;76;0;24
232.2;74;0;26
232.79999999999998;72;0;28
233.39999999999998;72;0;28
234.0;77;0;23
234.6;77;0;23
235.2;76;0;24
235.79999999999998;71;0;29
236.39999999999998;72;0;28
237.0;63;0;37
237.6;70;0;30
238.2;74;0;26
238.79999999999998;76;0;24
239.39999999999998;80;0;20
240.0;69;0;31
240.6;63;0;37
241.2;75;0;25
241.79999999999998;76;0;24
242.39999999999998;78;0;22
243.0;71;0;29
243.6;70;0;30
244.2;65;0;35
244.79999999999998;75;0;25
245.39999999999998;71;0;29
246.0;79;0;21
246.6;75;0;25
247.2;75;0;25
247.79999999999998;77;0;23
248.39999999999998;79;0;21
249.0;79;0;21
249.6;78;0;22
250.2;79;0;21
250.79999999999998;73;0;27
251.39999999999998;70;0;30
252.0;76;0;24
252.6;73;0;27
253.2;74;0;26
253.79999999999998;65;0;35
254.39999999999998;76;0;24
255.0;70;0;30
255.6;74;0;26
256.2;74;0;26
256.8;83;0;17
257.4;79;0;21
258.0;73;0;27
258.59999999999997;70;0;30
259.2;71;0;29
259.8;82;0;18
260.4;78;0;22
261.0;77;0;23
261.59999999999997;72;0;28
262.2;77;0;23
262.8;76;0;24
263.4;75;0;25
264.0;77;0;23
264.59999999999997;75;0;25
265.2;74;0;26
265.8;82;0;18
266.4;81;0;19
267.0;79;0;21
267.59999999999997;82;0;18
268.2;80;0;20
268.8;77;0;23
269.4;78;0;22
270.0;74;0;26
270.59999999999997;82;0;18
271.2;78;0;22
271.8;73;0;27
272.4;73;0;27
273.0;76;0;24
273.59999999999997;79;0;21
274.2;75;0;25
274.8;76;0;24
275.4;78;0;22
276.0;78;0;22
276.59999999999997;78;0;22
277.2;72;0;28
277.8;73;0;27
278.4;77;0;23
279.0;70;0;30
279.59999999999997;74;0;26
280.2;74;0;26
280.8;76;0;24
281.4;74;0;26
282.0;78;0;22
282.59999999999997;72;0;28
283.2;68;0;32
283.8;74;0;26
284.4;76;0;24
285.0;71;0;29
285.59999999999997;75;0;25
286.2;77;0;23
286.8;78;0;22
287.4;79;0;21
288.0;72;0;28
288.59999999999997;74;0;26
289.2;69;0;31
289.8;74;0;26
290.4;71;0;29
291.0;70;0;30
291.59999999999997;74;0;26
292.2;72;0;28
292.8;73;0;27
293.4;79;0;21
294.0;78;0;22
294.59999999999997;77;0;23
295.2;77;0;23
295.8;71;0;29
296.4;76;0;24
297.0;78;0;22
297.59999999999997;77;0;23
298.2;79;0;21
298.8;78;0;22
299.4;74;0;26
#auto generated file!
60.0;72;0;28
60.599999999999994;77;0;23
61.199999999999996;77;0;23
61.8;76;0;24
62.4;71;0;29
63.0;75;0;25
63.599999999999994;72;0;28
64.2;76;0;24
64.8;77;0;23
65.39999999999999;81;0;19
66.0;75;0;25
66.6;80;0;20
67.2;75;0;25
67.8;70;0;30
68.39999999999999;74;0;26
69.0;75;0;25
69.6;74;0;26
70.2;74;0;26
70.8;80;0;20
71.39999999999999;76;0;24
72.0;78;0;22
72.6;79;0;21
73.2;79;0;21
73.8;73;0;27
74.39999999999999;71;0;29
75.0;66;0;34
75.6;65;0;35
76.2;74;0;26
76.8;77;0;23
77.39999999999999;76;0;24
78.0;71;0;29
78.6;69;0;31
79.2;75;0;25
79.8;69;0;31
80.39999999999999;74;0;26
81.0;75;0;25
81.6;77;0;23
82.2;77;0;23
82.8;79;0;21
83.39999999999999;81;0;19
84.0;78;0;22
84.6;79;0;21
85.2;81;0;19
85.8;82;0;18
86.39999999999999;73;0;27
87.0;75;0;25
87.6;69;0;31
88.2;80;0;20
88.8;77;0;23
89.39999999999999;80;0;20
90.0;73;0;27
90.6;77;0;23
91.2;72;0;28
91.8;77;0;23
92.39999999999999;80;0;20
93.0;82;0;18
93.6;78;0;22
94.2;79;0;21
94.8;74;0;26
95.39999999999999;74;0;26
96.0;77;0;23
96.6;80;0;20
97.2;84;0;16
97.8;74;0;26
98.39999999999999;71;0;29
99.0;75;0;25
99.6;79;0;21
100.2;74;0;26
100.8;79;0;21
101.39999999999999;76;0;24
102.0;70;0;30
102.6;77;0;23
103.2;75;0;25
103.8;71;0;29
104.39999999999999;73;0;27
105.0;74;0;26
105.6;82;0;18
106.2;83;0;17
106.8;78;0;22
107.39999999999999;82;0;18
108.0;73;0;27
108.6;74;0;26
109.2;75;0;25
109.8;74;0;26
110.39999999999999;73;0;27
111.0;78;0;22
111.6;75;0;25
112.2;75;0;25
112.8;78;0;22
113.39999999999999;75;0;25
114.0;76;0;24
114.6;67;0;33
115.19999999999999;71;0;29
115.8;72;0;28
116.39999999999999;78;0;22
117.0;73;0;27
117.6;75;0;25
118.19999999999999;72;0;28
118.8;76;0;24
119.39999999999999;80;0;20
120.0;76;0;24
120.6;80;0;20
121.19999999999999;70;0;30
121.8;76;0;24
122.39999999999999;69;0;31
123.0;71;0;29
123.6;77;0;23
124.19999999999999;83;0;17
124.8;72;0;28
125.39999999999999;82;0;18
126.0;81;0;19
126.6;74;0;26
127.19999999999999;75;0;25
127.8;83;0;17
128.4;78;0;22
129.0;70;0;30
129.6;80;0;20
130.2;78;0;22
130.79999999999998;78;0;22
131.4;76;0;24
132.0;72;0;28
132.6;77;0;23
133.2;72;0;28
133.79999999999998;72;0;28
134.4;74;0;26
135.0;71;0;29
135.6;73;0;27
136.2;71;0;29
136.79999999999998;71;0;29
137.4;75;0;25
138.0;73;0;27
138.6;76;0;24
139.2;73;0;27
139.79999999999998;77;0;23
140.4;71;0;29
141.0;73;0;27
141.6;75;0;25
142.2;76;0;24
142.79999999999998;72;0;28
143.4;73;0;27
144.0;63;0;37
144.6;65;0;35
145.2;75;0;25
145.79999999999998;74;0;26
146.4;72;0;28
147.0;74;0;26
147.6;73;0;27
148.2;73;0;27
148.79999999999998;76;0;24
149.4;73;0;27
150.0;75;0;25
150.6;81;0;19
151.2;70;0;30
151.79999999999998;74;0;26
152.4;77;0;23
153.0;75;0;25
153.6;76;0;24
154.2;75;0;25
154.79999999999998;79;0;21
155.4;74;0;26
156.0;74;0;26
156.6;74;0;26
157.2;71;0;29
157.79999999999998;73;0;27
158.4;75;0;25
159.0;74;0;26
159.6;80;0;20
160.2;80;0;20
160.79999999999998;84;0;16
161.4;82;0;18
162.0;72;0;28
162.6;81;0;19
163.2;75;0;25
163.79999999999998;70;0;30
164.4;66;0;34
165.0;71;0;29
165.6;75;0;25
166.2;74;0;26
166.79999999999998;72;0;28
167.4;76;0;24
168.0;76;0;24
168.6;76;0;24
169.2;77;0;23
169.79999999999998;82;0;18
170.4;80;0;20
171.0;81;0;19
171.6;72;0;28
172.2;75;0;25
172.79999999999998;77;0;23
173.4;74;0;26
174.0;78;0;22
174.6;78;0;22
175.2;74;0;26
175.79999999999998;72;0;28
176.4;75;0;25
177.0;67;0;33
177.6;71;0;29
178.2;69;0;31
178.79999999999998;77;0;23
179.4;78;0;22
180.0;73;0;27
180.6;75;0;25
181.2;68;0;32
181.79999999999998;78;0;22
182.4;71;0;29
183.0;80;0;20
183.6;74;0;26
184.2;76;0;24
184.79999999999998;75;0;25
185.4;74;0;26
186.0;77;0;23
186.6;73;0;27
187.2;70;0;30
187.79999999999998;70;0;30
188.4;69;0;31
189.0;77;0;23
189.6;79;0;21
190.2;73;0;27
190.79999999999998;82;0;18
191.4;77;0;23
192.0;79;0;21
192.6;77;0;23
193.2;79;0;21
193.79999999999998;74;0;26
194.4;81;0;19
195.0;81;0;19
195.6;76;0;24
196.2;75;0;25
196.79999999999998;81;0;19
197.4;82;0;18
198.0;77;0;23
198.6;78;0;22
199.2;77;0;23
199.79999999999998;73;0;27
200.4;75;0;25
201.0;78;0;22
201.6;71;0;29
202.2;70;0;30
202.79999999999998;66;0;34
203.4;69;0;31
204.0;76;0;24
204.6;78;0;22
205.2;80;0;20
205.79999999999998;84;0;16
206.4;84;0;16
207.0;81;0;19
207.6;77;0;23
208.2;75;0;25
208.79999999999998;74;0;26
209.4;74;0;26
210.0;72;0;28
210.6;69;0;31
211.2;73;0;27
211.79999999999998;81;0;19
212.4;82;0;18
213.0;80;0;20
213.6;83;0;17
214.2;80;0;20
214.79999999999998;74;0;26
215.4;78;0;22
216.0;77;0;23
216.6;80;0;20
217.2;83;0;17
217.79999999999998;84;0;16
218.4;79;0;21
219.0;80;0;20
219.6;73;0;27
220.2;70;0;30
220.79999999999998;76;0;24
221.4;76;0;24
222.0;83;0;17
222.6;79;0;21
223.2;80;0;20
223.79999999999998;74;0;26
224.4;76;0;24
225.0;81;0;19
225.6;77;0;23
226.2;73;0;27
226.79999999999998;77;0;23
227.4;76;0;24
228.0;72;0;28
228.6;76;0;24
229.2;73;0;27
229.79999999999998;69;0;31
230.39999999999998;70;0;30
231.0;76;0;24
231.6;74;0;26
232.2;73;0;27
232.79999999999998;73;0;27
233.39999999999998;80;0;20
234.0;80;0;20
234.6;77;0;23
235.2;75;0;25
235.79999999999998;78;0;22
236.39999999999998;86;0;14
237.0;84;0;16
237.6;81;0;19
238.2;81;0;19
238.79999999999998;74;0;26
239.39999999999998;72;0;28
240.0;76;0;24
240.6;73;0;27
241.2;69;0;31
241.79999999999998;66;0;34
242.39999999999998;74;0;26
243.0;63;0;37
243.6;76;0;24
244.2;70;0;30
244.79999999999998;72;0;28
245.39999999999998;73;0;27
246.0;76;0;24
246.6;75;0;25
247.2;75;0;25
247.79999999999998;81;0;19
248.39999999999998;83;0;17
249.0;80;0;20
249.6;68;0;32
250.2;74;0;26
250.79999999999998;79;0;21
251.39999999999998;75;0;25
252.0;79;0;21
252.6;76;0;24
253.2;80;0;20
253.79999999999998;78;0;22
254.39999999999998;79;0;21
255.0;76;0;24
255.6;70;0;30
256.2;78;0;22
256.8;79;0;21
257.4;79;0;21
258.0;75;0;25
258.59999999999997;78;0;22
259.2;80;0;20
259.8;80;0;20
260.4;76;0;24
261.0;79;0;21
261.59999999999997;72;0;28
262.2;76;0;24
262.8;82;0;18
263.4;78;0;22
264.0;80;0;20
264.59999999999997;82;0;18
265.2;75;0;25
265.8;67;0;33
266.4;69;0;31
267.0;71;0;29
267.59999999999997;80;0;20
268.2;78;0;22
268.8;74;0;26
269.4;73;0;27
270.0;77;0;23
270.59999999999997;69;0;31
271.2;73;0;27
271.8;73;0;27
272.4;70;0;30
273.0;67;0;33
273.59999999999997;74;0;26
274.2;79;0;21
274.8;85;0;15
275.4;78;0;22
276.0;73;0;27
276.59999999999997;73;0;27
277.2;73;0;27
277.8;71;0;29
278.4;75;0;25
279.0;75;0;25
279.59999999999997;72;0;28
280.2;72;0;28
280.8;80;0;20
281.4;79;0;21
282.0;76;0;24
282.59999999999997;72;0;28
283.2;79;0;21
283.8;77;0;23
284.4;70;0;30
285.0;69;0;31
285.59999999999997;71;0;29
286.2;73;0;27
286.8;69;0;31
287.4;74;0;26
288.0;76;0;24
288.59999999999997;68;0;32
289.2;70;0;30
289.8;70;0;30
290.4;72;0;28
291.0;72;0;28
291.59999999999997;76;0;24
292.2;78;0;22
292.8;80;0;20
293.4;78;0;22
294.0;78;0;22
294.59999999999997;74;0;26
295.2;76;0;24
295.8;84;0;16
296.4;87;0;13
297.0;80;0;20
297.59999999999997;73;0;27
298.2;76;0;24
298.8;82;0;18
299.4;80;0;20
