#auto generated file!
43;0;1554;0;78.74497947529687;75.23217737862836;3.5128020966684583;123.5107142857143;0.0;0;0
43;0;1554;0;0.0;0.0;0.0
0;0;0;0;0.0;0.0;0.0
#auto generated file!
0;0;1567;0;0.0;0.0;0.0;115.87190476190477;0.0;0;0
0;0;1567;0;0.0;0.0;0.0
0;0;0;0;0.0;0.0;0.0
#auto generated file!
0;0;1601;0;0.0;0.0;0.0;114.83880952380952;0.0;0;0
0;0;1601;0;0.0;0.0;0.0
0;0;0;0;0.0;0.0;0.0
#auto generated file!
0;0;1267;0;0.0;0.0;0.0;80.17976190476182;0.0;0;0
0;0;1267;0;0.0;0.0;0.0
0;0;0;0;0.0;0.0;0.0
#auto generated file!
0;0;1278;0;0.0;0.0;0.0;84.0942857142858;0.0;0;0
0;0;1278;0;0.0;0.0;0.0
0;0;0;0;0.0;0.0;0.0
#auto generated file!
0;0;1094;0;0.0;0.0;0.0;68.28285714285711;0.0;0;0
0;0;1094;0;0.0;0.0;0.0
0;0;0;0;0.0;0.0;0.0
#auto generated file!
0;0;1361;0;0.0;0.0;0.0;83.08809523809529;0.0;0;0
0;0;1361;0;0.0;0.0;0.0
0;0;0;0;0.0;0.0;0.0
#auto generated file!
0;0;1568;0;0.0;0.0;0.0;105.2378571428572;0.0;0;0
0;0;1568;0;0.0;0.0;0.0
0;0;0;0;0.0;0.0;0.0
#auto generated file!
0;0;1467;0;0.0;0.0;0.0;99.50476190476184;0.0;0;0
0;0;1467;0;0.0;0.0;0.0
0;0;0;0;0.0;0.0;0.0
#auto generated file!
0;0;1121;0;0.0;0.0;0.0;65.84904761904762;0.0;0;0
0;0;1121;0;0.0;0.0;0.0
0;0;0;0;0.0;0.0;0.0
