#auto generated file!
72;22;15;0;34.44361043957282;30.4557820438359;3.9878283957369285;174.96809523809517;0.0;7;0
72;22;15;0;34.44361043957282;30.4557820438359;3.9878283957369285
0;0;0;0;0.0;0.0;0.0
#auto generated file!
47;18;8;0;52.74796976699068;48.90588608855377;3.8420836784368984;178.23547619047622;0.0;10;0
47;18;8;0;52.74796976699068;48.90588608855377;3.8420836784368984
0;0;0;0;0.0;0.0;0.0
#auto generated file!
47;10;10;0;39.66369510060303;35.739585124127906;3.9241099764751253;133.1840476190476;0.0;0;0
47;10;10;0;39.66369510060303;35.739585124127906;3.9241099764751253
0;0;0;0;0.0;0.0;0.0
#auto generated file!
51;42;11;0;48.35231286138696;44.4716216775272;3.8806911838597427;185.1385714285713;0.0;31;0
51;42;11;0;48.35231286138696;44.4716216775272;3.8806911838597427
0;0;0;0;0.0;0.0;0.0
#auto generated file!
60;30;12;0;39.65691716514622;35.79051043651691;3.8664067286293156;160.15476190476184;0.0;18;0
60;30;12;0;39.65691716514622;35.79051043651691;3.8664067286293156
0;0;0;0;0.0;0.0;0.0
#auto generated file!
31;30;3;0;49.49561995617593;45.475149405699376;4.020470550476534;199.96904761904744;0.0;27;0
31;30;3;0;49.49561995617593;45.475149405699376;4.020470550476534
0;0;0;0;0.0;0.0;0.0
#auto generated file!
53;38;12;0;51.84140466122419;47.79957490393107;4.041829757293111;187.0290476190476;0.0;26;0
53;38;12;0;51.84140466122419;47.79957490393107;4.041829757293111
0;0;0;0;0.0;0.0;0.0
#auto generated file!
72;19;15;0;40.58715647322436;36.76419962716632;3.8229568460580543;146.86690476190466;0.0;4;0
72;19;15;0;40.58715647322436;36.76419962716632;3.8229568460580543
0;0;0;0;0.0;0.0;0.0
#auto generated file!
33;36;14;0;58.66713550717679;54.522610294296626;4.144525212880151;186.06095238095233;0.0;22;0
33;36;14;0;58.66713550717679;54.522610294296626;4.144525212880151
0;0;0;0;0.0;0.0;0.0
#auto generated file!
36;37;11;0;57.31701115036544;53.27126181545245;4.045749334913004;177.93428571428566;0.0;26;0
36;37;11;0;57.31701115036544;53.27126181545245;4.045749334913004
0;0;0;0;0.0;0.0;0.0
