#auto generated file!
538;67;67;0;23.42026157498352;19.535742915477563;3.8845186595059737;19.39476190476188;0.0;0;0
538;67;67;0;23.42026157498352;19.535742915477563;3.8845186595059737
0;0;0;0;0.0;0.0;0.0
#auto generated file!
762;79;79;0;27.383755782273493;23.425931769658238;3.9578240126151947;34.02761904761903;0.0;0;0
762;79;79;0;27.383755782273493;23.425931769658238;3.9578240126151947
0;0;0;0;0.0;0.0;0.0
#auto generated file!
721;98;98;0;25.476402994300255;21.55485589156071;3.921547102739554;30.139999999999993;0.0;0;0
721;98;98;0;25.476402994300255;21.55485589156071;3.921547102739554
0;0;0;0;0.0;0.0;0.0
#auto generated file!
655;74;74;0;26.681872284962942;22.746047009797355;3.9358252751655867;28.805952380952395;0.0;0;0
655;74;74;0;26.681872284962942;22.746047009797355;3.9358252751655867
0;0;0;0;0.0;0.0;0.0
#auto generated file!
601;60;60;0;21.992770586172664;18.040988416573914;3.951782169598733;19.835;0.0;0;0
601;60;60;0;21.992770586172664;18.040988416573914;3.951782169598733
0;0;0;0;0.0;0.0;0.0
#auto generated file!
732;97;97;0;26.65049086123178;22.708281272361713;3.942209588870059;32.3457142857143;0.0;0;0
732;97;97;0;26.65049086123178;22.708281272361713;3.942209588870059
0;0;0;0;0.0;0.0;0.0
#auto generated file!
631;74;74;0;24.440956561090267;20.585378017901697;3.855578543188588;23.658095238095218;0.0;0;0
631;74;74;0;24.440956561090267;20.585378017901697;3.855578543188588
0;0;0;0;0.0;0.0;0.0
#auto generated file!
742;107;107;0;26.6589691061055;22.788564866881334;3.8704042392241456;32.693333333333335;0.0;0;0
742;107;107;0;26.6589691061055;22.788564866881334;3.8704042392241456
0;0;0;0;0.0;0.0;0.0
#auto generated file!
546;42;42;0;19.58691798093671;15.69721893589979;3.8896990450369233;14.187619047619044;0.0;0;0
546;42;42;0;19.58691798093671;15.69721893589979;3.8896990450369233
0;0;0;0;0.0;0.0;0.0
#auto generated file!
685;86;86;0;24.522388474096683;20.556984854943106;3.9654036191535926;25.02690476190474;0.0;0;0
685;86;86;0;24.522388474096683;20.556984854943106;3.9654036191535926
0;0;0;0;0.0;0.0;0.0
