#auto generated file!
63;6;4;0;16.280878896779804;12.458247992549712;3.8226309042300906;174.96809523809517;0.0;2;0
63;6;4;0;16.280878896779804;12.458247992549712;3.8226309042300906
0;0;0;0;0.0;0.0;0.0
#auto generated file!
93;19;13;0;16.706474112743273;12.953458128860031;3.753015983883262;178.23547619047622;0.0;6;0
93;19;13;0;16.706474112743273;12.953458128860031;3.753015983883262
0;0;0;0;0.0;0.0;0.0
#auto generated file!
123;10;9;0;16.282141622846716;12.274274940492203;4.007866682354512;133.1840476190476;0.0;1;0
123;10;9;0;16.282141622846716;12.274274940492203;4.007866682354512
0;0;0;0;0.0;0.0;0.0
#auto generated file!
78;16;12;0;16.549107994041485;12.58792980276434;3.9611781912771327;185.1385714285713;0.0;4;0
78;16;12;0;16.549107994041485;12.58792980276434;3.9611781912771327
0;0;0;0;0.0;0.0;0.0
#auto generated file!
97;14;7;0;14.861694339208865;10.884453870228432;3.97724046898043;160.15476190476184;0.0;7;0
97;14;7;0;14.861694339208865;10.884453870228432;3.97724046898043
0;0;0;0;0.0;0.0;0.0
#auto generated file!
104;19;10;0;21.83907754819224;18.113591870204957;3.7254856779872907;199.96904761904744;0.0;9;0
104;19;10;0;21.83907754819224;18.113591870204957;3.7254856779872907
0;0;0;0;0.0;0.0;0.0
#auto generated file!
97;20;15;0;15.760196954460186;11.859459357016048;3.9007375974441287;187.0290476190476;0.0;5;0
97;20;15;0;15.760196954460186;11.859459357016048;3.9007375974441287
0;0;0;0;0.0;0.0;0.0
#auto generated file!
108;9;9;0;14.53732473329542;10.52960940022998;4.007715333065437;146.86690476190466;0.0;0;0
108;9;9;0;14.53732473329542;10.52960940022998;4.007715333065437
0;0;0;0;0.0;0.0;0.0
#auto generated file!
87;14;8;0;17.022825076510294;13.035326425624705;3.987498650885577;186.06095238095233;0.0;6;0
87;14;8;0;17.022825076510294;13.035326425624705;3.987498650885577
0;0;0;0;0.0;0.0;0.0
#auto generated file!
77;17;10;0;16.238478936611614;12.225935314482744;4.012543622128872;177.93428571428566;0.0;7;0
77;17;10;0;16.238478936611614;12.225935314482744;4.012543622128872
0;0;0;0;0.0;0.0;0.0
