#auto generated file!
30;84;1942;0;38.81478435366054;35.01120734215967;3.8035770115008694;200.06666666666675;0.0;542;0
30;84;1942;0;0.0;0.0;0.0
0;0;0;0;0.0;0.0;0.0
#auto generated file!
44;138;2049;0;70.30080365576244;66.76066339674324;3.540140259019198;225.31166666666678;0.0;1038;0
44;138;2049;0;0.0;0.0;0.0
0;0;0;0;0.0;0.0;0.0
#auto generated file!
45;69;2024;0;67.83017666798484;63.71035040470267;4.119826263282174;190.6776190476191;0.0;354;0
45;69;2024;0;0.0;0.0;0.0
0;0;0;0;0.0;0.0;0.0
#auto generated file!
42;99;1986;0;82.76335861214663;78.80678531977203;3.9565732923746193;209.47238095238086;0.0;750;0
42;99;1986;0;0.0;0.0;0.0
0;0;0;0;0.0;0.0;0.0
#auto generated file!
49;114;2162;0;66.75736735296205;62.97160160443552;3.785765748526565;216.7350000000001;0.0;766;0
49;114;2162;0;0.0;0.0;0.0
0;0;0;0;0.0;0.0;0.0
#auto generated file!
47;128;2120;0;71.34327292999981;67.36970702482154;3.9735659051782957;214.57119047619054;0.0;672;0
47;128;2120;0;0.0;0.0;0.0
0;0;0;0;0.0;0.0;0.0
#auto generated file!
56;115;2107;1;67.23538489174518;63.593895193605654;3.6414896981395635;220.92952380952372;0.0;721;0
56;115;2107;1;0.0;0.0;0.0
0;0;0;0;0.0;0.0;0.0
#auto generated file!
38;76;1999;1;57.96594438784273;53.828038975604976;4.137905412237759;181.940476190476;0.0;466;0
38;76;1999;1;0.0;0.0;0.0
0;0;0;0;0.0;0.0;0.0
#auto generated file!
48;126;2059;2;61.29589095944059;57.288488810771206;4.007402148669378;221.8297619047621;0.0;715;0
48;126;2059;2;0.0;0.0;0.0
0;0;0;0;0.0;0.0;0.0
#auto generated file!
42;152;2023;0;61.20067914619225;57.15514694130669;4.045532204885551;225.45190476190476;0.0;890;0
42;152;2023;0;0.0;0.0;0.0
0;0;0;0;0.0;0.0;0.0
