#auto generated file!
460;174;64;0;30.512122475147876;26.523192155747672;3.988930319400225;207.12047619047615;0.0;110;0
460;174;64;0;30.512122475147876;26.523192155747672;3.988930319400225
0;0;0;0;0.0;0.0;0.0
#auto generated file!
563;173;31;0;28.720926077079902;24.707687342903057;4.0132387341768325;185.22476190476192;0.0;142;0
563;173;31;0;28.720926077079902;24.707687342903057;4.0132387341768325
0;0;0;0;0.0;0.0;0.0
#auto generated file!
384;223;18;0;28.360714449584403;24.427446907302897;3.9332675422815093;219.65214285714268;0.0;205;0
384;223;18;0;28.360714449584403;24.427446907302897;3.9332675422815093
0;0;0;0;0.0;0.0;0.0
#auto generated file!
400;100;20;0;21.76018862725638;17.761688277591844;3.9985003496645195;188.77880952380943;0.0;80;0
400;100;20;0;21.76018862725638;17.761688277591844;3.9985003496645195
0;0;0;0;0.0;0.0;0.0
#auto generated file!
343;183;22;0;30.683357280697567;26.56744325111198;4.115914029585615;236.5926190476192;0.0;161;0
343;183;22;0;30.683357280697567;26.56744325111198;4.115914029585615
0;0;0;0;0.0;0.0;0.0
#auto generated file!
491;218;36;0;29.09072533920257;25.10799115502129;3.9827341841813024;205.4199999999999;0.0;182;0
491;218;36;0;29.09072533920257;25.10799115502129;3.9827341841813024
0;0;0;0;0.0;0.0;0.0
#auto generated file!
407;194;26;0;29.01763615927077;24.944182439493357;4.073453719777446;224.40547619047618;0.0;168;0
407;194;26;0;29.01763615927077;24.944182439493357;4.073453719777446
0;0;0;0;0.0;0.0;0.0
#auto generated file!
358;218;27;0;30.48376916753879;26.406792063078278;4.076977104460529;218.06809523809528;0.0;191;0
358;218;27;0;30.48376916753879;26.406792063078278;4.076977104460529
0;0;0;0;0.0;0.0;0.0
#auto generated file!
434;158;33;0;30.115663098979077;26.09007963800294;4.025583460976174;208.1428571428572;0.0;125;0
434;158;33;0;30.115663098979077;26.09007963800294;4.025583460976174
0;0;0;0;0.0;0.0;0.0
#auto generated file!
404;230;48;0;30.75506397326237;26.72227919171711;4.032784781545233;208.35404761904758;0.0;182;0
404;230;48;0;30.75506397326237;26.72227919171711;4.032784781545233
0;0;0;0;0.0;0.0;0.0
