#auto generated file!
60.0;136;0;14
60.599999999999994;138;0;12
61.199999999999996;137;0;13
61.8;144;0;6
62.4;141;0;9
63.0;139;0;11
63.599999999999994;140;0;10
64.2;140;0;10
64.8;139;0;11
65.39999999999999;139;0;11
66.0;139;0;11
66.6;136;0;14
67.2;138;0;12
67.8;137;0;13
68.39999999999999;142;0;8
69.0;144;0;6
69.6;146;0;4
70.2;139;0;11
70.8;139;0;11
71.39999999999999;141;0;9
72.0;136;0;14
72.6;134;0;16
73.2;136;0;14
73.8;134;0;16
74.39999999999999;134;0;16
75.0;138;0;12
75.6;136;0;14
76.2;140;0;10
76.8;142;0;8
77.39999999999999;138;0;12
78.0;136;0;14
78.6;138;0;12
79.2;139;0;11
79.8;142;0;8
80.39999999999999;137;0;13
81.0;141;0;9
81.6;143;0;7
82.2;142;0;8
82.8;142;0;8
83.39999999999999;138;0;12
84.0;134;0;16
84.6;139;0;11
85.2;140;0;10
85.8;142;0;8
86.39999999999999;141;0;9
87.0;140;0;10
87.6;143;0;7
88.2;145;0;5
88.8;146;0;4
89.39999999999999;144;0;6
90.0;143;0;7
90.6;141;0;9
91.2;141;0;9
91.8;141;0;9
92.39999999999999;139;0;11
93.0;137;0;13
93.6;137;0;13
94.2;138;0;12
94.8;137;0;13
95.39999999999999;138;0;12
96.0;133;0;17
96.6;135;0;15
97.2;138;0;12
97.8;142;0;8
98.39999999999999;140;0;10
99.0;141;0;9
99.6;138;0;12
100.2;138;0;12
100.8;140;0;10
101.39999999999999;140;0;10
102.0;141;0;9
102.6;139;0;11
103.2;140;0;10
103.8;143;0;7
104.39999999999999;137;0;13
105.0;137;0;13
105.6;139;0;11
106.2;136;0;14
106.8;135;0;15
107.39999999999999;133;0;17
108.0;134;0;16
108.6;137;0;13
109.2;144;0;6
109.8;141;0;9
110.39999999999999;139;0;11
111.0;141;0;9
111.6;140;0;10
112.2;134;0;16
112.8;140;0;10
113.39999999999999;145;0;5
114.0;143;0;7
114.6;134;0;16
115.19999999999999;137;0;13
115.8;140;0;10
116.39999999999999;142;0;8
117.0;138;0;12
117.6;136;0;14
118.19999999999999;142;0;8
118.8;140;0;10
119.39999999999999;139;0;11
120.0;138;0;12
120.6;134;0;16
121.19999999999999;135;0;15
121.8;135;0;15
122.39999999999999;141;0;9
123.0;139;0;11
123.6;141;0;9
124.19999999999999;137;0;13
124.8;138;0;12
125.39999999999999;138;0;12
126.0;139;0;11
126.6;140;0;10
127.19999999999999;136;0;14
127.8;141;0;9
128.4;139;0;11
129.0;143;0;7
129.6;139;0;11
130.2;140;0;10
130.79999999999998;141;0;9
131.4;133;0;17
132.0;139;0;11
132.6;142;0;8
133.2;137;0;13
133.79999999999998;141;0;9
134.4;140;0;10
135.0;136;0;14
135.6;139;0;11
136.2;139;0;11
136.79999999999998;142;0;8
137.4;146;0;4
138.0;147;0;3
138.6;146;0;4
139.2;141;0;9
139.79999999999998;134;0;16
140.4;135;0;15
141.0;139;0;11
141.6;137;0;13
142.2;140;0;10
142.79999999999998;145;0;5
143.4;146;0;4
144.0;148;0;2
144.6;144;0;6
145.2;140;0;10
145.79999999999998;139;0;11
146.4;145;0;5
147.0;139;0;11
147.6;142;0;8
148.2;140;0;10
148.79999999999998;141;0;9
149.4;142;0;8
150.0;139;0;11
150.6;140;0;10
151.2;143;0;7
151.79999999999998;144;0;6
152.4;144;0;6
153.0;144;0;6
153.6;137;0;13
154.2;140;0;10
154.79999999999998;135;0;15
155.4;139;0;11
156.0;139;0;11
156.6;138;0;12
157.2;131;0;19
157.79999999999998;135;0;15
158.4;131;0;19
159.0;136;0;14
159.6;137;0;13
160.2;140;0;10
160.79999999999998;138;0;12
161.4;137;0;13
162.0;137;0;13
162.6;140;0;10
163.2;139;0;11
163.79999999999998;137;0;13
164.4;141;0;9
165.0;146;0;4
165.6;144;0;6
166.2;142;0;8
166.79999999999998;142;0;8
167.4;136;0;14
168.0;140;0;10
168.6;139;0;11
169.2;139;0;11
169.79999999999998;141;0;9
170.4;143;0;7
171.0;141;0;9
171.6;140;0;10
172.2;140;0;10
172.79999999999998;144;0;6
173.4;139;0;11
174.0;138;0;12
174.6;139;0;11
175.2;135;0;15
175.79999999999998;137;0;13
176.4;144;0;6
177.0;145;0;5
177.6;140;0;10
178.2;141;0;9
178.79999999999998;144;0;6
179.4;142;0;8
180.0;145;0;5
180.6;142;0;8
181.2;135;0;15
181.79999999999998;135;0;15
182.4;138;0;12
183.0;140;0;10
183.6;142;0;8
184.2;144;0;6
184.79999999999998;142;0;8
185.4;139;0;11
186.0;142;0;8
186.6;139;0;11
187.2;138;0;12
187.79999999999998;136;0;14
188.4;136;0;14
189.0;135;0;15
189.6;140;0;10
190.2;139;0;11
190.79999999999998;136;0;14
191.4;135;0;15
192.0;138;0;12
192.6;134;0;16
193.2;135;0;15
193.79999999999998;137;0;13
194.4;139;0;11
195.0;141;0;9
195.6;142;0;8
196.2;138;0;12
196.79999999999998;140;0;10
197.4;140;0;10
198.0;138;0;12
198.6;143;0;7
199.2;139;0;11
199.79999999999998;133;0;17
200.4;138;0;12
201.0;144;0;6
201.6;140;0;10
202.2;140;0;10
202.79999999999998;138;0;12
203.4;140;0;10
204.0;141;0;9
204.6;133;0;17
205.2;131;0;19
205.79999999999998;128;0;22
206.4;135;0;15
207.0;139;0;11
207.6;125;0;25
208.2;129;0;21
208.79999999999998;135;0;15
209.4;135;0;15
210.0;133;0;17
210.6;135;0;15
211.2;140;0;10
211.79999999999998;138;0;12
212.4;139;0;11
213.0;137;0;13
213.6;135;0;15
214.2;138;0;12
214.79999999999998;143;0;7
215.4;138;0;12
216.0;138;0;12
216.6;140;0;10
217.2;141;0;9
217.79999999999998;134;0;16
218.4;137;0;13
219.0;144;0;6
219.6;143;0;7
220.2;145;0;5
220.79999999999998;136;0;14
221.4;140;0;10
222.0;138;0;12
222.6;141;0;9
223.2;142;0;8
223.79999999999998;138;0;12
224.4;137;0;13
225.0;137;0;13
225.6;138;0;12
226.2;137;0;13
226.79999999999998;138;0;12
227.4;140;0;10
228.0;142;0;8
228.6;143;0;7
229.2;143;0;7
229.79999999999998;142;0;8
230.39999999999998;143;0;7
231.0;139;0;11
231.6;143;0;7
232.2;139;0;11
232.79999999999998;136;0;14
233.39999999999998;139;0;11
234.0;145;0;5
234.6;142;0;8
235.2;141;0;9
235.79999999999998;140;0;10
236.39999999999998;144;0;6
237.0;144;0;6
237.6;146;0;4
238.2;140;0;10
238.79999999999998;144;0;6
239.39999999999998;141;0;9
240.0;143;0;7
240.6;137;0;13
241.2;142;0;8
241.79999999999998;142;0;8
242.39999999999998;143;0;7
243.0;141;0;9
243.6;143;0;7
244.2;144;0;6
244.79999999999998;142;0;8
245.39999999999998;144;0;6
246.0;143;0;7
246.6;141;0;9
247.2;142;0;8
247.79999999999998;141;0;9
248.39999999999998;133;0;17
249.0;131;0;19
249.6;137;0;13
250.2;133;0;17
250.79999999999998;136;0;14
251.39999999999998;139;0;11
252.0;142;0;8
252.6;139;0;11
253.2;139;0;11
253.79999999999998;136;0;14
254.39999999999998;138;0;12
255.0;137;0;13
255.6;138;0;12
256.2;137;0;13
256.8;141;0;9
257.4;144;0;6
258.0;144;0;6
258.59999999999997;137;0;13
259.2;138;0;12
259.8;134;0;16
260.4;137;0;13
261.0;139;0;11
261.59999999999997;137;0;13
262.2;137;0;13
262.8;135;0;15
263.4;137;0;13
264.0;139;0;11
264.59999999999997;142;0;8
265.2;144;0;6
265.8;143;0;7
266.4;144;0;6
267.0;144;0;6
267.59999999999997;143;0;7
268.2;137;0;13
268.8;131;0;19
269.4;129;0;21
270.0;132;0;18
270.59999999999997;132;0;18
271.2;138;0;12
271.8;140;0;10
272.4;145;0;5
273.0;139;0;11
273.59999999999997;138;0;12
274.2;137;0;13
274.8;138;0;12
275.4;140;0;10
276.0;146;0;4
276.59999999999997;140;0;10
277.2;139;0;11
277.8;142;0;8
278.4;143;0;7
279.0;139;0;11
279.59999999999997;138;0;12
280.2;139;0;11
280.8;135;0;15
281.4;141;0;9
282.0;137;0;13
282.59999999999997;143;0;7
283.2;142;0;8
283.8;142;0;8
284.4;139;0;11
285.0;139;0;11
285.59999999999997;136;0;14
286.2;138;0;12
286.8;140;0;10
287.4;132;0;18
288.0;132;0;18
288.59999999999997;135;0;15
289.2;135;0;15
289.8;135;0;15
290.4;140;0;10
291.0;142;0;8
291.59999999999997;142;0;8
292.2;145;0;5
292.8;143;0;7
293.4;134;0;16
294.0;136;0;14
294.59999999999997;139;0;11
295.2;141;0;9
295.8;145;0;5
296.4;141;0;9
297.0;139;0;11
297.59999999999997;138;0;12
298.2;136;0;14
298.8;135;0;15
299.4;142;0;8
#auto generated file!
60.0;140;0;10
60.599999999999994;145;0;5
61.199999999999996;140;0;10
61.8;141;0;9
62.4;137;0;13
63.0;138;0;12
63.599999999999994;137;0;13
64.2;139;0;11
64.8;133;0;17
65.39999999999999;136;0;14
66.0;135;0;15
66.6;139;0;11
67.2;136;0;14
67.8;138;0;12
68.39999999999999;140;0;10
69.0;142;0;8
69.6;144;0;6
70.2;142;0;8
70.8;140;0;10
71.39999999999999;141;0;9
72.0;140;0;10
72.6;140;0;10
73.2;138;0;12
73.8;138;0;12
74.39999999999999;140;0;10
75.0;140;0;10
75.6;141;0;9
76.2;139;0;11
76.8;140;0;10
77.39999999999999;141;0;9
78.0;143;0;7
78.6;148;0;2
79.2;141;0;9
79.8;136;0;14
80.39999999999999;141;0;9
81.0;137;0;13
81.6;132;0;18
82.2;133;0;17
82.8;133;0;17
83.39999999999999;133;0;17
84.0;137;0;13
84.6;136;0;14
85.2;137;0;13
85.8;140;0;10
86.39999999999999;141;0;9
87.0;142;0;8
87.6;141;0;9
88.2;136;0;14
88.8;144;0;6
89.39999999999999;145;0;5
90.0;141;0;9
90.6;139;0;11
91.2;142;0;8
91.8;139;0;11
92.39999999999999;139;0;11
93.0;137;0;13
93.6;132;0;18
94.2;136;0;14
94.8;135;0;15
95.39999999999999;137;0;13
96.0;131;0;19
96.6;135;0;15
97.2;139;0;11
97.8;138;0;12
98.39999999999999;135;0;15
99.0;137;0;13
99.6;140;0;10
100.2;138;0;12
100.8;136;0;14
101.39999999999999;136;0;14
102.0;139;0;11
102.6;136;0;14
103.2;139;0;11
103.8;142;0;8
104.39999999999999;141;0;9
105.0;138;0;12
105.6;140;0;10
106.2;138;0;12
106.8;142;0;8
107.39999999999999;143;0;7
108.0;141;0;9
108.6;145;0;5
109.2;138;0;12
109.8;139;0;11
110.39999999999999;134;0;16
111.0;139;0;11
111.6;140;0;10
112.2;141;0;9
112.8;137;0;13
113.39999999999999;142;0;8
114.0;144;0;6
114.6;140;0;10
115.19999999999999;142;0;8
115.8;143;0;7
116.39999999999999;142;0;8
117.0;143;0;7
117.6;142;0;8
118.19999999999999;140;0;10
118.8;140;0;10
119.39999999999999;137;0;13
120.0;134;0;16
120.6;137;0;13
121.19999999999999;136;0;14
121.8;138;0;12
122.39999999999999;142;0;8
123.0;139;0;11
123.6;145;0;5
124.19999999999999;143;0;7
124.8;140;0;10
125.39999999999999;140;0;10
126.0;140;0;10
126.6;139;0;11
127.19999999999999;142;0;8
127.8;139;0;11
128.4;135;0;15
129.0;141;0;9
129.6;138;0;12
130.2;139;0;11
130.79999999999998;141;0;9
131.4;139;0;11
132.0;139;0;11
132.6;138;0;12
133.2;143;0;7
133.79999999999998;140;0;10
134.4;136;0;14
135.0;141;0;9
135.6;141;0;9
136.2;141;0;9
136.79999999999998;139;0;11
137.4;144;0;6
138.0;142;0;8
138.6;143;0;7
139.2;139;0;11
139.79999999999998;143;0;7
140.4;141;0;9
141.0;140;0;10
141.6;139;0;11
142.2;135;0;15
142.79999999999998;138;0;12
143.4;137;0;13
144.0;139;0;11
144.6;140;0;10
145.2;140;0;10
145.79999999999998;139;0;11
146.4;142;0;8
147.0;141;0;9
147.6;140;0;10
148.2;138;0;12
148.79999999999998;139;0;11
149.4;143;0;7
150.0;145;0;5
150.6;143;0;7
151.2;143;0;7
151.79999999999998;145;0;5
152.4;143;0;7
153.0;135;0;15
153.6;136;0;14
154.2;139;0;11
154.79999999999998;136;0;14
155.4;135;0;15
156.0;134;0;16
156.6;141;0;9
157.2;137;0;13
157.79999999999998;134;0;16
158.4;139;0;11
159.0;139;0;11
159.6;135;0;15
160.2;140;0;10
160.79999999999998;141;0;9
161.4;142;0;8
162.0;141;0;9
162.6;139;0;11
163.2;140;0;10
163.79999999999998;146;0;4
164.4;144;0;6
165.0;143;0;7
165.6;140;0;10
166.2;140;0;10
166.79999999999998;135;0;15
167.4;135;0;15
168.0;139;0;11
168.6;139;0;11
169.2;138;0;12
169.79999999999998;141;0;9
170.4;142;0;8
171.0;144;0;6
171.6;137;0;13
172.2;140;0;10
172.79999999999998;140;0;10
173.4;135;0;15
174.0;136;0;14
174.6;136;0;14
175.2;136;0;14
175.79999999999998;136;0;14
176.4;135;0;15
177.0;136;0;14
177.6;137;0;13
178.2;141;0;9
178.79999999999998;140;0;10
179.4;140;0;10
180.0;135;0;15
180.6;135;0;15
181.2;137;0;13
181.79999999999998;133;0;17
182.4;135;0;15
183.0;135;0;15
183.6;139;0;11
184.2;141;0;9
184.79999999999998;135;0;15
185.4;133;0;17
186.0;138;0;12
186.6;137;0;13
187.2;142;0;8
187.79999999999998;141;0;9
188.4;144;0;6
189.0;143;0;7
189.6;138;0;12
190.2;139;0;11
190.79999999999998;138;0;12
191.4;139;0;11
192.0;136;0;14
192.6;142;0;8
193.2;143;0;7
193.79999999999998;142;0;8
194.4;137;0;13
195.0;140;0;10
195.6;140;0;10
196.2;139;0;11
196.79999999999998;141;0;9
197.4;143;0;7
198.0;142;0;8
198.6;134;0;16
199.2;138;0;12
199.79999999999998;140;0;10
200.4;143;0;7
201.0;141;0;9
201.6;141;0;9
202.2;137;0;13
202.79999999999998;140;0;10
203.4;144;0;6
204.0;142;0;8
204.6;140;0;10
205.2;142;0;8
205.79999999999998;140;0;10
206.4;144;0;6
207.0;141;0;9
207.6;142;0;8
208.2;140;0;10
208.79999999999998;136;0;14
209.4;138;0;12
210.0;138;0;12
210.6;137;0;13
211.2;143;0;7
211.79999999999998;143;0;7
212.4;147;0;3
213.0;143;0;7
213.6;143;0;7
214.2;140;0;10
214.79999999999998;140;0;10
215.4;142;0;8
216.0;136;0;14
216.6;137;0;13
217.2;137;0;13
217.79999999999998;143;0;7
218.4;141;0;9
219.0;141;0;9
219.6;142;0;8
220.2;141;0;9
220.79999999999998;140;0;10
221.4;143;0;7
222.0;143;0;7
222.6;144;0;6
223.2;140;0;10
223.79999999999998;143;0;7
224.4;142;0;8
225.0;141;0;9
225.6;139;0;11
226.2;138;0;12
226.79999999999998;138;0;12
227.4;136;0;14
228.0;137;0;13
228.6;136;0;14
229.2;133;0;17
229.79999999999998;134;0;16
230.39999999999998;136;0;14
231.0;138;0;12
231.6;143;0;7
232.2;135;0;15
232.79999999999998;143;0;7
233.39999999999998;140;0;10
234.0;140;0;10
234.6;138;0;12
235.2;134;0;16
235.79999999999998;141;0;9
236.39999999999998;138;0;12
237.0;143;0;7
237.6;142;0;8
238.2;140;0;10
238.79999999999998;143;0;7
239.39999999999998;140;0;10
240.0;135;0;15
240.6;133;0;17
241.2;135;0;15
241.79999999999998;135;0;15
242.39999999999998;132;0;18
243.0;132;0;18
243.6;132;0;18
244.2;137;0;13
244.79999999999998;138;0;12
245.39999999999998;139;0;11
246.0;138;0;12
246.6;138;0;12
247.2;142;0;8
247.79999999999998;140;0;10
248.39999999999998;139;0;11
249.0;133;0;17
249.6;132;0;18
250.2;135;0;15
250.79999999999998;136;0;14
251.39999999999998;137;0;13
252.0;138;0;12
252.6;140;0;10
253.2;137;0;13
253.79999999999998;137;0;13
254.39999999999998;137;0;13
255.0;139;0;11
255.6;138;0;12
256.2;134;0;16
256.8;132;0;18
257.4;140;0;10
258.0;136;0;14
258.59999999999997;137;0;13
259.2;138;0;12
259.8;135;0;15
260.4;139;0;11
261.0;137;0;13
261.59999999999997;140;0;10
262.2;140;0;10
262.8;139;0;11
263.4;136;0;14
264.0;137;0;13
264.59999999999997;139;0;11
265.2;139;0;11
265.8;140;0;10
266.4;143;0;7
267.0;136;0;14
267.59999999999997;132;0;18
268.2;139;0;11
268.8;140;0;10
269.4;144;0;6
270.0;143;0;7
270.59999999999997;141;0;9
271.2;138;0;12
271.8;138;0;12
272.4;137;0;13
273.0;135;0;15
273.59999999999997;137;0;13
274.2;138;0;12
274.8;140;0;10
275.4;141;0;9
276.0;138;0;12
276.59999999999997;141;0;9
277.2;142;0;8
277.8;145;0;5
278.4;142;0;8
279.0;139;0;11
279.59999999999997;143;0;7
280.2;136;0;14
280.8;140;0;10
281.4;140;0;10
282.0;137;0;13
282.59999999999997;141;0;9
283.2;143;0;7
283.8;141;0;9
284.4;137;0;13
285.0;135;0;15
285.59999999999997;142;0;8
286.2;141;0;9
286.8;138;0;12
287.4;138;0;12
288.0;142;0;8
288.59999999999997;140;0;10
289.2;142;0;8
289.8;141;0;9
290.4;140;0;10
291.0;135;0;15
291.59999999999997;140;0;10
292.2;141;0;9
292.8;141;0;9
293.4;139;0;11
294.0;139;0;11
294.59999999999997;139;0;11
295.2;137;0;13
295.8;137;0;13
296.4;138;0;12
297.0;140;0;10
297.59999999999997;139;0;11
298.2;145;0;5
298.8;144;0;6
299.4;137;0;13
#auto generated file!
60.0;145;0;5
60.599999999999994;143;0;7
61.199999999999996;142;0;8
61.8;140;0;10
62.4;143;0;7
63.0;140;0;10
63.599999999999994;142;0;8
64.2;139;0;11
64.8;142;0;8
65.39999999999999;141;0;9
66.0;145;0;5
66.6;141;0;9
67.2;139;0;11
67.8;142;0;8
68.39999999999999;137;0;13
69.0;144;0;6
69.6;141;0;9
70.2;143;0;7
70.8;142;0;8
71.39999999999999;142;0;8
72.0;143;0;7
72.6;143;0;7
73.2;141;0;9
73.8;137;0;13
74.39999999999999;141;0;9
75.0;143;0;7
75.6;144;0;6
76.2;143;0;7
76.8;145;0;5
77.39999999999999;137;0;13
78.0;140;0;10
78.6;141;0;9
79.2;140;0;10
79.8;139;0;11
80.39999999999999;139;0;11
81.0;142;0;8
81.6;144;0;6
82.2;140;0;10
82.8;137;0;13
83.39999999999999;138;0;12
84.0;140;0;10
84.6;138;0;12
85.2;141;0;9
85.8;138;0;12
86.39999999999999;143;0;7
87.0;142;0;8
87.6;136;0;14
88.2;133;0;17
88.8;138;0;12
89.39999999999999;141;0;9
90.0;140;0;10
90.6;139;0;11
91.2;141;0;9
91.8;139;0;11
92.39999999999999;143;0;7
93.0;142;0;8
93.6;144;0;6
94.2;140;0;10
94.8;141;0;9
95.39999999999999;137;0;13
96.0;140;0;10
96.6;143;0;7
97.2;143;0;7
97.8;142;0;8
98.39999999999999;142;0;8
99.0;139;0;11
99.6;143;0;7
100.2;142;0;8
100.8;142;0;8
101.39999999999999;136;0;14
102.0;136;0;14
102.6;139;0;11
103.2;141;0;9
103.8;141;0;9
104.39999999999999;135;0;15
105.0;139;0;11
105.6;138;0;12
106.2;143;0;7
106.8;141;0;9
107.39999999999999;140;0;10
108.0;139;0;11
108.6;142;0;8
109.2;142;0;8
109.8;142;0;8
110.39999999999999;139;0;11
111.0;141;0;9
111.6;140;0;10
112.2;133;0;17
112.8;137;0;13
113.39999999999999;139;0;11
114.0;141;0;9
114.6;137;0;13
115.19999999999999;135;0;15
115.8;142;0;8
116.39999999999999;139;0;11
117.0;139;0;11
117.6;136;0;14
118.19999999999999;136;0;14
118.8;136;0;14
119.39999999999999;136;0;14
120.0;131;0;19
120.6;133;0;17
121.19999999999999;138;0;12
121.8;139;0;11
122.39999999999999;140;0;10
123.0;141;0;9
123.6;137;0;13
124.19999999999999;139;0;11
124.8;141;0;9
125.39999999999999;141;0;9
126.0;144;0;6
126.6;138;0;12
127.19999999999999;143;0;7
127.8;139;0;11
128.4;138;0;12
129.0;138;0;12
129.6;141;0;9
130.2;140;0;10
130.79999999999998;140;0;10
131.4;136;0;14
132.0;139;0;11
132.6;136;0;14
133.2;134;0;16
133.79999999999998;138;0;12
134.4;143;0;7
135.0;143;0;7
135.6;141;0;9
136.2;143;0;7
136.79999999999998;141;0;9
137.4;135;0;15
138.0;139;0;11
138.6;141;0;9
139.2;137;0;13
139.79999999999998;139;0;11
140.4;140;0;10
141.0;139;0;11
141.6;146;0;4
142.2;144;0;6
142.79999999999998;137;0;13
143.4;135;0;15
144.0;138;0;12
144.6;140;0;10
145.2;140;0;10
145.79999999999998;138;0;12
146.4;143;0;7
147.0;141;0;9
147.6;142;0;8
148.2;144;0;6
148.79999999999998;137;0;13
149.4;139;0;11
150.0;141;0;9
150.6;138;0;12
151.2;137;0;13
151.79999999999998;143;0;7
152.4;137;0;13
153.0;132;0;18
153.6;131;0;19
154.2;137;0;13
154.79999999999998;140;0;10
155.4;142;0;8
156.0;143;0;7
156.6;145;0;5
157.2;143;0;7
157.79999999999998;141;0;9
158.4;139;0;11
159.0;142;0;8
159.6;141;0;9
160.2;141;0;9
160.79999999999998;140;0;10
161.4;141;0;9
162.0;139;0;11
162.6;139;0;11
163.2;139;0;11
163.79999999999998;142;0;8
164.4;140;0;10
165.0;142;0;8
165.6;145;0;5
166.2;142;0;8
166.79999999999998;144;0;6
167.4;144;0;6
168.0;139;0;11
168.6;139;0;11
169.2;139;0;11
169.79999999999998;138;0;12
170.4;141;0;9
171.0;135;0;15
171.6;134;0;16
172.2;136;0;14
172.79999999999998;136;0;14
173.4;136;0;14
174.0;138;0;12
174.6;137;0;13
175.2;137;0;13
175.79999999999998;140;0;10
176.4;141;0;9
177.0;145;0;5
177.6;140;0;10
178.2;133;0;17
178.79999999999998;133;0;17
179.4;141;0;9
180.0;141;0;9
180.6;140;0;10
181.2;139;0;11
181.79999999999998;143;0;7
182.4;138;0;12
183.0;134;0;16
183.6;137;0;13
184.2;137;0;13
184.79999999999998;137;0;13
185.4;140;0;10
186.0;138;0;12
186.6;140;0;10
187.2;139;0;11
187.79999999999998;138;0;12
188.4;138;0;12
189.0;139;0;11
189.6;141;0;9
190.2;139;0;11
190.79999999999998;140;0;10
191.4;137;0;13
192.0;135;0;15
192.6;136;0;14
193.2;136;0;14
193.79999999999998;133;0;17
194.4;138;0;12
195.0;139;0;11
195.6;137;0;13
196.2;132;0;18
196.79999999999998;135;0;15
197.4;136;0;14
198.0;134;0;16
198.6;137;0;13
199.2;134;0;16
199.79999999999998;137;0;13
200.4;136;0;14
201.0;134;0;16
201.6;138;0;12
202.2;141;0;9
202.79999999999998;137;0;13
203.4;140;0;10
204.0;142;0;8
204.6;139;0;11
205.2;144;0;6
205.79999999999998;144;0;6
206.4;138;0;12
207.0;143;0;7
207.6;138;0;12
208.2;138;0;12
208.79999999999998;135;0;15
209.4;133;0;17
210.0;127;0;23
210.6;135;0;15
211.2;142;0;8
211.79999999999998;139;0;11
212.4;140;0;10
213.0;143;0;7
213.6;141;0;9
214.2;144;0;6
214.79999999999998;145;0;5
215.4;143;0;7
216.0;142;0;8
216.6;142;0;8
217.2;140;0;10
217.79999999999998;138;0;12
218.4;135;0;15
219.0;139;0;11
219.6;137;0;13
220.2;142;0;8
220.79999999999998;143;0;7
221.4;142;0;8
222.0;141;0;9
222.6;139;0;11
223.2;138;0;12
223.79999999999998;135;0;15
224.4;131;0;19
225.0;136;0;14
225.6;140;0;10
226.2;141;0;9
226.79999999999998;139;0;11
227.4;139;0;11
228.0;140;0;10
228.6;141;0;9
229.2;135;0;15
229.79999999999998;137;0;13
230.39999999999998;138;0;12
231.0;135;0;15
231.6;138;0;12
232.2;140;0;10
232.79999999999998;143;0;7
233.39999999999998;142;0;8
234.0;140;0;10
234.6;134;0;16
235.2;137;0;13
235.79999999999998;139;0;11
236.39999999999998;138;0;12
237.0;140;0;10
237.6;138;0;12
238.2;140;0;10
238.79999999999998;139;0;11
239.39999999999998;139;0;11
240.0;140;0;10
240.6;142;0;8
241.2;142;0;8
241.79999999999998;141;0;9
242.39999999999998;146;0;4
243.0;144;0;6
243.6;146;0;4
244.2;143;0;7
244.79999999999998;143;0;7
245.39999999999998;143;0;7
246.0;142;0;8
246.6;139;0;11
247.2;138;0;12
247.79999999999998;138;0;12
248.39999999999998;138;0;12
249.0;141;0;9
249.6;138;0;12
250.2;138;0;12
250.79999999999998;138;0;12
251.39999999999998;134;0;16
252.0;136;0;14
252.6;136;0;14
253.2;141;0;9
253.79999999999998;141;0;9
254.39999999999998;139;0;11
255.0;143;0;7
255.6;144;0;6
256.2;140;0;10
256.8;133;0;17
257.4;137;0;13
258.0;141;0;9
258.59999999999997;143;0;7
259.2;145;0;5
259.8;143;0;7
260.4;142;0;8
261.0;142;0;8
261.59999999999997;139;0;11
262.2;140;0;10
262.8;140;0;10
263.4;145;0;5
264.0;137;0;13
264.59999999999997;139;0;11
265.2;141;0;9
265.8;137;0;13
266.4;139;0;11
267.0;141;0;9
267.59999999999997;144;0;6
268.2;143;0;7
268.8;143;0;7
269.4;143;0;7
270.0;141;0;9
270.59999999999997;139;0;11
271.2;141;0;9
271.8;141;0;9
272.4;144;0;6
273.0;141;0;9
273.59999999999997;140;0;10
274.2;140;0;10
274.8;144;0;6
275.4;142;0;8
276.0;136;0;14
276.59999999999997;137;0;13
277.2;132;0;18
277.8;139;0;11
278.4;140;0;10
279.0;140;0;10
279.59999999999997;144;0;6
280.2;144;0;6
280.8;138;0;12
281.4;138;0;12
282.0;142;0;8
282.59999999999997;142;0;8
283.2;138;0;12
283.8;137;0;13
284.4;142;0;8
285.0;135;0;15
285.59999999999997;142;0;8
286.2;141;0;9
286.8;143;0;7
287.4;145;0;5
288.0;144;0;6
288.59999999999997;144;0;6
289.2;139;0;11
289.8;140;0;10
290.4;141;0;9
291.0;138;0;12
291.59999999999997;141;0;9
292.2;138;0;12
292.8;139;0;11
293.4;141;0;9
294.0;142;0;8
294.59999999999997;143;0;7
295.2;138;0;12
295.8;136;0;14
296.4;134;0;16
297.0;136;0;14
297.59999999999997;136;0;14
298.2;136;0;14
298.8;137;0;13
299.4;140;0;10
#auto generated file!
60.0;142;0;8
60.599999999999994;143;0;7
61.199999999999996;144;0;6
61.8;141;0;9
62.4;140;0;10
63.0;141;0;9
63.599999999999994;145;0;5
64.2;144;0;6
64.8;142;0;8
65.39999999999999;141;0;9
66.0;138;0;12
66.6;139;0;11
67.2;140;0;10
67.8;138;0;12
68.39999999999999;138;0;12
69.0;140;0;10
69.6;143;0;7
70.2;142;0;8
70.8;141;0;9
71.39999999999999;141;0;9
72.0;141;0;9
72.6;139;0;11
73.2;141;0;9
73.8;142;0;8
74.39999999999999;142;0;8
75.0;140;0;10
75.6;139;0;11
76.2;135;0;15
76.8;139;0;11
77.39999999999999;144;0;6
78.0;145;0;5
78.6;135;0;15
79.2;139;0;11
79.8;135;0;15
80.39999999999999;137;0;13
81.0;140;0;10
81.6;139;0;11
82.2;137;0;13
82.8;136;0;14
83.39999999999999;137;0;13
84.0;142;0;8
84.6;141;0;9
85.2;139;0;11
85.8;142;0;8
86.39999999999999;141;0;9
87.0;141;0;9
87.6;142;0;8
88.2;141;0;9
88.8;139;0;11
89.39999999999999;135;0;15
90.0;139;0;11
90.6;140;0;10
91.2;142;0;8
91.8;139;0;11
92.39999999999999;140;0;10
93.0;140;0;10
93.6;141;0;9
94.2;145;0;5
94.8;140;0;10
95.39999999999999;137;0;13
96.0;139;0;11
96.6;141;0;9
97.2;141;0;9
97.8;139;0;11
98.39999999999999;137;0;13
99.0;138;0;12
99.6;140;0;10
100.2;138;0;12
100.8;142;0;8
101.39999999999999;141;0;9
102.0;134;0;16
102.6;140;0;10
103.2;136;0;14
103.8;138;0;12
104.39999999999999;138;0;12
105.0;140;0;10
105.6;142;0;8
106.2;141;0;9
106.8;139;0;11
107.39999999999999;140;0;10
108.0;140;0;10
108.6;138;0;12
109.2;141;0;9
109.8;138;0;12
110.39999999999999;139;0;11
111.0;143;0;7
111.6;142;0;8
112.2;143;0;7
112.8;141;0;9
113.39999999999999;143;0;7
114.0;140;0;10
114.6;140;0;10
115.19999999999999;139;0;11
115.8;132;0;18
116.39999999999999;132;0;18
117.0;133;0;17
117.6;137;0;13
118.19999999999999;134;0;16
118.8;138;0;12
119.39999999999999;139;0;11
120.0;138;0;12
120.6;138;0;12
121.19999999999999;140;0;10
121.8;143;0;7
122.39999999999999;138;0;12
123.0;138;0;12
123.6;143;0;7
124.19999999999999;144;0;6
124.8;147;0;3
125.39999999999999;141;0;9
126.0;142;0;8
126.6;146;0;4
127.19999999999999;141;0;9
127.8;138;0;12
128.4;134;0;16
129.0;136;0;14
129.6;136;0;14
130.2;140;0;10
130.79999999999998;141;0;9
131.4;136;0;14
132.0;138;0;12
132.6;137;0;13
133.2;137;0;13
133.79999999999998;143;0;7
134.4;144;0;6
135.0;140;0;10
135.6;143;0;7
136.2;146;0;4
136.79999999999998;144;0;6
137.4;141;0;9
138.0;141;0;9
138.6;144;0;6
139.2;141;0;9
139.79999999999998;140;0;10
140.4;144;0;6
141.0;146;0;4
141.6;144;0;6
142.2;136;0;14
142.79999999999998;139;0;11
143.4;133;0;17
144.0;131;0;19
144.6;138;0;12
145.2;135;0;15
145.79999999999998;137;0;13
146.4;139;0;11
147.0;140;0;10
147.6;139;0;11
148.2;144;0;6
148.79999999999998;139;0;11
149.4;138;0;12
150.0;138;0;12
150.6;135;0;15
151.2;139;0;11
151.79999999999998;136;0;14
152.4;138;0;12
153.0;140;0;10
153.6;142;0;8
154.2;142;0;8
154.79999999999998;144;0;6
155.4;142;0;8
156.0;144;0;6
156.6;144;0;6
157.2;140;0;10
157.79999999999998;141;0;9
158.4;145;0;5
159.0;145;0;5
159.6;139;0;11
160.2;139;0;11
160.79999999999998;135;0;15
161.4;134;0;16
162.0;137;0;13
162.6;139;0;11
163.2;140;0;10
163.79999999999998;144;0;6
164.4;138;0;12
165.0;135;0;15
165.6;141;0;9
166.2;140;0;10
166.79999999999998;144;0;6
167.4;137;0;13
168.0;138;0;12
168.6;145;0;5
169.2;147;0;3
169.79999999999998;143;0;7
170.4;142;0;8
171.0;142;0;8
171.6;141;0;9
172.2;140;0;10
172.79999999999998;138;0;12
173.4;137;0;13
174.0;143;0;7
174.6;141;0;9
175.2;142;0;8
175.79999999999998;142;0;8
176.4;141;0;9
177.0;140;0;10
177.6;134;0;16
178.2;140;0;10
178.79999999999998;132;0;18
179.4;137;0;13
180.0;135;0;15
180.6;138;0;12
181.2;144;0;6
181.79999999999998;142;0;8
182.4;143;0;7
183.0;143;0;7
183.6;142;0;8
184.2;140;0;10
184.79999999999998;142;0;8
185.4;138;0;12
186.0;139;0;11
186.6;139;0;11
187.2;141;0;9
187.79999999999998;141;0;9
188.4;143;0;7
189.0;141;0;9
189.6;141;0;9
190.2;137;0;13
190.79999999999998;135;0;15
191.4;138;0;12
192.0;138;0;12
192.6;137;0;13
193.2;135;0;15
193.79999999999998;141;0;9
194.4;139;0;11
195.0;140;0;10
195.6;137;0;13
196.2;141;0;9
196.79999999999998;141;0;9
197.4;138;0;12
198.0;138;0;12
198.6;139;0;11
199.2;141;0;9
199.79999999999998;142;0;8
200.4;139;0;11
201.0;141;0;9
201.6;145;0;5
202.2;141;0;9
202.79999999999998;143;0;7
203.4;138;0;12
204.0;136;0;14
204.6;141;0;9
205.2;137;0;13
205.79999999999998;139;0;11
206.4;136;0;14
207.0;138;0;12
207.6;140;0;10
208.2;140;0;10
208.79999999999998;140;0;10
209.4;139;0;11
210.0;143;0;7
210.6;143;0;7
211.2;139;0;11
211.79999999999998;141;0;9
212.4;139;0;11
213.0;138;0;12
213.6;141;0;9
214.2;143;0;7
214.79999999999998;146;0;4
215.4;148;0;2
216.0;145;0;5
216.6;144;0;6
217.2;140;0;10
217.79999999999998;139;0;11
218.4;138;0;12
219.0;139;0;11
219.6;145;0;5
220.2;144;0;6
220.79999999999998;138;0;12
221.4;140;0;10
222.0;140;0;10
222.6;141;0;9
223.2;146;0;4
223.79999999999998;145;0;5
224.4;143;0;7
225.0;141;0;9
225.6;143;0;7
226.2;138;0;12
226.79999999999998;142;0;8
227.4;143;0;7
228.0;141;0;9
228.6;140;0;10
229.2;133;0;17
229.79999999999998;139;0;11
230.39999999999998;143;0;7
231.0;138;0;12
231.6;133;0;17
232.2;136;0;14
232.79999999999998;136;0;14
233.39999999999998;140;0;10
234.0;139;0;11
234.6;139;0;11
235.2;142;0;8
235.79999999999998;140;0;10
236.39999999999998;139;0;11
237.0;140;0;10
237.6;135;0;15
238.2;133;0;17
238.79999999999998;137;0;13
239.39999999999998;142;0;8
240.0;140;0;10
240.6;142;0;8
241.2;141;0;9
241.79999999999998;137;0;13
242.39999999999998;138;0;12
243.0;144;0;6
243.6;139;0;11
244.2;138;0;12
244.79999999999998;138;0;12
245.39999999999998;139;0;11
246.0;140;0;10
246.6;137;0;13
247.2;136;0;14
247.79999999999998;140;0;10
248.39999999999998;139;0;11
249.0;136;0;14
249.6;135;0;15
250.2;143;0;7
250.79999999999998;142;0;8
251.39999999999998;142;0;8
252.0;143;0;7
252.6;141;0;9
253.2;140;0;10
253.79999999999998;140;0;10
254.39999999999998;136;0;14
255.0;138;0;12
255.6;135;0;15
256.2;134;0;16
256.8;141;0;9
257.4;137;0;13
258.0;141;0;9
258.59999999999997;141;0;9
259.2;143;0;7
259.8;140;0;10
260.4;136;0;14
261.0;137;0;13
261.59999999999997;142;0;8
262.2;140;0;10
262.8;141;0;9
263.4;140;0;10
264.0;142;0;8
264.59999999999997;139;0;11
265.2;141;0;9
265.8;135;0;15
266.4;132;0;18
267.0;136;0;14
267.59999999999997;130;0;20
268.2;133;0;17
268.8;131;0;19
269.4;134;0;16
270.0;137;0;13
270.59999999999997;134;0;16
271.2;133;0;17
271.8;132;0;18
272.4;134;0;16
273.0;137;0;13
273.59999999999997;136;0;14
274.2;143;0;7
274.8;142;0;8
275.4;138;0;12
276.0;138;0;12
276.59999999999997;136;0;14
277.2;142;0;8
277.8;142;0;8
278.4;142;0;8
279.0;142;0;8
279.59999999999997;137;0;13
280.2;138;0;12
280.8;142;0;8
281.4;142;0;8
282.0;141;0;9
282.59999999999997;141;0;9
283.2;141;0;9
283.8;139;0;11
284.4;137;0;13
285.0;137;0;13
285.59999999999997;135;0;15
286.2;136;0;14
286.8;140;0;10
287.4;142;0;8
288.0;139;0;11
288.59999999999997;144;0;6
289.2;141;0;9
289.8;143;0;7
290.4;142;0;8
291.0;139;0;11
291.59999999999997;142;0;8
292.2;141;0;9
292.8;135;0;15
293.4;142;0;8
294.0;141;0;9
294.59999999999997;137;0;13
295.2;135;0;15
295.8;141;0;9
296.4;142;0;8
297.0;145;0;5
297.59999999999997;143;0;7
298.2;140;0;10
298.8;139;0;11
299.4;134;0;16
#auto generated file!
60.0;138;0;12
60.599999999999994;139;0;11
61.199999999999996;139;0;11
61.8;142;0;8
62.4;137;0;13
63.0;138;0;12
63.599999999999994;133;0;17
64.2;139;0;11
64.8;142;0;8
65.39999999999999;137;0;13
66.0;142;0;8
66.6;139;0;11
67.2;139;0;11
67.8;142;0;8
68.39999999999999;137;0;13
69.0;141;0;9
69.6;140;0;10
70.2;138;0;12
70.8;141;0;9
71.39999999999999;143;0;7
72.0;140;0;10
72.6;141;0;9
73.2;138;0;12
73.8;143;0;7
74.39999999999999;140;0;10
75.0;143;0;7
75.6;141;0;9
76.2;146;0;4
76.8;142;0;8
77.39999999999999;140;0;10
78.0;144;0;6
78.6;144;0;6
79.2;142;0;8
79.8;147;0;3
80.39999999999999;141;0;9
81.0;141;0;9
81.6;139;0;11
82.2;136;0;14
82.8;136;0;14
83.39999999999999;136;0;14
84.0;133;0;17
84.6;133;0;17
85.2;138;0;12
85.8;139;0;11
86.39999999999999;142;0;8
87.0;141;0;9
87.6;144;0;6
88.2;143;0;7
88.8;146;0;4
89.39999999999999;145;0;5
90.0;142;0;8
90.6;144;0;6
91.2;140;0;10
91.8;140;0;10
92.39999999999999;144;0;6
93.0;142;0;8
93.6;144;0;6
94.2;145;0;5
94.8;141;0;9
95.39999999999999;145;0;5
96.0;140;0;10
96.6;137;0;13
97.2;135;0;15
97.8;136;0;14
98.39999999999999;144;0;6
99.0;145;0;5
99.6;144;0;6
100.2;140;0;10
100.8;140;0;10
101.39999999999999;140;0;10
102.0;140;0;10
102.6;143;0;7
103.2;137;0;13
103.8;139;0;11
104.39999999999999;132;0;18
105.0;139;0;11
105.6;135;0;15
106.2;136;0;14
106.8;140;0;10
107.39999999999999;141;0;9
108.0;141;0;9
108.6;141;0;9
109.2;136;0;14
109.8;139;0;11
110.39999999999999;134;0;16
111.0;141;0;9
111.6;138;0;12
112.2;141;0;9
112.8;137;0;13
113.39999999999999;135;0;15
114.0;135;0;15
114.6;137;0;13
115.19999999999999;139;0;11
115.8;136;0;14
116.39999999999999;139;0;11
117.0;139;0;11
117.6;134;0;16
118.19999999999999;138;0;12
118.8;134;0;16
119.39999999999999;140;0;10
120.0;136;0;14
120.6;137;0;13
121.19999999999999;139;0;11
121.8;138;0;12
122.39999999999999;139;0;11
123.0;139;0;11
123.6;137;0;13
124.19999999999999;138;0;12
124.8;139;0;11
125.39999999999999;144;0;6
126.0;139;0;11
126.6;135;0;15
127.19999999999999;138;0;12
127.8;141;0;9
128.4;139;0;11
129.0;141;0;9
129.6;136;0;14
130.2;135;0;15
130.79999999999998;140;0;10
131.4;139;0;11
132.0;140;0;10
132.6;144;0;6
133.2;140;0;10
133.79999999999998;143;0;7
134.4;145;0;5
135.0;141;0;9
135.6;140;0;10
136.2;133;0;17
136.79999999999998;136;0;14
137.4;140;0;10
138.0;137;0;13
138.6;138;0;12
139.2;138;0;12
139.79999999999998;138;0;12
140.4;136;0;14
141.0;137;0;13
141.6;137;0;13
142.2;137;0;13
142.79999999999998;134;0;16
143.4;138;0;12
144.0;139;0;11
144.6;137;0;13
145.2;139;0;11
145.79999999999998;139;0;11
146.4;138;0;12
147.0;138;0;12
147.6;143;0;7
148.2;140;0;10
148.79999999999998;141;0;9
149.4;138;0;12
150.0;140;0;10
150.6;140;0;10
151.2;137;0;13
151.79999999999998;137;0;13
152.4;136;0;14
153.0;139;0;11
153.6;136;0;14
154.2;139;0;11
154.79999999999998;139;0;11
155.4;138;0;12
156.0;135;0;15
156.6;139;0;11
157.2;141;0;9
157.79999999999998;133;0;17
158.4;139;0;11
159.0;139;0;11
159.6;140;0;10
160.2;140;0;10
160.79999999999998;139;0;11
161.4;137;0;13
162.0;137;0;13
162.6;136;0;14
163.2;143;0;7
163.79999999999998;143;0;7
164.4;141;0;9
165.0;140;0;10
165.6;141;0;9
166.2;140;0;10
166.79999999999998;140;0;10
167.4;143;0;7
168.0;139;0;11
168.6;142;0;8
169.2;145;0;5
169.79999999999998;140;0;10
170.4;134;0;16
171.0;131;0;19
171.6;140;0;10
172.2;141;0;9
172.79999999999998;137;0;13
173.4;137;0;13
174.0;137;0;13
174.6;137;0;13
175.2;134;0;16
175.79999999999998;135;0;15
176.4;137;0;13
177.0;141;0;9
177.6;137;0;13
178.2;139;0;11
178.79999999999998;140;0;10
179.4;139;0;11
180.0;136;0;14
180.6;135;0;15
181.2;135;0;15
181.79999999999998;141;0;9
182.4;140;0;10
183.0;141;0;9
183.6;136;0;14
184.2;138;0;12
184.79999999999998;138;0;12
185.4;140;0;10
186.0;141;0;9
186.6;140;0;10
187.2;138;0;12
187.79999999999998;145;0;5
188.4;144;0;6
189.0;141;0;9
189.6;144;0;6
190.2;144;0;6
190.79999999999998;142;0;8
191.4;141;0;9
192.0;138;0;12
192.6;136;0;14
193.2;136;0;14
193.79999999999998;137;0;13
194.4;133;0;17
195.0;140;0;10
195.6;142;0;8
196.2;144;0;6
196.79999999999998;142;0;8
197.4;135;0;15
198.0;137;0;13
198.6;138;0;12
199.2;136;0;14
199.79999999999998;137;0;13
200.4;140;0;10
201.0;142;0;8
201.6;141;0;9
202.2;142;0;8
202.79999999999998;142;0;8
203.4;142;0;8
204.0;138;0;12
204.6;130;0;20
205.2;138;0;12
205.79999999999998;136;0;14
206.4;136;0;14
207.0;140;0;10
207.6;132;0;18
208.2;135;0;15
208.79999999999998;136;0;14
209.4;136;0;14
210.0;133;0;17
210.6;140;0;10
211.2;140;0;10
211.79999999999998;136;0;14
212.4;133;0;17
213.0;136;0;14
213.6;133;0;17
214.2;138;0;12
214.79999999999998;136;0;14
215.4;137;0;13
216.0;138;0;12
216.6;139;0;11
217.2;138;0;12
217.79999999999998;141;0;9
218.4;135;0;15
219.0;138;0;12
219.6;138;0;12
220.2;139;0;11
220.79999999999998;142;0;8
221.4;139;0;11
222.0;138;0;12
222.6;139;0;11
223.2;135;0;15
223.79999999999998;137;0;13
224.4;132;0;18
225.0;133;0;17
225.6;133;0;17
226.2;138;0;12
226.79999999999998;141;0;9
227.4;141;0;9
228.0;141;0;9
228.6;145;0;5
229.2;142;0;8
229.79999999999998;141;0;9
230.39999999999998;141;0;9
231.0;136;0;14
231.6;138;0;12
232.2;135;0;15
232.79999999999998;134;0;16
233.39999999999998;137;0;13
234.0;143;0;7
234.6;144;0;6
235.2;143;0;7
235.79999999999998;142;0;8
236.39999999999998;141;0;9
237.0;143;0;7
237.6;142;0;8
238.2;141;0;9
238.79999999999998;139;0;11
239.39999999999998;141;0;9
240.0;140;0;10
240.6;139;0;11
241.2;140;0;10
241.79999999999998;142;0;8
242.39999999999998;142;0;8
243.0;142;0;8
243.6;140;0;10
244.2;136;0;14
244.79999999999998;136;0;14
245.39999999999998;138;0;12
246.0;144;0;6
246.6;137;0;13
247.2;141;0;9
247.79999999999998;138;0;12
248.39999999999998;139;0;11
249.0;139;0;11
249.6;140;0;10
250.2;141;0;9
250.79999999999998;141;0;9
251.39999999999998;142;0;8
252.0;139;0;11
252.6;137;0;13
253.2;137;0;13
253.79999999999998;138;0;12
254.39999999999998;141;0;9
255.0;140;0;10
255.6;138;0;12
256.2;141;0;9
256.8;138;0;12
257.4;133;0;17
258.0;142;0;8
258.59999999999997;146;0;4
259.2;144;0;6
259.8;147;0;3
260.4;142;0;8
261.0;139;0;11
261.59999999999997;140;0;10
262.2;141;0;9
262.8;140;0;10
263.4;142;0;8
264.0;140;0;10
264.59999999999997;139;0;11
265.2;140;0;10
265.8;142;0;8
266.4;137;0;13
267.0;133;0;17
267.59999999999997;135;0;15
268.2;139;0;11
268.8;139;0;11
269.4;140;0;10
270.0;142;0;8
270.59999999999997;142;0;8
271.2;140;0;10
271.8;145;0;5
272.4;142;0;8
273.0;143;0;7
273.59999999999997;137;0;13
274.2;128;0;22
274.8;135;0;15
275.4;139;0;11
276.0;138;0;12
276.59999999999997;140;0;10
277.2;141;0;9
277.8;139;0;11
278.4;136;0;14
279.0;135;0;15
279.59999999999997;137;0;13
280.2;143;0;7
280.8;141;0;9
281.4;142;0;8
282.0;137;0;13
282.59999999999997;135;0;15
283.2;136;0;14
283.8;133;0;17
284.4;134;0;16
285.0;136;0;14
285.59999999999997;130;0;20
286.2;131;0;19
286.8;138;0;12
287.4;133;0;17
288.0;134;0;16
288.59999999999997;138;0;12
289.2;135;0;15
289.8;140;0;10
290.4;142;0;8
291.0;145;0;5
291.59999999999997;143;0;7
292.2;139;0;11
292.8;142;0;8
293.4;138;0;12
294.0;139;0;11
294.59999999999997;137;0;13
295.2;137;0;13
295.8;135;0;15
296.4;135;0;15
297.0;140;0;10
297.59999999999997;139;0;11
298.2;142;0;8
298.8;144;0;6
299.4;142;0;8
#auto generated file!
60.0;137;0;13
60.599999999999994;132;0;18
61.199999999999996;134;0;16
61.8;134;0;16
62.4;138;0;12
63.0;133;0;17
63.599999999999994;129;0;21
64.2;134;0;16
64.8;134;0;16
65.39999999999999;140;0;10
66.0;139;0;11
66.6;138;0;12
67.2;141;0;9
67.8;139;0;11
68.39999999999999;138;0;12
69.0;139;0;11
69.6;137;0;13
70.2;135;0;15
70.8;145;0;5
71.39999999999999;147;0;3
72.0;144;0;6
72.6;139;0;11
73.2;138;0;12
73.8;136;0;14
74.39999999999999;140;0;10
75.0;142;0;8
75.6;141;0;9
76.2;138;0;12
76.8;138;0;12
77.39999999999999;134;0;16
78.0;139;0;11
78.6;142;0;8
79.2;144;0;6
79.8;143;0;7
80.39999999999999;141;0;9
81.0;140;0;10
81.6;138;0;12
82.2;135;0;15
82.8;135;0;15
83.39999999999999;136;0;14
84.0;136;0;14
84.6;138;0;12
85.2;137;0;13
85.8;138;0;12
86.39999999999999;136;0;14
87.0;139;0;11
87.6;140;0;10
88.2;141;0;9
88.8;139;0;11
89.39999999999999;140;0;10
90.0;141;0;9
90.6;140;0;10
91.2;138;0;12
91.8;142;0;8
92.39999999999999;139;0;11
93.0;140;0;10
93.6;140;0;10
94.2;137;0;13
94.8;141;0;9
95.39999999999999;138;0;12
96.0;138;0;12
96.6;141;0;9
97.2;145;0;5
97.8;143;0;7
98.39999999999999;145;0;5
99.0;140;0;10
99.6;140;0;10
100.2;142;0;8
100.8;137;0;13
101.39999999999999;134;0;16
102.0;135;0;15
102.6;136;0;14
103.2;134;0;16
103.8;134;0;16
104.39999999999999;133;0;17
105.0;132;0;18
105.6;130;0;20
106.2;140;0;10
106.8;135;0;15
107.39999999999999;135;0;15
108.0;137;0;13
108.6;139;0;11
109.2;139;0;11
109.8;143;0;7
110.39999999999999;142;0;8
111.0;138;0;12
111.6;133;0;17
112.2;134;0;16
112.8;134;0;16
113.39999999999999;134;0;16
114.0;136;0;14
114.6;138;0;12
115.19999999999999;141;0;9
115.8;143;0;7
116.39999999999999;139;0;11
117.0;138;0;12
117.6;143;0;7
118.19999999999999;139;0;11
118.8;136;0;14
119.39999999999999;142;0;8
120.0;142;0;8
120.6;143;0;7
121.19999999999999;140;0;10
121.8;141;0;9
122.39999999999999;143;0;7
123.0;140;0;10
123.6;144;0;6
124.19999999999999;142;0;8
124.8;143;0;7
125.39999999999999;146;0;4
126.0;142;0;8
126.6;143;0;7
127.19999999999999;142;0;8
127.8;144;0;6
128.4;144;0;6
129.0;144;0;6
129.6;144;0;6
130.2;139;0;11
130.79999999999998;143;0;7
131.4;141;0;9
132.0;137;0;13
132.6;141;0;9
133.2;138;0;12
133.79999999999998;135;0;15
134.4;137;0;13
135.0;134;0;16
135.6;138;0;12
136.2;138;0;12
136.79999999999998;136;0;14
137.4;137;0;13
138.0;135;0;15
138.6;136;0;14
139.2;139;0;11
139.79999999999998;136;0;14
140.4;135;0;15
141.0;136;0;14
141.6;139;0;11
142.2;138;0;12
142.79999999999998;139;0;11
143.4;137;0;13
144.0;143;0;7
144.6;144;0;6
145.2;139;0;11
145.79999999999998;140;0;10
146.4;135;0;15
147.0;135;0;15
147.6;130;0;20
148.2;139;0;11
148.79999999999998;141;0;9
149.4;140;0;10
150.0;138;0;12
150.6;132;0;18
151.2;139;0;11
151.79999999999998;139;0;11
152.4;138;0;12
153.0;139;0;11
153.6;140;0;10
154.2;141;0;9
154.79999999999998;142;0;8
155.4;140;0;10
156.0;139;0;11
156.6;142;0;8
157.2;140;0;10
157.79999999999998;135;0;15
158.4;138;0;12
159.0;140;0;10
159.6;138;0;12
160.2;136;0;14
160.79999999999998;134;0;16
161.4;137;0;13
162.0;142;0;8
162.6;136;0;14
163.2;137;0;13
163.79999999999998;137;0;13
164.4;140;0;10
165.0;140;0;10
165.6;144;0;6
166.2;138;0;12
166.79999999999998;140;0;10
167.4;138;0;12
168.0;141;0;9
168.6;139;0;11
169.2;138;0;12
169.79999999999998;142;0;8
170.4;137;0;13
171.0;135;0;15
171.6;136;0;14
172.2;141;0;9
172.79999999999998;138;0;12
173.4;139;0;11
174.0;139;0;11
174.6;140;0;10
175.2;137;0;13
175.79999999999998;135;0;15
176.4;132;0;18
177.0;133;0;17
177.6;134;0;16
178.2;133;0;17
178.79999999999998;134;0;16
179.4;139;0;11
180.0;141;0;9
180.6;138;0;12
181.2;137;0;13
181.79999999999998;133;0;17
182.4;135;0;15
183.0;139;0;11
183.6;143;0;7
184.2;140;0;10
184.79999999999998;138;0;12
185.4;138;0;12
186.0;139;0;11
186.6;143;0;7
187.2;142;0;8
187.79999999999998;141;0;9
188.4;141;0;9
189.0;139;0;11
189.6;135;0;15
190.2;135;0;15
190.79999999999998;139;0;11
191.4;138;0;12
192.0;140;0;10
192.6;141;0;9
193.2;139;0;11
193.79999999999998;137;0;13
194.4;139;0;11
195.0;135;0;15
195.6;137;0;13
196.2;135;0;15
196.79999999999998;138;0;12
197.4;139;0;11
198.0;138;0;12
198.6;140;0;10
199.2;141;0;9
199.79999999999998;138;0;12
200.4;135;0;15
201.0;135;0;15
201.6;138;0;12
202.2;138;0;12
202.79999999999998;137;0;13
203.4;139;0;11
204.0;142;0;8
204.6;143;0;7
205.2;140;0;10
205.79999999999998;141;0;9
206.4;140;0;10
207.0;141;0;9
207.6;140;0;10
208.2;137;0;13
208.79999999999998;141;0;9
209.4;140;0;10
210.0;137;0;13
210.6;136;0;14
211.2;141;0;9
211.79999999999998;141;0;9
212.4;140;0;10
213.0;136;0;14
213.6;137;0;13
214.2;141;0;9
214.79999999999998;144;0;6
215.4;142;0;8
216.0;136;0;14
216.6;139;0;11
217.2;138;0;12
217.79999999999998;140;0;10
218.4;142;0;8
219.0;141;0;9
219.6;141;0;9
220.2;139;0;11
220.79999999999998;139;0;11
221.4;137;0;13
222.0;137;0;13
222.6;142;0;8
223.2;141;0;9
223.79999999999998;137;0;13
224.4;134;0;16
225.0;135;0;15
225.6;136;0;14
226.2;140;0;10
226.79999999999998;138;0;12
227.4;139;0;11
228.0;142;0;8
228.6;139;0;11
229.2;143;0;7
229.79999999999998;143;0;7
230.39999999999998;141;0;9
231.0;141;0;9
231.6;134;0;16
232.2;140;0;10
232.79999999999998;136;0;14
233.39999999999998;139;0;11
234.0;140;0;10
234.6;142;0;8
235.2;144;0;6
235.79999999999998;134;0;16
236.39999999999998;136;0;14
237.0;135;0;15
237.6;131;0;19
238.2;138;0;12
238.79999999999998;135;0;15
239.39999999999998;137;0;13
240.0;136;0;14
240.6;144;0;6
241.2;143;0;7
241.79999999999998;141;0;9
242.39999999999998;145;0;5
243.0;142;0;8
243.6;145;0;5
244.2;146;0;4
244.79999999999998;138;0;12
245.39999999999998;142;0;8
246.0;139;0;11
246.6;141;0;9
247.2;142;0;8
247.79999999999998;140;0;10
248.39999999999998;141;0;9
249.0;139;0;11
249.6;136;0;14
250.2;140;0;10
250.79999999999998;144;0;6
251.39999999999998;142;0;8
252.0;143;0;7
252.6;139;0;11
253.2;139;0;11
253.79999999999998;141;0;9
254.39999999999998;136;0;14
255.0;142;0;8
255.6;138;0;12
256.2;135;0;15
256.8;136;0;14
257.4;141;0;9
258.0;143;0;7
258.59999999999997;141;0;9
259.2;139;0;11
259.8;140;0;10
260.4;137;0;13
261.0;140;0;10
261.59999999999997;142;0;8
262.2;142;0;8
262.8;140;0;10
263.4;141;0;9
264.0;138;0;12
264.59999999999997;138;0;12
265.2;139;0;11
265.8;137;0;13
266.4;138;0;12
267.0;144;0;6
267.59999999999997;145;0;5
268.2;143;0;7
268.8;144;0;6
269.4;139;0;11
270.0;142;0;8
270.59999999999997;141;0;9
271.2;140;0;10
271.8;142;0;8
272.4;144;0;6
273.0;141;0;9
273.59999999999997;136;0;14
274.2;138;0;12
274.8;139;0;11
275.4;135;0;15
276.0;139;0;11
276.59999999999997;138;0;12
277.2;141;0;9
277.8;144;0;6
278.4;143;0;7
279.0;138;0;12
279.59999999999997;141;0;9
280.2;142;0;8
280.8;140;0;10
281.4;139;0;11
282.0;141;0;9
282.59999999999997;138;0;12
283.2;137;0;13
283.8;139;0;11
284.4;141;0;9
285.0;137;0;13
285.59999999999997;145;0;5
286.2;141;0;9
286.8;140;0;10
287.4;140;0;10
288.0;143;0;7
288.59999999999997;141;0;9
289.2;140;0;10
289.8;137;0;13
290.4;138;0;12
291.0;134;0;16
291.59999999999997;136;0;14
292.2;137;0;13
292.8;130;0;20
293.4;137;0;13
294.0;138;0;12
294.59999999999997;137;0;13
295.2;140;0;10
295.8;139;0;11
296.4;136;0;14
297.0;146;0;4
297.59999999999997;141;0;9
298.2;139;0;11
298.8;137;0;13
299.4;136;0;14
#auto generated file!
60.0;144;0;6
60.599999999999994;141;0;9
61.199999999999996;142;0;8
61.8;144;0;6
62.4;136;0;14
63.0;138;0;12
63.599999999999994;138;0;12
64.2;140;0;10
64.8;145;0;5
65.39999999999999;147;0;3
66.0;145;0;5
66.6;142;0;8
67.2;136;0;14
67.8;139;0;11
68.39999999999999;138;0;12
69.0;138;0;12
69.6;139;0;11
70.2;138;0;12
70.8;143;0;7
71.39999999999999;140;0;10
72.0;138;0;12
72.6;138;0;12
73.2;139;0;11
73.8;139;0;11
74.39999999999999;142;0;8
75.0;138;0;12
75.6;143;0;7
76.2;140;0;10
76.8;139;0;11
77.39999999999999;137;0;13
78.0;140;0;10
78.6;136;0;14
79.2;130;0;20
79.8;135;0;15
80.39999999999999;140;0;10
81.0;138;0;12
81.6;133;0;17
82.2;137;0;13
82.8;133;0;17
83.39999999999999;139;0;11
84.0;134;0;16
84.6;140;0;10
85.2;140;0;10
85.8;141;0;9
86.39999999999999;141;0;9
87.0;140;0;10
87.6;141;0;9
88.2;138;0;12
88.8;140;0;10
89.39999999999999;137;0;13
90.0;138;0;12
90.6;137;0;13
91.2;135;0;15
91.8;137;0;13
92.39999999999999;141;0;9
93.0;141;0;9
93.6;140;0;10
94.2;139;0;11
94.8;138;0;12
95.39999999999999;143;0;7
96.0;140;0;10
96.6;137;0;13
97.2;136;0;14
97.8;140;0;10
98.39999999999999;143;0;7
99.0;143;0;7
99.6;141;0;9
100.2;139;0;11
100.8;146;0;4
101.39999999999999;143;0;7
102.0;140;0;10
102.6;142;0;8
103.2;139;0;11
103.8;140;0;10
104.39999999999999;138;0;12
105.0;136;0;14
105.6;138;0;12
106.2;138;0;12
106.8;141;0;9
107.39999999999999;137;0;13
108.0;135;0;15
108.6;136;0;14
109.2;134;0;16
109.8;128;0;22
110.39999999999999;137;0;13
111.0;140;0;10
111.6;141;0;9
112.2;142;0;8
112.8;144;0;6
113.39999999999999;141;0;9
114.0;138;0;12
114.6;137;0;13
115.19999999999999;141;0;9
115.8;139;0;11
116.39999999999999;139;0;11
117.0;139;0;11
117.6;139;0;11
118.19999999999999;141;0;9
118.8;139;0;11
119.39999999999999;140;0;10
120.0;144;0;6
120.6;145;0;5
121.19999999999999;143;0;7
121.8;139;0;11
122.39999999999999;136;0;14
123.0;135;0;15
123.6;139;0;11
124.19999999999999;142;0;8
124.8;142;0;8
125.39999999999999;141;0;9
126.0;139;0;11
126.6;134;0;16
127.19999999999999;136;0;14
127.8;137;0;13
128.4;135;0;15
129.0;135;0;15
129.6;139;0;11
130.2;138;0;12
130.79999999999998;136;0;14
131.4;142;0;8
132.0;139;0;11
132.6;138;0;12
133.2;137;0;13
133.79999999999998;142;0;8
134.4;138;0;12
135.0;136;0;14
135.6;135;0;15
136.2;134;0;16
136.79999999999998;136;0;14
137.4;137;0;13
138.0;138;0;12
138.6;142;0;8
139.2;138;0;12
139.79999999999998;140;0;10
140.4;137;0;13
141.0;135;0;15
141.6;139;0;11
142.2;140;0;10
142.79999999999998;139;0;11
143.4;144;0;6
144.0;144;0;6
144.6;140;0;10
145.2;137;0;13
145.79999999999998;133;0;17
146.4;133;0;17
147.0;134;0;16
147.6;135;0;15
148.2;140;0;10
148.79999999999998;143;0;7
149.4;139;0;11
150.0;137;0;13
150.6;138;0;12
151.2;136;0;14
151.79999999999998;135;0;15
152.4;141;0;9
153.0;141;0;9
153.6;141;0;9
154.2;135;0;15
154.79999999999998;141;0;9
155.4;144;0;6
156.0;144;0;6
156.6;143;0;7
157.2;141;0;9
157.79999999999998;139;0;11
158.4;142;0;8
159.0;138;0;12
159.6;140;0;10
160.2;135;0;15
160.79999999999998;135;0;15
161.4;139;0;11
162.0;140;0;10
162.6;141;0;9
163.2;143;0;7
163.79999999999998;144;0;6
164.4;144;0;6
165.0;142;0;8
165.6;137;0;13
166.2;137;0;13
166.79999999999998;138;0;12
167.4;139;0;11
168.0;139;0;11
168.6;140;0;10
169.2;136;0;14
169.79999999999998;140;0;10
170.4;143;0;7
171.0;139;0;11
171.6;131;0;19
172.2;126;0;24
172.79999999999998;130;0;20
173.4;137;0;13
174.0;138;0;12
174.6;137;0;13
175.2;140;0;10
175.79999999999998;139;0;11
176.4;142;0;8
177.0;142;0;8
177.6;139;0;11
178.2;140;0;10
178.79999999999998;141;0;9
179.4;143;0;7
180.0;141;0;9
180.6;145;0;5
181.2;142;0;8
181.79999999999998;145;0;5
182.4;144;0;6
183.0;143;0;7
183.6;141;0;9
184.2;142;0;8
184.79999999999998;141;0;9
185.4;139;0;11
186.0;135;0;15
186.6;141;0;9
187.2;141;0;9
187.79999999999998;135;0;15
188.4;133;0;17
189.0;134;0;16
189.6;137;0;13
190.2;136;0;14
190.79999999999998;138;0;12
191.4;134;0;16
192.0;133;0;17
192.6;135;0;15
193.2;135;0;15
193.79999999999998;134;0;16
194.4;136;0;14
195.0;136;0;14
195.6;139;0;11
196.2;142;0;8
196.79999999999998;141;0;9
197.4;138;0;12
198.0;140;0;10
198.6;142;0;8
199.2;140;0;10
199.79999999999998;140;0;10
200.4;143;0;7
201.0;139;0;11
201.6;139;0;11
202.2;138;0;12
202.79999999999998;135;0;15
203.4;132;0;18
204.0;135;0;15
204.6;138;0;12
205.2;138;0;12
205.79999999999998;140;0;10
206.4;138;0;12
207.0;136;0;14
207.6;140;0;10
208.2;141;0;9
208.79999999999998;142;0;8
209.4;141;0;9
210.0;143;0;7
210.6;144;0;6
211.2;141;0;9
211.79999999999998;138;0;12
212.4;137;0;13
213.0;135;0;15
213.6;139;0;11
214.2;137;0;13
214.79999999999998;138;0;12
215.4;138;0;12
216.0;140;0;10
216.6;138;0;12
217.2;138;0;12
217.79999999999998;135;0;15
218.4;136;0;14
219.0;137;0;13
219.6;139;0;11
220.2;142;0;8
220.79999999999998;138;0;12
221.4;136;0;14
222.0;138;0;12
222.6;137;0;13
223.2;142;0;8
223.79999999999998;145;0;5
224.4;143;0;7
225.0;141;0;9
225.6;136;0;14
226.2;141;0;9
226.79999999999998;143;0;7
227.4;140;0;10
228.0;139;0;11
228.6;139;0;11
229.2;138;0;12
229.79999999999998;139;0;11
230.39999999999998;141;0;9
231.0;143;0;7
231.6;141;0;9
232.2;144;0;6
232.79999999999998;144;0;6
233.39999999999998;149;0;1
234.0;147;0;3
234.6;147;0;3
235.2;144;0;6
235.79999999999998;143;0;7
236.39999999999998;140;0;10
237.0;143;0;7
237.6;137;0;13
238.2;140;0;10
238.79999999999998;136;0;14
239.39999999999998;141;0;9
240.0;144;0;6
240.6;145;0;5
241.2;142;0;8
241.79999999999998;147;0;3
242.39999999999998;141;0;9
243.0;141;0;9
243.6;142;0;8
244.2;139;0;11
244.79999999999998;137;0;13
245.39999999999998;135;0;15
246.0;138;0;12
246.6;135;0;15
247.2;141;0;9
247.79999999999998;140;0;10
248.39999999999998;137;0;13
249.0;140;0;10
249.6;139;0;11
250.2;143;0;7
250.79999999999998;144;0;6
251.39999999999998;142;0;8
252.0;141;0;9
252.6;141;0;9
253.2;142;0;8
253.79999999999998;141;0;9
254.39999999999998;134;0;16
255.0;130;0;20
255.6;132;0;18
256.2;135;0;15
256.8;138;0;12
257.4;139;0;11
258.0;145;0;5
258.59999999999997;144;0;6
259.2;142;0;8
259.8;140;0;10
260.4;140;0;10
261.0;145;0;5
261.59999999999997;137;0;13
262.2;140;0;10
262.8;140;0;10
263.4;139;0;11
264.0;135;0;15
264.59999999999997;143;0;7
265.2;142;0;8
265.8;143;0;7
266.4;139;0;11
267.0;140;0;10
267.59999999999997;141;0;9
268.2;141;0;9
268.8;143;0;7
269.4;137;0;13
270.0;135;0;15
270.59999999999997;135;0;15
271.2;144;0;6
271.8;144;0;6
272.4;139;0;11
273.0;140;0;10
273.59999999999997;140;0;10
274.2;142;0;8
274.8;141;0;9
275.4;140;0;10
276.0;142;0;8
276.59999999999997;142;0;8
277.2;138;0;12
277.8;139;0;11
278.4;140;0;10
279.0;142;0;8
279.59999999999997;143;0;7
280.2;141;0;9
280.8;139;0;11
281.4;141;0;9
282.0;144;0;6
282.59999999999997;139;0;11
283.2;139;0;11
283.8;140;0;10
284.4;132;0;18
285.0;137;0;13
285.59999999999997;143;0;7
286.2;136;0;14
286.8;137;0;13
287.4;141;0;9
288.0;141;0;9
288.59999999999997;141;0;9
289.2;138;0;12
289.8;142;0;8
290.4;142;0;8
291.0;139;0;11
291.59999999999997;140;0;10
292.2;136;0;14
292.8;138;0;12
293.4;139;0;11
294.0;140;0;10
294.59999999999997;136;0;14
295.2;142;0;8
295.8;143;0;7
296.4;143;0;7
297.0;143;0;7
297.59999999999997;145;0;5
298.2;139;0;11
298.8;142;0;8
299.4;133;0;17
#auto generated file!
60.0;137;0;13
60.599999999999994;142;0;8
61.199999999999996;143;0;7
61.8;143;0;7
62.4;140;0;10
63.0;140;0;10
63.599999999999994;141;0;9
64.2;138;0;12
64.8;140;0;10
65.39999999999999;135;0;15
66.0;141;0;9
66.6;138;0;12
67.2;140;0;10
67.8;135;0;15
68.39999999999999;137;0;13
69.0;138;0;12
69.6;140;0;10
70.2;142;0;8
70.8;139;0;11
71.39999999999999;135;0;15
72.0;137;0;13
72.6;143;0;7
73.2;143;0;7
73.8;140;0;10
74.39999999999999;142;0;8
75.0;143;0;7
75.6;138;0;12
76.2;142;0;8
76.8;143;0;7
77.39999999999999;142;0;8
78.0;141;0;9
78.6;140;0;10
79.2;142;0;8
79.8;141;0;9
80.39999999999999;143;0;7
81.0;138;0;12
81.6;145;0;5
82.2;143;0;7
82.8;143;0;7
83.39999999999999;142;0;8
84.0;141;0;9
84.6;135;0;15
85.2;139;0;11
85.8;137;0;13
86.39999999999999;136;0;14
87.0;138;0;12
87.6;140;0;10
88.2;141;0;9
88.8;140;0;10
89.39999999999999;139;0;11
90.0;139;0;11
90.6;140;0;10
91.2;134;0;16
91.8;134;0;16
92.39999999999999;133;0;17
93.0;138;0;12
93.6;138;0;12
94.2;138;0;12
94.8;142;0;8
95.39999999999999;137;0;13
96.0;140;0;10
96.6;140;0;10
97.2;139;0;11
97.8;138;0;12
98.39999999999999;143;0;7
99.0;142;0;8
99.6;143;0;7
100.2;141;0;9
100.8;140;0;10
101.39999999999999;138;0;12
102.0;139;0;11
102.6;138;0;12
103.2;143;0;7
103.8;142;0;8
104.39999999999999;138;0;12
105.0;140;0;10
105.6;140;0;10
106.2;137;0;13
106.8;137;0;13
107.39999999999999;139;0;11
108.0;143;0;7
108.6;141;0;9
109.2;135;0;15
109.8;137;0;13
110.39999999999999;136;0;14
111.0;135;0;15
111.6;137;0;13
112.2;138;0;12
112.8;145;0;5
113.39999999999999;141;0;9
114.0;141;0;9
114.6;138;0;12
115.19999999999999;139;0;11
115.8;138;0;12
116.39999999999999;140;0;10
117.0;141;0;9
117.6;139;0;11
118.19999999999999;138;0;12
118.8;141;0;9
119.39999999999999;145;0;5
120.0;147;0;3
120.6;143;0;7
121.19999999999999;145;0;5
121.8;145;0;5
122.39999999999999;140;0;10
123.0;136;0;14
123.6;141;0;9
124.19999999999999;140;0;10
124.8;139;0;11
125.39999999999999;139;0;11
126.0;137;0;13
126.6;140;0;10
127.19999999999999;142;0;8
127.8;142;0;8
128.4;142;0;8
129.0;140;0;10
129.6;137;0;13
130.2;134;0;16
130.79999999999998;134;0;16
131.4;139;0;11
132.0;139;0;11
132.6;135;0;15
133.2;134;0;16
133.79999999999998;131;0;19
134.4;131;0;19
135.0;136;0;14
135.6;133;0;17
136.2;138;0;12
136.79999999999998;140;0;10
137.4;140;0;10
138.0;141;0;9
138.6;144;0;6
139.2;141;0;9
139.79999999999998;141;0;9
140.4;139;0;11
141.0;140;0;10
141.6;137;0;13
142.2;136;0;14
142.79999999999998;138;0;12
143.4;142;0;8
144.0;138;0;12
144.6;138;0;12
145.2;141;0;9
145.79999999999998;142;0;8
146.4;143;0;7
147.0;140;0;10
147.6;138;0;12
148.2;135;0;15
148.79999999999998;135;0;15
149.4;136;0;14
150.0;137;0;13
150.6;139;0;11
151.2;137;0;13
151.79999999999998;134;0;16
152.4;136;0;14
153.0;145;0;5
153.6;145;0;5
154.2;145;0;5
154.79999999999998;141;0;9
155.4;140;0;10
156.0;139;0;11
156.6;139;0;11
157.2;139;0;11
157.79999999999998;142;0;8
158.4;140;0;10
159.0;135;0;15
159.6;136;0;14
160.2;139;0;11
160.79999999999998;138;0;12
161.4;137;0;13
162.0;137;0;13
162.6;134;0;16
163.2;138;0;12
163.79999999999998;140;0;10
164.4;141;0;9
165.0;140;0;10
165.6;138;0;12
166.2;140;0;10
166.79999999999998;136;0;14
167.4;141;0;9
168.0;141;0;9
168.6;138;0;12
169.2;142;0;8
169.79999999999998;143;0;7
170.4;139;0;11
171.0;140;0;10
171.6;139;0;11
172.2;132;0;18
172.79999999999998;138;0;12
173.4;141;0;9
174.0;144;0;6
174.6;145;0;5
175.2;144;0;6
175.79999999999998;142;0;8
176.4;141;0;9
177.0;147;0;3
177.6;146;0;4
178.2;144;0;6
178.79999999999998;144;0;6
179.4;140;0;10
180.0;138;0;12
180.6;139;0;11
181.2;140;0;10
181.79999999999998;136;0;14
182.4;137;0;13
183.0;137;0;13
183.6;139;0;11
184.2;138;0;12
184.79999999999998;139;0;11
185.4;141;0;9
186.0;140;0;10
186.6;142;0;8
187.2;141;0;9
187.79999999999998;138;0;12
188.4;136;0;14
189.0;138;0;12
189.6;141;0;9
190.2;142;0;8
190.79999999999998;139;0;11
191.4;143;0;7
192.0;140;0;10
192.6;138;0;12
193.2;141;0;9
193.79999999999998;138;0;12
194.4;138;0;12
195.0;137;0;13
195.6;137;0;13
196.2;138;0;12
196.79999999999998;139;0;11
197.4;141;0;9
198.0;138;0;12
198.6;135;0;15
199.2;133;0;17
199.79999999999998;134;0;16
200.4;138;0;12
201.0;143;0;7
201.6;145;0;5
202.2;143;0;7
202.79999999999998;144;0;6
203.4;143;0;7
204.0;145;0;5
204.6;139;0;11
205.2;142;0;8
205.79999999999998;143;0;7
206.4;143;0;7
207.0;139;0;11
207.6;138;0;12
208.2;133;0;17
208.79999999999998;135;0;15
209.4;137;0;13
210.0;141;0;9
210.6;140;0;10
211.2;136;0;14
211.79999999999998;133;0;17
212.4;137;0;13
213.0;142;0;8
213.6;140;0;10
214.2;140;0;10
214.79999999999998;145;0;5
215.4;141;0;9
216.0;137;0;13
216.6;140;0;10
217.2;136;0;14
217.79999999999998;133;0;17
218.4;135;0;15
219.0;139;0;11
219.6;141;0;9
220.2;136;0;14
220.79999999999998;135;0;15
221.4;133;0;17
222.0;140;0;10
222.6;137;0;13
223.2;141;0;9
223.79999999999998;137;0;13
224.4;139;0;11
225.0;137;0;13
225.6;140;0;10
226.2;140;0;10
226.79999999999998;142;0;8
227.4;140;0;10
228.0;142;0;8
228.6;141;0;9
229.2;141;0;9
229.79999999999998;142;0;8
230.39999999999998;140;0;10
231.0;139;0;11
231.6;144;0;6
232.2;144;0;6
232.79999999999998;142;0;8
233.39999999999998;144;0;6
234.0;143;0;7
234.6;141;0;9
235.2;138;0;12
235.79999999999998;141;0;9
236.39999999999998;141;0;9
237.0;139;0;11
237.6;136;0;14
238.2;139;0;11
238.79999999999998;134;0;16
239.39999999999998;135;0;15
240.0;136;0;14
240.6;137;0;13
241.2;138;0;12
241.79999999999998;138;0;12
242.39999999999998;136;0;14
243.0;130;0;20
243.6;137;0;13
244.2;140;0;10
244.79999999999998;140;0;10
245.39999999999998;140;0;10
246.0;140;0;10
246.6;141;0;9
247.2;142;0;8
247.79999999999998;139;0;11
248.39999999999998;143;0;7
249.0;137;0;13
249.6;133;0;17
250.2;135;0;15
250.79999999999998;135;0;15
251.39999999999998;138;0;12
252.0;131;0;19
252.6;138;0;12
253.2;137;0;13
253.79999999999998;138;0;12
254.39999999999998;142;0;8
255.0;140;0;10
255.6;142;0;8
256.2;141;0;9
256.8;140;0;10
257.4;141;0;9
258.0;138;0;12
258.59999999999997;135;0;15
259.2;140;0;10
259.8;140;0;10
260.4;139;0;11
261.0;140;0;10
261.59999999999997;140;0;10
262.2;142;0;8
262.8;141;0;9
263.4;143;0;7
264.0;145;0;5
264.59999999999997;145;0;5
265.2;140;0;10
265.8;135;0;15
266.4;139;0;11
267.0;143;0;7
267.59999999999997;144;0;6
268.2;143;0;7
268.8;138;0;12
269.4;139;0;11
270.0;143;0;7
270.59999999999997;142;0;8
271.2;136;0;14
271.8;133;0;17
272.4;139;0;11
273.0;141;0;9
273.59999999999997;134;0;16
274.2;139;0;11
274.8;140;0;10
275.4;142;0;8
276.0;145;0;5
276.59999999999997;141;0;9
277.2;140;0;10
277.8;140;0;10
278.4;142;0;8
279.0;137;0;13
279.59999999999997;138;0;12
280.2;143;0;7
280.8;143;0;7
281.4;146;0;4
282.0;143;0;7
282.59999999999997;143;0;7
283.2;141;0;9
283.8;143;0;7
284.4;143;0;7
285.0;143;0;7
285.59999999999997;140;0;10
286.2;141;0;9
286.8;141;0;9
287.4;140;0;10
288.0;135;0;15
288.59999999999997;139;0;11
289.2;144;0;6
289.8;146;0;4
290.4;146;0;4
291.0;140;0;10
291.59999999999997;137;0;13
292.2;140;0;10
292.8;138;0;12
293.4;137;0;13
294.0;133;0;17
294.59999999999997;137;0;13
295.2;139;0;11
295.8;144;0;6
296.4;144;0;6
297.0;142;0;8
297.59999999999997;137;0;13
298.2;141;0;9
298.8;136;0;14
299.4;139;0;11
#auto generated file!
60.0;135;0;15
60.599999999999994;136;0;14
61.199999999999996;136;0;14
61.8;139;0;11
62.4;137;0;13
63.0;143;0;7
63.599999999999994;139;0;11
64.2;138;0;12
64.8;144;0;6
65.39999999999999;141;0;9
66.0;141;0;9
66.6;143;0;7
67.2;146;0;4
67.8;141;0;9
68.39999999999999;141;0;9
69.0;137;0;13
69.6;133;0;17
70.2;133;0;17
70.8;133;0;17
71.39999999999999;140;0;10
72.0;141;0;9
72.6;143;0;7
73.2;139;0;11
73.8;136;0;14
74.39999999999999;137;0;13
75.0;140;0;10
75.6;139;0;11
76.2;143;0;7
76.8;142;0;8
77.39999999999999;143;0;7
78.0;146;0;4
78.6;142;0;8
79.2;142;0;8
79.8;136;0;14
80.39999999999999;137;0;13
81.0;140;0;10
81.6;144;0;6
82.2;144;0;6
82.8;141;0;9
83.39999999999999;139;0;11
84.0;137;0;13
84.6;136;0;14
85.2;137;0;13
85.8;138;0;12
86.39999999999999;133;0;17
87.0;139;0;11
87.6;137;0;13
88.2;137;0;13
88.8;142;0;8
89.39999999999999;139;0;11
90.0;139;0;11
90.6;137;0;13
91.2;142;0;8
91.8;139;0;11
92.39999999999999;141;0;9
93.0;139;0;11
93.6;142;0;8
94.2;139;0;11
94.8;139;0;11
95.39999999999999;141;0;9
96.0;140;0;10
96.6;142;0;8
97.2;141;0;9
97.8;141;0;9
98.39999999999999;141;0;9
99.0;138;0;12
99.6;138;0;12
100.2;137;0;13
100.8;140;0;10
101.39999999999999;141;0;9
102.0;142;0;8
102.6;142;0;8
103.2;140;0;10
103.8;139;0;11
104.39999999999999;135;0;15
105.0;137;0;13
105.6;136;0;14
106.2;142;0;8
106.8;140;0;10
107.39999999999999;140;0;10
108.0;145;0;5
108.6;142;0;8
109.2;140;0;10
109.8;142;0;8
110.39999999999999;137;0;13
111.0;136;0;14
111.6;134;0;16
112.2;141;0;9
112.8;141;0;9
113.39999999999999;139;0;11
114.0;142;0;8
114.6;145;0;5
115.19999999999999;143;0;7
115.8;139;0;11
116.39999999999999;135;0;15
117.0;136;0;14
117.6;133;0;17
118.19999999999999;136;0;14
118.8;141;0;9
119.39999999999999;140;0;10
120.0;140;0;10
120.6;132;0;18
121.19999999999999;137;0;13
121.8;140;0;10
122.39999999999999;138;0;12
123.0;141;0;9
123.6;139;0;11
124.19999999999999;139;0;11
124.8;142;0;8
125.39999999999999;140;0;10
126.0;139;0;11
126.6;144;0;6
127.19999999999999;144;0;6
127.8;142;0;8
128.4;142;0;8
129.0;143;0;7
129.6;141;0;9
130.2;144;0;6
130.79999999999998;144;0;6
131.4;142;0;8
132.0;144;0;6
132.6;135;0;15
133.2;140;0;10
133.79999999999998;134;0;16
134.4;137;0;13
135.0;136;0;14
135.6;134;0;16
136.2;137;0;13
136.79999999999998;136;0;14
137.4;137;0;13
138.0;141;0;9
138.6;140;0;10
139.2;136;0;14
139.79999999999998;131;0;19
140.4;135;0;15
141.0;139;0;11
141.6;142;0;8
142.2;135;0;15
142.79999999999998;141;0;9
143.4;143;0;7
144.0;139;0;11
144.6;135;0;15
145.2;139;0;11
145.79999999999998;138;0;12
146.4;140;0;10
147.0;142;0;8
147.6;142;0;8
148.2;144;0;6
148.79999999999998;139;0;11
149.4;138;0;12
150.0;138;0;12
150.6;142;0;8
151.2;145;0;5
151.79999999999998;145;0;5
152.4;140;0;10
153.0;138;0;12
153.6;139;0;11
154.2;143;0;7
154.79999999999998;137;0;13
155.4;141;0;9
156.0;145;0;5
156.6;140;0;10
157.2;138;0;12
157.79999999999998;142;0;8
158.4;143;0;7
159.0;142;0;8
159.6;138;0;12
160.2;141;0;9
160.79999999999998;141;0;9
161.4;138;0;12
162.0;142;0;8
162.6;140;0;10
163.2;137;0;13
163.79999999999998;132;0;18
164.4;135;0;15
165.0;142;0;8
165.6;141;0;9
166.2;138;0;12
166.79999999999998;137;0;13
167.4;141;0;9
168.0;141;0;9
168.6;142;0;8
169.2;143;0;7
169.79999999999998;142;0;8
170.4;143;0;7
171.0;139;0;11
171.6;135;0;15
172.2;138;0;12
172.79999999999998;140;0;10
173.4;142;0;8
174.0;146;0;4
174.6;144;0;6
175.2;143;0;7
175.79999999999998;143;0;7
176.4;144;0;6
177.0;148;0;2
177.6;147;0;3
178.2;141;0;9
178.79999999999998;138;0;12
179.4;134;0;16
180.0;137;0;13
180.6;141;0;9
181.2;143;0;7
181.79999999999998;142;0;8
182.4;137;0;13
183.0;138;0;12
183.6;142;0;8
184.2;143;0;7
184.79999999999998;133;0;17
185.4;138;0;12
186.0;137;0;13
186.6;138;0;12
187.2;133;0;17
187.79999999999998;140;0;10
188.4;144;0;6
189.0;141;0;9
189.6;142;0;8
190.2;142;0;8
190.79999999999998;141;0;9
191.4;143;0;7
192.0;142;0;8
192.6;142;0;8
193.2;138;0;12
193.79999999999998;141;0;9
194.4;144;0;6
195.0;140;0;10
195.6;142;0;8
196.2;143;0;7
196.79999999999998;142;0;8
197.4;139;0;11
198.0;143;0;7
198.6;143;0;7
199.2;140;0;10
199.79999999999998;136;0;14
200.4;137;0;13
201.0;141;0;9
201.6;137;0;13
202.2;139;0;11
202.79999999999998;137;0;13
203.4;140;0;10
204.0;134;0;16
204.6;138;0;12
205.2;143;0;7
205.79999999999998;140;0;10
206.4;140;0;10
207.0;139;0;11
207.6;139;0;11
208.2;139;0;11
208.79999999999998;138;0;12
209.4;139;0;11
210.0;136;0;14
210.6;142;0;8
211.2;138;0;12
211.79999999999998;136;0;14
212.4;142;0;8
213.0;142;0;8
213.6;140;0;10
214.2;136;0;14
214.79999999999998;136;0;14
215.4;145;0;5
216.0;145;0;5
216.6;144;0;6
217.2;145;0;5
217.79999999999998;139;0;11
218.4;142;0;8
219.0;140;0;10
219.6;140;0;10
220.2;142;0;8
220.79999999999998;144;0;6
221.4;144;0;6
222.0;146;0;4
222.6;143;0;7
223.2;142;0;8
223.79999999999998;132;0;18
224.4;135;0;15
225.0;134;0;16
225.6;129;0;21
226.2;134;0;16
226.79999999999998;142;0;8
227.4;140;0;10
228.0;138;0;12
228.6;142;0;8
229.2;140;0;10
229.79999999999998;138;0;12
230.39999999999998;136;0;14
231.0;137;0;13
231.6;132;0;18
232.2;133;0;17
232.79999999999998;139;0;11
233.39999999999998;139;0;11
234.0;141;0;9
234.6;140;0;10
235.2;141;0;9
235.79999999999998;141;0;9
236.39999999999998;137;0;13
237.0;138;0;12
237.6;141;0;9
238.2;141;0;9
238.79999999999998;141;0;9
239.39999999999998;140;0;10
240.0;141;0;9
240.6;139;0;11
241.2;135;0;15
241.79999999999998;138;0;12
242.39999999999998;140;0;10
243.0;142;0;8
243.6;142;0;8
244.2;141;0;9
244.79999999999998;141;0;9
245.39999999999998;143;0;7
246.0;142;0;8
246.6;144;0;6
247.2;140;0;10
247.79999999999998;139;0;11
248.39999999999998;143;0;7
249.0;140;0;10
249.6;140;0;10
250.2;144;0;6
250.79999999999998;139;0;11
251.39999999999998;139;0;11
252.0;137;0;13
252.6;137;0;13
253.2;139;0;11
253.79999999999998;143;0;7
254.39999999999998;140;0;10
255.0;141;0;9
255.6;142;0;8
256.2;143;0;7
256.8;138;0;12
257.4;137;0;13
258.0;137;0;13
258.59999999999997;136;0;14
259.2;139;0;11
259.8;143;0;7
260.4;145;0;5
261.0;135;0;15
261.59999999999997;136;0;14
262.2;138;0;12
262.8;138;0;12
263.4;140;0;10
264.0;141;0;9
264.59999999999997;140;0;10
265.2;142;0;8
265.8;141;0;9
266.4;139;0;11
267.0;136;0;14
267.59999999999997;142;0;8
268.2;143;0;7
268.8;143;0;7
269.4;145;0;5
270.0;141;0;9
270.59999999999997;144;0;6
271.2;143;0;7
271.8;144;0;6
272.4;144;0;6
273.0;140;0;10
273.59999999999997;141;0;9
274.2;136;0;14
274.8;137;0;13
275.4;135;0;15
276.0;135;0;15
276.59999999999997;141;0;9
277.2;139;0;11
277.8;140;0;10
278.4;138;0;12
279.0;140;0;10
279.59999999999997;139;0;11
280.2;142;0;8
280.8;141;0;9
281.4;144;0;6
282.0;143;0;7
282.59999999999997;141;0;9
283.2;136;0;14
283.8;136;0;14
284.4;135;0;15
285.0;134;0;16
285.59999999999997;134;0;16
286.2;133;0;17
286.8;136;0;14
287.4;135;0;15
288.0;140;0;10
288.59999999999997;142;0;8
289.2;138;0;12
289.8;138;0;12
290.4;138;0;12
291.0;140;0;10
291.59999999999997;138;0;12
292.2;144;0;6
292.8;142;0;8
293.4;135;0;15
294.0;137;0;13
294.59999999999997;142;0;8
295.2;141;0;9
295.8;141;0;9
296.4;143;0;7
297.0;141;0;9
297.59999999999997;140;0;10
298.2;143;0;7
298.8;144;0;6
299.4;139;0;11
#auto generated file!
60.0;141;0;9
60.599999999999994;138;0;12
61.199999999999996;139;0;11
61.8;138;0;12
62.4;142;0;8
63.0;142;0;8
63.599999999999994;145;0;5
64.2;139;0;11
64.8;140;0;10
65.39999999999999;138;0;12
66.0;132;0;18
66.6;138;0;12
67.2;137;0;13
67.8;140;0;10
68.39999999999999;139;0;11
69.0;138;0;12
69.6;141;0;9
70.2;138;0;12
70.8;132;0;18
71.39999999999999;134;0;16
72.0;138;0;12
72.6;141;0;9
73.2;140;0;10
73.8;135;0;15
74.39999999999999;143;0;7
75.0;140;0;10
75.6;140;0;10
76.2;139;0;11
76.8;130;0;20
77.39999999999999;139;0;11
78.0;143;0;7
78.6;141;0;9
79.2;140;0;10
79.8;136;0;14
80.39999999999999;140;0;10
81.0;139;0;11
81.6;137;0;13
82.2;139;0;11
82.8;143;0;7
83.39999999999999;143;0;7
84.0;141;0;9
84.6;144;0;6
85.2;142;0;8
85.8;143;0;7
86.39999999999999;142;0;8
87.0;141;0;9
87.6;139;0;11
88.2;140;0;10
88.8;137;0;13
89.39999999999999;142;0;8
90.0;137;0;13
90.6;140;0;10
91.2;137;0;13
91.8;141;0;9
92.39999999999999;140;0;10
93.0;140;0;10
93.6;144;0;6
94.2;145;0;5
94.8;138;0;12
95.39999999999999;139;0;11
96.0;139;0;11
96.6;140;0;10
97.2;141;0;9
97.8;143;0;7
98.39999999999999;141;0;9
99.0;143;0;7
99.6;141;0;9
100.2;141;0;9
100.8;138;0;12
101.39999999999999;138;0;12
102.0;141;0;9
102.6;142;0;8
103.2;135;0;15
103.8;137;0;13
104.39999999999999;137;0;13
105.0;134;0;16
105.6;137;0;13
106.2;137;0;13
106.8;141;0;9
107.39999999999999;142;0;8
108.0;139;0;11
108.6;141;0;9
109.2;140;0;10
109.8;138;0;12
110.39999999999999;138;0;12
111.0;140;0;10
111.6;136;0;14
112.2;142;0;8
112.8;139;0;11
113.39999999999999;139;0;11
114.0;139;0;11
114.6;140;0;10
115.19999999999999;140;0;10
115.8;136;0;14
116.39999999999999;136;0;14
117.0;137;0;13
117.6;140;0;10
118.19999999999999;143;0;7
118.8;143;0;7
119.39999999999999;142;0;8
120.0;144;0;6
120.6;137;0;13
121.19999999999999;140;0;10
121.8;139;0;11
122.39999999999999;137;0;13
123.0;140;0;10
123.6;139;0;11
124.19999999999999;138;0;12
124.8;141;0;9
125.39999999999999;140;0;10
126.0;141;0;9
126.6;138;0;12
127.19999999999999;136;0;14
127.8;136;0;14
128.4;136;0;14
129.0;139;0;11
129.6;141;0;9
130.2;139;0;11
130.79999999999998;138;0;12
131.4;135;0;15
132.0;140;0;10
132.6;142;0;8
133.2;134;0;16
133.79999999999998;137;0;13
134.4;135;0;15
135.0;142;0;8
135.6;136;0;14
136.2;140;0;10
136.79999999999998;141;0;9
137.4;139;0;11
138.0;136;0;14
138.6;140;0;10
139.2;141;0;9
139.79999999999998;137;0;13
140.4;142;0;8
141.0;139;0;11
141.6;140;0;10
142.2;136;0;14
142.79999999999998;142;0;8
143.4;139;0;11
144.0;139;0;11
144.6;140;0;10
145.2;134;0;16
145.79999999999998;136;0;14
146.4;134;0;16
147.0;132;0;18
147.6;133;0;17
148.2;137;0;13
148.79999999999998;142;0;8
149.4;140;0;10
150.0;148;0;2
150.6;147;0;3
151.2;138;0;12
151.79999999999998;137;0;13
152.4;139;0;11
153.0;139;0;11
153.6;137;0;13
154.2;140;0;10
154.79999999999998;138;0;12
155.4;140;0;10
156.0;134;0;16
156.6;134;0;16
157.2;140;0;10
157.79999999999998;137;0;13
158.4;140;0;10
159.0;138;0;12
159.6;139;0;11
160.2;140;0;10
160.79999999999998;136;0;14
161.4;141;0;9
162.0;146;0;4
162.6;144;0;6
163.2;144;0;6
163.79999999999998;136;0;14
164.4;138;0;12
165.0;134;0;16
165.6;136;0;14
166.2;132;0;18
166.79999999999998;132;0;18
167.4;135;0;15
168.0;138;0;12
168.6;143;0;7
169.2;140;0;10
169.79999999999998;141;0;9
170.4;139;0;11
171.0;140;0;10
171.6;143;0;7
172.2;142;0;8
172.79999999999998;141;0;9
173.4;142;0;8
174.0;144;0;6
174.6;136;0;14
175.2;136;0;14
175.79999999999998;140;0;10
176.4;139;0;11
177.0;138;0;12
177.6;137;0;13
178.2;138;0;12
178.79999999999998;138;0;12
179.4;139;0;11
180.0;138;0;12
180.6;140;0;10
181.2;142;0;8
181.79999999999998;139;0;11
182.4;140;0;10
183.0;140;0;10
183.6;142;0;8
184.2;138;0;12
184.79999999999998;133;0;17
185.4;139;0;11
186.0;136;0;14
186.6;139;0;11
187.2;136;0;14
187.79999999999998;139;0;11
188.4;140;0;10
189.0;139;0;11
189.6;139;0;11
190.2;140;0;10
190.79999999999998;141;0;9
191.4;142;0;8
192.0;143;0;7
192.6;139;0;11
193.2;139;0;11
193.79999999999998;143;0;7
194.4;140;0;10
195.0;143;0;7
195.6;139;0;11
196.2;141;0;9
196.79999999999998;143;0;7
197.4;137;0;13
198.0;138;0;12
198.6;138;0;12
199.2;138;0;12
199.79999999999998;137;0;13
200.4;140;0;10
201.0;139;0;11
201.6;138;0;12
202.2;141;0;9
202.79999999999998;137;0;13
203.4;139;0;11
204.0;138;0;12
204.6;139;0;11
205.2;139;0;11
205.79999999999998;140;0;10
206.4;142;0;8
207.0;139;0;11
207.6;139;0;11
208.2;138;0;12
208.79999999999998;138;0;12
209.4;138;0;12
210.0;145;0;5
210.6;140;0;10
211.2;142;0;8
211.79999999999998;139;0;11
212.4;141;0;9
213.0;147;0;3
213.6;143;0;7
214.2;141;0;9
214.79999999999998;136;0;14
215.4;139;0;11
216.0;143;0;7
216.6;139;0;11
217.2;142;0;8
217.79999999999998;142;0;8
218.4;142;0;8
219.0;144;0;6
219.6;140;0;10
220.2;143;0;7
220.79999999999998;144;0;6
221.4;144;0;6
222.0;139;0;11
222.6;139;0;11
223.2;140;0;10
223.79999999999998;138;0;12
224.4;139;0;11
225.0;142;0;8
225.6;142;0;8
226.2;145;0;5
226.79999999999998;145;0;5
227.4;141;0;9
228.0;138;0;12
228.6;138;0;12
229.2;132;0;18
229.79999999999998;134;0;16
230.39999999999998;139;0;11
231.0;141;0;9
231.6;136;0;14
232.2;139;0;11
232.79999999999998;140;0;10
233.39999999999998;141;0;9
234.0;136;0;14
234.6;133;0;17
235.2;133;0;17
235.79999999999998;140;0;10
236.39999999999998;141;0;9
237.0;140;0;10
237.6;135;0;15
238.2;137;0;13
238.79999999999998;142;0;8
239.39999999999998;143;0;7
240.0;137;0;13
240.6;136;0;14
241.2;136;0;14
241.79999999999998;139;0;11
242.39999999999998;140;0;10
243.0;137;0;13
243.6;139;0;11
244.2;140;0;10
244.79999999999998;138;0;12
245.39999999999998;140;0;10
246.0;139;0;11
246.6;137;0;13
247.2;145;0;5
247.79999999999998;142;0;8
248.39999999999998;141;0;9
249.0;141;0;9
249.6;141;0;9
250.2;142;0;8
250.79999999999998;146;0;4
251.39999999999998;143;0;7
252.0;137;0;13
252.6;139;0;11
253.2;140;0;10
253.79999999999998;138;0;12
254.39999999999998;139;0;11
255.0;140;0;10
255.6;141;0;9
256.2;141;0;9
256.8;139;0;11
257.4;140;0;10
258.0;138;0;12
258.59999999999997;138;0;12
259.2;142;0;8
259.8;144;0;6
260.4;139;0;11
261.0;141;0;9
261.59999999999997;144;0;6
262.2;135;0;15
262.8;131;0;19
263.4;130;0;20
264.0;136;0;14
264.59999999999997;138;0;12
265.2;139;0;11
265.8;142;0;8
266.4;137;0;13
267.0;139;0;11
267.59999999999997;138;0;12
268.2;137;0;13
268.8;138;0;12
269.4;137;0;13
270.0;139;0;11
270.59999999999997;134;0;16
271.2;135;0;15
271.8;136;0;14
272.4;139;0;11
273.0;141;0;9
273.59999999999997;138;0;12
274.2;135;0;15
274.8;137;0;13
275.4;133;0;17
276.0;137;0;13
276.59999999999997;136;0;14
277.2;136;0;14
277.8;137;0;13
278.4;144;0;6
279.0;144;0;6
279.59999999999997;142;0;8
280.2;141;0;9
280.8;143;0;7
281.4;146;0;4
282.0;148;0;2
282.59999999999997;143;0;7
283.2;145;0;5
283.8;141;0;9
284.4;141;0;9
285.0;138;0;12
285.59999999999997;137;0;13
286.2;138;0;12
286.8;139;0;11
287.4;140;0;10
288.0;140;0;10
288.59999999999997;136;0;14
289.2;136;0;14
289.8;139;0;11
290.4;137;0;13
291.0;135;0;15
291.59999999999997;140;0;10
292.2;141;0;9
292.8;140;0;10
293.4;141;0;9
294.0;142;0;8
294.59999999999997;137;0;13
295.2;143;0;7
295.8;140;0;10
296.4;146;0;4
297.0;141;0;9
297.59999999999997;142;0;8
298.2;141;0;9
298.8;142;0;8
299.4;141;0;9
