#auto generated file!
1;15;105;2;7.036475260524554;2.7472717506664788;4.289203509858075;253.4602380952383;0.0;99;0
1;15;105;2;0.0;0.0;0.0
0;0;0;0;0.0;0.0;0.0
#auto generated file!
4;6;60;3;103.61002886814188;100.32140331712303;3.2886255510188467;264.7311904761905;0.0;98;0
4;6;60;3;0.0;0.0;0.0
0;0;0;0;0.0;0.0;0.0
#auto generated file!
4;13;63;2;58.98541191522058;55.6942625263726;3.291149388847979;242.17357142857145;0.0;141;0
4;13;63;2;0.0;0.0;0.0
0;0;0;0;0.0;0.0;0.0
#auto generated file!
2;16;69;2;120.66184147351515;116.38114130107357;4.2807001724415805;270.3669047619049;0.0;96;0
2;16;69;2;0.0;0.0;0.0
0;0;0;0;0.0;0.0;0.0
#auto generated file!
10;12;79;1;65.63785881963028;60.78520675411274;4.852652065517541;246.81928571428583;0.0;129;0
10;12;79;1;0.0;0.0;0.0
0;0;0;0;0.0;0.0;0.0
#auto generated file!
2;11;77;2;32.0165240203756;29.694689854181604;2.3218341661939923;253.87428571428575;0.0;110;0
2;11;77;2;0.0;0.0;0.0
0;0;0;0;0.0;0.0;0.0
#auto generated file!
5;9;67;3;34.24427837788823;31.375898992864848;2.8683793850233816;270.87952380952373;0.0;115;0
5;9;67;3;0.0;0.0;0.0
0;0;0;0;0.0;0.0;0.0
#auto generated file!
14;9;70;5;67.78391026813419;63.81671673397708;3.9671935341571287;240.72119047619057;0.0;116;0
14;9;70;5;0.0;0.0;0.0
0;0;0;0;0.0;0.0;0.0
#auto generated file!
7;13;67;3;54.66080335969735;50.228047456234;4.4327559034633275;272.0040476190479;0.0;94;0
7;13;67;3;0.0;0.0;0.0
0;0;0;0;0.0;0.0;0.0
#auto generated file!
6;13;103;4;118.88377935834245;115.22856626956202;3.6552130887804335;223.99166666666642;0.0;106;0
6;13;103;4;0.0;0.0;0.0
0;0;0;0;0.0;0.0;0.0
