#auto generated file!
8;22;81;22;77.18112224619439;73.20428406762736;3.976838178567033;268.2890476190476;0.0;140;0
8;22;81;22;0.0;0.0;0.0
0;0;0;0;0.0;0.0;0.0
#auto generated file!
13;22;61;22;75.3866813345985;72.37524900836786;3.011432326230645;288.8207142857142;0.0;143;0
13;22;61;22;0.0;0.0;0.0
0;0;0;0;0.0;0.0;0.0
#auto generated file!
3;14;98;15;123.99631208991264;120.95813128523646;3.038180804676156;274.60095238095255;0.0;134;0
3;14;98;15;0.0;0.0;0.0
0;0;0;0;0.0;0.0;0.0
#auto generated file!
11;24;60;9;69.17121837267149;65.29712677022457;3.8740916024469456;278.41499999999996;0.0;151;0
11;24;60;9;0.0;0.0;0.0
0;0;0;0;0.0;0.0;0.0
#auto generated file!
6;15;66;17;47.688394334387844;43.87931934278121;3.809074991606638;281.1573809523809;0.0;160;0
6;15;66;17;0.0;0.0;0.0
0;0;0;0;0.0;0.0;0.0
#auto generated file!
11;16;65;16;60.62220839872459;57.01102111207431;3.6111872866502694;328.047380952381;0.0;122;0
11;16;65;16;0.0;0.0;0.0
0;0;0;0;0.0;0.0;0.0
#auto generated file!
12;21;78;21;53.76954454888227;49.43121902606183;4.338325522820435;267.27404761904774;0.0;133;0
12;21;78;21;0.0;0.0;0.0
0;0;0;0;0.0;0.0;0.0
#auto generated file!
3;22;112;16;88.08977858965505;83.10654845244129;4.98323013721377;244.51666666666674;0.0;145;0
3;22;112;16;0.0;0.0;0.0
0;0;0;0;0.0;0.0;0.0
#auto generated file!
3;22;65;17;94.74850953629748;90.12117213062375;4.627337405673713;279.6319047619047;0.0;182;0
3;22;65;17;0.0;0.0;0.0
0;0;0;0;0.0;0.0;0.0
#auto generated file!
8;16;68;19;77.0031946086927;73.9252054287495;3.0779891799431853;266.1969047619046;0.0;161;0
8;16;68;19;0.0;0.0;0.0
0;0;0;0;0.0;0.0;0.0
