#auto generated file!
3;11;156;49;16.609186271860413;12.198486092259168;4.4107001796012435;282.53833333333336;0.0;86;0
3;11;156;49;0.0;0.0;0.0
0;0;0;0;0.0;0.0;0.0
#auto generated file!
17;16;217;71;34.19891607271338;29.918989380080742;4.279926692632635;284.4350000000001;0.0;133;0
17;16;217;71;0.0;0.0;0.0
0;0;0;0;0.0;0.0;0.0
#auto generated file!
7;21;101;55;41.21261203191638;36.79116874921404;4.42144328270233;313.104761904762;0.0;145;0
7;21;101;55;0.0;0.0;0.0
0;0;0;0;0.0;0.0;0.0
#auto generated file!
3;8;102;56;18.92015038386516;14.550400822077833;4.369749561787324;300.54857142857156;0.0;82;0
3;8;102;56;0.0;0.0;0.0
0;0;0;0;0.0;0.0;0.0
#auto generated file!
5;12;124;45;32.95031391167751;29.379170191196486;3.571143720481028;308.8707142857142;0.0;85;0
5;12;124;45;0.0;0.0;0.0
0;0;0;0;0.0;0.0;0.0
#auto generated file!
12;18;132;50;22.09885091226823;18.405634356245013;3.6932165560232164;324.35380952380956;0.0;111;0
12;18;132;50;0.0;0.0;0.0
0;0;0;0;0.0;0.0;0.0
#auto generated file!
3;14;172;51;125.40582222128789;120.95722324867832;4.448598972609556;290.4569047619048;0.0;112;0
3;14;172;51;0.0;0.0;0.0
0;0;0;0;0.0;0.0;0.0
#auto generated file!
0;10;199;45;0.0;0.0;0.0;267.1871428571428;0.0;113;0
0;10;199;45;0.0;0.0;0.0
0;0;0;0;0.0;0.0;0.0
#auto generated file!
11;12;193;44;57.16975081632484;53.70507739672764;3.4646734195972018;304.0019047619048;0.0;68;0
11;12;193;44;0.0;0.0;0.0
0;0;0;0;0.0;0.0;0.0
#auto generated file!
7;8;99;42;39.9568069318252;36.1458633621183;3.810943569706898;322.70047619047597;0.0;102;0
7;8;99;42;0.0;0.0;0.0
0;0;0;0;0.0;0.0;0.0
