#auto generated file!
5;0;79;0;66.25565235040715;62.802141865001445;3.4535104854056984;123.5107142857143;0.0;0;0
5;0;79;0;0.0;0.0;0.0
0;0;0;0;0.0;0.0;0.0
#auto generated file!
0;0;89;0;0.0;0.0;0.0;115.87190476190477;0.0;0;0
0;0;89;0;0.0;0.0;0.0
0;0;0;0;0.0;0.0;0.0
#auto generated file!
0;0;76;0;0.0;0.0;0.0;114.83880952380952;0.0;0;0
0;0;76;0;0.0;0.0;0.0
0;0;0;0;0.0;0.0;0.0
#auto generated file!
0;0;79;0;0.0;0.0;0.0;80.17976190476182;0.0;0;0
0;0;79;0;0.0;0.0;0.0
0;0;0;0;0.0;0.0;0.0
#auto generated file!
0;0;90;0;0.0;0.0;0.0;84.0942857142858;0.0;0;0
0;0;90;0;0.0;0.0;0.0
0;0;0;0;0.0;0.0;0.0
#auto generated file!
0;0;88;0;0.0;0.0;0.0;68.28285714285711;0.0;0;0
0;0;88;0;0.0;0.0;0.0
0;0;0;0;0.0;0.0;0.0
#auto generated file!
0;0;70;0;0.0;0.0;0.0;83.08809523809529;0.0;0;0
0;0;70;0;0.0;0.0;0.0
0;0;0;0;0.0;0.0;0.0
#auto generated file!
0;0;68;0;0.0;0.0;0.0;105.2378571428572;0.0;0;0
0;0;68;0;0.0;0.0;0.0
0;0;0;0;0.0;0.0;0.0
#auto generated file!
0;0;61;0;0.0;0.0;0.0;99.50476190476184;0.0;0;0
0;0;61;0;0.0;0.0;0.0
0;0;0;0;0.0;0.0;0.0
#auto generated file!
0;0;105;0;0.0;0.0;0.0;65.84904761904762;0.0;0;0
0;0;105;0;0.0;0.0;0.0
0;0;0;0;0.0;0.0;0.0
