#auto generated file!
2;0;46;0;4.692021156218502;2.3720987605148194;2.3199223957036823;200.06666666666675;0.0;1;0
2;0;46;0;0.0;0.0;0.0
0;0;0;0;0.0;0.0;0.0
#auto generated file!
1;1;57;0;36.298400246595975;32.01521535437831;4.28318489221766;225.31166666666678;0.0;12;0
1;1;57;0;0.0;0.0;0.0
0;0;0;0;0.0;0.0;0.0
#auto generated file!
0;0;44;0;0.0;0.0;0.0;190.6776190476191;0.0;4;0
0;0;44;0;0.0;0.0;0.0
0;0;0;0;0.0;0.0;0.0
#auto generated file!
0;1;33;0;0.0;0.0;0.0;209.47238095238086;0.0;8;0
0;1;33;0;0.0;0.0;0.0
0;0;0;0;0.0;0.0;0.0
#auto generated file!
0;0;32;0;0.0;0.0;0.0;216.7350000000001;0.0;2;0
0;0;32;0;0.0;0.0;0.0
0;0;0;0;0.0;0.0;0.0
#auto generated file!
2;0;38;0;38.826033329556225;34.48323844687827;4.342794882677953;214.57119047619054;0.0;5;0
2;0;38;0;0.0;0.0;0.0
0;0;0;0;0.0;0.0;0.0
#auto generated file!
0;0;23;0;0.0;0.0;0.0;220.92952380952372;0.0;0;0
0;0;23;0;0.0;0.0;0.0
0;0;0;0;0.0;0.0;0.0
#auto generated file!
0;0;57;0;0.0;0.0;0.0;181.940476190476;0.0;1;0
0;0;57;0;0.0;0.0;0.0
0;0;0;0;0.0;0.0;0.0
#auto generated file!
0;0;21;0;0.0;0.0;0.0;221.8297619047621;0.0;10;0
0;0;21;0;0.0;0.0;0.0
0;0;0;0;0.0;0.0;0.0
#auto generated file!
3;4;61;0;10.065684426548685;5.783502368326775;4.282182058221911;225.45190476190476;0.0;9;0
3;4;61;0;0.0;0.0;0.0
0;0;0;0;0.0;0.0;0.0
