#auto generated file!
60.0;181;0;69
60.599999999999994;183;0;67
61.199999999999996;185;0;65
61.8;192;0;58
62.4;186;0;64
63.0;189;0;61
63.599999999999994;182;0;68
64.2;190;0;60
64.8;185;0;65
65.39999999999999;175;0;75
66.0;186;0;64
66.6;188;0;62
67.2;195;0;55
67.8;190;0;60
68.39999999999999;177;0;73
69.0;192;0;58
69.6;186;0;64
70.2;187;0;63
70.8;183;0;67
71.39999999999999;182;0;68
72.0;177;0;73
72.6;181;0;69
73.2;174;0;76
73.8;192;0;58
74.39999999999999;194;0;56
75.0;180;0;70
75.6;188;0;62
76.2;184;0;66
76.8;186;0;64
77.39999999999999;185;0;65
78.0;182;0;68
78.6;179;0;71
79.2;178;0;72
79.8;177;0;73
80.39999999999999;193;0;57
81.0;193;0;57
81.6;191;0;59
82.2;192;0;58
82.8;189;0;61
83.39999999999999;200;0;50
84.0;199;0;51
84.6;192;0;58
85.2;185;0;65
85.8;179;0;71
86.39999999999999;182;0;68
87.0;181;0;69
87.6;177;0;73
88.2;174;0;76
88.8;182;0;68
89.39999999999999;183;0;67
90.0;188;0;62
90.6;185;0;65
91.2;190;0;60
91.8;182;0;68
92.39999999999999;182;0;68
93.0;186;0;64
93.6;183;0;67
94.2;185;0;65
94.8;183;0;67
95.39999999999999;183;0;67
96.0;189;0;61
96.6;186;0;64
97.2;186;0;64
97.8;184;0;66
98.39999999999999;188;0;62
99.0;184;0;66
99.6;186;0;64
100.2;193;0;57
100.8;185;0;65
101.39999999999999;188;0;62
102.0;177;0;73
102.6;184;0;66
103.2;177;0;73
103.8;168;0;82
104.39999999999999;185;0;65
105.0;188;0;62
105.6;183;0;67
106.2;190;0;60
106.8;189;0;61
107.39999999999999;194;0;56
108.0;200;0;50
108.6;183;0;67
109.2;182;0;68
109.8;189;0;61
110.39999999999999;181;0;69
111.0;199;0;51
111.6;196;0;54
112.2;191;0;59
112.8;192;0;58
113.39999999999999;193;0;57
114.0;187;0;63
114.6;189;0;61
115.19999999999999;183;0;67
115.8;183;0;67
116.39999999999999;181;0;69
117.0;181;0;69
117.6;176;0;74
118.19999999999999;181;0;69
118.8;187;0;63
119.39999999999999;179;0;71
120.0;184;0;66
120.6;177;0;73
121.19999999999999;182;0;68
121.8;179;0;71
122.39999999999999;189;0;61
123.0;186;0;64
123.6;184;0;66
124.19999999999999;185;0;65
124.8;187;0;63
125.39999999999999;191;0;59
126.0;192;0;58
126.6;188;0;62
127.19999999999999;180;0;70
127.8;186;0;64
128.4;185;0;65
129.0;182;0;68
129.6;190;0;60
130.2;182;0;68
130.79999999999998;183;0;67
131.4;198;0;52
132.0;199;0;51
132.6;190;0;60
133.2;192;0;58
133.79999999999998;196;0;54
134.4;188;0;62
135.0;188;0;62
135.6;186;0;64
136.2;187;0;63
136.79999999999998;187;0;63
137.4;180;0;70
138.0;189;0;61
138.6;188;0;62
139.2;197;0;53
139.79999999999998;184;0;66
140.4;189;0;61
141.0;191;0;59
141.6;202;0;48
142.2;209;0;41
142.79999999999998;193;0;57
143.4;184;0;66
144.0;189;0;61
144.6;189;0;61
145.2;187;0;63
145.79999999999998;187;0;63
146.4;188;0;62
147.0;186;0;64
147.6;194;0;56
148.2;202;0;48
148.79999999999998;192;0;58
149.4;190;0;60
150.0;198;0;52
150.6;191;0;59
151.2;195;0;55
151.79999999999998;193;0;57
152.4;193;0;57
153.0;199;0;51
153.6;186;0;64
154.2;194;0;56
154.79999999999998;188;0;62
155.4;190;0;60
156.0;200;0;50
156.6;194;0;56
157.2;192;0;58
157.79999999999998;181;0;69
158.4;186;0;64
159.0;189;0;61
159.6;183;0;67
160.2;186;0;64
160.79999999999998;195;0;55
161.4;190;0;60
162.0;182;0;68
162.6;187;0;63
163.2;179;0;71
163.79999999999998;169;0;81
164.4;185;0;65
165.0;193;0;57
165.6;191;0;59
166.2;193;0;57
166.79999999999998;186;0;64
167.4;183;0;67
168.0;179;0;71
168.6;183;0;67
169.2;190;0;60
169.79999999999998;181;0;69
170.4;177;0;73
171.0;179;0;71
171.6;179;0;71
172.2;188;0;62
172.79999999999998;179;0;71
173.4;194;0;56
174.0;193;0;57
174.6;192;0;58
175.2;183;0;67
175.79999999999998;190;0;60
176.4;197;0;53
177.0;194;0;56
177.6;190;0;60
178.2;191;0;59
178.79999999999998;189;0;61
179.4;200;0;50
180.0;203;0;47
180.6;193;0;57
181.2;193;0;57
181.79999999999998;200;0;50
182.4;194;0;56
183.0;192;0;58
183.6;187;0;63
184.2;176;0;74
184.79999999999998;170;0;80
185.4;177;0;73
186.0;191;0;59
186.6;193;0;57
187.2;192;0;58
187.79999999999998;182;0;68
188.4;175;0;75
189.0;170;0;80
189.6;184;0;66
190.2;186;0;64
190.79999999999998;188;0;62
191.4;182;0;68
192.0;197;0;53
192.6;193;0;57
193.2;191;0;59
193.79999999999998;194;0;56
194.4;189;0;61
195.0;181;0;69
195.6;181;0;69
196.2;182;0;68
196.79999999999998;189;0;61
197.4;185;0;65
198.0;180;0;70
198.6;185;0;65
199.2;181;0;69
199.79999999999998;191;0;59
200.4;189;0;61
201.0;190;0;60
201.6;174;0;76
202.2;186;0;64
202.79999999999998;195;0;55
203.4;189;0;61
204.0;203;0;47
204.6;193;0;57
205.2;191;0;59
205.79999999999998;191;0;59
206.4;194;0;56
207.0;190;0;60
207.6;181;0;69
208.2;189;0;61
208.79999999999998;194;0;56
209.4;195;0;55
210.0;200;0;50
210.6;197;0;53
211.2;196;0;54
211.79999999999998;185;0;65
212.4;176;0;74
213.0;183;0;67
213.6;186;0;64
214.2;183;0;67
214.79999999999998;186;0;64
215.4;172;0;78
216.0;187;0;63
216.6;186;0;64
217.2;179;0;71
217.79999999999998;193;0;57
218.4;184;0;66
219.0;192;0;58
219.6;183;0;67
220.2;196;0;54
220.79999999999998;184;0;66
221.4;194;0;56
222.0;199;0;51
222.6;199;0;51
223.2;180;0;70
223.79999999999998;185;0;65
224.4;186;0;64
225.0;191;0;59
225.6;183;0;67
226.2;179;0;71
226.79999999999998;176;0;74
227.4;191;0;59
228.0;186;0;64
228.6;180;0;70
229.2;179;0;71
229.79999999999998;181;0;69
230.39999999999998;189;0;61
231.0;188;0;62
231.6;187;0;63
232.2;188;0;62
232.79999999999998;187;0;63
233.39999999999998;188;0;62
234.0;184;0;66
234.6;184;0;66
235.2;181;0;69
235.79999999999998;172;0;78
236.39999999999998;178;0;72
237.0;189;0;61
237.6;200;0;50
238.2;181;0;69
238.79999999999998;179;0;71
239.39999999999998;178;0;72
240.0;186;0;64
240.6;191;0;59
241.2;187;0;63
241.79999999999998;178;0;72
242.39999999999998;174;0;76
243.0;184;0;66
243.6;182;0;68
244.2;172;0;78
244.79999999999998;180;0;70
245.39999999999998;189;0;61
246.0;192;0;58
246.6;191;0;59
247.2;185;0;65
247.79999999999998;188;0;62
248.39999999999998;182;0;68
249.0;184;0;66
249.6;179;0;71
250.2;183;0;67
250.79999999999998;194;0;56
251.39999999999998;193;0;57
252.0;197;0;53
252.6;201;0;49
253.2;186;0;64
253.79999999999998;191;0;59
254.39999999999998;184;0;66
255.0;182;0;68
255.6;177;0;73
256.2;200;0;50
256.8;195;0;55
257.4;192;0;58
258.0;175;0;75
258.59999999999997;175;0;75
259.2;187;0;63
259.8;193;0;57
260.4;194;0;56
261.0;182;0;68
261.59999999999997;182;0;68
262.2;188;0;62
262.8;186;0;64
263.4;185;0;65
264.0;177;0;73
264.59999999999997;179;0;71
265.2;197;0;53
265.8;198;0;52
266.4;194;0;56
267.0;191;0;59
267.59999999999997;187;0;63
268.2;195;0;55
268.8;183;0;67
269.4;186;0;64
270.0;184;0;66
270.59999999999997;192;0;58
271.2;180;0;70
271.8;173;0;77
272.4;177;0;73
273.0;184;0;66
273.59999999999997;189;0;61
274.2;192;0;58
274.8;190;0;60
275.4;181;0;69
276.0;186;0;64
276.59999999999997;178;0;72
277.2;177;0;73
277.8;178;0;72
278.4;178;0;72
279.0;176;0;74
279.59999999999997;178;0;72
280.2;189;0;61
280.8;187;0;63
281.4;179;0;71
282.0;176;0;74
282.59999999999997;185;0;65
283.2;184;0;66
283.8;188;0;62
284.4;192;0;58
285.0;176;0;74
285.59999999999997;179;0;71
286.2;193;0;57
286.8;188;0;62
287.4;196;0;54
288.0;186;0;64
288.59999999999997;198;0;52
289.2;193;0;57
289.8;192;0;58
290.4;185;0;65
291.0;193;0;57
291.59999999999997;189;0;61
292.2;186;0;64
292.8;193;0;57
293.4;180;0;70
294.0;180;0;70
294.59999999999997;174;0;76
295.2;169;0;81
295.8;179;0;71
296.4;177;0;73
297.0;179;0;71
297.59999999999997;189;0;61
298.2;182;0;68
298.8;181;0;69
299.4;178;0;72
#auto generated file!
60.0;190;0;60
60.599999999999994;198;0;52
61.199999999999996;196;0;54
61.8;183;0;67
62.4;178;0;72
63.0;183;0;67
63.599999999999994;177;0;73
64.2;186;0;64
64.8;186;0;64
65.39999999999999;195;0;55
66.0;194;0;56
66.6;190;0;60
67.2;177;0;73
67.8;186;0;64
68.39999999999999;191;0;59
69.0;185;0;65
69.6;189;0;61
70.2;193;0;57
70.8;195;0;55
71.39999999999999;202;0;48
72.0;197;0;53
72.6;193;0;57
73.2;190;0;60
73.8;184;0;66
74.39999999999999;184;0;66
75.0;180;0;70
75.6;186;0;64
76.2;192;0;58
76.8;181;0;69
77.39999999999999;191;0;59
78.0;190;0;60
78.6;195;0;55
79.2;202;0;48
79.8;205;0;45
80.39999999999999;202;0;48
81.0;198;0;52
81.6;194;0;56
82.2;186;0;64
82.8;200;0;50
83.39999999999999;198;0;52
84.0;194;0;56
84.6;185;0;65
85.2;181;0;69
85.8;189;0;61
86.39999999999999;195;0;55
87.0;194;0;56
87.6;191;0;59
88.2;185;0;65
88.8;180;0;70
89.39999999999999;179;0;71
90.0;189;0;61
90.6;171;0;79
91.2;183;0;67
91.8;188;0;62
92.39999999999999;190;0;60
93.0;190;0;60
93.6;183;0;67
94.2;174;0;76
94.8;186;0;64
95.39999999999999;194;0;56
96.0;194;0;56
96.6;182;0;68
97.2;180;0;70
97.8;182;0;68
98.39999999999999;175;0;75
99.0;180;0;70
99.6;184;0;66
100.2;171;0;79
100.8;184;0;66
101.39999999999999;171;0;79
102.0;184;0;66
102.6;169;0;81
103.2;173;0;77
103.8;177;0;73
104.39999999999999;173;0;77
105.0;183;0;67
105.6;194;0;56
106.2;190;0;60
106.8;193;0;57
107.39999999999999;188;0;62
108.0;187;0;63
108.6;178;0;72
109.2;180;0;70
109.8;175;0;75
110.39999999999999;183;0;67
111.0;178;0;72
111.6;172;0;78
112.2;177;0;73
112.8;184;0;66
113.39999999999999;179;0;71
114.0;182;0;68
114.6;184;0;66
115.19999999999999;186;0;64
115.8;187;0;63
116.39999999999999;186;0;64
117.0;174;0;76
117.6;176;0;74
118.19999999999999;182;0;68
118.8;182;0;68
119.39999999999999;187;0;63
120.0;188;0;62
120.6;206;0;44
121.19999999999999;190;0;60
121.8;196;0;54
122.39999999999999;203;0;47
123.0;210;0;40
123.6;196;0;54
124.19999999999999;204;0;46
124.8;196;0;54
125.39999999999999;192;0;58
126.0;196;0;54
126.6;204;0;46
127.19999999999999;193;0;57
127.8;193;0;57
128.4;194;0;56
129.0;183;0;67
129.6;186;0;64
130.2;183;0;67
130.79999999999998;189;0;61
131.4;199;0;51
132.0;190;0;60
132.6;191;0;59
133.2;185;0;65
133.79999999999998;184;0;66
134.4;188;0;62
135.0;199;0;51
135.6;194;0;56
136.2;196;0;54
136.79999999999998;199;0;51
137.4;190;0;60
138.0;182;0;68
138.6;195;0;55
139.2;199;0;51
139.79999999999998;196;0;54
140.4;190;0;60
141.0;182;0;68
141.6;178;0;72
142.2;177;0;73
142.79999999999998;185;0;65
143.4;181;0;69
144.0;191;0;59
144.6;187;0;63
145.2;193;0;57
145.79999999999998;196;0;54
146.4;195;0;55
147.0;193;0;57
147.6;196;0;54
148.2;189;0;61
148.79999999999998;188;0;62
149.4;186;0;64
150.0;188;0;62
150.6;184;0;66
151.2;180;0;70
151.79999999999998;175;0;75
152.4;177;0;73
153.0;177;0;73
153.6;179;0;71
154.2;183;0;67
154.79999999999998;185;0;65
155.4;179;0;71
156.0;179;0;71
156.6;175;0;75
157.2;186;0;64
157.79999999999998;194;0;56
158.4;182;0;68
159.0;188;0;62
159.6;184;0;66
160.2;183;0;67
160.79999999999998;182;0;68
161.4;188;0;62
162.0;187;0;63
162.6;180;0;70
163.2;184;0;66
163.79999999999998;196;0;54
164.4;190;0;60
165.0;191;0;59
165.6;187;0;63
166.2;185;0;65
166.79999999999998;188;0;62
167.4;190;0;60
168.0;189;0;61
168.6;186;0;64
169.2;183;0;67
169.79999999999998;183;0;67
170.4;186;0;64
171.0;190;0;60
171.6;185;0;65
172.2;183;0;67
172.79999999999998;189;0;61
173.4;185;0;65
174.0;186;0;64
174.6;183;0;67
175.2;189;0;61
175.79999999999998;192;0;58
176.4;183;0;67
177.0;186;0;64
177.6;186;0;64
178.2;192;0;58
178.79999999999998;194;0;56
179.4;184;0;66
180.0;189;0;61
180.6;185;0;65
181.2;179;0;71
181.79999999999998;171;0;79
182.4;178;0;72
183.0;181;0;69
183.6;185;0;65
184.2;188;0;62
184.79999999999998;189;0;61
185.4;186;0;64
186.0;193;0;57
186.6;181;0;69
187.2;185;0;65
187.79999999999998;187;0;63
188.4;183;0;67
189.0;183;0;67
189.6;180;0;70
190.2;189;0;61
190.79999999999998;192;0;58
191.4;193;0;57
192.0;183;0;67
192.6;188;0;62
193.2;199;0;51
193.79999999999998;195;0;55
194.4;194;0;56
195.0;186;0;64
195.6;184;0;66
196.2;189;0;61
196.79999999999998;182;0;68
197.4;187;0;63
198.0;192;0;58
198.6;186;0;64
199.2;182;0;68
199.79999999999998;182;0;68
200.4;185;0;65
201.0;186;0;64
201.6;192;0;58
202.2;191;0;59
202.79999999999998;182;0;68
203.4;190;0;60
204.0;185;0;65
204.6;189;0;61
205.2;189;0;61
205.79999999999998;188;0;62
206.4;185;0;65
207.0;191;0;59
207.6;187;0;63
208.2;184;0;66
208.79999999999998;181;0;69
209.4;178;0;72
210.0;194;0;56
210.6;200;0;50
211.2;192;0;58
211.79999999999998;185;0;65
212.4;184;0;66
213.0;190;0;60
213.6;196;0;54
214.2;198;0;52
214.79999999999998;186;0;64
215.4;189;0;61
216.0;185;0;65
216.6;182;0;68
217.2;177;0;73
217.79999999999998;192;0;58
218.4;192;0;58
219.0;192;0;58
219.6;195;0;55
220.2;195;0;55
220.79999999999998;200;0;50
221.4;193;0;57
222.0;185;0;65
222.6;178;0;72
223.2;180;0;70
223.79999999999998;190;0;60
224.4;196;0;54
225.0;198;0;52
225.6;188;0;62
226.2;200;0;50
226.79999999999998;180;0;70
227.4;186;0;64
228.0;180;0;70
228.6;182;0;68
229.2;187;0;63
229.79999999999998;187;0;63
230.39999999999998;184;0;66
231.0;187;0;63
231.6;177;0;73
232.2;174;0;76
232.79999999999998;181;0;69
233.39999999999998;180;0;70
234.0;177;0;73
234.6;183;0;67
235.2;185;0;65
235.79999999999998;185;0;65
236.39999999999998;195;0;55
237.0;186;0;64
237.6;174;0;76
238.2;180;0;70
238.79999999999998;167;0;83
239.39999999999998;187;0;63
240.0;191;0;59
240.6;186;0;64
241.2;184;0;66
241.79999999999998;194;0;56
242.39999999999998;185;0;65
243.0;179;0;71
243.6;192;0;58
244.2;189;0;61
244.79999999999998;191;0;59
245.39999999999998;184;0;66
246.0;179;0;71
246.6;190;0;60
247.2;189;0;61
247.79999999999998;186;0;64
248.39999999999998;181;0;69
249.0;183;0;67
249.6;194;0;56
250.2;196;0;54
250.79999999999998;199;0;51
251.39999999999998;189;0;61
252.0;189;0;61
252.6;197;0;53
253.2;197;0;53
253.79999999999998;190;0;60
254.39999999999998;184;0;66
255.0;190;0;60
255.6;197;0;53
256.2;181;0;69
256.8;189;0;61
257.4;185;0;65
258.0;176;0;74
258.59999999999997;178;0;72
259.2;179;0;71
259.8;188;0;62
260.4;185;0;65
261.0;183;0;67
261.59999999999997;195;0;55
262.2;201;0;49
262.8;187;0;63
263.4;190;0;60
264.0;195;0;55
264.59999999999997;189;0;61
265.2;189;0;61
265.8;194;0;56
266.4;183;0;67
267.0;187;0;63
267.59999999999997;198;0;52
268.2;200;0;50
268.8;189;0;61
269.4;181;0;69
270.0;170;0;80
270.59999999999997;177;0;73
271.2;191;0;59
271.8;195;0;55
272.4;196;0;54
273.0;185;0;65
273.59999999999997;185;0;65
274.2;183;0;67
274.8;186;0;64
275.4;183;0;67
276.0;174;0;76
276.59999999999997;168;0;82
277.2;168;0;82
277.8;179;0;71
278.4;187;0;63
279.0;189;0;61
279.59999999999997;188;0;62
280.2;188;0;62
280.8;180;0;70
281.4;182;0;68
282.0;166;0;84
282.59999999999997;176;0;74
283.2;186;0;64
283.8;179;0;71
284.4;171;0;79
285.0;171;0;79
285.59999999999997;170;0;80
286.2;173;0;77
286.8;180;0;70
287.4;180;0;70
288.0;193;0;57
288.59999999999997;188;0;62
289.2;193;0;57
289.8;184;0;66
290.4;179;0;71
291.0;186;0;64
291.59999999999997;174;0;76
292.2;182;0;68
292.8;196;0;54
293.4;185;0;65
294.0;192;0;58
294.59999999999997;191;0;59
295.2;182;0;68
295.8;184;0;66
296.4;189;0;61
297.0;192;0;58
297.59999999999997;185;0;65
298.2;188;0;62
298.8;185;0;65
299.4;184;0;66
#auto generated file!
60.0;193;0;57
60.599999999999994;184;0;66
61.199999999999996;180;0;70
61.8;184;0;66
62.4;193;0;57
63.0;201;0;49
63.599999999999994;196;0;54
64.2;191;0;59
64.8;202;0;48
65.39999999999999;204;0;46
66.0;195;0;55
66.6;197;0;53
67.2;193;0;57
67.8;175;0;75
68.39999999999999;189;0;61
69.0;188;0;62
69.6;196;0;54
70.2;183;0;67
70.8;193;0;57
71.39999999999999;197;0;53
72.0;186;0;64
72.6;184;0;66
73.2;196;0;54
73.8;194;0;56
74.39999999999999;188;0;62
75.0;189;0;61
75.6;191;0;59
76.2;184;0;66
76.8;190;0;60
77.39999999999999;181;0;69
78.0;187;0;63
78.6;184;0;66
79.2;173;0;77
79.8;177;0;73
80.39999999999999;183;0;67
81.0;193;0;57
81.6;187;0;63
82.2;192;0;58
82.8;196;0;54
83.39999999999999;193;0;57
84.0;186;0;64
84.6;185;0;65
85.2;188;0;62
85.8;185;0;65
86.39999999999999;185;0;65
87.0;189;0;61
87.6;189;0;61
88.2;195;0;55
88.8;191;0;59
89.39999999999999;184;0;66
90.0;186;0;64
90.6;169;0;81
91.2;170;0;80
91.8;178;0;72
92.39999999999999;183;0;67
93.0;183;0;67
93.6;187;0;63
94.2;186;0;64
94.8;186;0;64
95.39999999999999;185;0;65
96.0;187;0;63
96.6;195;0;55
97.2;190;0;60
97.8;182;0;68
98.39999999999999;182;0;68
99.0;188;0;62
99.6;179;0;71
100.2;184;0;66
100.8;192;0;58
101.39999999999999;189;0;61
102.0;182;0;68
102.6;192;0;58
103.2;191;0;59
103.8;180;0;70
104.39999999999999;176;0;74
105.0;175;0;75
105.6;186;0;64
106.2;190;0;60
106.8;186;0;64
107.39999999999999;190;0;60
108.0;194;0;56
108.6;192;0;58
109.2;188;0;62
109.8;193;0;57
110.39999999999999;186;0;64
111.0;191;0;59
111.6;190;0;60
112.2;202;0;48
112.8;197;0;53
113.39999999999999;194;0;56
114.0;190;0;60
114.6;185;0;65
115.19999999999999;188;0;62
115.8;199;0;51
116.39999999999999;194;0;56
117.0;190;0;60
117.6;188;0;62
118.19999999999999;198;0;52
118.8;181;0;69
119.39999999999999;187;0;63
120.0;196;0;54
120.6;206;0;44
121.19999999999999;195;0;55
121.8;198;0;52
122.39999999999999;186;0;64
123.0;191;0;59
123.6;178;0;72
124.19999999999999;180;0;70
124.8;186;0;64
125.39999999999999;188;0;62
126.0;184;0;66
126.6;186;0;64
127.19999999999999;187;0;63
127.8;195;0;55
128.4;207;0;43
129.0;191;0;59
129.6;200;0;50
130.2;199;0;51
130.79999999999998;186;0;64
131.4;186;0;64
132.0;196;0;54
132.6;187;0;63
133.2;179;0;71
133.79999999999998;185;0;65
134.4;191;0;59
135.0;191;0;59
135.6;180;0;70
136.2;202;0;48
136.79999999999998;205;0;45
137.4;201;0;49
138.0;194;0;56
138.6;194;0;56
139.2;182;0;68
139.79999999999998;183;0;67
140.4;182;0;68
141.0;187;0;63
141.6;192;0;58
142.2;195;0;55
142.79999999999998;177;0;73
143.4;178;0;72
144.0;178;0;72
144.6;179;0;71
145.2;183;0;67
145.79999999999998;197;0;53
146.4;200;0;50
147.0;190;0;60
147.6;197;0;53
148.2;187;0;63
148.79999999999998;194;0;56
149.4;193;0;57
150.0;195;0;55
150.6;185;0;65
151.2;192;0;58
151.79999999999998;183;0;67
152.4;172;0;78
153.0;177;0;73
153.6;170;0;80
154.2;175;0;75
154.79999999999998;176;0;74
155.4;183;0;67
156.0;188;0;62
156.6;183;0;67
157.2;165;0;85
157.79999999999998;183;0;67
158.4;194;0;56
159.0;187;0;63
159.6;191;0;59
160.2;198;0;52
160.79999999999998;199;0;51
161.4;202;0;48
162.0;192;0;58
162.6;190;0;60
163.2;198;0;52
163.79999999999998;194;0;56
164.4;181;0;69
165.0;181;0;69
165.6;194;0;56
166.2;181;0;69
166.79999999999998;187;0;63
167.4;190;0;60
168.0;187;0;63
168.6;182;0;68
169.2;181;0;69
169.79999999999998;188;0;62
170.4;185;0;65
171.0;179;0;71
171.6;202;0;48
172.2;190;0;60
172.79999999999998;192;0;58
173.4;193;0;57
174.0;193;0;57
174.6;193;0;57
175.2;183;0;67
175.79999999999998;191;0;59
176.4;188;0;62
177.0;181;0;69
177.6;190;0;60
178.2;195;0;55
178.79999999999998;194;0;56
179.4;199;0;51
180.0;195;0;55
180.6;196;0;54
181.2;186;0;64
181.79999999999998;178;0;72
182.4;190;0;60
183.0;187;0;63
183.6;185;0;65
184.2;192;0;58
184.79999999999998;203;0;47
185.4;190;0;60
186.0;188;0;62
186.6;188;0;62
187.2;185;0;65
187.79999999999998;188;0;62
188.4;192;0;58
189.0;186;0;64
189.6;187;0;63
190.2;185;0;65
190.79999999999998;189;0;61
191.4;180;0;70
192.0;186;0;64
192.6;190;0;60
193.2;176;0;74
193.79999999999998;179;0;71
194.4;190;0;60
195.0;184;0;66
195.6;186;0;64
196.2;185;0;65
196.79999999999998;183;0;67
197.4;181;0;69
198.0;178;0;72
198.6;174;0;76
199.2;182;0;68
199.79999999999998;192;0;58
200.4;177;0;73
201.0;182;0;68
201.6;189;0;61
202.2;196;0;54
202.79999999999998;188;0;62
203.4;188;0;62
204.0;191;0;59
204.6;188;0;62
205.2;187;0;63
205.79999999999998;178;0;72
206.4;186;0;64
207.0;179;0;71
207.6;179;0;71
208.2;184;0;66
208.79999999999998;178;0;72
209.4;188;0;62
210.0;183;0;67
210.6;191;0;59
211.2;189;0;61
211.79999999999998;191;0;59
212.4;186;0;64
213.0;197;0;53
213.6;180;0;70
214.2;171;0;79
214.79999999999998;178;0;72
215.4;190;0;60
216.0;192;0;58
216.6;195;0;55
217.2;179;0;71
217.79999999999998;181;0;69
218.4;187;0;63
219.0;197;0;53
219.6;191;0;59
220.2;193;0;57
220.79999999999998;178;0;72
221.4;187;0;63
222.0;183;0;67
222.6;181;0;69
223.2;184;0;66
223.79999999999998;186;0;64
224.4;185;0;65
225.0;193;0;57
225.6;181;0;69
226.2;181;0;69
226.79999999999998;192;0;58
227.4;187;0;63
228.0;198;0;52
228.6;190;0;60
229.2;193;0;57
229.79999999999998;175;0;75
230.39999999999998;181;0;69
231.0;188;0;62
231.6;180;0;70
232.2;181;0;69
232.79999999999998;173;0;77
233.39999999999998;177;0;73
234.0;177;0;73
234.6;187;0;63
235.2;181;0;69
235.79999999999998;185;0;65
236.39999999999998;183;0;67
237.0;189;0;61
237.6;195;0;55
238.2;194;0;56
238.79999999999998;202;0;48
239.39999999999998;191;0;59
240.0;192;0;58
240.6;181;0;69
241.2;197;0;53
241.79999999999998;180;0;70
242.39999999999998;184;0;66
243.0;188;0;62
243.6;192;0;58
244.2;189;0;61
244.79999999999998;188;0;62
245.39999999999998;191;0;59
246.0;190;0;60
246.6;184;0;66
247.2;195;0;55
247.79999999999998;195;0;55
248.39999999999998;185;0;65
249.0;185;0;65
249.6;188;0;62
250.2;190;0;60
250.79999999999998;190;0;60
251.39999999999998;190;0;60
252.0;183;0;67
252.6;176;0;74
253.2;176;0;74
253.79999999999998;168;0;82
254.39999999999998;174;0;76
255.0;178;0;72
255.6;190;0;60
256.2;201;0;49
256.8;194;0;56
257.4;188;0;62
258.0;187;0;63
258.59999999999997;190;0;60
259.2;192;0;58
259.8;191;0;59
260.4;185;0;65
261.0;204;0;46
261.59999999999997;191;0;59
262.2;189;0;61
262.8;192;0;58
263.4;195;0;55
264.0;189;0;61
264.59999999999997;192;0;58
265.2;186;0;64
265.8;187;0;63
266.4;193;0;57
267.0;194;0;56
267.59999999999997;199;0;51
268.2;198;0;52
268.8;199;0;51
269.4;196;0;54
270.0;191;0;59
270.59999999999997;183;0;67
271.2;186;0;64
271.8;191;0;59
272.4;181;0;69
273.0;186;0;64
273.59999999999997;194;0;56
274.2;196;0;54
274.8;196;0;54
275.4;201;0;49
276.0;182;0;68
276.59999999999997;194;0;56
277.2;187;0;63
277.8;181;0;69
278.4;182;0;68
279.0;185;0;65
279.59999999999997;182;0;68
280.2;180;0;70
280.8;192;0;58
281.4;194;0;56
282.0;190;0;60
282.59999999999997;191;0;59
283.2;184;0;66
283.8;184;0;66
284.4;182;0;68
285.0;186;0;64
285.59999999999997;183;0;67
286.2;184;0;66
286.8;181;0;69
287.4;185;0;65
288.0;187;0;63
288.59999999999997;183;0;67
289.2;187;0;63
289.8;183;0;67
290.4;170;0;80
291.0;182;0;68
291.59999999999997;191;0;59
292.2;194;0;56
292.8;198;0;52
293.4;184;0;66
294.0;179;0;71
294.59999999999997;184;0;66
295.2;180;0;70
295.8;177;0;73
296.4;173;0;77
297.0;170;0;80
297.59999999999997;173;0;77
298.2;181;0;69
298.8;191;0;59
299.4;190;0;60
#auto generated file!
60.0;197;0;53
60.599999999999994;191;0;59
61.199999999999996;190;0;60
61.8;189;0;61
62.4;171;0;79
63.0;185;0;65
63.599999999999994;185;0;65
64.2;186;0;64
64.8;186;0;64
65.39999999999999;188;0;62
66.0;189;0;61
66.6;184;0;66
67.2;187;0;63
67.8;180;0;70
68.39999999999999;183;0;67
69.0;182;0;68
69.6;180;0;70
70.2;197;0;53
70.8;189;0;61
71.39999999999999;177;0;73
72.0;186;0;64
72.6;190;0;60
73.2;194;0;56
73.8;184;0;66
74.39999999999999;180;0;70
75.0;170;0;80
75.6;177;0;73
76.2;180;0;70
76.8;186;0;64
77.39999999999999;191;0;59
78.0;177;0;73
78.6;183;0;67
79.2;182;0;68
79.8;170;0;80
80.39999999999999;182;0;68
81.0;184;0;66
81.6;188;0;62
82.2;179;0;71
82.8;183;0;67
83.39999999999999;188;0;62
84.0;185;0;65
84.6;174;0;76
85.2;181;0;69
85.8;182;0;68
86.39999999999999;180;0;70
87.0;182;0;68
87.6;192;0;58
88.2;199;0;51
88.8;193;0;57
89.39999999999999;192;0;58
90.0;186;0;64
90.6;188;0;62
91.2;189;0;61
91.8;188;0;62
92.39999999999999;178;0;72
93.0;186;0;64
93.6;183;0;67
94.2;174;0;76
94.8;182;0;68
95.39999999999999;193;0;57
96.0;192;0;58
96.6;182;0;68
97.2;182;0;68
97.8;183;0;67
98.39999999999999;197;0;53
99.0;195;0;55
99.6;190;0;60
100.2;185;0;65
100.8;194;0;56
101.39999999999999;195;0;55
102.0;187;0;63
102.6;176;0;74
103.2;181;0;69
103.8;190;0;60
104.39999999999999;197;0;53
105.0;178;0;72
105.6;181;0;69
106.2;194;0;56
106.8;199;0;51
107.39999999999999;187;0;63
108.0;177;0;73
108.6;190;0;60
109.2;184;0;66
109.8;179;0;71
110.39999999999999;167;0;83
111.0;173;0;77
111.6;174;0;76
112.2;185;0;65
112.8;185;0;65
113.39999999999999;185;0;65
114.0;186;0;64
114.6;191;0;59
115.19999999999999;194;0;56
115.8;187;0;63
116.39999999999999;194;0;56
117.0;195;0;55
117.6;199;0;51
118.19999999999999;195;0;55
118.8;191;0;59
119.39999999999999;181;0;69
120.0;179;0;71
120.6;180;0;70
121.19999999999999;191;0;59
121.8;177;0;73
122.39999999999999;186;0;64
123.0;196;0;54
123.6;182;0;68
124.19999999999999;185;0;65
124.8;200;0;50
125.39999999999999;193;0;57
126.0;186;0;64
126.6;180;0;70
127.19999999999999;186;0;64
127.8;184;0;66
128.4;189;0;61
129.0;199;0;51
129.6;191;0;59
130.2;196;0;54
130.79999999999998;193;0;57
131.4;190;0;60
132.0;193;0;57
132.6;180;0;70
133.2;180;0;70
133.79999999999998;185;0;65
134.4;180;0;70
135.0;186;0;64
135.6;185;0;65
136.2;186;0;64
136.79999999999998;182;0;68
137.4;185;0;65
138.0;187;0;63
138.6;187;0;63
139.2;179;0;71
139.79999999999998;176;0;74
140.4;183;0;67
141.0;186;0;64
141.6;181;0;69
142.2;184;0;66
142.79999999999998;197;0;53
143.4;192;0;58
144.0;189;0;61
144.6;193;0;57
145.2;197;0;53
145.79999999999998;202;0;48
146.4;187;0;63
147.0;177;0;73
147.6;186;0;64
148.2;190;0;60
148.79999999999998;185;0;65
149.4;176;0;74
150.0;174;0;76
150.6;173;0;77
151.2;186;0;64
151.79999999999998;179;0;71
152.4;182;0;68
153.0;186;0;64
153.6;187;0;63
154.2;178;0;72
154.79999999999998;180;0;70
155.4;192;0;58
156.0;192;0;58
156.6;179;0;71
157.2;179;0;71
157.79999999999998;186;0;64
158.4;188;0;62
159.0;184;0;66
159.6;181;0;69
160.2;179;0;71
160.79999999999998;180;0;70
161.4;188;0;62
162.0;184;0;66
162.6;182;0;68
163.2;186;0;64
163.79999999999998;185;0;65
164.4;189;0;61
165.0;190;0;60
165.6;188;0;62
166.2;190;0;60
166.79999999999998;189;0;61
167.4;176;0;74
168.0;192;0;58
168.6;194;0;56
169.2;179;0;71
169.79999999999998;180;0;70
170.4;187;0;63
171.0;193;0;57
171.6;197;0;53
172.2;189;0;61
172.79999999999998;192;0;58
173.4;186;0;64
174.0;194;0;56
174.6;198;0;52
175.2;192;0;58
175.79999999999998;188;0;62
176.4;178;0;72
177.0;183;0;67
177.6;182;0;68
178.2;185;0;65
178.79999999999998;173;0;77
179.4;173;0;77
180.0;173;0;77
180.6;188;0;62
181.2;203;0;47
181.79999999999998;187;0;63
182.4;189;0;61
183.0;187;0;63
183.6;199;0;51
184.2;189;0;61
184.79999999999998;189;0;61
185.4;184;0;66
186.0;193;0;57
186.6;196;0;54
187.2;193;0;57
187.79999999999998;190;0;60
188.4;182;0;68
189.0;185;0;65
189.6;195;0;55
190.2;195;0;55
190.79999999999998;192;0;58
191.4;191;0;59
192.0;188;0;62
192.6;197;0;53
193.2;191;0;59
193.79999999999998;187;0;63
194.4;194;0;56
195.0;186;0;64
195.6;194;0;56
196.2;188;0;62
196.79999999999998;192;0;58
197.4;180;0;70
198.0;192;0;58
198.6;183;0;67
199.2;182;0;68
199.79999999999998;179;0;71
200.4;186;0;64
201.0;186;0;64
201.6;188;0;62
202.2;187;0;63
202.79999999999998;191;0;59
203.4;184;0;66
204.0;183;0;67
204.6;183;0;67
205.2;190;0;60
205.79999999999998;187;0;63
206.4;195;0;55
207.0;198;0;52
207.6;190;0;60
208.2;184;0;66
208.79999999999998;184;0;66
209.4;194;0;56
210.0;185;0;65
210.6;191;0;59
211.2;186;0;64
211.79999999999998;182;0;68
212.4;185;0;65
213.0;187;0;63
213.6;186;0;64
214.2;185;0;65
214.79999999999998;188;0;62
215.4;187;0;63
216.0;191;0;59
216.6;185;0;65
217.2;180;0;70
217.79999999999998;176;0;74
218.4;179;0;71
219.0;188;0;62
219.6;186;0;64
220.2;196;0;54
220.79999999999998;189;0;61
221.4;181;0;69
222.0;177;0;73
222.6;185;0;65
223.2;191;0;59
223.79999999999998;191;0;59
224.4;196;0;54
225.0;195;0;55
225.6;182;0;68
226.2;194;0;56
226.79999999999998;195;0;55
227.4;178;0;72
228.0;189;0;61
228.6;183;0;67
229.2;184;0;66
229.79999999999998;175;0;75
230.39999999999998;181;0;69
231.0;183;0;67
231.6;181;0;69
232.2;184;0;66
232.79999999999998;191;0;59
233.39999999999998;181;0;69
234.0;176;0;74
234.6;182;0;68
235.2;192;0;58
235.79999999999998;186;0;64
236.39999999999998;179;0;71
237.0;173;0;77
237.6;184;0;66
238.2;195;0;55
238.79999999999998;185;0;65
239.39999999999998;176;0;74
240.0;186;0;64
240.6;187;0;63
241.2;184;0;66
241.79999999999998;184;0;66
242.39999999999998;183;0;67
243.0;184;0;66
243.6;178;0;72
244.2;184;0;66
244.79999999999998;178;0;72
245.39999999999998;185;0;65
246.0;191;0;59
246.6;189;0;61
247.2;200;0;50
247.79999999999998;189;0;61
248.39999999999998;189;0;61
249.0;183;0;67
249.6;194;0;56
250.2;197;0;53
250.79999999999998;192;0;58
251.39999999999998;183;0;67
252.0;195;0;55
252.6;188;0;62
253.2;185;0;65
253.79999999999998;192;0;58
254.39999999999998;194;0;56
255.0;196;0;54
255.6;188;0;62
256.2;187;0;63
256.8;187;0;63
257.4;187;0;63
258.0;181;0;69
258.59999999999997;185;0;65
259.2;192;0;58
259.8;197;0;53
260.4;189;0;61
261.0;188;0;62
261.59999999999997;197;0;53
262.2;194;0;56
262.8;196;0;54
263.4;195;0;55
264.0;201;0;49
264.59999999999997;196;0;54
265.2;185;0;65
265.8;186;0;64
266.4;184;0;66
267.0;172;0;78
267.59999999999997;175;0;75
268.2;181;0;69
268.8;184;0;66
269.4;178;0;72
270.0;184;0;66
270.59999999999997;191;0;59
271.2;188;0;62
271.8;188;0;62
272.4;195;0;55
273.0;195;0;55
273.59999999999997;195;0;55
274.2;189;0;61
274.8;178;0;72
275.4;196;0;54
276.0;195;0;55
276.59999999999997;195;0;55
277.2;195;0;55
277.8;185;0;65
278.4;183;0;67
279.0;189;0;61
279.59999999999997;194;0;56
280.2;190;0;60
280.8;189;0;61
281.4;191;0;59
282.0;189;0;61
282.59999999999997;197;0;53
283.2;183;0;67
283.8;184;0;66
284.4;187;0;63
285.0;183;0;67
285.59999999999997;182;0;68
286.2;193;0;57
286.8;193;0;57
287.4;196;0;54
288.0;193;0;57
288.59999999999997;179;0;71
289.2;185;0;65
289.8;185;0;65
290.4;195;0;55
291.0;197;0;53
291.59999999999997;198;0;52
292.2;191;0;59
292.8;197;0;53
293.4;199;0;51
294.0;184;0;66
294.59999999999997;188;0;62
295.2;189;0;61
295.8;192;0;58
296.4;189;0;61
297.0;174;0;76
297.59999999999997;181;0;69
298.2;176;0;74
298.8;172;0;78
299.4;179;0;71
#auto generated file!
60.0;189;0;61
60.599999999999994;191;0;59
61.199999999999996;190;0;60
61.8;197;0;53
62.4;192;0;58
63.0;186;0;64
63.599999999999994;190;0;60
64.2;193;0;57
64.8;186;0;64
65.39999999999999;194;0;56
66.0;195;0;55
66.6;194;0;56
67.2;200;0;50
67.8;200;0;50
68.39999999999999;188;0;62
69.0;189;0;61
69.6;183;0;67
70.2;183;0;67
70.8;190;0;60
71.39999999999999;193;0;57
72.0;186;0;64
72.6;181;0;69
73.2;182;0;68
73.8;192;0;58
74.39999999999999;184;0;66
75.0;194;0;56
75.6;192;0;58
76.2;192;0;58
76.8;183;0;67
77.39999999999999;180;0;70
78.0;197;0;53
78.6;198;0;52
79.2;190;0;60
79.8;180;0;70
80.39999999999999;193;0;57
81.0;199;0;51
81.6;195;0;55
82.2;201;0;49
82.8;188;0;62
83.39999999999999;186;0;64
84.0;176;0;74
84.6;177;0;73
85.2;176;0;74
85.8;177;0;73
86.39999999999999;178;0;72
87.0;186;0;64
87.6;181;0;69
88.2;182;0;68
88.8;190;0;60
89.39999999999999;187;0;63
90.0;184;0;66
90.6;191;0;59
91.2;190;0;60
91.8;186;0;64
92.39999999999999;187;0;63
93.0;182;0;68
93.6;182;0;68
94.2;194;0;56
94.8;192;0;58
95.39999999999999;185;0;65
96.0;186;0;64
96.6;186;0;64
97.2;182;0;68
97.8;192;0;58
98.39999999999999;188;0;62
99.0;188;0;62
99.6;179;0;71
100.2;177;0;73
100.8;184;0;66
101.39999999999999;199;0;51
102.0;191;0;59
102.6;181;0;69
103.2;181;0;69
103.8;184;0;66
104.39999999999999;184;0;66
105.0;190;0;60
105.6;184;0;66
106.2;186;0;64
106.8;183;0;67
107.39999999999999;185;0;65
108.0;189;0;61
108.6;197;0;53
109.2;192;0;58
109.8;195;0;55
110.39999999999999;187;0;63
111.0;190;0;60
111.6;187;0;63
112.2;187;0;63
112.8;190;0;60
113.39999999999999;183;0;67
114.0;192;0;58
114.6;192;0;58
115.19999999999999;178;0;72
115.8;186;0;64
116.39999999999999;189;0;61
117.0;186;0;64
117.6;187;0;63
118.19999999999999;197;0;53
118.8;197;0;53
119.39999999999999;195;0;55
120.0;207;0;43
120.6;197;0;53
121.19999999999999;193;0;57
121.8;193;0;57
122.39999999999999;194;0;56
123.0;197;0;53
123.6;193;0;57
124.19999999999999;184;0;66
124.8;172;0;78
125.39999999999999;187;0;63
126.0;192;0;58
126.6;187;0;63
127.19999999999999;185;0;65
127.8;189;0;61
128.4;182;0;68
129.0;185;0;65
129.6;182;0;68
130.2;178;0;72
130.79999999999998;187;0;63
131.4;177;0;73
132.0;186;0;64
132.6;183;0;67
133.2;183;0;67
133.79999999999998;174;0;76
134.4;183;0;67
135.0;194;0;56
135.6;184;0;66
136.2;184;0;66
136.79999999999998;183;0;67
137.4;186;0;64
138.0;186;0;64
138.6;202;0;48
139.2;192;0;58
139.79999999999998;194;0;56
140.4;207;0;43
141.0;187;0;63
141.6;191;0;59
142.2;188;0;62
142.79999999999998;192;0;58
143.4;192;0;58
144.0;196;0;54
144.6;186;0;64
145.2;188;0;62
145.79999999999998;180;0;70
146.4;188;0;62
147.0;185;0;65
147.6;189;0;61
148.2;172;0;78
148.79999999999998;176;0;74
149.4;188;0;62
150.0;186;0;64
150.6;195;0;55
151.2;194;0;56
151.79999999999998;178;0;72
152.4;178;0;72
153.0;187;0;63
153.6;194;0;56
154.2;193;0;57
154.79999999999998;199;0;51
155.4;190;0;60
156.0;186;0;64
156.6;188;0;62
157.2;188;0;62
157.79999999999998;190;0;60
158.4;183;0;67
159.0;188;0;62
159.6;181;0;69
160.2;194;0;56
160.79999999999998;189;0;61
161.4;201;0;49
162.0;197;0;53
162.6;189;0;61
163.2;191;0;59
163.79999999999998;187;0;63
164.4;186;0;64
165.0;185;0;65
165.6;180;0;70
166.2;188;0;62
166.79999999999998;173;0;77
167.4;181;0;69
168.0;189;0;61
168.6;183;0;67
169.2;185;0;65
169.79999999999998;186;0;64
170.4;188;0;62
171.0;185;0;65
171.6;188;0;62
172.2;188;0;62
172.79999999999998;182;0;68
173.4;178;0;72
174.0;187;0;63
174.6;186;0;64
175.2;189;0;61
175.79999999999998;190;0;60
176.4;188;0;62
177.0;191;0;59
177.6;189;0;61
178.2;190;0;60
178.79999999999998;188;0;62
179.4;194;0;56
180.0;186;0;64
180.6;186;0;64
181.2;184;0;66
181.79999999999998;183;0;67
182.4;192;0;58
183.0;190;0;60
183.6;184;0;66
184.2;186;0;64
184.79999999999998;192;0;58
185.4;200;0;50
186.0;192;0;58
186.6;188;0;62
187.2;188;0;62
187.79999999999998;181;0;69
188.4;175;0;75
189.0;188;0;62
189.6;181;0;69
190.2;199;0;51
190.79999999999998;201;0;49
191.4;193;0;57
192.0;195;0;55
192.6;193;0;57
193.2;188;0;62
193.79999999999998;201;0;49
194.4;184;0;66
195.0;189;0;61
195.6;199;0;51
196.2;195;0;55
196.79999999999998;193;0;57
197.4;179;0;71
198.0;176;0;74
198.6;181;0;69
199.2;185;0;65
199.79999999999998;188;0;62
200.4;191;0;59
201.0;181;0;69
201.6;184;0;66
202.2;191;0;59
202.79999999999998;193;0;57
203.4;187;0;63
204.0;199;0;51
204.6;190;0;60
205.2;186;0;64
205.79999999999998;183;0;67
206.4;190;0;60
207.0;181;0;69
207.6;178;0;72
208.2;188;0;62
208.79999999999998;191;0;59
209.4;182;0;68
210.0;196;0;54
210.6;191;0;59
211.2;191;0;59
211.79999999999998;196;0;54
212.4;193;0;57
213.0;183;0;67
213.6;178;0;72
214.2;187;0;63
214.79999999999998;191;0;59
215.4;192;0;58
216.0;194;0;56
216.6;197;0;53
217.2;201;0;49
217.79999999999998;194;0;56
218.4;190;0;60
219.0;180;0;70
219.6;185;0;65
220.2;179;0;71
220.79999999999998;183;0;67
221.4;195;0;55
222.0;189;0;61
222.6;184;0;66
223.2;198;0;52
223.79999999999998;195;0;55
224.4;199;0;51
225.0;194;0;56
225.6;193;0;57
226.2;188;0;62
226.79999999999998;190;0;60
227.4;187;0;63
228.0;196;0;54
228.6;198;0;52
229.2;198;0;52
229.79999999999998;201;0;49
230.39999999999998;200;0;50
231.0;192;0;58
231.6;189;0;61
232.2;194;0;56
232.79999999999998;197;0;53
233.39999999999998;188;0;62
234.0;194;0;56
234.6;199;0;51
235.2;197;0;53
235.79999999999998;190;0;60
236.39999999999998;191;0;59
237.0;188;0;62
237.6;171;0;79
238.2;181;0;69
238.79999999999998;170;0;80
239.39999999999998;175;0;75
240.0;173;0;77
240.6;177;0;73
241.2;188;0;62
241.79999999999998;183;0;67
242.39999999999998;186;0;64
243.0;185;0;65
243.6;190;0;60
244.2;195;0;55
244.79999999999998;193;0;57
245.39999999999998;179;0;71
246.0;176;0;74
246.6;175;0;75
247.2;175;0;75
247.79999999999998;185;0;65
248.39999999999998;182;0;68
249.0;192;0;58
249.6;188;0;62
250.2;189;0;61
250.79999999999998;188;0;62
251.39999999999998;187;0;63
252.0;184;0;66
252.6;188;0;62
253.2;182;0;68
253.79999999999998;181;0;69
254.39999999999998;182;0;68
255.0;183;0;67
255.6;193;0;57
256.2;185;0;65
256.8;195;0;55
257.4;189;0;61
258.0;190;0;60
258.59999999999997;192;0;58
259.2;190;0;60
259.8;189;0;61
260.4;190;0;60
261.0;186;0;64
261.59999999999997;187;0;63
262.2;176;0;74
262.8;169;0;81
263.4;167;0;83
264.0;171;0;79
264.59999999999997;183;0;67
265.2;184;0;66
265.8;181;0;69
266.4;185;0;65
267.0;184;0;66
267.59999999999997;184;0;66
268.2;173;0;77
268.8;178;0;72
269.4;187;0;63
270.0;189;0;61
270.59999999999997;189;0;61
271.2;191;0;59
271.8;198;0;52
272.4;189;0;61
273.0;189;0;61
273.59999999999997;177;0;73
274.2;192;0;58
274.8;182;0;68
275.4;186;0;64
276.0;189;0;61
276.59999999999997;184;0;66
277.2;175;0;75
277.8;188;0;62
278.4;194;0;56
279.0;191;0;59
279.59999999999997;188;0;62
280.2;194;0;56
280.8;193;0;57
281.4;191;0;59
282.0;178;0;72
282.59999999999997;189;0;61
283.2;185;0;65
283.8;190;0;60
284.4;182;0;68
285.0;187;0;63
285.59999999999997;191;0;59
286.2;192;0;58
286.8;186;0;64
287.4;183;0;67
288.0;189;0;61
288.59999999999997;182;0;68
289.2;187;0;63
289.8;190;0;60
290.4;182;0;68
291.0;172;0;78
291.59999999999997;184;0;66
292.2;182;0;68
292.8;186;0;64
293.4;181;0;69
294.0;194;0;56
294.59999999999997;192;0;58
295.2;201;0;49
295.8;188;0;62
296.4;184;0;66
297.0;194;0;56
297.59999999999997;178;0;72
298.2;186;0;64
298.8;194;0;56
299.4;197;0;53
#auto generated file!
60.0;185;0;65
60.599999999999994;194;0;56
61.199999999999996;203;0;47
61.8;193;0;57
62.4;192;0;58
63.0;187;0;63
63.599999999999994;190;0;60
64.2;187;0;63
64.8;185;0;65
65.39999999999999;183;0;67
66.0;189;0;61
66.6;188;0;62
67.2;181;0;69
67.8;189;0;61
68.39999999999999;178;0;72
69.0;185;0;65
69.6;181;0;69
70.2;185;0;65
70.8;192;0;58
71.39999999999999;198;0;52
72.0;189;0;61
72.6;185;0;65
73.2;188;0;62
73.8;177;0;73
74.39999999999999;188;0;62
75.0;185;0;65
75.6;180;0;70
76.2;180;0;70
76.8;174;0;76
77.39999999999999;184;0;66
78.0;183;0;67
78.6;188;0;62
79.2;190;0;60
79.8;192;0;58
80.39999999999999;180;0;70
81.0;190;0;60
81.6;185;0;65
82.2;193;0;57
82.8;182;0;68
83.39999999999999;187;0;63
84.0;182;0;68
84.6;173;0;77
85.2;182;0;68
85.8;177;0;73
86.39999999999999;190;0;60
87.0;189;0;61
87.6;193;0;57
88.2;195;0;55
88.8;186;0;64
89.39999999999999;187;0;63
90.0;173;0;77
90.6;176;0;74
91.2;186;0;64
91.8;183;0;67
92.39999999999999;180;0;70
93.0;172;0;78
93.6;177;0;73
94.2;179;0;71
94.8;175;0;75
95.39999999999999;170;0;80
96.0;191;0;59
96.6;184;0;66
97.2;187;0;63
97.8;192;0;58
98.39999999999999;193;0;57
99.0;192;0;58
99.6;188;0;62
100.2;184;0;66
100.8;171;0;79
101.39999999999999;172;0;78
102.0;168;0;82
102.6;178;0;72
103.2;184;0;66
103.8;191;0;59
104.39999999999999;182;0;68
105.0;184;0;66
105.6;187;0;63
106.2;202;0;48
106.8;197;0;53
107.39999999999999;181;0;69
108.0;192;0;58
108.6;192;0;58
109.2;188;0;62
109.8;183;0;67
110.39999999999999;186;0;64
111.0;188;0;62
111.6;188;0;62
112.2;184;0;66
112.8;178;0;72
113.39999999999999;183;0;67
114.0;182;0;68
114.6;192;0;58
115.19999999999999;192;0;58
115.8;197;0;53
116.39999999999999;203;0;47
117.0;200;0;50
117.6;199;0;51
118.19999999999999;186;0;64
118.8;187;0;63
119.39999999999999;181;0;69
120.0;184;0;66
120.6;181;0;69
121.19999999999999;178;0;72
121.8;180;0;70
122.39999999999999;183;0;67
123.0;186;0;64
123.6;194;0;56
124.19999999999999;190;0;60
124.8;188;0;62
125.39999999999999;196;0;54
126.0;195;0;55
126.6;187;0;63
127.19999999999999;185;0;65
127.8;188;0;62
128.4;180;0;70
129.0;185;0;65
129.6;183;0;67
130.2;182;0;68
130.79999999999998;188;0;62
131.4;180;0;70
132.0;180;0;70
132.6;188;0;62
133.2;183;0;67
133.79999999999998;181;0;69
134.4;193;0;57
135.0;188;0;62
135.6;191;0;59
136.2;190;0;60
136.79999999999998;179;0;71
137.4;178;0;72
138.0;183;0;67
138.6;181;0;69
139.2;181;0;69
139.79999999999998;178;0;72
140.4;192;0;58
141.0;190;0;60
141.6;191;0;59
142.2;187;0;63
142.79999999999998;192;0;58
143.4;185;0;65
144.0;201;0;49
144.6;192;0;58
145.2;179;0;71
145.79999999999998;182;0;68
146.4;187;0;63
147.0;178;0;72
147.6;189;0;61
148.2;185;0;65
148.79999999999998;183;0;67
149.4;191;0;59
150.0;185;0;65
150.6;190;0;60
151.2;194;0;56
151.79999999999998;182;0;68
152.4;177;0;73
153.0;177;0;73
153.6;184;0;66
154.2;174;0;76
154.79999999999998;177;0;73
155.4;180;0;70
156.0;191;0;59
156.6;192;0;58
157.2;187;0;63
157.79999999999998;194;0;56
158.4;182;0;68
159.0;186;0;64
159.6;192;0;58
160.2;186;0;64
160.79999999999998;190;0;60
161.4;190;0;60
162.0;182;0;68
162.6;188;0;62
163.2;187;0;63
163.79999999999998;185;0;65
164.4;187;0;63
165.0;182;0;68
165.6;186;0;64
166.2;191;0;59
166.79999999999998;186;0;64
167.4;185;0;65
168.0;192;0;58
168.6;187;0;63
169.2;188;0;62
169.79999999999998;201;0;49
170.4;196;0;54
171.0;191;0;59
171.6;175;0;75
172.2;185;0;65
172.79999999999998;190;0;60
173.4;190;0;60
174.0;189;0;61
174.6;194;0;56
175.2;198;0;52
175.79999999999998;182;0;68
176.4;180;0;70
177.0;186;0;64
177.6;187;0;63
178.2;184;0;66
178.79999999999998;195;0;55
179.4;202;0;48
180.0;190;0;60
180.6;195;0;55
181.2;193;0;57
181.79999999999998;190;0;60
182.4;179;0;71
183.0;185;0;65
183.6;183;0;67
184.2;174;0;76
184.79999999999998;175;0;75
185.4;178;0;72
186.0;181;0;69
186.6;198;0;52
187.2;184;0;66
187.79999999999998;183;0;67
188.4;187;0;63
189.0;181;0;69
189.6;179;0;71
190.2;181;0;69
190.79999999999998;187;0;63
191.4;183;0;67
192.0;184;0;66
192.6;188;0;62
193.2;182;0;68
193.79999999999998;188;0;62
194.4;194;0;56
195.0;181;0;69
195.6;180;0;70
196.2;181;0;69
196.79999999999998;190;0;60
197.4;184;0;66
198.0;181;0;69
198.6;185;0;65
199.2;185;0;65
199.79999999999998;186;0;64
200.4;195;0;55
201.0;198;0;52
201.6;183;0;67
202.2;181;0;69
202.79999999999998;192;0;58
203.4;193;0;57
204.0;187;0;63
204.6;189;0;61
205.2;191;0;59
205.79999999999998;200;0;50
206.4;203;0;47
207.0;192;0;58
207.6;192;0;58
208.2;183;0;67
208.79999999999998;198;0;52
209.4;197;0;53
210.0;192;0;58
210.6;191;0;59
211.2;187;0;63
211.79999999999998;191;0;59
212.4;184;0;66
213.0;182;0;68
213.6;184;0;66
214.2;175;0;75
214.79999999999998;180;0;70
215.4;176;0;74
216.0;179;0;71
216.6;179;0;71
217.2;182;0;68
217.79999999999998;180;0;70
218.4;187;0;63
219.0;185;0;65
219.6;187;0;63
220.2;200;0;50
220.79999999999998;200;0;50
221.4;199;0;51
222.0;194;0;56
222.6;188;0;62
223.2;186;0;64
223.79999999999998;178;0;72
224.4;184;0;66
225.0;192;0;58
225.6;190;0;60
226.2;185;0;65
226.79999999999998;179;0;71
227.4;179;0;71
228.0;180;0;70
228.6;185;0;65
229.2;179;0;71
229.79999999999998;180;0;70
230.39999999999998;187;0;63
231.0;191;0;59
231.6;190;0;60
232.2;192;0;58
232.79999999999998;197;0;53
233.39999999999998;196;0;54
234.0;195;0;55
234.6;196;0;54
235.2;193;0;57
235.79999999999998;178;0;72
236.39999999999998;167;0;83
237.0;181;0;69
237.6;184;0;66
238.2;192;0;58
238.79999999999998;194;0;56
239.39999999999998;194;0;56
240.0;197;0;53
240.6;194;0;56
241.2;189;0;61
241.79999999999998;186;0;64
242.39999999999998;186;0;64
243.0;189;0;61
243.6;188;0;62
244.2;193;0;57
244.79999999999998;177;0;73
245.39999999999998;183;0;67
246.0;188;0;62
246.6;180;0;70
247.2;168;0;82
247.79999999999998;177;0;73
248.39999999999998;180;0;70
249.0;190;0;60
249.6;192;0;58
250.2;193;0;57
250.79999999999998;188;0;62
251.39999999999998;191;0;59
252.0;198;0;52
252.6;196;0;54
253.2;189;0;61
253.79999999999998;186;0;64
254.39999999999998;180;0;70
255.0;180;0;70
255.6;176;0;74
256.2;193;0;57
256.8;196;0;54
257.4;193;0;57
258.0;177;0;73
258.59999999999997;170;0;80
259.2;182;0;68
259.8;176;0;74
260.4;172;0;78
261.0;179;0;71
261.59999999999997;194;0;56
262.2;187;0;63
262.8;182;0;68
263.4;179;0;71
264.0;193;0;57
264.59999999999997;188;0;62
265.2;192;0;58
265.8;185;0;65
266.4;187;0;63
267.0;192;0;58
267.59999999999997;189;0;61
268.2;188;0;62
268.8;190;0;60
269.4;170;0;80
270.0;174;0;76
270.59999999999997;167;0;83
271.2;182;0;68
271.8;194;0;56
272.4;187;0;63
273.0;189;0;61
273.59999999999997;176;0;74
274.2;183;0;67
274.8;186;0;64
275.4;177;0;73
276.0;184;0;66
276.59999999999997;183;0;67
277.2;186;0;64
277.8;176;0;74
278.4;188;0;62
279.0;190;0;60
279.59999999999997;187;0;63
280.2;188;0;62
280.8;192;0;58
281.4;197;0;53
282.0;192;0;58
282.59999999999997;187;0;63
283.2;191;0;59
283.8;188;0;62
284.4;189;0;61
285.0;183;0;67
285.59999999999997;187;0;63
286.2;184;0;66
286.8;191;0;59
287.4;200;0;50
288.0;191;0;59
288.59999999999997;195;0;55
289.2;192;0;58
289.8;186;0;64
290.4;191;0;59
291.0;191;0;59
291.59999999999997;190;0;60
292.2;194;0;56
292.8;191;0;59
293.4;183;0;67
294.0;179;0;71
294.59999999999997;183;0;67
295.2;176;0;74
295.8;181;0;69
296.4;194;0;56
297.0;182;0;68
297.59999999999997;187;0;63
298.2;197;0;53
298.8;193;0;57
299.4;183;0;67
#auto generated file!
60.0;181;0;69
60.599999999999994;189;0;61
61.199999999999996;191;0;59
61.8;186;0;64
62.4;187;0;63
63.0;172;0;78
63.599999999999994;178;0;72
64.2;189;0;61
64.8;189;0;61
65.39999999999999;178;0;72
66.0;181;0;69
66.6;180;0;70
67.2;165;0;85
67.8;177;0;73
68.39999999999999;185;0;65
69.0;189;0;61
69.6;177;0;73
70.2;190;0;60
70.8;190;0;60
71.39999999999999;190;0;60
72.0;191;0;59
72.6;184;0;66
73.2;188;0;62
73.8;193;0;57
74.39999999999999;191;0;59
75.0;184;0;66
75.6;189;0;61
76.2;184;0;66
76.8;177;0;73
77.39999999999999;178;0;72
78.0;178;0;72
78.6;185;0;65
79.2;177;0;73
79.8;170;0;80
80.39999999999999;188;0;62
81.0;182;0;68
81.6;178;0;72
82.2;193;0;57
82.8;185;0;65
83.39999999999999;174;0;76
84.0;184;0;66
84.6;188;0;62
85.2;182;0;68
85.8;193;0;57
86.39999999999999;199;0;51
87.0;197;0;53
87.6;187;0;63
88.2;188;0;62
88.8;186;0;64
89.39999999999999;185;0;65
90.0;189;0;61
90.6;192;0;58
91.2;188;0;62
91.8;197;0;53
92.39999999999999;189;0;61
93.0;188;0;62
93.6;187;0;63
94.2;185;0;65
94.8;193;0;57
95.39999999999999;184;0;66
96.0;193;0;57
96.6;185;0;65
97.2;183;0;67
97.8;181;0;69
98.39999999999999;186;0;64
99.0;182;0;68
99.6;189;0;61
100.2;194;0;56
100.8;191;0;59
101.39999999999999;192;0;58
102.0;176;0;74
102.6;184;0;66
103.2;178;0;72
103.8;184;0;66
104.39999999999999;186;0;64
105.0;192;0;58
105.6;182;0;68
106.2;181;0;69
106.8;184;0;66
107.39999999999999;174;0;76
108.0;186;0;64
108.6;177;0;73
109.2;182;0;68
109.8;181;0;69
110.39999999999999;186;0;64
111.0;195;0;55
111.6;182;0;68
112.2;184;0;66
112.8;194;0;56
113.39999999999999;199;0;51
114.0;188;0;62
114.6;188;0;62
115.19999999999999;180;0;70
115.8;177;0;73
116.39999999999999;180;0;70
117.0;185;0;65
117.6;196;0;54
118.19999999999999;192;0;58
118.8;195;0;55
119.39999999999999;196;0;54
120.0;195;0;55
120.6;194;0;56
121.19999999999999;190;0;60
121.8;182;0;68
122.39999999999999;193;0;57
123.0;195;0;55
123.6;188;0;62
124.19999999999999;187;0;63
124.8;192;0;58
125.39999999999999;202;0;48
126.0;198;0;52
126.6;200;0;50
127.19999999999999;201;0;49
127.8;198;0;52
128.4;180;0;70
129.0;182;0;68
129.6;180;0;70
130.2;187;0;63
130.79999999999998;194;0;56
131.4;190;0;60
132.0;191;0;59
132.6;195;0;55
133.2;197;0;53
133.79999999999998;191;0;59
134.4;192;0;58
135.0;184;0;66
135.6;183;0;67
136.2;180;0;70
136.79999999999998;177;0;73
137.4;180;0;70
138.0;186;0;64
138.6;181;0;69
139.2;190;0;60
139.79999999999998;188;0;62
140.4;194;0;56
141.0;187;0;63
141.6;182;0;68
142.2;181;0;69
142.79999999999998;173;0;77
143.4;181;0;69
144.0;180;0;70
144.6;181;0;69
145.2;187;0;63
145.79999999999998;202;0;48
146.4;194;0;56
147.0;189;0;61
147.6;198;0;52
148.2;191;0;59
148.79999999999998;194;0;56
149.4;201;0;49
150.0;199;0;51
150.6;195;0;55
151.2;190;0;60
151.79999999999998;185;0;65
152.4;189;0;61
153.0;186;0;64
153.6;188;0;62
154.2;194;0;56
154.79999999999998;183;0;67
155.4;183;0;67
156.0;191;0;59
156.6;192;0;58
157.2;196;0;54
157.79999999999998;192;0;58
158.4;193;0;57
159.0;193;0;57
159.6;187;0;63
160.2;184;0;66
160.79999999999998;184;0;66
161.4;181;0;69
162.0;189;0;61
162.6;181;0;69
163.2;178;0;72
163.79999999999998;178;0;72
164.4;188;0;62
165.0;184;0;66
165.6;192;0;58
166.2;179;0;71
166.79999999999998;189;0;61
167.4;188;0;62
168.0;184;0;66
168.6;185;0;65
169.2;181;0;69
169.79999999999998;177;0;73
170.4;194;0;56
171.0;183;0;67
171.6;192;0;58
172.2;190;0;60
172.79999999999998;190;0;60
173.4;197;0;53
174.0;187;0;63
174.6;200;0;50
175.2;201;0;49
175.79999999999998;192;0;58
176.4;186;0;64
177.0;186;0;64
177.6;196;0;54
178.2;191;0;59
178.79999999999998;197;0;53
179.4;186;0;64
180.0;178;0;72
180.6;187;0;63
181.2;186;0;64
181.79999999999998;189;0;61
182.4;185;0;65
183.0;185;0;65
183.6;184;0;66
184.2;179;0;71
184.79999999999998;181;0;69
185.4;186;0;64
186.0;186;0;64
186.6;182;0;68
187.2;192;0;58
187.79999999999998;193;0;57
188.4;186;0;64
189.0;187;0;63
189.6;192;0;58
190.2;191;0;59
190.79999999999998;201;0;49
191.4;195;0;55
192.0;176;0;74
192.6;182;0;68
193.2;178;0;72
193.79999999999998;185;0;65
194.4;190;0;60
195.0;177;0;73
195.6;181;0;69
196.2;179;0;71
196.79999999999998;186;0;64
197.4;188;0;62
198.0;186;0;64
198.6;190;0;60
199.2;193;0;57
199.79999999999998;194;0;56
200.4;195;0;55
201.0;181;0;69
201.6;190;0;60
202.2;190;0;60
202.79999999999998;190;0;60
203.4;180;0;70
204.0;179;0;71
204.6;177;0;73
205.2;187;0;63
205.79999999999998;187;0;63
206.4;193;0;57
207.0;195;0;55
207.6;182;0;68
208.2;191;0;59
208.79999999999998;186;0;64
209.4;191;0;59
210.0;190;0;60
210.6;181;0;69
211.2;189;0;61
211.79999999999998;194;0;56
212.4;194;0;56
213.0;195;0;55
213.6;190;0;60
214.2;187;0;63
214.79999999999998;181;0;69
215.4;179;0;71
216.0;190;0;60
216.6;186;0;64
217.2;185;0;65
217.79999999999998;188;0;62
218.4;190;0;60
219.0;196;0;54
219.6;199;0;51
220.2;186;0;64
220.79999999999998;180;0;70
221.4;186;0;64
222.0;195;0;55
222.6;190;0;60
223.2;190;0;60
223.79999999999998;187;0;63
224.4;184;0;66
225.0;191;0;59
225.6;191;0;59
226.2;181;0;69
226.79999999999998;177;0;73
227.4;179;0;71
228.0;182;0;68
228.6;177;0;73
229.2;173;0;77
229.79999999999998;177;0;73
230.39999999999998;193;0;57
231.0;189;0;61
231.6;189;0;61
232.2;179;0;71
232.79999999999998;180;0;70
233.39999999999998;178;0;72
234.0;184;0;66
234.6;180;0;70
235.2;181;0;69
235.79999999999998;182;0;68
236.39999999999998;184;0;66
237.0;201;0;49
237.6;186;0;64
238.2;178;0;72
238.79999999999998;178;0;72
239.39999999999998;186;0;64
240.0;192;0;58
240.6;189;0;61
241.2;192;0;58
241.79999999999998;185;0;65
242.39999999999998;180;0;70
243.0;178;0;72
243.6;185;0;65
244.2;185;0;65
244.79999999999998;185;0;65
245.39999999999998;193;0;57
246.0;189;0;61
246.6;195;0;55
247.2;192;0;58
247.79999999999998;195;0;55
248.39999999999998;189;0;61
249.0;192;0;58
249.6;198;0;52
250.2;193;0;57
250.79999999999998;189;0;61
251.39999999999998;179;0;71
252.0;176;0;74
252.6;178;0;72
253.2;188;0;62
253.79999999999998;174;0;76
254.39999999999998;180;0;70
255.0;189;0;61
255.6;195;0;55
256.2;175;0;75
256.8;189;0;61
257.4;193;0;57
258.0;187;0;63
258.59999999999997;178;0;72
259.2;189;0;61
259.8;189;0;61
260.4;185;0;65
261.0;184;0;66
261.59999999999997;185;0;65
262.2;191;0;59
262.8;189;0;61
263.4;199;0;51
264.0;198;0;52
264.59999999999997;201;0;49
265.2;198;0;52
265.8;192;0;58
266.4;204;0;46
267.0;187;0;63
267.59999999999997;199;0;51
268.2;198;0;52
268.8;197;0;53
269.4;184;0;66
270.0;185;0;65
270.59999999999997;176;0;74
271.2;176;0;74
271.8;179;0;71
272.4;179;0;71
273.0;189;0;61
273.59999999999997;199;0;51
274.2;189;0;61
274.8;194;0;56
275.4;188;0;62
276.0;197;0;53
276.59999999999997;201;0;49
277.2;186;0;64
277.8;197;0;53
278.4;193;0;57
279.0;191;0;59
279.59999999999997;189;0;61
280.2;196;0;54
280.8;196;0;54
281.4;179;0;71
282.0;193;0;57
282.59999999999997;197;0;53
283.2;194;0;56
283.8;192;0;58
284.4;188;0;62
285.0;188;0;62
285.59999999999997;178;0;72
286.2;195;0;55
286.8;178;0;72
287.4;171;0;79
288.0;197;0;53
288.59999999999997;195;0;55
289.2;188;0;62
289.8;196;0;54
290.4;183;0;67
291.0;182;0;68
291.59999999999997;188;0;62
292.2;196;0;54
292.8;191;0;59
293.4;185;0;65
294.0;187;0;63
294.59999999999997;186;0;64
295.2;177;0;73
295.8;184;0;66
296.4;188;0;62
297.0;198;0;52
297.59999999999997;206;0;44
298.2;192;0;58
298.8;188;0;62
299.4;188;0;62
#auto generated file!
60.0;189;0;61
60.599999999999994;188;0;62
61.199999999999996;201;0;49
61.8;184;0;66
62.4;186;0;64
63.0;187;0;63
63.599999999999994;180;0;70
64.2;183;0;67
64.8;185;0;65
65.39999999999999;193;0;57
66.0;201;0;49
66.6;186;0;64
67.2;184;0;66
67.8;194;0;56
68.39999999999999;188;0;62
69.0;185;0;65
69.6;173;0;77
70.2;190;0;60
70.8;190;0;60
71.39999999999999;193;0;57
72.0;188;0;62
72.6;182;0;68
73.2;195;0;55
73.8;190;0;60
74.39999999999999;194;0;56
75.0;187;0;63
75.6;177;0;73
76.2;181;0;69
76.8;183;0;67
77.39999999999999;192;0;58
78.0;187;0;63
78.6;182;0;68
79.2;180;0;70
79.8;188;0;62
80.39999999999999;188;0;62
81.0;185;0;65
81.6;184;0;66
82.2;186;0;64
82.8;190;0;60
83.39999999999999;193;0;57
84.0;192;0;58
84.6;195;0;55
85.2;187;0;63
85.8;191;0;59
86.39999999999999;188;0;62
87.0;185;0;65
87.6;188;0;62
88.2;189;0;61
88.8;189;0;61
89.39999999999999;187;0;63
90.0;181;0;69
90.6;184;0;66
91.2;199;0;51
91.8;199;0;51
92.39999999999999;188;0;62
93.0;186;0;64
93.6;194;0;56
94.2;193;0;57
94.8;194;0;56
95.39999999999999;206;0;44
96.0;186;0;64
96.6;182;0;68
97.2;176;0;74
97.8;180;0;70
98.39999999999999;176;0;74
99.0;184;0;66
99.6;190;0;60
100.2;184;0;66
100.8;199;0;51
101.39999999999999;190;0;60
102.0;183;0;67
102.6;185;0;65
103.2;186;0;64
103.8;195;0;55
104.39999999999999;191;0;59
105.0;183;0;67
105.6;184;0;66
106.2;183;0;67
106.8;184;0;66
107.39999999999999;185;0;65
108.0;174;0;76
108.6;167;0;83
109.2;176;0;74
109.8;181;0;69
110.39999999999999;178;0;72
111.0;183;0;67
111.6;192;0;58
112.2;185;0;65
112.8;187;0;63
113.39999999999999;195;0;55
114.0;186;0;64
114.6;189;0;61
115.19999999999999;192;0;58
115.8;189;0;61
116.39999999999999;199;0;51
117.0;191;0;59
117.6;186;0;64
118.19999999999999;190;0;60
118.8;186;0;64
119.39999999999999;191;0;59
120.0;186;0;64
120.6;195;0;55
121.19999999999999;192;0;58
121.8;186;0;64
122.39999999999999;186;0;64
123.0;197;0;53
123.6;191;0;59
124.19999999999999;189;0;61
124.8;182;0;68
125.39999999999999;192;0;58
126.0;189;0;61
126.6;180;0;70
127.19999999999999;187;0;63
127.8;190;0;60
128.4;187;0;63
129.0;200;0;50
129.6;188;0;62
130.2;182;0;68
130.79999999999998;175;0;75
131.4;188;0;62
132.0;188;0;62
132.6;181;0;69
133.2;184;0;66
133.79999999999998;187;0;63
134.4;172;0;78
135.0;171;0;79
135.6;179;0;71
136.2;173;0;77
136.79999999999998;179;0;71
137.4;169;0;81
138.0;170;0;80
138.6;178;0;72
139.2;190;0;60
139.79999999999998;181;0;69
140.4;181;0;69
141.0;187;0;63
141.6;202;0;48
142.2;198;0;52
142.79999999999998;183;0;67
143.4;187;0;63
144.0;183;0;67
144.6;191;0;59
145.2;185;0;65
145.79999999999998;195;0;55
146.4;182;0;68
147.0;187;0;63
147.6;177;0;73
148.2;184;0;66
148.79999999999998;185;0;65
149.4;181;0;69
150.0;178;0;72
150.6;184;0;66
151.2;182;0;68
151.79999999999998;192;0;58
152.4;194;0;56
153.0;182;0;68
153.6;189;0;61
154.2;194;0;56
154.79999999999998;186;0;64
155.4;185;0;65
156.0;183;0;67
156.6;191;0;59
157.2;190;0;60
157.79999999999998;191;0;59
158.4;187;0;63
159.0;192;0;58
159.6;195;0;55
160.2;190;0;60
160.79999999999998;196;0;54
161.4;189;0;61
162.0;195;0;55
162.6;189;0;61
163.2;182;0;68
163.79999999999998;190;0;60
164.4;187;0;63
165.0;190;0;60
165.6;183;0;67
166.2;193;0;57
166.79999999999998;182;0;68
167.4;182;0;68
168.0;190;0;60
168.6;189;0;61
169.2;195;0;55
169.79999999999998;197;0;53
170.4;188;0;62
171.0;191;0;59
171.6;189;0;61
172.2;194;0;56
172.79999999999998;192;0;58
173.4;192;0;58
174.0;194;0;56
174.6;197;0;53
175.2;194;0;56
175.79999999999998;190;0;60
176.4;199;0;51
177.0;190;0;60
177.6;196;0;54
178.2;190;0;60
178.79999999999998;195;0;55
179.4;179;0;71
180.0;182;0;68
180.6;179;0;71
181.2;173;0;77
181.79999999999998;172;0;78
182.4;189;0;61
183.0;176;0;74
183.6;182;0;68
184.2;187;0;63
184.79999999999998;181;0;69
185.4;183;0;67
186.0;187;0;63
186.6;180;0;70
187.2;200;0;50
187.79999999999998;184;0;66
188.4;192;0;58
189.0;188;0;62
189.6;191;0;59
190.2;186;0;64
190.79999999999998;188;0;62
191.4;183;0;67
192.0;196;0;54
192.6;194;0;56
193.2;188;0;62
193.79999999999998;195;0;55
194.4;205;0;45
195.0;194;0;56
195.6;195;0;55
196.2;201;0;49
196.79999999999998;195;0;55
197.4;191;0;59
198.0;195;0;55
198.6;191;0;59
199.2;194;0;56
199.79999999999998;194;0;56
200.4;192;0;58
201.0;180;0;70
201.6;177;0;73
202.2;168;0;82
202.79999999999998;172;0;78
203.4;194;0;56
204.0;189;0;61
204.6;192;0;58
205.2;186;0;64
205.79999999999998;181;0;69
206.4;189;0;61
207.0;194;0;56
207.6;190;0;60
208.2;184;0;66
208.79999999999998;181;0;69
209.4;194;0;56
210.0;192;0;58
210.6;191;0;59
211.2;191;0;59
211.79999999999998;189;0;61
212.4;188;0;62
213.0;197;0;53
213.6;194;0;56
214.2;200;0;50
214.79999999999998;191;0;59
215.4;182;0;68
216.0;180;0;70
216.6;179;0;71
217.2;176;0;74
217.79999999999998;185;0;65
218.4;190;0;60
219.0;189;0;61
219.6;187;0;63
220.2;183;0;67
220.79999999999998;183;0;67
221.4;190;0;60
222.0;176;0;74
222.6;172;0;78
223.2;184;0;66
223.79999999999998;187;0;63
224.4;182;0;68
225.0;187;0;63
225.6;189;0;61
226.2;183;0;67
226.79999999999998;180;0;70
227.4;190;0;60
228.0;192;0;58
228.6;182;0;68
229.2;190;0;60
229.79999999999998;200;0;50
230.39999999999998;183;0;67
231.0;177;0;73
231.6;181;0;69
232.2;186;0;64
232.79999999999998;180;0;70
233.39999999999998;192;0;58
234.0;193;0;57
234.6;191;0;59
235.2;191;0;59
235.79999999999998;190;0;60
236.39999999999998;197;0;53
237.0;199;0;51
237.6;194;0;56
238.2;190;0;60
238.79999999999998;186;0;64
239.39999999999998;192;0;58
240.0;193;0;57
240.6;188;0;62
241.2;191;0;59
241.79999999999998;193;0;57
242.39999999999998;184;0;66
243.0;178;0;72
243.6;192;0;58
244.2;185;0;65
244.79999999999998;191;0;59
245.39999999999998;180;0;70
246.0;184;0;66
246.6;197;0;53
247.2;189;0;61
247.79999999999998;186;0;64
248.39999999999998;178;0;72
249.0;194;0;56
249.6;193;0;57
250.2;188;0;62
250.79999999999998;188;0;62
251.39999999999998;191;0;59
252.0;189;0;61
252.6;189;0;61
253.2;184;0;66
253.79999999999998;184;0;66
254.39999999999998;178;0;72
255.0;181;0;69
255.6;183;0;67
256.2;184;0;66
256.8;182;0;68
257.4;192;0;58
258.0;180;0;70
258.59999999999997;188;0;62
259.2;188;0;62
259.8;186;0;64
260.4;185;0;65
261.0;170;0;80
261.59999999999997;174;0;76
262.2;186;0;64
262.8;180;0;70
263.4;176;0;74
264.0;167;0;83
264.59999999999997;179;0;71
265.2;180;0;70
265.8;191;0;59
266.4;191;0;59
267.0;196;0;54
267.59999999999997;198;0;52
268.2;195;0;55
268.8;191;0;59
269.4;191;0;59
270.0;183;0;67
270.59999999999997;181;0;69
271.2;184;0;66
271.8;183;0;67
272.4;186;0;64
273.0;190;0;60
273.59999999999997;187;0;63
274.2;183;0;67
274.8;185;0;65
275.4;196;0;54
276.0;188;0;62
276.59999999999997;190;0;60
277.2;190;0;60
277.8;192;0;58
278.4;195;0;55
279.0;191;0;59
279.59999999999997;186;0;64
280.2;191;0;59
280.8;184;0;66
281.4;168;0;82
282.0;179;0;71
282.59999999999997;182;0;68
283.2;190;0;60
283.8;195;0;55
284.4;199;0;51
285.0;195;0;55
285.59999999999997;187;0;63
286.2;179;0;71
286.8;175;0;75
287.4;179;0;71
288.0;190;0;60
288.59999999999997;183;0;67
289.2;177;0;73
289.8;187;0;63
290.4;186;0;64
291.0;189;0;61
291.59999999999997;186;0;64
292.2;193;0;57
292.8;188;0;62
293.4;189;0;61
294.0;184;0;66
294.59999999999997;185;0;65
295.2;189;0;61
295.8;187;0;63
296.4;191;0;59
297.0;184;0;66
297.59999999999997;189;0;61
298.2;182;0;68
298.8;176;0;74
299.4;194;0;56
#auto generated file!
60.0;176;0;74
60.599999999999994;179;0;71
61.199999999999996;178;0;72
61.8;182;0;68
62.4;177;0;73
63.0;182;0;68
63.599999999999994;180;0;70
64.2;184;0;66
64.8;186;0;64
65.39999999999999;193;0;57
66.0;194;0;56
66.6;192;0;58
67.2;193;0;57
67.8;200;0;50
68.39999999999999;195;0;55
69.0;198;0;52
69.6;194;0;56
70.2;188;0;62
70.8;192;0;58
71.39999999999999;181;0;69
72.0;190;0;60
72.6;183;0;67
73.2;190;0;60
73.8;183;0;67
74.39999999999999;186;0;64
75.0;194;0;56
75.6;200;0;50
76.2;195;0;55
76.8;195;0;55
77.39999999999999;193;0;57
78.0;180;0;70
78.6;181;0;69
79.2;187;0;63
79.8;191;0;59
80.39999999999999;181;0;69
81.0;182;0;68
81.6;181;0;69
82.2;196;0;54
82.8;193;0;57
83.39999999999999;196;0;54
84.0;204;0;46
84.6;198;0;52
85.2;190;0;60
85.8;178;0;72
86.39999999999999;186;0;64
87.0;193;0;57
87.6;188;0;62
88.2;202;0;48
88.8;206;0;44
89.39999999999999;189;0;61
90.0;176;0;74
90.6;188;0;62
91.2;180;0;70
91.8;174;0;76
92.39999999999999;178;0;72
93.0;179;0;71
93.6;185;0;65
94.2;188;0;62
94.8;190;0;60
95.39999999999999;181;0;69
96.0;178;0;72
96.6;180;0;70
97.2;192;0;58
97.8;182;0;68
98.39999999999999;190;0;60
99.0;183;0;67
99.6;193;0;57
100.2;194;0;56
100.8;196;0;54
101.39999999999999;192;0;58
102.0;195;0;55
102.6;189;0;61
103.2;192;0;58
103.8;187;0;63
104.39999999999999;196;0;54
105.0;196;0;54
105.6;196;0;54
106.2;197;0;53
106.8;198;0;52
107.39999999999999;189;0;61
108.0;189;0;61
108.6;184;0;66
109.2;189;0;61
109.8;192;0;58
110.39999999999999;188;0;62
111.0;185;0;65
111.6;187;0;63
112.2;183;0;67
112.8;187;0;63
113.39999999999999;181;0;69
114.0;179;0;71
114.6;185;0;65
115.19999999999999;180;0;70
115.8;180;0;70
116.39999999999999;177;0;73
117.0;177;0;73
117.6;182;0;68
118.19999999999999;189;0;61
118.8;201;0;49
119.39999999999999;202;0;48
120.0;197;0;53
120.6;181;0;69
121.19999999999999;181;0;69
121.8;173;0;77
122.39999999999999;189;0;61
123.0;187;0;63
123.6;187;0;63
124.19999999999999;190;0;60
124.8;186;0;64
125.39999999999999;187;0;63
126.0;185;0;65
126.6;189;0;61
127.19999999999999;178;0;72
127.8;180;0;70
128.4;183;0;67
129.0;181;0;69
129.6;191;0;59
130.2;189;0;61
130.79999999999998;192;0;58
131.4;188;0;62
132.0;196;0;54
132.6;191;0;59
133.2;190;0;60
133.79999999999998;174;0;76
134.4;192;0;58
135.0;187;0;63
135.6;194;0;56
136.2;194;0;56
136.79999999999998;188;0;62
137.4;189;0;61
138.0;196;0;54
138.6;187;0;63
139.2;186;0;64
139.79999999999998;186;0;64
140.4;190;0;60
141.0;191;0;59
141.6;186;0;64
142.2;182;0;68
142.79999999999998;187;0;63
143.4;191;0;59
144.0;182;0;68
144.6;189;0;61
145.2;195;0;55
145.79999999999998;198;0;52
146.4;197;0;53
147.0;194;0;56
147.6;191;0;59
148.2;199;0;51
148.79999999999998;190;0;60
149.4;184;0;66
150.0;183;0;67
150.6;188;0;62
151.2;189;0;61
151.79999999999998;193;0;57
152.4;186;0;64
153.0;186;0;64
153.6;186;0;64
154.2;193;0;57
154.79999999999998;184;0;66
155.4;186;0;64
156.0;182;0;68
156.6;181;0;69
157.2;188;0;62
157.79999999999998;172;0;78
158.4;183;0;67
159.0;181;0;69
159.6;191;0;59
160.2;191;0;59
160.79999999999998;191;0;59
161.4;192;0;58
162.0;194;0;56
162.6;193;0;57
163.2;199;0;51
163.79999999999998;190;0;60
164.4;195;0;55
165.0;189;0;61
165.6;189;0;61
166.2;186;0;64
166.79999999999998;185;0;65
167.4;175;0;75
168.0;169;0;81
168.6;192;0;58
169.2;193;0;57
169.79999999999998;188;0;62
170.4;187;0;63
171.0;189;0;61
171.6;199;0;51
172.2;204;0;46
172.79999999999998;205;0;45
173.4;201;0;49
174.0;199;0;51
174.6;201;0;49
175.2;200;0;50
175.79999999999998;197;0;53
176.4;194;0;56
177.0;196;0;54
177.6;191;0;59
178.2;191;0;59
178.79999999999998;187;0;63
179.4;184;0;66
180.0;188;0;62
180.6;193;0;57
181.2;200;0;50
181.79999999999998;197;0;53
182.4;193;0;57
183.0;177;0;73
183.6;189;0;61
184.2;197;0;53
184.79999999999998;195;0;55
185.4;196;0;54
186.0;198;0;52
186.6;193;0;57
187.2;193;0;57
187.79999999999998;172;0;78
188.4;171;0;79
189.0;170;0;80
189.6;182;0;68
190.2;181;0;69
190.79999999999998;194;0;56
191.4;193;0;57
192.0;185;0;65
192.6;177;0;73
193.2;182;0;68
193.79999999999998;184;0;66
194.4;186;0;64
195.0;188;0;62
195.6;180;0;70
196.2;180;0;70
196.79999999999998;177;0;73
197.4;176;0;74
198.0;178;0;72
198.6;186;0;64
199.2;184;0;66
199.79999999999998;186;0;64
200.4;191;0;59
201.0;190;0;60
201.6;188;0;62
202.2;189;0;61
202.79999999999998;190;0;60
203.4;180;0;70
204.0;180;0;70
204.6;180;0;70
205.2;189;0;61
205.79999999999998;187;0;63
206.4;173;0;77
207.0;178;0;72
207.6;175;0;75
208.2;180;0;70
208.79999999999998;180;0;70
209.4;183;0;67
210.0;194;0;56
210.6;187;0;63
211.2;195;0;55
211.79999999999998;188;0;62
212.4;191;0;59
213.0;186;0;64
213.6;179;0;71
214.2;177;0;73
214.79999999999998;175;0;75
215.4;185;0;65
216.0;203;0;47
216.6;198;0;52
217.2;203;0;47
217.79999999999998;197;0;53
218.4;196;0;54
219.0;197;0;53
219.6;204;0;46
220.2;197;0;53
220.79999999999998;202;0;48
221.4;201;0;49
222.0;193;0;57
222.6;201;0;49
223.2;191;0;59
223.79999999999998;185;0;65
224.4;192;0;58
225.0;188;0;62
225.6;198;0;52
226.2;198;0;52
226.79999999999998;186;0;64
227.4;187;0;63
228.0;179;0;71
228.6;187;0;63
229.2;192;0;58
229.79999999999998;184;0;66
230.39999999999998;186;0;64
231.0;196;0;54
231.6;195;0;55
232.2;191;0;59
232.79999999999998;195;0;55
233.39999999999998;187;0;63
234.0;180;0;70
234.6;179;0;71
235.2;179;0;71
235.79999999999998;180;0;70
236.39999999999998;187;0;63
237.0;193;0;57
237.6;203;0;47
238.2;204;0;46
238.79999999999998;204;0;46
239.39999999999998;199;0;51
240.0;197;0;53
240.6;193;0;57
241.2;188;0;62
241.79999999999998;184;0;66
242.39999999999998;188;0;62
243.0;179;0;71
243.6;175;0;75
244.2;177;0;73
244.79999999999998;185;0;65
245.39999999999998;199;0;51
246.0;198;0;52
246.6;192;0;58
247.2;192;0;58
247.79999999999998;190;0;60
248.39999999999998;184;0;66
249.0;205;0;45
249.6;193;0;57
250.2;202;0;48
250.79999999999998;193;0;57
251.39999999999998;189;0;61
252.0;189;0;61
252.6;193;0;57
253.2;190;0;60
253.79999999999998;191;0;59
254.39999999999998;189;0;61
255.0;185;0;65
255.6;188;0;62
256.2;189;0;61
256.8;185;0;65
257.4;191;0;59
258.0;192;0;58
258.59999999999997;194;0;56
259.2;186;0;64
259.8;192;0;58
260.4;184;0;66
261.0;198;0;52
261.59999999999997;191;0;59
262.2;183;0;67
262.8;181;0;69
263.4;181;0;69
264.0;188;0;62
264.59999999999997;186;0;64
265.2;192;0;58
265.8;195;0;55
266.4;194;0;56
267.0;197;0;53
267.59999999999997;191;0;59
268.2;196;0;54
268.8;201;0;49
269.4;197;0;53
270.0;192;0;58
270.59999999999997;185;0;65
271.2;177;0;73
271.8;188;0;62
272.4;188;0;62
273.0;191;0;59
273.59999999999997;189;0;61
274.2;189;0;61
274.8;186;0;64
275.4;189;0;61
276.0;198;0;52
276.59999999999997;193;0;57
277.2;207;0;43
277.8;191;0;59
278.4;195;0;55
279.0;199;0;51
279.59999999999997;189;0;61
280.2;184;0;66
280.8;191;0;59
281.4;196;0;54
282.0;186;0;64
282.59999999999997;184;0;66
283.2;190;0;60
283.8;195;0;55
284.4;189;0;61
285.0;193;0;57
285.59999999999997;194;0;56
286.2;190;0;60
286.8;190;0;60
287.4;190;0;60
288.0;190;0;60
288.59999999999997;194;0;56
289.2;190;0;60
289.8;181;0;69
290.4;191;0;59
291.0;196;0;54
291.59999999999997;194;0;56
292.2;200;0;50
292.8;192;0;58
293.4;194;0;56
294.0;186;0;64
294.59999999999997;185;0;65
295.2;180;0;70
295.8;175;0;75
296.4;174;0;76
297.0;186;0;64
297.59999999999997;189;0;61
298.2;191;0;59
298.8;197;0;53
299.4;194;0;56
#auto generated file!
60.0;179;0;71
60.599999999999994;181;0;69
61.199999999999996;193;0;57
61.8;187;0;63
62.4;194;0;56
63.0;188;0;62
63.599999999999994;192;0;58
64.2;189;0;61
64.8;190;0;60
65.39999999999999;187;0;63
66.0;179;0;71
66.6;176;0;74
67.2;187;0;63
67.8;187;0;63
68.39999999999999;203;0;47
69.0;199;0;51
69.6;191;0;59
70.2;188;0;62
70.8;186;0;64
71.39999999999999;183;0;67
72.0;187;0;63
72.6;193;0;57
73.2;192;0;58
73.8;183;0;67
74.39999999999999;187;0;63
75.0;187;0;63
75.6;180;0;70
76.2;178;0;72
76.8;192;0;58
77.39999999999999;176;0;74
78.0;182;0;68
78.6;186;0;64
79.2;173;0;77
79.8;172;0;78
80.39999999999999;184;0;66
81.0;189;0;61
81.6;184;0;66
82.2;183;0;67
82.8;196;0;54
83.39999999999999;190;0;60
84.0;181;0;69
84.6;186;0;64
85.2;185;0;65
85.8;183;0;67
86.39999999999999;180;0;70
87.0;187;0;63
87.6;196;0;54
88.2;180;0;70
88.8;180;0;70
89.39999999999999;182;0;68
90.0;185;0;65
90.6;182;0;68
91.2;182;0;68
91.8;180;0;70
92.39999999999999;185;0;65
93.0;189;0;61
93.6;190;0;60
94.2;191;0;59
94.8;183;0;67
95.39999999999999;179;0;71
96.0;195;0;55
96.6;185;0;65
97.2;187;0;63
97.8;185;0;65
98.39999999999999;194;0;56
99.0;189;0;61
99.6;202;0;48
100.2;192;0;58
100.8;180;0;70
101.39999999999999;184;0;66
102.0;182;0;68
102.6;196;0;54
103.2;185;0;65
103.8;177;0;73
104.39999999999999;190;0;60
105.0;185;0;65
105.6;192;0;58
106.2;184;0;66
106.8;187;0;63
107.39999999999999;190;0;60
108.0;190;0;60
108.6;193;0;57
109.2;182;0;68
109.8;189;0;61
110.39999999999999;186;0;64
111.0;191;0;59
111.6;196;0;54
112.2;188;0;62
112.8;198;0;52
113.39999999999999;194;0;56
114.0;189;0;61
114.6;178;0;72
115.19999999999999;175;0;75
115.8;183;0;67
116.39999999999999;185;0;65
117.0;202;0;48
117.6;194;0;56
118.19999999999999;181;0;69
118.8;178;0;72
119.39999999999999;182;0;68
120.0;176;0;74
120.6;176;0;74
121.19999999999999;182;0;68
121.8;181;0;69
122.39999999999999;185;0;65
123.0;178;0;72
123.6;178;0;72
124.19999999999999;180;0;70
124.8;184;0;66
125.39999999999999;196;0;54
126.0;187;0;63
126.6;187;0;63
127.19999999999999;179;0;71
127.8;181;0;69
128.4;189;0;61
129.0;196;0;54
129.6;196;0;54
130.2;198;0;52
130.79999999999998;191;0;59
131.4;198;0;52
132.0;196;0;54
132.6;194;0;56
133.2;200;0;50
133.79999999999998;198;0;52
134.4;195;0;55
135.0;192;0;58
135.6;185;0;65
136.2;202;0;48
136.79999999999998;201;0;49
137.4;192;0;58
138.0;185;0;65
138.6;188;0;62
139.2;187;0;63
139.79999999999998;188;0;62
140.4;189;0;61
141.0;189;0;61
141.6;197;0;53
142.2;186;0;64
142.79999999999998;190;0;60
143.4;192;0;58
144.0;191;0;59
144.6;186;0;64
145.2;183;0;67
145.79999999999998;178;0;72
146.4;185;0;65
147.0;184;0;66
147.6;183;0;67
148.2;181;0;69
148.79999999999998;190;0;60
149.4;186;0;64
150.0;179;0;71
150.6;181;0;69
151.2;174;0;76
151.79999999999998;182;0;68
152.4;183;0;67
153.0;187;0;63
153.6;187;0;63
154.2;198;0;52
154.79999999999998;186;0;64
155.4;184;0;66
156.0;178;0;72
156.6;184;0;66
157.2;179;0;71
157.79999999999998;169;0;81
158.4;192;0;58
159.0;201;0;49
159.6;202;0;48
160.2;199;0;51
160.79999999999998;194;0;56
161.4;195;0;55
162.0;187;0;63
162.6;189;0;61
163.2;196;0;54
163.79999999999998;188;0;62
164.4;197;0;53
165.0;199;0;51
165.6;195;0;55
166.2;200;0;50
166.79999999999998;200;0;50
167.4;199;0;51
168.0;204;0;46
168.6;192;0;58
169.2;190;0;60
169.79999999999998;184;0;66
170.4;180;0;70
171.0;184;0;66
171.6;196;0;54
172.2;184;0;66
172.79999999999998;190;0;60
173.4;183;0;67
174.0;187;0;63
174.6;179;0;71
175.2;179;0;71
175.79999999999998;174;0;76
176.4;183;0;67
177.0;172;0;78
177.6;183;0;67
178.2;193;0;57
178.79999999999998;192;0;58
179.4;194;0;56
180.0;188;0;62
180.6;192;0;58
181.2;184;0;66
181.79999999999998;198;0;52
182.4;195;0;55
183.0;189;0;61
183.6;187;0;63
184.2;188;0;62
184.79999999999998;189;0;61
185.4;180;0;70
186.0;175;0;75
186.6;178;0;72
187.2;177;0;73
187.79999999999998;177;0;73
188.4;184;0;66
189.0;189;0;61
189.6;181;0;69
190.2;183;0;67
190.79999999999998;184;0;66
191.4;195;0;55
192.0;188;0;62
192.6;192;0;58
193.2;191;0;59
193.79999999999998;183;0;67
194.4;181;0;69
195.0;178;0;72
195.6;187;0;63
196.2;186;0;64
196.79999999999998;184;0;66
197.4;190;0;60
198.0;194;0;56
198.6;184;0;66
199.2;200;0;50
199.79999999999998;193;0;57
200.4;192;0;58
201.0;182;0;68
201.6;180;0;70
202.2;187;0;63
202.79999999999998;183;0;67
203.4;193;0;57
204.0;186;0;64
204.6;182;0;68
205.2;188;0;62
205.79999999999998;195;0;55
206.4;183;0;67
207.0;181;0;69
207.6;180;0;70
208.2;188;0;62
208.79999999999998;180;0;70
209.4;192;0;58
210.0;195;0;55
210.6;194;0;56
211.2;184;0;66
211.79999999999998;189;0;61
212.4;186;0;64
213.0;201;0;49
213.6;195;0;55
214.2;198;0;52
214.79999999999998;191;0;59
215.4;197;0;53
216.0;196;0;54
216.6;187;0;63
217.2;185;0;65
217.79999999999998;188;0;62
218.4;191;0;59
219.0;194;0;56
219.6;188;0;62
220.2;186;0;64
220.79999999999998;193;0;57
221.4;184;0;66
222.0;180;0;70
222.6;189;0;61
223.2;185;0;65
223.79999999999998;181;0;69
224.4;194;0;56
225.0;191;0;59
225.6;191;0;59
226.2;188;0;62
226.79999999999998;180;0;70
227.4;181;0;69
228.0;190;0;60
228.6;182;0;68
229.2;192;0;58
229.79999999999998;184;0;66
230.39999999999998;182;0;68
231.0;173;0;77
231.6;181;0;69
232.2;190;0;60
232.79999999999998;202;0;48
233.39999999999998;192;0;58
234.0;200;0;50
234.6;193;0;57
235.2;183;0;67
235.79999999999998;185;0;65
236.39999999999998;176;0;74
237.0;186;0;64
237.6;182;0;68
238.2;171;0;79
238.79999999999998;176;0;74
239.39999999999998;175;0;75
240.0;177;0;73
240.6;188;0;62
241.2;186;0;64
241.79999999999998;193;0;57
242.39999999999998;199;0;51
243.0;195;0;55
243.6;189;0;61
244.2;192;0;58
244.79999999999998;196;0;54
245.39999999999998;194;0;56
246.0;191;0;59
246.6;191;0;59
247.2;192;0;58
247.79999999999998;183;0;67
248.39999999999998;187;0;63
249.0;193;0;57
249.6;184;0;66
250.2;171;0;79
250.79999999999998;178;0;72
251.39999999999998;191;0;59
252.0;194;0;56
252.6;191;0;59
253.2;195;0;55
253.79999999999998;196;0;54
254.39999999999998;189;0;61
255.0;197;0;53
255.6;205;0;45
256.2;195;0;55
256.8;187;0;63
257.4;187;0;63
258.0;190;0;60
258.59999999999997;186;0;64
259.2;180;0;70
259.8;181;0;69
260.4;181;0;69
261.0;184;0;66
261.59999999999997;189;0;61
262.2;191;0;59
262.8;189;0;61
263.4;185;0;65
264.0;186;0;64
264.59999999999997;187;0;63
265.2;203;0;47
265.8;174;0;76
266.4;182;0;68
267.0;182;0;68
267.59999999999997;186;0;64
268.2;187;0;63
268.8;190;0;60
269.4;188;0;62
270.0;184;0;66
270.59999999999997;196;0;54
271.2;191;0;59
271.8;183;0;67
272.4;175;0;75
273.0;178;0;72
273.59999999999997;184;0;66
274.2;187;0;63
274.8;182;0;68
275.4;186;0;64
276.0;188;0;62
276.59999999999997;180;0;70
277.2;173;0;77
277.8;188;0;62
278.4;196;0;54
279.0;182;0;68
279.59999999999997;178;0;72
280.2;183;0;67
280.8;180;0;70
281.4;181;0;69
282.0;175;0;75
282.59999999999997;174;0;76
283.2;186;0;64
283.8;188;0;62
284.4;192;0;58
285.0;185;0;65
285.59999999999997;187;0;63
286.2;200;0;50
286.8;188;0;62
287.4;198;0;52
288.0;195;0;55
288.59999999999997;181;0;69
289.2;185;0;65
289.8;178;0;72
290.4;188;0;62
291.0;179;0;71
291.59999999999997;184;0;66
292.2;190;0;60
292.8;204;0;46
293.4;194;0;56
294.0;199;0;51
294.59999999999997;197;0;53
295.2;190;0;60
295.8;183;0;67
296.4;178;0;72
297.0;186;0;64
297.59999999999997;190;0;60
298.2;194;0;56
298.8;188;0;62
299.4;190;0;60
