#auto generated file!
496;64;40;0;26.355186903045027;22.352669277028845;4.002517626016151;174.96809523809517;0.0;24;0
496;64;40;0;26.355186903045027;22.352669277028845;4.002517626016151
0;0;0;0;0.0;0.0;0.0
#auto generated file!
388;110;33;0;24.214148991526706;20.30638404158677;3.9077649499399225;178.23547619047622;0.0;77;0
388;110;33;0;24.214148991526706;20.30638404158677;3.9077649499399225
0;0;0;0;0.0;0.0;0.0
#auto generated file!
549;12;12;0;23.151260209505104;19.12323619590448;4.028024013600613;133.1840476190476;0.0;0;0
549;12;12;0;23.151260209505104;19.12323619590448;4.028024013600613
0;0;0;0;0.0;0.0;0.0
#auto generated file!
377;56;34;0;23.588099917975125;19.68171237143193;3.9063875465431765;185.1385714285713;0.0;22;0
377;56;34;0;23.588099917975125;19.68171237143193;3.9063875465431765
0;0;0;0;0.0;0.0;0.0
#auto generated file!
468;59;34;0;24.73861445549867;20.738161395524468;4.000453059974205;160.15476190476184;0.0;25;0
468;59;34;0;24.73861445549867;20.738161395524468;4.000453059974205
0;0;0;0;0.0;0.0;0.0
#auto generated file!
349;114;30;0;26.729017236040495;22.74941689017274;3.9796003458677496;199.96904761904744;0.0;84;0
349;114;30;0;26.729017236040495;22.74941689017274;3.9796003458677496
0;0;0;0;0.0;0.0;0.0
#auto generated file!
331;106;21;0;27.094609374704376;22.997224153058525;4.097385221645852;187.0290476190476;0.0;85;0
331;106;21;0;27.094609374704376;22.997224153058525;4.097385221645852
0;0;0;0;0.0;0.0;0.0
#auto generated file!
520;27;26;0;23.262604982491723;19.29415814981251;3.9684468326791884;146.86690476190466;0.0;1;0
520;27;26;0;23.262604982491723;19.29415814981251;3.9684468326791884
0;0;0;0;0.0;0.0;0.0
#auto generated file!
396;125;25;0;24.934124946940333;20.93919514913498;3.9949297978053524;186.06095238095233;0.0;100;0
396;125;25;0;24.934124946940333;20.93919514913498;3.9949297978053524
0;0;0;0;0.0;0.0;0.0
#auto generated file!
513;87;31;0;25.26975005358823;21.331358883598966;3.93839116998925;177.93428571428566;0.0;56;0
513;87;31;0;25.26975005358823;21.331358883598966;3.93839116998925
0;0;0;0;0.0;0.0;0.0
