#auto generated file!
491;336;62;0;26.98313350078824;22.94874473613151;4.0343887646567325;219.02952380952368;0.0;274;0
491;336;62;0;26.98313350078824;22.94874473613151;4.0343887646567325
0;0;0;0;0.0;0.0;0.0
#auto generated file!
475;357;33;0;34.048610530720886;30.04905767960474;3.999552851116166;238.29285714285723;0.0;324;0
475;357;33;0;34.048610530720886;30.04905767960474;3.999552851116166
0;0;0;0;0.0;0.0;0.0
#auto generated file!
434;420;25;0;34.21431963199466;30.158496707921834;4.055822924072836;234.82142857142833;0.0;395;0
434;420;25;0;34.21431963199466;30.158496707921834;4.055822924072836
0;0;0;0;0.0;0.0;0.0
#auto generated file!
472;274;26;0;33.142717989769864;29.020810722365905;4.121907267403979;233.44071428571425;0.0;248;0
472;274;26;0;33.142717989769864;29.020810722365905;4.121907267403979
0;0;0;0;0.0;0.0;0.0
#auto generated file!
460;298;37;0;31.220387057207976;27.157290610285763;4.063096446922245;221.58095238095243;0.0;261;0
460;298;37;0;31.220387057207976;27.157290610285763;4.063096446922245
0;0;0;0;0.0;0.0;0.0
#auto generated file!
552;319;57;0;28.465977069288932;24.354997666730277;4.110979402558674;220.6054761904762;0.0;262;0
552;319;57;0;28.465977069288932;24.354997666730277;4.110979402558674
0;0;0;0;0.0;0.0;0.0
#auto generated file!
561;262;57;0;31.24994507590188;27.125267613254103;4.124677462647861;219.9776190476191;0.0;205;0
561;262;57;0;31.24994507590188;27.125267613254103;4.124677462647861
0;0;0;0;0.0;0.0;0.0
#auto generated file!
422;263;68;0;34.21908951740111;30.087434939520428;4.131654577880701;254.85309523809525;0.0;195;0
422;263;68;0;34.21908951740111;30.087434939520428;4.131654577880701
0;0;0;0;0.0;0.0;0.0
#auto generated file!
466;251;55;0;32.357481436943125;28.28679674254505;4.070684694398053;242.09047619047627;0.0;196;0
466;251;55;0;32.357481436943125;28.28679674254505;4.070684694398053
0;0;0;0;0.0;0.0;0.0
#auto generated file!
500;297;39;0;28.55275993809709;24.476521683855914;4.076238254241204;232.22952380952378;0.0;258;0
500;297;39;0;28.55275993809709;24.476521683855914;4.076238254241204
0;0;0;0;0.0;0.0;0.0
