#auto generated file!
41;3;3;0;13.948702479584165;10.018541748557219;3.9301607310269437;77.25476190476193;0.0;0;0
41;3;3;0;13.948702479584165;10.018541748557219;3.9301607310269437
0;0;0;0;0.0;0.0;0.0
#auto generated file!
46;2;2;0;6.964909411823511;3.090925007538606;3.8739844042849034;74.24523809523812;0.0;0;0
46;2;2;0;6.964909411823511;3.090925007538606;3.8739844042849034
0;0;0;0;0.0;0.0;0.0
#auto generated file!
48;6;6;0;9.790977623082059;5.568690797585615;4.222286825496444;84.71095238095232;0.0;0;0
48;6;6;0;9.790977623082059;5.568690797585615;4.222286825496444
0;0;0;0;0.0;0.0;0.0
#auto generated file!
51;1;1;0;7.859169391055759;4.028533893853609;3.8306354972021492;66.70476190476198;0.0;0;0
51;1;1;0;7.859169391055759;4.028533893853609;3.8306354972021492
0;0;0;0;0.0;0.0;0.0
#auto generated file!
54;3;3;0;8.405919140193127;4.555040183385695;3.8508789568074318;61.08880952380953;0.0;0;0
54;3;3;0;8.405919140193127;4.555040183385695;3.8508789568074318
0;0;0;0;0.0;0.0;0.0
#auto generated file!
38;4;4;0;7.3679984458719066;3.4591245157323383;3.9088739301395687;54.94547619047618;0.0;0;0
38;4;4;0;7.3679984458719066;3.4591245157323383;3.9088739301395687
0;0;0;0;0.0;0.0;0.0
#auto generated file!
55;2;2;0;8.43519667584015;4.28545893166435;4.1497377441758;61.32404761904762;0.0;0;0
55;2;2;0;8.43519667584015;4.28545893166435;4.1497377441758
0;0;0;0;0.0;0.0;0.0
#auto generated file!
31;3;3;0;7.285475185956532;3.1958496395811133;4.089625546375419;87.83904761904769;0.0;0;0
31;3;3;0;7.285475185956532;3.1958496395811133;4.089625546375419
0;0;0;0;0.0;0.0;0.0
#auto generated file!
41;0;0;0;8.485471423727153;4.7516999112774565;3.733771512449695;75.18047619047614;0.0;0;0
41;0;0;0;8.485471423727153;4.7516999112774565;3.733771512449695
0;0;0;0;0.0;0.0;0.0
#auto generated file!
36;2;2;0;7.234198401847944;3.2343308818881997;3.9998675199597447;66.45619047619046;0.0;0;0
36;2;2;0;7.234198401847944;3.2343308818881997;3.9998675199597447
0;0;0;0;0.0;0.0;0.0
