#auto generated file!
1007;224;224;0;36.48175856409949;32.498175539594364;3.9835830245051143;77.25476190476193;0.0;0;0
1007;224;224;0;36.48175856409949;32.498175539594364;3.9835830245051143
0;0;0;0;0.0;0.0;0.0
#auto generated file!
970;190;190;0;38.12313523350007;34.14981000769421;3.973325225805907;74.24523809523812;0.0;0;0
970;190;190;0;38.12313523350007;34.14981000769421;3.973325225805907
0;0;0;0;0.0;0.0;0.0
#auto generated file!
1112;221;220;0;38.3063783315002;34.400937195085646;3.905441136414618;84.71095238095232;0.0;1;0
1112;221;220;0;38.3063783315002;34.400937195085646;3.905441136414618
0;0;0;0;0.0;0.0;0.0
#auto generated file!
920;187;187;0;34.7771349456598;30.8287622146935;3.9483727309662946;66.70476190476198;0.0;0;0
920;187;187;0;34.7771349456598;30.8287622146935;3.9483727309662946
0;0;0;0;0.0;0.0;0.0
#auto generated file!
890;200;200;0;33.40295956184539;29.473550094681315;3.9294094671640547;61.08880952380953;0.0;0;0
890;200;200;0;33.40295956184539;29.473550094681315;3.9294094671640547
0;0;0;0;0.0;0.0;0.0
#auto generated file!
922;155;155;0;32.31763590343378;28.43423609192467;3.88339981150909;54.94547619047618;0.0;0;0
922;155;155;0;32.31763590343378;28.43423609192467;3.88339981150909
0;0;0;0;0.0;0.0;0.0
#auto generated file!
920;199;199;0;34.12331522715443;30.159060178475908;3.9642550486785053;61.32404761904762;0.0;0;0
920;199;199;0;34.12331522715443;30.159060178475908;3.9642550486785053
0;0;0;0;0.0;0.0;0.0
#auto generated file!
1090;246;246;0;38.31168969038209;34.430539656771806;3.881150033610227;87.83904761904769;0.0;0;0
1090;246;246;0;38.31168969038209;34.430539656771806;3.881150033610227
0;0;0;0;0.0;0.0;0.0
#auto generated file!
961;251;251;0;36.7033428200218;32.80193417313201;3.901408646889816;75.18047619047614;0.0;0;0
961;251;251;0;36.7033428200218;32.80193417313201;3.901408646889816
0;0;0;0;0.0;0.0;0.0
#auto generated file!
934;182;182;0;35.80366625106485;31.94148654792649;3.862179703138348;66.45619047619046;0.0;0;0
934;182;182;0;35.80366625106485;31.94148654792649;3.862179703138348
0;0;0;0;0.0;0.0;0.0
