#auto generated file!
8;0;97;0;31.110777901445694;27.319825687317376;3.790952214128316;179.892380952381;0.0;3;0
8;0;97;0;0.0;0.0;0.0
0;0;0;0;0.0;0.0;0.0
#auto generated file!
9;3;115;0;14.077634294727103;11.11159262716722;2.966041667559884;175.45238095238096;0.0;1;0
9;3;115;0;0.0;0.0;0.0
0;0;0;0;0.0;0.0;0.0
#auto generated file!
15;3;147;0;14.987085224537454;11.252971206362336;3.73411401817512;171.53380952380954;0.0;5;0
15;3;147;0;0.0;0.0;0.0
0;0;0;0;0.0;0.0;0.0
#auto generated file!
25;1;95;0;18.175369745334535;14.843969600420559;3.331400144913977;173.3519047619048;0.0;2;0
25;1;95;0;0.0;0.0;0.0
0;0;0;0;0.0;0.0;0.0
#auto generated file!
45;6;94;0;23.887986650581595;19.949808880991167;3.9381777695904354;163.59190476190474;0.0;14;0
45;6;94;0;0.0;0.0;0.0
0;0;0;0;0.0;0.0;0.0
#auto generated file!
8;1;130;0;15.47375937012977;11.199582853789797;4.274176516339972;149.74238095238098;0.0;6;0
8;1;130;0;0.0;0.0;0.0
0;0;0;0;0.0;0.0;0.0
#auto generated file!
1;2;85;0;12.588213643933983;8.29000000000001;4.298213643933973;203.60952380952358;0.0;9;0
1;2;85;0;0.0;0.0;0.0
0;0;0;0;0.0;0.0;0.0
#auto generated file!
10;0;126;0;10.536605312512446;7.051895698825346;3.4847096136871003;149.36642857142857;0.0;0;0
10;0;126;0;0.0;0.0;0.0
0;0;0;0;0.0;0.0;0.0
#auto generated file!
38;2;122;0;22.611712781400332;18.631842085699848;3.979870695700485;173.34166666666644;0.0;9;0
38;2;122;0;0.0;0.0;0.0
0;0;0;0;0.0;0.0;0.0
#auto generated file!
22;2;116;0;22.25491784392494;18.87256443937571;3.3823534045492263;174.8680952380952;0.0;12;0
22;2;116;0;0.0;0.0;0.0
0;0;0;0;0.0;0.0;0.0
