#auto generated file!
1;6;102;0;59.489518291078724;55.20117206871338;4.288346222365342;179.892380952381;0.0;30;0
1;6;102;0;0.0;0.0;0.0
0;0;0;0;0.0;0.0;0.0
#auto generated file!
0;6;81;0;0.0;0.0;0.0;175.45238095238096;0.0;20;0
0;6;81;0;0.0;0.0;0.0
0;0;0;0;0.0;0.0;0.0
#auto generated file!
3;8;97;0;31.356593404278858;27.04191668006919;4.314676724209673;171.53380952380954;0.0;24;0
3;8;97;0;0.0;0.0;0.0
0;0;0;0;0.0;0.0;0.0
#auto generated file!
1;5;97;0;108.8733215565154;104.61590790261359;4.257413653901819;173.3519047619048;0.0;23;0
1;5;97;0;0.0;0.0;0.0
0;0;0;0;0.0;0.0;0.0
#auto generated file!
11;4;98;0;33.94462022480928;29.681418246915943;4.263201977893337;163.59190476190474;0.0;30;0
11;4;98;0;0.0;0.0;0.0
0;0;0;0;0.0;0.0;0.0
#auto generated file!
1;1;90;0;12.223523617866107;7.965538493953879;4.257985123912228;149.74238095238098;0.0;6;0
1;1;90;0;0.0;0.0;0.0
0;0;0;0;0.0;0.0;0.0
#auto generated file!
0;7;70;0;0.0;0.0;0.0;203.60952380952358;0.0;54;0
0;7;70;0;0.0;0.0;0.0
0;0;0;0;0.0;0.0;0.0
#auto generated file!
11;9;95;0;30.391219302375983;27.192003575353922;3.1992157270220507;149.36642857142857;0.0;6;0
11;9;95;0;0.0;0.0;0.0
0;0;0;0;0.0;0.0;0.0
#auto generated file!
4;3;100;0;49.93725311717876;45.656517964371446;4.280735152807317;173.34166666666644;0.0;18;0
4;3;100;0;0.0;0.0;0.0
0;0;0;0;0.0;0.0;0.0
#auto generated file!
1;11;77;0;8.504214193545693;4.17261246233082;4.331601731214873;174.8680952380952;0.0;49;0
1;11;77;0;0.0;0.0;0.0
0;0;0;0;0.0;0.0;0.0
