#auto generated file!
2;0;25;0;10.17536515399496;5.914775289236161;4.260589864758799;179.892380952381;0.0;0;0
2;0;25;0;0.0;0.0;0.0
0;0;0;0;0.0;0.0;0.0
#auto generated file!
0;0;42;0;0.0;0.0;0.0;175.45238095238096;0.0;0;0
0;0;42;0;0.0;0.0;0.0
0;0;0;0;0.0;0.0;0.0
#auto generated file!
1;0;23;0;26.098904176870178;21.769673542938154;4.329230633932023;171.53380952380954;0.0;0;0
1;0;23;0;0.0;0.0;0.0
0;0;0;0;0.0;0.0;0.0
#auto generated file!
1;0;47;0;8.174017873303313;3.72733333333336;4.4466845399699535;173.3519047619048;0.0;5;0
1;0;47;0;0.0;0.0;0.0
0;0;0;0;0.0;0.0;0.0
#auto generated file!
0;0;37;0;0.0;0.0;0.0;163.59190476190474;0.0;2;0
0;0;37;0;0.0;0.0;0.0
0;0;0;0;0.0;0.0;0.0
#auto generated file!
0;0;59;0;0.0;0.0;0.0;149.74238095238098;0.0;0;0
0;0;59;0;0.0;0.0;0.0
0;0;0;0;0.0;0.0;0.0
#auto generated file!
0;1;18;0;0.0;0.0;0.0;203.60952380952358;0.0;3;0
0;1;18;0;0.0;0.0;0.0
0;0;0;0;0.0;0.0;0.0
#auto generated file!
0;1;33;0;0.0;0.0;0.0;149.36642857142857;0.0;0;0
0;1;33;0;0.0;0.0;0.0
0;0;0;0;0.0;0.0;0.0
#auto generated file!
1;1;45;0;24.71643462067263;24.450666666666685;0.2657679540059463;173.34166666666644;0.0;4;0
1;1;45;0;0.0;0.0;0.0
0;0;0;0;0.0;0.0;0.0
#auto generated file!
0;0;29;0;0.0;0.0;0.0;174.8680952380952;0.0;2;0
0;0;29;0;0.0;0.0;0.0
0;0;0;0;0.0;0.0;0.0
