#auto generated file!
2;7;67;7;16.697772344677205;11.874040558851306;4.8237317858259;268.2890476190476;0.0;25;0
2;7;67;7;0.0;0.0;0.0
0;0;0;0;0.0;0.0;0.0
#auto generated file!
12;5;41;8;13.379798722041116;9.352286585902291;4.027512136138825;288.8207142857142;0.0;16;0
12;5;41;8;0.0;0.0;0.0
0;0;0;0;0.0;0.0;0.0
#auto generated file!
0;3;44;4;0.0;0.0;0.0;274.60095238095255;0.0;21;0
0;3;44;4;0.0;0.0;0.0
0;0;0;0;0.0;0.0;0.0
#auto generated file!
5;10;44;4;26.96496098267078;22.2537620429977;4.711198939673083;278.41499999999996;0.0;23;0
5;10;44;4;0.0;0.0;0.0
0;0;0;0;0.0;0.0;0.0
#auto generated file!
0;1;44;6;0.0;0.0;0.0;281.1573809523809;0.0;17;0
0;1;44;6;0.0;0.0;0.0
0;0;0;0;0.0;0.0;0.0
#auto generated file!
11;3;28;4;12.859011580245289;8.41008101737617;4.448930562869119;328.047380952381;0.0;16;0
11;3;28;4;0.0;0.0;0.0
0;0;0;0;0.0;0.0;0.0
#auto generated file!
7;4;69;6;14.248572722947387;10.43285806553834;3.815714657409046;267.27404761904774;0.0;9;0
7;4;69;6;0.0;0.0;0.0
0;0;0;0;0.0;0.0;0.0
#auto generated file!
0;5;72;9;0.0;0.0;0.0;244.51666666666674;0.0;29;0
0;5;72;9;0.0;0.0;0.0
0;0;0;0;0.0;0.0;0.0
#auto generated file!
3;2;55;4;16.537506794305035;12.174924837890876;4.36258195641416;279.6319047619047;0.0;23;0
3;2;55;4;0.0;0.0;0.0
0;0;0;0;0.0;0.0;0.0
#auto generated file!
2;6;47;9;9.631153906616142;5.297606585016562;4.33354732159958;266.1969047619046;0.0;25;0
2;6;47;9;0.0;0.0;0.0
0;0;0;0;0.0;0.0;0.0
