#auto generated file!
2000;779;498;0;42.77341520084237;38.81185343846828;3.9615617623740906;174.96809523809517;0.0;281;0
2000;779;498;0;42.77341520084237;38.81185343846828;3.9615617623740906
0;0;0;0;0.0;0.0;0.0
#auto generated file!
2011;984;562;0;42.5446272701063;38.59316276104414;3.9514645090621996;178.23547619047622;0.0;422;0
2011;984;562;0;42.5446272701063;38.59316276104414;3.9514645090621996
0;0;0;0;0.0;0.0;0.0
#auto generated file!
2143;475;440;0;34.13426214801242;30.150766792886817;3.983495355125557;133.1840476190476;0.0;35;0
2143;475;440;0;34.13426214801242;30.150766792886817;3.983495355125557
0;0;0;0;0.0;0.0;0.0
#auto generated file!
1953;1057;539;0;42.63372141691754;38.673221749662524;3.960499667254972;185.1385714285713;0.0;518;0
1953;1057;539;0;42.63372141691754;38.673221749662524;3.960499667254972
0;0;0;0;0.0;0.0;0.0
#auto generated file!
2042;669;484;0;39.88095451580697;35.89538845635894;3.9855660594480815;160.15476190476184;0.0;185;0
2042;669;484;0;39.88095451580697;35.89538845635894;3.9855660594480815
0;0;0;0;0.0;0.0;0.0
#auto generated file!
2002;1247;530;0;45.19881085467711;41.24001536149689;3.9587954931801614;199.96904761904744;0.0;717;0
2002;1247;530;0;45.19881085467711;41.24001536149689;3.9587954931801614
0;0;0;0;0.0;0.0;0.0
#auto generated file!
1898;1052;528;0;43.783392288809374;39.77902589403799;4.004366394771371;187.0290476190476;0.0;524;0
1898;1052;528;0;43.783392288809374;39.77902589403799;4.004366394771371
0;0;0;0;0.0;0.0;0.0
#auto generated file!
2052;452;404;0;38.023228350337206;34.05756173418196;3.9656666161552323;146.86690476190466;0.0;48;0
2052;452;404;0;38.023228350337206;34.05756173418196;3.9656666161552323
0;0;0;0;0.0;0.0;0.0
#auto generated file!
1992;991;553;0;43.35402778820947;39.3602560041175;3.9937717840920133;186.06095238095233;0.0;438;0
1992;991;553;0;43.35402778820947;39.3602560041175;3.9937717840920133
0;0;0;0;0.0;0.0;0.0
#auto generated file!
2045;954;531;0;43.64401776061286;39.648072414121415;3.9959453464914936;177.93428571428566;0.0;423;0
2045;954;531;0;43.64401776061286;39.648072414121415;3.9959453464914936
0;0;0;0;0.0;0.0;0.0
