#auto generated file!
10;17;92;0;39.87469418492293;36.30838167671484;3.56631250820809;200.06666666666675;0.0;68;0
10;17;92;0;0.0;0.0;0.0
0;0;0;0;0.0;0.0;0.0
#auto generated file!
0;12;72;0;0.0;0.0;0.0;225.31166666666678;0.0;86;0
0;12;72;0;0.0;0.0;0.0
0;0;0;0;0.0;0.0;0.0
#auto generated file!
3;7;119;0;28.22729301559362;23.929126755147546;4.298166260446076;190.6776190476191;0.0;41;0
3;7;119;0;0.0;0.0;0.0
0;0;0;0;0.0;0.0;0.0
#auto generated file!
3;13;108;0;30.104752155783192;27.157082217791224;2.9476699379919693;209.47238095238086;0.0;80;0
3;13;108;0;0.0;0.0;0.0
0;0;0;0;0.0;0.0;0.0
#auto generated file!
8;16;81;0;69.11564633028648;64.8161391289918;4.299507201294671;216.7350000000001;0.0;94;0
8;16;81;0;0.0;0.0;0.0
0;0;0;0;0.0;0.0;0.0
#auto generated file!
5;17;104;0;58.119288376798366;53.771830212475365;4.347458164323004;214.57119047619054;0.0;69;0
5;17;104;0;0.0;0.0;0.0
0;0;0;0;0.0;0.0;0.0
#auto generated file!
2;14;84;0;13.339173204065517;9.058991270441172;4.280181933624345;220.92952380952372;0.0;82;0
2;14;84;0;0.0;0.0;0.0
0;0;0;0;0.0;0.0;0.0
#auto generated file!
5;13;102;0;31.76408686022224;27.447195328513015;4.316891531709222;181.940476190476;0.0;72;0
5;13;102;0;0.0;0.0;0.0
0;0;0;0;0.0;0.0;0.0
#auto generated file!
0;9;96;0;0.0;0.0;0.0;221.8297619047621;0.0;75;0
0;9;96;0;0.0;0.0;0.0
0;0;0;0;0.0;0.0;0.0
#auto generated file!
11;12;79;0;57.305086041702744;52.991508577644844;4.3135774640579045;225.45190476190476;0.0;82;0
11;12;79;0;0.0;0.0;0.0
0;0;0;0;0.0;0.0;0.0
