#auto generated file!
60.0;234;0;16
60.599999999999994;232;0;18
61.199999999999996;232;0;18
61.8;229;0;21
62.4;231;0;19
63.0;234;0;16
63.599999999999994;230;0;20
64.2;232;0;18
64.8;231;0;19
65.39999999999999;233;0;17
66.0;232;0;18
66.6;227;0;23
67.2;225;0;25
67.8;232;0;18
68.39999999999999;236;0;14
69.0;235;0;15
69.6;233;0;17
70.2;234;0;16
70.8;232;0;18
71.39999999999999;237;0;13
72.0;236;0;14
72.6;239;0;11
73.2;242;0;8
73.8;241;0;9
74.39999999999999;234;0;16
75.0;232;0;18
75.6;231;0;19
76.2;227;0;23
76.8;221;0;29
77.39999999999999;231;0;19
78.0;242;0;8
78.6;233;0;17
79.2;236;0;14
79.8;237;0;13
80.39999999999999;232;0;18
81.0;231;0;19
81.6;223;0;27
82.2;228;0;22
82.8;223;0;27
83.39999999999999;225;0;25
84.0;231;0;19
84.6;232;0;18
85.2;232;0;18
85.8;238;0;12
86.39999999999999;236;0;14
87.0;233;0;17
87.6;229;0;21
88.2;226;0;24
88.8;226;0;24
89.39999999999999;229;0;21
90.0;229;0;21
90.6;231;0;19
91.2;225;0;25
91.8;225;0;25
92.39999999999999;224;0;26
93.0;219;0;31
93.6;225;0;25
94.2;226;0;24
94.8;229;0;21
95.39999999999999;233;0;17
96.0;235;0;15
96.6;236;0;14
97.2;234;0;16
97.8;236;0;14
98.39999999999999;233;0;17
99.0;234;0;16
99.6;227;0;23
100.2;223;0;27
100.8;222;0;28
101.39999999999999;230;0;20
102.0;227;0;23
102.6;227;0;23
103.2;231;0;19
103.8;231;0;19
104.39999999999999;233;0;17
105.0;234;0;16
105.6;228;0;22
106.2;230;0;20
106.8;225;0;25
107.39999999999999;233;0;17
108.0;232;0;18
108.6;235;0;15
109.2;237;0;13
109.8;238;0;12
110.39999999999999;234;0;16
111.0;233;0;17
111.6;232;0;18
112.2;227;0;23
112.8;232;0;18
113.39999999999999;227;0;23
114.0;230;0;20
114.6;228;0;22
115.19999999999999;234;0;16
115.8;243;0;7
116.39999999999999;240;0;10
117.0;235;0;15
117.6;233;0;17
118.19999999999999;232;0;18
118.8;231;0;19
119.39999999999999;232;0;18
120.0;234;0;16
120.6;232;0;18
121.19999999999999;235;0;15
121.8;226;0;24
122.39999999999999;231;0;19
123.0;228;0;22
123.6;234;0;16
124.19999999999999;229;0;21
124.8;230;0;20
125.39999999999999;231;0;19
126.0;227;0;23
126.6;232;0;18
127.19999999999999;232;0;18
127.8;233;0;17
128.4;237;0;13
129.0;235;0;15
129.6;235;0;15
130.2;231;0;19
130.79999999999998;239;0;11
131.4;235;0;15
132.0;236;0;14
132.6;230;0;20
133.2;227;0;23
133.79999999999998;228;0;22
134.4;233;0;17
135.0;229;0;21
135.6;236;0;14
136.2;233;0;17
136.79999999999998;234;0;16
137.4;230;0;20
138.0;234;0;16
138.6;238;0;12
139.2;232;0;18
139.79999999999998;235;0;15
140.4;233;0;17
141.0;234;0;16
141.6;232;0;18
142.2;231;0;19
142.79999999999998;232;0;18
143.4;233;0;17
144.0;231;0;19
144.6;234;0;16
145.2;226;0;24
145.79999999999998;224;0;26
146.4;222;0;28
147.0;224;0;26
147.6;231;0;19
148.2;230;0;20
148.79999999999998;233;0;17
149.4;231;0;19
150.0;233;0;17
150.6;231;0;19
151.2;231;0;19
151.79999999999998;232;0;18
152.4;233;0;17
153.0;230;0;20
153.6;231;0;19
154.2;232;0;18
154.79999999999998;221;0;29
155.4;229;0;21
156.0;228;0;22
156.6;227;0;23
157.2;231;0;19
157.79999999999998;229;0;21
158.4;227;0;23
159.0;226;0;24
159.6;232;0;18
160.2;237;0;13
160.79999999999998;234;0;16
161.4;234;0;16
162.0;231;0;19
162.6;235;0;15
163.2;237;0;13
163.79999999999998;236;0;14
164.4;238;0;12
165.0;237;0;13
165.6;235;0;15
166.2;236;0;14
166.79999999999998;240;0;10
167.4;239;0;11
168.0;236;0;14
168.6;231;0;19
169.2;225;0;25
169.79999999999998;231;0;19
170.4;232;0;18
171.0;231;0;19
171.6;230;0;20
172.2;231;0;19
172.79999999999998;230;0;20
173.4;234;0;16
174.0;232;0;18
174.6;234;0;16
175.2;231;0;19
175.79999999999998;235;0;15
176.4;236;0;14
177.0;238;0;12
177.6;239;0;11
178.2;234;0;16
178.79999999999998;235;0;15
179.4;237;0;13
180.0;238;0;12
180.6;233;0;17
181.2;234;0;16
181.79999999999998;236;0;14
182.4;235;0;15
183.0;232;0;18
183.6;234;0;16
184.2;234;0;16
184.79999999999998;233;0;17
185.4;231;0;19
186.0;231;0;19
186.6;237;0;13
187.2;232;0;18
187.79999999999998;234;0;16
188.4;231;0;19
189.0;226;0;24
189.6;226;0;24
190.2;230;0;20
190.79999999999998;231;0;19
191.4;232;0;18
192.0;235;0;15
192.6;236;0;14
193.2;235;0;15
193.79999999999998;233;0;17
194.4;231;0;19
195.0;236;0;14
195.6;232;0;18
196.2;234;0;16
196.79999999999998;239;0;11
197.4;231;0;19
198.0;228;0;22
198.6;238;0;12
199.2;238;0;12
199.79999999999998;235;0;15
200.4;236;0;14
201.0;236;0;14
201.6;232;0;18
202.2;241;0;9
202.79999999999998;237;0;13
203.4;227;0;23
204.0;221;0;29
204.6;229;0;21
205.2;233;0;17
205.79999999999998;228;0;22
206.4;225;0;25
207.0;233;0;17
207.6;227;0;23
208.2;226;0;24
208.79999999999998;233;0;17
209.4;235;0;15
210.0;229;0;21
210.6;234;0;16
211.2;241;0;9
211.79999999999998;237;0;13
212.4;230;0;20
213.0;226;0;24
213.6;224;0;26
214.2;235;0;15
214.79999999999998;235;0;15
215.4;234;0;16
216.0;233;0;17
216.6;232;0;18
217.2;233;0;17
217.79999999999998;231;0;19
218.4;233;0;17
219.0;238;0;12
219.6;234;0;16
220.2;235;0;15
220.79999999999998;235;0;15
221.4;231;0;19
222.0;226;0;24
222.6;230;0;20
223.2;233;0;17
223.79999999999998;234;0;16
224.4;237;0;13
225.0;234;0;16
225.6;232;0;18
226.2;231;0;19
226.79999999999998;242;0;8
227.4;237;0;13
228.0;239;0;11
228.6;235;0;15
229.2;234;0;16
229.79999999999998;229;0;21
230.39999999999998;231;0;19
231.0;229;0;21
231.6;229;0;21
232.2;234;0;16
232.79999999999998;232;0;18
233.39999999999998;230;0;20
234.0;231;0;19
234.6;231;0;19
235.2;229;0;21
235.79999999999998;234;0;16
236.39999999999998;231;0;19
237.0;227;0;23
237.6;227;0;23
238.2;228;0;22
238.79999999999998;227;0;23
239.39999999999998;231;0;19
240.0;232;0;18
240.6;227;0;23
241.2;233;0;17
241.79999999999998;233;0;17
242.39999999999998;239;0;11
243.0;228;0;22
243.6;234;0;16
244.2;230;0;20
244.79999999999998;230;0;20
245.39999999999998;231;0;19
246.0;233;0;17
246.6;232;0;18
247.2;234;0;16
247.79999999999998;236;0;14
248.39999999999998;236;0;14
249.0;236;0;14
249.6;237;0;13
250.2;242;0;8
250.79999999999998;234;0;16
251.39999999999998;226;0;24
252.0;229;0;21
252.6;227;0;23
253.2;232;0;18
253.79999999999998;231;0;19
254.39999999999998;226;0;24
255.0;227;0;23
255.6;230;0;20
256.2;226;0;24
256.8;231;0;19
257.4;236;0;14
258.0;235;0;15
258.59999999999997;233;0;17
259.2;230;0;20
259.8;225;0;25
260.4;232;0;18
261.0;232;0;18
261.59999999999997;238;0;12
262.2;231;0;19
262.8;233;0;17
263.4;230;0;20
264.0;228;0;22
264.59999999999997;231;0;19
265.2;233;0;17
265.8;235;0;15
266.4;233;0;17
267.0;233;0;17
267.59999999999997;237;0;13
268.2;238;0;12
268.8;234;0;16
269.4;235;0;15
270.0;235;0;15
270.59999999999997;233;0;17
271.2;229;0;21
271.8;232;0;18
272.4;232;0;18
273.0;233;0;17
273.59999999999997;230;0;20
274.2;235;0;15
274.8;227;0;23
275.4;236;0;14
276.0;234;0;16
276.59999999999997;236;0;14
277.2;236;0;14
277.8;240;0;10
278.4;232;0;18
279.0;229;0;21
279.59999999999997;235;0;15
280.2;233;0;17
280.8;232;0;18
281.4;233;0;17
282.0;233;0;17
282.59999999999997;238;0;12
283.2;235;0;15
283.8;232;0;18
284.4;227;0;23
285.0;227;0;23
285.59999999999997;227;0;23
286.2;225;0;25
286.8;223;0;27
287.4;229;0;21
288.0;229;0;21
288.59999999999997;237;0;13
289.2;235;0;15
289.8;237;0;13
290.4;234;0;16
291.0;232;0;18
291.59999999999997;233;0;17
292.2;232;0;18
292.8;237;0;13
293.4;237;0;13
294.0;232;0;18
294.59999999999997;231;0;19
295.2;229;0;21
295.8;235;0;15
296.4;233;0;17
297.0;229;0;21
297.59999999999997;233;0;17
298.2;237;0;13
298.8;237;0;13
299.4;234;0;16
#auto generated file!
60.0;222;0;28
60.599999999999994;233;0;17
61.199999999999996;237;0;13
61.8;235;0;15
62.4;232;0;18
63.0;238;0;12
63.599999999999994;236;0;14
64.2;226;0;24
64.8;227;0;23
65.39999999999999;234;0;16
66.0;231;0;19
66.6;229;0;21
67.2;231;0;19
67.8;235;0;15
68.39999999999999;235;0;15
69.0;231;0;19
69.6;229;0;21
70.2;236;0;14
70.8;236;0;14
71.39999999999999;237;0;13
72.0;230;0;20
72.6;233;0;17
73.2;225;0;25
73.8;221;0;29
74.39999999999999;225;0;25
75.0;224;0;26
75.6;233;0;17
76.2;241;0;9
76.8;235;0;15
77.39999999999999;241;0;9
78.0;237;0;13
78.6;230;0;20
79.2;229;0;21
79.8;226;0;24
80.39999999999999;231;0;19
81.0;236;0;14
81.6;236;0;14
82.2;240;0;10
82.8;239;0;11
83.39999999999999;240;0;10
84.0;231;0;19
84.6;234;0;16
85.2;228;0;22
85.8;230;0;20
86.39999999999999;232;0;18
87.0;229;0;21
87.6;226;0;24
88.2;228;0;22
88.8;229;0;21
89.39999999999999;227;0;23
90.0;227;0;23
90.6;232;0;18
91.2;234;0;16
91.8;230;0;20
92.39999999999999;228;0;22
93.0;234;0;16
93.6;235;0;15
94.2;237;0;13
94.8;233;0;17
95.39999999999999;232;0;18
96.0;233;0;17
96.6;232;0;18
97.2;228;0;22
97.8;228;0;22
98.39999999999999;233;0;17
99.0;233;0;17
99.6;231;0;19
100.2;232;0;18
100.8;236;0;14
101.39999999999999;233;0;17
102.0;234;0;16
102.6;220;0;30
103.2;226;0;24
103.8;228;0;22
104.39999999999999;228;0;22
105.0;228;0;22
105.6;230;0;20
106.2;229;0;21
106.8;231;0;19
107.39999999999999;232;0;18
108.0;233;0;17
108.6;228;0;22
109.2;230;0;20
109.8;231;0;19
110.39999999999999;233;0;17
111.0;234;0;16
111.6;235;0;15
112.2;239;0;11
112.8;237;0;13
113.39999999999999;236;0;14
114.0;231;0;19
114.6;230;0;20
115.19999999999999;234;0;16
115.8;236;0;14
116.39999999999999;230;0;20
117.0;229;0;21
117.6;235;0;15
118.19999999999999;234;0;16
118.8;231;0;19
119.39999999999999;227;0;23
120.0;232;0;18
120.6;229;0;21
121.19999999999999;230;0;20
121.8;234;0;16
122.39999999999999;231;0;19
123.0;235;0;15
123.6;232;0;18
124.19999999999999;234;0;16
124.8;231;0;19
125.39999999999999;228;0;22
126.0;230;0;20
126.6;231;0;19
127.19999999999999;236;0;14
127.8;233;0;17
128.4;232;0;18
129.0;236;0;14
129.6;234;0;16
130.2;237;0;13
130.79999999999998;242;0;8
131.4;237;0;13
132.0;233;0;17
132.6;233;0;17
133.2;234;0;16
133.79999999999998;237;0;13
134.4;232;0;18
135.0;229;0;21
135.6;230;0;20
136.2;230;0;20
136.79999999999998;228;0;22
137.4;225;0;25
138.0;223;0;27
138.6;231;0;19
139.2;233;0;17
139.79999999999998;234;0;16
140.4;233;0;17
141.0;236;0;14
141.6;237;0;13
142.2;241;0;9
142.79999999999998;232;0;18
143.4;233;0;17
144.0;232;0;18
144.6;230;0;20
145.2;231;0;19
145.79999999999998;233;0;17
146.4;230;0;20
147.0;227;0;23
147.6;233;0;17
148.2;229;0;21
148.79999999999998;235;0;15
149.4;235;0;15
150.0;231;0;19
150.6;223;0;27
151.2;228;0;22
151.79999999999998;228;0;22
152.4;230;0;20
153.0;233;0;17
153.6;232;0;18
154.2;242;0;8
154.79999999999998;239;0;11
155.4;238;0;12
156.0;240;0;10
156.6;239;0;11
157.2;237;0;13
157.79999999999998;230;0;20
158.4;229;0;21
159.0;227;0;23
159.6;226;0;24
160.2;229;0;21
160.79999999999998;232;0;18
161.4;234;0;16
162.0;234;0;16
162.6;231;0;19
163.2;237;0;13
163.79999999999998;238;0;12
164.4;236;0;14
165.0;237;0;13
165.6;229;0;21
166.2;235;0;15
166.79999999999998;232;0;18
167.4;234;0;16
168.0;233;0;17
168.6;233;0;17
169.2;222;0;28
169.79999999999998;229;0;21
170.4;230;0;20
171.0;232;0;18
171.6;235;0;15
172.2;237;0;13
172.79999999999998;234;0;16
173.4;231;0;19
174.0;234;0;16
174.6;235;0;15
175.2;233;0;17
175.79999999999998;231;0;19
176.4;231;0;19
177.0;238;0;12
177.6;235;0;15
178.2;234;0;16
178.79999999999998;232;0;18
179.4;235;0;15
180.0;231;0;19
180.6;229;0;21
181.2;227;0;23
181.79999999999998;228;0;22
182.4;232;0;18
183.0;231;0;19
183.6;228;0;22
184.2;227;0;23
184.79999999999998;229;0;21
185.4;231;0;19
186.0;236;0;14
186.6;239;0;11
187.2;237;0;13
187.79999999999998;235;0;15
188.4;231;0;19
189.0;234;0;16
189.6;229;0;21
190.2;230;0;20
190.79999999999998;229;0;21
191.4;233;0;17
192.0;231;0;19
192.6;234;0;16
193.2;232;0;18
193.79999999999998;229;0;21
194.4;228;0;22
195.0;227;0;23
195.6;226;0;24
196.2;227;0;23
196.79999999999998;229;0;21
197.4;239;0;11
198.0;230;0;20
198.6;230;0;20
199.2;233;0;17
199.79999999999998;234;0;16
200.4;230;0;20
201.0;240;0;10
201.6;233;0;17
202.2;231;0;19
202.79999999999998;233;0;17
203.4;233;0;17
204.0;228;0;22
204.6;235;0;15
205.2;230;0;20
205.79999999999998;226;0;24
206.4;226;0;24
207.0;224;0;26
207.6;227;0;23
208.2;227;0;23
208.79999999999998;233;0;17
209.4;230;0;20
210.0;227;0;23
210.6;230;0;20
211.2;231;0;19
211.79999999999998;229;0;21
212.4;232;0;18
213.0;234;0;16
213.6;231;0;19
214.2;236;0;14
214.79999999999998;237;0;13
215.4;235;0;15
216.0;239;0;11
216.6;238;0;12
217.2;233;0;17
217.79999999999998;234;0;16
218.4;239;0;11
219.0;244;0;6
219.6;245;0;5
220.2;236;0;14
220.79999999999998;235;0;15
221.4;238;0;12
222.0;238;0;12
222.6;239;0;11
223.2;233;0;17
223.79999999999998;225;0;25
224.4;231;0;19
225.0;233;0;17
225.6;236;0;14
226.2;233;0;17
226.79999999999998;232;0;18
227.4;232;0;18
228.0;238;0;12
228.6;232;0;18
229.2;237;0;13
229.79999999999998;234;0;16
230.39999999999998;233;0;17
231.0;231;0;19
231.6;229;0;21
232.2;233;0;17
232.79999999999998;233;0;17
233.39999999999998;236;0;14
234.0;232;0;18
234.6;231;0;19
235.2;228;0;22
235.79999999999998;231;0;19
236.39999999999998;234;0;16
237.0;230;0;20
237.6;233;0;17
238.2;228;0;22
238.79999999999998;231;0;19
239.39999999999998;229;0;21
240.0;231;0;19
240.6;227;0;23
241.2;226;0;24
241.79999999999998;229;0;21
242.39999999999998;227;0;23
243.0;232;0;18
243.6;229;0;21
244.2;221;0;29
244.79999999999998;228;0;22
245.39999999999998;234;0;16
246.0;227;0;23
246.6;229;0;21
247.2;233;0;17
247.79999999999998;233;0;17
248.39999999999998;235;0;15
249.0;233;0;17
249.6;235;0;15
250.2;238;0;12
250.79999999999998;233;0;17
251.39999999999998;235;0;15
252.0;229;0;21
252.6;229;0;21
253.2;232;0;18
253.79999999999998;229;0;21
254.39999999999998;231;0;19
255.0;229;0;21
255.6;230;0;20
256.2;233;0;17
256.8;237;0;13
257.4;232;0;18
258.0;236;0;14
258.59999999999997;238;0;12
259.2;231;0;19
259.8;224;0;26
260.4;231;0;19
261.0;232;0;18
261.59999999999997;230;0;20
262.2;231;0;19
262.8;236;0;14
263.4;235;0;15
264.0;234;0;16
264.59999999999997;235;0;15
265.2;231;0;19
265.8;221;0;29
266.4;228;0;22
267.0;232;0;18
267.59999999999997;231;0;19
268.2;237;0;13
268.8;235;0;15
269.4;229;0;21
270.0;233;0;17
270.59999999999997;228;0;22
271.2;227;0;23
271.8;228;0;22
272.4;228;0;22
273.0;225;0;25
273.59999999999997;227;0;23
274.2;231;0;19
274.8;234;0;16
275.4;234;0;16
276.0;233;0;17
276.59999999999997;234;0;16
277.2;228;0;22
277.8;237;0;13
278.4;235;0;15
279.0;231;0;19
279.59999999999997;226;0;24
280.2;230;0;20
280.8;228;0;22
281.4;228;0;22
282.0;232;0;18
282.59999999999997;230;0;20
283.2;234;0;16
283.8;235;0;15
284.4;235;0;15
285.0;231;0;19
285.59999999999997;230;0;20
286.2;225;0;25
286.8;229;0;21
287.4;235;0;15
288.0;236;0;14
288.59999999999997;234;0;16
289.2;232;0;18
289.8;227;0;23
290.4;238;0;12
291.0;231;0;19
291.59999999999997;229;0;21
292.2;233;0;17
292.8;236;0;14
293.4;240;0;10
294.0;243;0;7
294.59999999999997;238;0;12
295.2;236;0;14
295.8;240;0;10
296.4;236;0;14
297.0;235;0;15
297.59999999999997;232;0;18
298.2;235;0;15
298.8;230;0;20
299.4;236;0;14
#auto generated file!
60.0;235;0;15
60.599999999999994;237;0;13
61.199999999999996;236;0;14
61.8;230;0;20
62.4;223;0;27
63.0;232;0;18
63.599999999999994;231;0;19
64.2;228;0;22
64.8;230;0;20
65.39999999999999;227;0;23
66.0;232;0;18
66.6;232;0;18
67.2;233;0;17
67.8;236;0;14
68.39999999999999;233;0;17
69.0;238;0;12
69.6;238;0;12
70.2;234;0;16
70.8;226;0;24
71.39999999999999;219;0;31
72.0;221;0;29
72.6;230;0;20
73.2;241;0;9
73.8;239;0;11
74.39999999999999;239;0;11
75.0;237;0;13
75.6;233;0;17
76.2;241;0;9
76.8;237;0;13
77.39999999999999;235;0;15
78.0;229;0;21
78.6;228;0;22
79.2;231;0;19
79.8;236;0;14
80.39999999999999;233;0;17
81.0;233;0;17
81.6;232;0;18
82.2;236;0;14
82.8;235;0;15
83.39999999999999;229;0;21
84.0;232;0;18
84.6;233;0;17
85.2;231;0;19
85.8;232;0;18
86.39999999999999;234;0;16
87.0;232;0;18
87.6;227;0;23
88.2;234;0;16
88.8;233;0;17
89.39999999999999;232;0;18
90.0;237;0;13
90.6;237;0;13
91.2;236;0;14
91.8;232;0;18
92.39999999999999;235;0;15
93.0;233;0;17
93.6;234;0;16
94.2;236;0;14
94.8;236;0;14
95.39999999999999;231;0;19
96.0;234;0;16
96.6;239;0;11
97.2;234;0;16
97.8;231;0;19
98.39999999999999;227;0;23
99.0;226;0;24
99.6;226;0;24
100.2;231;0;19
100.8;228;0;22
101.39999999999999;234;0;16
102.0;237;0;13
102.6;234;0;16
103.2;240;0;10
103.8;238;0;12
104.39999999999999;235;0;15
105.0;236;0;14
105.6;243;0;7
106.2;243;0;7
106.8;236;0;14
107.39999999999999;238;0;12
108.0;232;0;18
108.6;233;0;17
109.2;237;0;13
109.8;234;0;16
110.39999999999999;232;0;18
111.0;226;0;24
111.6;222;0;28
112.2;220;0;30
112.8;228;0;22
113.39999999999999;229;0;21
114.0;229;0;21
114.6;223;0;27
115.19999999999999;229;0;21
115.8;233;0;17
116.39999999999999;231;0;19
117.0;235;0;15
117.6;237;0;13
118.19999999999999;239;0;11
118.8;235;0;15
119.39999999999999;237;0;13
120.0;236;0;14
120.6;237;0;13
121.19999999999999;231;0;19
121.8;234;0;16
122.39999999999999;233;0;17
123.0;235;0;15
123.6;231;0;19
124.19999999999999;236;0;14
124.8;230;0;20
125.39999999999999;227;0;23
126.0;230;0;20
126.6;228;0;22
127.19999999999999;230;0;20
127.8;230;0;20
128.4;230;0;20
129.0;233;0;17
129.6;232;0;18
130.2;234;0;16
130.79999999999998;239;0;11
131.4;238;0;12
132.0;239;0;11
132.6;230;0;20
133.2;231;0;19
133.79999999999998;231;0;19
134.4;230;0;20
135.0;233;0;17
135.6;235;0;15
136.2;227;0;23
136.79999999999998;227;0;23
137.4;232;0;18
138.0;233;0;17
138.6;233;0;17
139.2;238;0;12
139.79999999999998;232;0;18
140.4;235;0;15
141.0;235;0;15
141.6;231;0;19
142.2;233;0;17
142.79999999999998;227;0;23
143.4;231;0;19
144.0;233;0;17
144.6;232;0;18
145.2;235;0;15
145.79999999999998;231;0;19
146.4;231;0;19
147.0;233;0;17
147.6;229;0;21
148.2;224;0;26
148.79999999999998;232;0;18
149.4;229;0;21
150.0;234;0;16
150.6;224;0;26
151.2;225;0;25
151.79999999999998;226;0;24
152.4;223;0;27
153.0;225;0;25
153.6;229;0;21
154.2;222;0;28
154.79999999999998;231;0;19
155.4;236;0;14
156.0;240;0;10
156.6;237;0;13
157.2;237;0;13
157.79999999999998;237;0;13
158.4;237;0;13
159.0;236;0;14
159.6;238;0;12
160.2;235;0;15
160.79999999999998;239;0;11
161.4;236;0;14
162.0;236;0;14
162.6;230;0;20
163.2;229;0;21
163.79999999999998;234;0;16
164.4;234;0;16
165.0;231;0;19
165.6;229;0;21
166.2;232;0;18
166.79999999999998;236;0;14
167.4;238;0;12
168.0;239;0;11
168.6;234;0;16
169.2;238;0;12
169.79999999999998;235;0;15
170.4;232;0;18
171.0;234;0;16
171.6;238;0;12
172.2;239;0;11
172.79999999999998;235;0;15
173.4;233;0;17
174.0;240;0;10
174.6;240;0;10
175.2;233;0;17
175.79999999999998;224;0;26
176.4;224;0;26
177.0;235;0;15
177.6;237;0;13
178.2;235;0;15
178.79999999999998;232;0;18
179.4;235;0;15
180.0;233;0;17
180.6;227;0;23
181.2;233;0;17
181.79999999999998;236;0;14
182.4;241;0;9
183.0;238;0;12
183.6;240;0;10
184.2;236;0;14
184.79999999999998;235;0;15
185.4;230;0;20
186.0;230;0;20
186.6;232;0;18
187.2;229;0;21
187.79999999999998;227;0;23
188.4;224;0;26
189.0;227;0;23
189.6;231;0;19
190.2;230;0;20
190.79999999999998;234;0;16
191.4;234;0;16
192.0;236;0;14
192.6;229;0;21
193.2;230;0;20
193.79999999999998;241;0;9
194.4;236;0;14
195.0;236;0;14
195.6;234;0;16
196.2;236;0;14
196.79999999999998;230;0;20
197.4;234;0;16
198.0;235;0;15
198.6;233;0;17
199.2;236;0;14
199.79999999999998;232;0;18
200.4;230;0;20
201.0;232;0;18
201.6;231;0;19
202.2;230;0;20
202.79999999999998;233;0;17
203.4;230;0;20
204.0;233;0;17
204.6;234;0;16
205.2;240;0;10
205.79999999999998;237;0;13
206.4;237;0;13
207.0;236;0;14
207.6;230;0;20
208.2;232;0;18
208.79999999999998;235;0;15
209.4;235;0;15
210.0;234;0;16
210.6;231;0;19
211.2;234;0;16
211.79999999999998;236;0;14
212.4;231;0;19
213.0;231;0;19
213.6;224;0;26
214.2;236;0;14
214.79999999999998;235;0;15
215.4;235;0;15
216.0;236;0;14
216.6;234;0;16
217.2;230;0;20
217.79999999999998;228;0;22
218.4;229;0;21
219.0;227;0;23
219.6;225;0;25
220.2;232;0;18
220.79999999999998;230;0;20
221.4;229;0;21
222.0;231;0;19
222.6;229;0;21
223.2;223;0;27
223.79999999999998;228;0;22
224.4;230;0;20
225.0;233;0;17
225.6;232;0;18
226.2;233;0;17
226.79999999999998;233;0;17
227.4;230;0;20
228.0;234;0;16
228.6;234;0;16
229.2;235;0;15
229.79999999999998;230;0;20
230.39999999999998;227;0;23
231.0;226;0;24
231.6;232;0;18
232.2;234;0;16
232.79999999999998;232;0;18
233.39999999999998;235;0;15
234.0;236;0;14
234.6;237;0;13
235.2;233;0;17
235.79999999999998;236;0;14
236.39999999999998;223;0;27
237.0;233;0;17
237.6;234;0;16
238.2;229;0;21
238.79999999999998;238;0;12
239.39999999999998;239;0;11
240.0;239;0;11
240.6;234;0;16
241.2;236;0;14
241.79999999999998;241;0;9
242.39999999999998;235;0;15
243.0;230;0;20
243.6;235;0;15
244.2;233;0;17
244.79999999999998;227;0;23
245.39999999999998;231;0;19
246.0;231;0;19
246.6;224;0;26
247.2;232;0;18
247.79999999999998;232;0;18
248.39999999999998;228;0;22
249.0;232;0;18
249.6;234;0;16
250.2;232;0;18
250.79999999999998;229;0;21
251.39999999999998;224;0;26
252.0;238;0;12
252.6;236;0;14
253.2;234;0;16
253.79999999999998;230;0;20
254.39999999999998;232;0;18
255.0;238;0;12
255.6;239;0;11
256.2;227;0;23
256.8;227;0;23
257.4;229;0;21
258.0;229;0;21
258.59999999999997;224;0;26
259.2;220;0;30
259.8;219;0;31
260.4;223;0;27
261.0;231;0;19
261.59999999999997;230;0;20
262.2;236;0;14
262.8;238;0;12
263.4;231;0;19
264.0;227;0;23
264.59999999999997;228;0;22
265.2;230;0;20
265.8;238;0;12
266.4;239;0;11
267.0;236;0;14
267.59999999999997;234;0;16
268.2;236;0;14
268.8;234;0;16
269.4;227;0;23
270.0;227;0;23
270.59999999999997;230;0;20
271.2;232;0;18
271.8;231;0;19
272.4;229;0;21
273.0;230;0;20
273.59999999999997;231;0;19
274.2;229;0;21
274.8;231;0;19
275.4;236;0;14
276.0;230;0;20
276.59999999999997;230;0;20
277.2;234;0;16
277.8;233;0;17
278.4;234;0;16
279.0;236;0;14
279.59999999999997;239;0;11
280.2;237;0;13
280.8;239;0;11
281.4;234;0;16
282.0;236;0;14
282.59999999999997;235;0;15
283.2;230;0;20
283.8;230;0;20
284.4;234;0;16
285.0;232;0;18
285.59999999999997;236;0;14
286.2;240;0;10
286.8;237;0;13
287.4;237;0;13
288.0;232;0;18
288.59999999999997;227;0;23
289.2;235;0;15
289.8;238;0;12
290.4;235;0;15
291.0;234;0;16
291.59999999999997;236;0;14
292.2;233;0;17
292.8;233;0;17
293.4;229;0;21
294.0;225;0;25
294.59999999999997;230;0;20
295.2;229;0;21
295.8;232;0;18
296.4;235;0;15
297.0;230;0;20
297.59999999999997;229;0;21
298.2;234;0;16
298.8;234;0;16
299.4;231;0;19
#auto generated file!
60.0;233;0;17
60.599999999999994;235;0;15
61.199999999999996;232;0;18
61.8;232;0;18
62.4;228;0;22
63.0;226;0;24
63.599999999999994;230;0;20
64.2;233;0;17
64.8;231;0;19
65.39999999999999;229;0;21
66.0;231;0;19
66.6;233;0;17
67.2;230;0;20
67.8;231;0;19
68.39999999999999;233;0;17
69.0;233;0;17
69.6;231;0;19
70.2;231;0;19
70.8;229;0;21
71.39999999999999;236;0;14
72.0;236;0;14
72.6;231;0;19
73.2;230;0;20
73.8;233;0;17
74.39999999999999;228;0;22
75.0;233;0;17
75.6;233;0;17
76.2;237;0;13
76.8;234;0;16
77.39999999999999;232;0;18
78.0;236;0;14
78.6;232;0;18
79.2;231;0;19
79.8;232;0;18
80.39999999999999;227;0;23
81.0;233;0;17
81.6;229;0;21
82.2;232;0;18
82.8;233;0;17
83.39999999999999;232;0;18
84.0;238;0;12
84.6;234;0;16
85.2;234;0;16
85.8;235;0;15
86.39999999999999;234;0;16
87.0;231;0;19
87.6;235;0;15
88.2;237;0;13
88.8;236;0;14
89.39999999999999;231;0;19
90.0;230;0;20
90.6;229;0;21
91.2;236;0;14
91.8;235;0;15
92.39999999999999;232;0;18
93.0;233;0;17
93.6;227;0;23
94.2;224;0;26
94.8;226;0;24
95.39999999999999;228;0;22
96.0;230;0;20
96.6;230;0;20
97.2;237;0;13
97.8;237;0;13
98.39999999999999;235;0;15
99.0;229;0;21
99.6;227;0;23
100.2;225;0;25
100.8;230;0;20
101.39999999999999;230;0;20
102.0;224;0;26
102.6;227;0;23
103.2;229;0;21
103.8;231;0;19
104.39999999999999;234;0;16
105.0;232;0;18
105.6;231;0;19
106.2;226;0;24
106.8;230;0;20
107.39999999999999;235;0;15
108.0;236;0;14
108.6;232;0;18
109.2;228;0;22
109.8;234;0;16
110.39999999999999;232;0;18
111.0;231;0;19
111.6;233;0;17
112.2;229;0;21
112.8;232;0;18
113.39999999999999;229;0;21
114.0;229;0;21
114.6;232;0;18
115.19999999999999;233;0;17
115.8;238;0;12
116.39999999999999;233;0;17
117.0;234;0;16
117.6;227;0;23
118.19999999999999;230;0;20
118.8;234;0;16
119.39999999999999;231;0;19
120.0;237;0;13
120.6;236;0;14
121.19999999999999;237;0;13
121.8;232;0;18
122.39999999999999;233;0;17
123.0;225;0;25
123.6;234;0;16
124.19999999999999;232;0;18
124.8;237;0;13
125.39999999999999;232;0;18
126.0;232;0;18
126.6;234;0;16
127.19999999999999;239;0;11
127.8;232;0;18
128.4;232;0;18
129.0;235;0;15
129.6;236;0;14
130.2;239;0;11
130.79999999999998;236;0;14
131.4;232;0;18
132.0;228;0;22
132.6;227;0;23
133.2;228;0;22
133.79999999999998;227;0;23
134.4;230;0;20
135.0;231;0;19
135.6;233;0;17
136.2;235;0;15
136.79999999999998;224;0;26
137.4;224;0;26
138.0;233;0;17
138.6;236;0;14
139.2;237;0;13
139.79999999999998;234;0;16
140.4;226;0;24
141.0;228;0;22
141.6;232;0;18
142.2;232;0;18
142.79999999999998;232;0;18
143.4;238;0;12
144.0;237;0;13
144.6;231;0;19
145.2;228;0;22
145.79999999999998;224;0;26
146.4;225;0;25
147.0;225;0;25
147.6;228;0;22
148.2;227;0;23
148.79999999999998;228;0;22
149.4;230;0;20
150.0;230;0;20
150.6;233;0;17
151.2;227;0;23
151.79999999999998;225;0;25
152.4;225;0;25
153.0;232;0;18
153.6;223;0;27
154.2;227;0;23
154.79999999999998;224;0;26
155.4;230;0;20
156.0;230;0;20
156.6;229;0;21
157.2;240;0;10
157.79999999999998;229;0;21
158.4;231;0;19
159.0;227;0;23
159.6;224;0;26
160.2;227;0;23
160.79999999999998;228;0;22
161.4;232;0;18
162.0;236;0;14
162.6;233;0;17
163.2;233;0;17
163.79999999999998;235;0;15
164.4;237;0;13
165.0;239;0;11
165.6;234;0;16
166.2;230;0;20
166.79999999999998;233;0;17
167.4;236;0;14
168.0;234;0;16
168.6;232;0;18
169.2;238;0;12
169.79999999999998;237;0;13
170.4;235;0;15
171.0;235;0;15
171.6;235;0;15
172.2;236;0;14
172.79999999999998;231;0;19
173.4;229;0;21
174.0;229;0;21
174.6;236;0;14
175.2;234;0;16
175.79999999999998;233;0;17
176.4;232;0;18
177.0;237;0;13
177.6;236;0;14
178.2;229;0;21
178.79999999999998;226;0;24
179.4;226;0;24
180.0;231;0;19
180.6;225;0;25
181.2;232;0;18
181.79999999999998;232;0;18
182.4;233;0;17
183.0;233;0;17
183.6;233;0;17
184.2;230;0;20
184.79999999999998;230;0;20
185.4;230;0;20
186.0;234;0;16
186.6;233;0;17
187.2;233;0;17
187.79999999999998;235;0;15
188.4;231;0;19
189.0;224;0;26
189.6;228;0;22
190.2;222;0;28
190.79999999999998;228;0;22
191.4;232;0;18
192.0;234;0;16
192.6;231;0;19
193.2;235;0;15
193.79999999999998;239;0;11
194.4;237;0;13
195.0;236;0;14
195.6;230;0;20
196.2;225;0;25
196.79999999999998;231;0;19
197.4;236;0;14
198.0;240;0;10
198.6;238;0;12
199.2;242;0;8
199.79999999999998;237;0;13
200.4;240;0;10
201.0;241;0;9
201.6;235;0;15
202.2;236;0;14
202.79999999999998;240;0;10
203.4;233;0;17
204.0;226;0;24
204.6;229;0;21
205.2;223;0;27
205.79999999999998;227;0;23
206.4;229;0;21
207.0;233;0;17
207.6;237;0;13
208.2;233;0;17
208.79999999999998;234;0;16
209.4;230;0;20
210.0;230;0;20
210.6;229;0;21
211.2;228;0;22
211.79999999999998;232;0;18
212.4;226;0;24
213.0;222;0;28
213.6;232;0;18
214.2;233;0;17
214.79999999999998;232;0;18
215.4;225;0;25
216.0;232;0;18
216.6;230;0;20
217.2;231;0;19
217.79999999999998;233;0;17
218.4;236;0;14
219.0;232;0;18
219.6;228;0;22
220.2;224;0;26
220.79999999999998;231;0;19
221.4;229;0;21
222.0;229;0;21
222.6;234;0;16
223.2;230;0;20
223.79999999999998;228;0;22
224.4;230;0;20
225.0;227;0;23
225.6;232;0;18
226.2;232;0;18
226.79999999999998;236;0;14
227.4;230;0;20
228.0;236;0;14
228.6;233;0;17
229.2;229;0;21
229.79999999999998;230;0;20
230.39999999999998;239;0;11
231.0;237;0;13
231.6;235;0;15
232.2;228;0;22
232.79999999999998;233;0;17
233.39999999999998;231;0;19
234.0;235;0;15
234.6;232;0;18
235.2;233;0;17
235.79999999999998;231;0;19
236.39999999999998;232;0;18
237.0;234;0;16
237.6;234;0;16
238.2;238;0;12
238.79999999999998;235;0;15
239.39999999999998;235;0;15
240.0;234;0;16
240.6;238;0;12
241.2;227;0;23
241.79999999999998;231;0;19
242.39999999999998;233;0;17
243.0;225;0;25
243.6;229;0;21
244.2;232;0;18
244.79999999999998;236;0;14
245.39999999999998;237;0;13
246.0;237;0;13
246.6;235;0;15
247.2;235;0;15
247.79999999999998;233;0;17
248.39999999999998;235;0;15
249.0;237;0;13
249.6;233;0;17
250.2;234;0;16
250.79999999999998;230;0;20
251.39999999999998;229;0;21
252.0;227;0;23
252.6;227;0;23
253.2;229;0;21
253.79999999999998;225;0;25
254.39999999999998;225;0;25
255.0;227;0;23
255.6;236;0;14
256.2;238;0;12
256.8;237;0;13
257.4;231;0;19
258.0;227;0;23
258.59999999999997;228;0;22
259.2;222;0;28
259.8;226;0;24
260.4;230;0;20
261.0;230;0;20
261.59999999999997;233;0;17
262.2;239;0;11
262.8;230;0;20
263.4;236;0;14
264.0;229;0;21
264.59999999999997;229;0;21
265.2;235;0;15
265.8;230;0;20
266.4;232;0;18
267.0;234;0;16
267.59999999999997;234;0;16
268.2;232;0;18
268.8;235;0;15
269.4;234;0;16
270.0;229;0;21
270.59999999999997;237;0;13
271.2;238;0;12
271.8;236;0;14
272.4;238;0;12
273.0;243;0;7
273.59999999999997;243;0;7
274.2;236;0;14
274.8;234;0;16
275.4;233;0;17
276.0;236;0;14
276.59999999999997;228;0;22
277.2;225;0;25
277.8;221;0;29
278.4;217;0;33
279.0;223;0;27
279.59999999999997;231;0;19
280.2;228;0;22
280.8;228;0;22
281.4;230;0;20
282.0;234;0;16
282.59999999999997;231;0;19
283.2;236;0;14
283.8;240;0;10
284.4;238;0;12
285.0;236;0;14
285.59999999999997;238;0;12
286.2;238;0;12
286.8;231;0;19
287.4;229;0;21
288.0;226;0;24
288.59999999999997;227;0;23
289.2;232;0;18
289.8;231;0;19
290.4;229;0;21
291.0;230;0;20
291.59999999999997;234;0;16
292.2;232;0;18
292.8;230;0;20
293.4;234;0;16
294.0;237;0;13
294.59999999999997;236;0;14
295.2;234;0;16
295.8;228;0;22
296.4;228;0;22
297.0;237;0;13
297.59999999999997;237;0;13
298.2;237;0;13
298.8;234;0;16
299.4;230;0;20
#auto generated file!
60.0;230;0;20
60.599999999999994;233;0;17
61.199999999999996;229;0;21
61.8;230;0;20
62.4;229;0;21
63.0;227;0;23
63.599999999999994;225;0;25
64.2;233;0;17
64.8;231;0;19
65.39999999999999;229;0;21
66.0;227;0;23
66.6;235;0;15
67.2;231;0;19
67.8;230;0;20
68.39999999999999;230;0;20
69.0;226;0;24
69.6;234;0;16
70.2;229;0;21
70.8;227;0;23
71.39999999999999;227;0;23
72.0;236;0;14
72.6;225;0;25
73.2;227;0;23
73.8;226;0;24
74.39999999999999;224;0;26
75.0;229;0;21
75.6;235;0;15
76.2;236;0;14
76.8;233;0;17
77.39999999999999;232;0;18
78.0;232;0;18
78.6;227;0;23
79.2;234;0;16
79.8;233;0;17
80.39999999999999;231;0;19
81.0;230;0;20
81.6;232;0;18
82.2;232;0;18
82.8;241;0;9
83.39999999999999;235;0;15
84.0;235;0;15
84.6;239;0;11
85.2;236;0;14
85.8;237;0;13
86.39999999999999;230;0;20
87.0;232;0;18
87.6;235;0;15
88.2;231;0;19
88.8;232;0;18
89.39999999999999;229;0;21
90.0;233;0;17
90.6;233;0;17
91.2;231;0;19
91.8;227;0;23
92.39999999999999;227;0;23
93.0;230;0;20
93.6;226;0;24
94.2;227;0;23
94.8;225;0;25
95.39999999999999;230;0;20
96.0;230;0;20
96.6;238;0;12
97.2;233;0;17
97.8;232;0;18
98.39999999999999;231;0;19
99.0;236;0;14
99.6;238;0;12
100.2;236;0;14
100.8;238;0;12
101.39999999999999;235;0;15
102.0;234;0;16
102.6;232;0;18
103.2;236;0;14
103.8;232;0;18
104.39999999999999;230;0;20
105.0;233;0;17
105.6;234;0;16
106.2;236;0;14
106.8;235;0;15
107.39999999999999;233;0;17
108.0;228;0;22
108.6;227;0;23
109.2;235;0;15
109.8;236;0;14
110.39999999999999;235;0;15
111.0;233;0;17
111.6;233;0;17
112.2;234;0;16
112.8;237;0;13
113.39999999999999;228;0;22
114.0;235;0;15
114.6;228;0;22
115.19999999999999;227;0;23
115.8;231;0;19
116.39999999999999;231;0;19
117.0;234;0;16
117.6;233;0;17
118.19999999999999;230;0;20
118.8;234;0;16
119.39999999999999;233;0;17
120.0;235;0;15
120.6;231;0;19
121.19999999999999;231;0;19
121.8;232;0;18
122.39999999999999;227;0;23
123.0;229;0;21
123.6;231;0;19
124.19999999999999;235;0;15
124.8;234;0;16
125.39999999999999;236;0;14
126.0;237;0;13
126.6;233;0;17
127.19999999999999;234;0;16
127.8;234;0;16
128.4;234;0;16
129.0;226;0;24
129.6;231;0;19
130.2;223;0;27
130.79999999999998;234;0;16
131.4;235;0;15
132.0;236;0;14
132.6;236;0;14
133.2;236;0;14
133.79999999999998;232;0;18
134.4;233;0;17
135.0;235;0;15
135.6;237;0;13
136.2;239;0;11
136.79999999999998;235;0;15
137.4;234;0;16
138.0;232;0;18
138.6;233;0;17
139.2;233;0;17
139.79999999999998;233;0;17
140.4;228;0;22
141.0;222;0;28
141.6;228;0;22
142.2;230;0;20
142.79999999999998;223;0;27
143.4;234;0;16
144.0;234;0;16
144.6;232;0;18
145.2;233;0;17
145.79999999999998;228;0;22
146.4;229;0;21
147.0;235;0;15
147.6;233;0;17
148.2;233;0;17
148.79999999999998;235;0;15
149.4;237;0;13
150.0;237;0;13
150.6;232;0;18
151.2;235;0;15
151.79999999999998;231;0;19
152.4;231;0;19
153.0;228;0;22
153.6;227;0;23
154.2;233;0;17
154.79999999999998;241;0;9
155.4;234;0;16
156.0;231;0;19
156.6;233;0;17
157.2;233;0;17
157.79999999999998;227;0;23
158.4;226;0;24
159.0;228;0;22
159.6;231;0;19
160.2;230;0;20
160.79999999999998;233;0;17
161.4;238;0;12
162.0;236;0;14
162.6;228;0;22
163.2;225;0;25
163.79999999999998;232;0;18
164.4;234;0;16
165.0;228;0;22
165.6;227;0;23
166.2;231;0;19
166.79999999999998;229;0;21
167.4;238;0;12
168.0;228;0;22
168.6;236;0;14
169.2;233;0;17
169.79999999999998;234;0;16
170.4;230;0;20
171.0;233;0;17
171.6;233;0;17
172.2;234;0;16
172.79999999999998;229;0;21
173.4;230;0;20
174.0;228;0;22
174.6;226;0;24
175.2;225;0;25
175.79999999999998;224;0;26
176.4;229;0;21
177.0;228;0;22
177.6;229;0;21
178.2;235;0;15
178.79999999999998;226;0;24
179.4;228;0;22
180.0;232;0;18
180.6;235;0;15
181.2;218;0;32
181.79999999999998;232;0;18
182.4;232;0;18
183.0;233;0;17
183.6;237;0;13
184.2;236;0;14
184.79999999999998;232;0;18
185.4;232;0;18
186.0;230;0;20
186.6;230;0;20
187.2;225;0;25
187.79999999999998;227;0;23
188.4;227;0;23
189.0;228;0;22
189.6;232;0;18
190.2;234;0;16
190.79999999999998;237;0;13
191.4;230;0;20
192.0;230;0;20
192.6;226;0;24
193.2;231;0;19
193.79999999999998;227;0;23
194.4;232;0;18
195.0;222;0;28
195.6;228;0;22
196.2;227;0;23
196.79999999999998;228;0;22
197.4;226;0;24
198.0;231;0;19
198.6;229;0;21
199.2;223;0;27
199.79999999999998;236;0;14
200.4;237;0;13
201.0;237;0;13
201.6;232;0;18
202.2;231;0;19
202.79999999999998;231;0;19
203.4;233;0;17
204.0;225;0;25
204.6;228;0;22
205.2;227;0;23
205.79999999999998;232;0;18
206.4;229;0;21
207.0;233;0;17
207.6;229;0;21
208.2;235;0;15
208.79999999999998;235;0;15
209.4;228;0;22
210.0;228;0;22
210.6;237;0;13
211.2;236;0;14
211.79999999999998;233;0;17
212.4;235;0;15
213.0;235;0;15
213.6;235;0;15
214.2;244;0;6
214.79999999999998;236;0;14
215.4;231;0;19
216.0;225;0;25
216.6;235;0;15
217.2;227;0;23
217.79999999999998;224;0;26
218.4;227;0;23
219.0;229;0;21
219.6;230;0;20
220.2;231;0;19
220.79999999999998;231;0;19
221.4;228;0;22
222.0;227;0;23
222.6;230;0;20
223.2;230;0;20
223.79999999999998;232;0;18
224.4;233;0;17
225.0;235;0;15
225.6;234;0;16
226.2;233;0;17
226.79999999999998;238;0;12
227.4;237;0;13
228.0;233;0;17
228.6;236;0;14
229.2;234;0;16
229.79999999999998;231;0;19
230.39999999999998;236;0;14
231.0;240;0;10
231.6;237;0;13
232.2;230;0;20
232.79999999999998;234;0;16
233.39999999999998;233;0;17
234.0;234;0;16
234.6;233;0;17
235.2;236;0;14
235.79999999999998;236;0;14
236.39999999999998;234;0;16
237.0;236;0;14
237.6;231;0;19
238.2;225;0;25
238.79999999999998;232;0;18
239.39999999999998;227;0;23
240.0;221;0;29
240.6;224;0;26
241.2;227;0;23
241.79999999999998;220;0;30
242.39999999999998;226;0;24
243.0;221;0;29
243.6;222;0;28
244.2;226;0;24
244.79999999999998;228;0;22
245.39999999999998;224;0;26
246.0;231;0;19
246.6;232;0;18
247.2;229;0;21
247.79999999999998;235;0;15
248.39999999999998;240;0;10
249.0;231;0;19
249.6;227;0;23
250.2;228;0;22
250.79999999999998;235;0;15
251.39999999999998;235;0;15
252.0;235;0;15
252.6;233;0;17
253.2;229;0;21
253.79999999999998;230;0;20
254.39999999999998;232;0;18
255.0;230;0;20
255.6;237;0;13
256.2;240;0;10
256.8;231;0;19
257.4;225;0;25
258.0;229;0;21
258.59999999999997;231;0;19
259.2;234;0;16
259.8;234;0;16
260.4;235;0;15
261.0;233;0;17
261.59999999999997;236;0;14
262.2;235;0;15
262.8;231;0;19
263.4;230;0;20
264.0;231;0;19
264.59999999999997;228;0;22
265.2;233;0;17
265.8;228;0;22
266.4;234;0;16
267.0;236;0;14
267.59999999999997;232;0;18
268.2;235;0;15
268.8;237;0;13
269.4;237;0;13
270.0;237;0;13
270.59999999999997;235;0;15
271.2;236;0;14
271.8;232;0;18
272.4;229;0;21
273.0;234;0;16
273.59999999999997;234;0;16
274.2;232;0;18
274.8;229;0;21
275.4;231;0;19
276.0;234;0;16
276.59999999999997;239;0;11
277.2;235;0;15
277.8;240;0;10
278.4;241;0;9
279.0;233;0;17
279.59999999999997;233;0;17
280.2;236;0;14
280.8;236;0;14
281.4;233;0;17
282.0;232;0;18
282.59999999999997;237;0;13
283.2;237;0;13
283.8;240;0;10
284.4;236;0;14
285.0;235;0;15
285.59999999999997;237;0;13
286.2;237;0;13
286.8;235;0;15
287.4;233;0;17
288.0;236;0;14
288.59999999999997;236;0;14
289.2;239;0;11
289.8;236;0;14
290.4;241;0;9
291.0;242;0;8
291.59999999999997;241;0;9
292.2;237;0;13
292.8;237;0;13
293.4;234;0;16
294.0;234;0;16
294.59999999999997;232;0;18
295.2;229;0;21
295.8;228;0;22
296.4;223;0;27
297.0;229;0;21
297.59999999999997;230;0;20
298.2;241;0;9
298.8;235;0;15
299.4;227;0;23
#auto generated file!
60.0;233;0;17
60.599999999999994;235;0;15
61.199999999999996;235;0;15
61.8;232;0;18
62.4;237;0;13
63.0;239;0;11
63.599999999999994;230;0;20
64.2;223;0;27
64.8;230;0;20
65.39999999999999;227;0;23
66.0;228;0;22
66.6;225;0;25
67.2;226;0;24
67.8;225;0;25
68.39999999999999;232;0;18
69.0;238;0;12
69.6;237;0;13
70.2;235;0;15
70.8;229;0;21
71.39999999999999;228;0;22
72.0;234;0;16
72.6;237;0;13
73.2;237;0;13
73.8;236;0;14
74.39999999999999;233;0;17
75.0;230;0;20
75.6;224;0;26
76.2;227;0;23
76.8;226;0;24
77.39999999999999;228;0;22
78.0;228;0;22
78.6;230;0;20
79.2;232;0;18
79.8;229;0;21
80.39999999999999;228;0;22
81.0;229;0;21
81.6;229;0;21
82.2;230;0;20
82.8;228;0;22
83.39999999999999;231;0;19
84.0;230;0;20
84.6;233;0;17
85.2;229;0;21
85.8;235;0;15
86.39999999999999;232;0;18
87.0;234;0;16
87.6;233;0;17
88.2;233;0;17
88.8;236;0;14
89.39999999999999;233;0;17
90.0;238;0;12
90.6;234;0;16
91.2;235;0;15
91.8;235;0;15
92.39999999999999;239;0;11
93.0;239;0;11
93.6;234;0;16
94.2;238;0;12
94.8;235;0;15
95.39999999999999;235;0;15
96.0;233;0;17
96.6;229;0;21
97.2;230;0;20
97.8;232;0;18
98.39999999999999;234;0;16
99.0;236;0;14
99.6;236;0;14
100.2;231;0;19
100.8;230;0;20
101.39999999999999;234;0;16
102.0;234;0;16
102.6;227;0;23
103.2;227;0;23
103.8;235;0;15
104.39999999999999;236;0;14
105.0;239;0;11
105.6;238;0;12
106.2;228;0;22
106.8;234;0;16
107.39999999999999;228;0;22
108.0;231;0;19
108.6;232;0;18
109.2;234;0;16
109.8;234;0;16
110.39999999999999;233;0;17
111.0;231;0;19
111.6;234;0;16
112.2;231;0;19
112.8;233;0;17
113.39999999999999;238;0;12
114.0;237;0;13
114.6;234;0;16
115.19999999999999;229;0;21
115.8;232;0;18
116.39999999999999;232;0;18
117.0;232;0;18
117.6;227;0;23
118.19999999999999;231;0;19
118.8;232;0;18
119.39999999999999;226;0;24
120.0;226;0;24
120.6;233;0;17
121.19999999999999;239;0;11
121.8;237;0;13
122.39999999999999;235;0;15
123.0;233;0;17
123.6;235;0;15
124.19999999999999;230;0;20
124.8;234;0;16
125.39999999999999;230;0;20
126.0;232;0;18
126.6;223;0;27
127.19999999999999;224;0;26
127.8;227;0;23
128.4;224;0;26
129.0;231;0;19
129.6;237;0;13
130.2;237;0;13
130.79999999999998;238;0;12
131.4;236;0;14
132.0;234;0;16
132.6;236;0;14
133.2;231;0;19
133.79999999999998;229;0;21
134.4;223;0;27
135.0;227;0;23
135.6;231;0;19
136.2;234;0;16
136.79999999999998;236;0;14
137.4;235;0;15
138.0;230;0;20
138.6;234;0;16
139.2;234;0;16
139.79999999999998;225;0;25
140.4;233;0;17
141.0;233;0;17
141.6;234;0;16
142.2;231;0;19
142.79999999999998;235;0;15
143.4;237;0;13
144.0;233;0;17
144.6;232;0;18
145.2;229;0;21
145.79999999999998;239;0;11
146.4;230;0;20
147.0;230;0;20
147.6;231;0;19
148.2;232;0;18
148.79999999999998;235;0;15
149.4;240;0;10
150.0;242;0;8
150.6;237;0;13
151.2;233;0;17
151.79999999999998;229;0;21
152.4;228;0;22
153.0;224;0;26
153.6;227;0;23
154.2;232;0;18
154.79999999999998;235;0;15
155.4;230;0;20
156.0;226;0;24
156.6;230;0;20
157.2;230;0;20
157.79999999999998;234;0;16
158.4;231;0;19
159.0;226;0;24
159.6;233;0;17
160.2;236;0;14
160.79999999999998;226;0;24
161.4;230;0;20
162.0;234;0;16
162.6;232;0;18
163.2;235;0;15
163.79999999999998;233;0;17
164.4;237;0;13
165.0;238;0;12
165.6;236;0;14
166.2;224;0;26
166.79999999999998;229;0;21
167.4;233;0;17
168.0;230;0;20
168.6;233;0;17
169.2;238;0;12
169.79999999999998;236;0;14
170.4;242;0;8
171.0;232;0;18
171.6;234;0;16
172.2;234;0;16
172.79999999999998;232;0;18
173.4;231;0;19
174.0;229;0;21
174.6;232;0;18
175.2;235;0;15
175.79999999999998;234;0;16
176.4;230;0;20
177.0;231;0;19
177.6;236;0;14
178.2;237;0;13
178.79999999999998;233;0;17
179.4;232;0;18
180.0;232;0;18
180.6;234;0;16
181.2;236;0;14
181.79999999999998;233;0;17
182.4;236;0;14
183.0;237;0;13
183.6;227;0;23
184.2;231;0;19
184.79999999999998;231;0;19
185.4;226;0;24
186.0;232;0;18
186.6;236;0;14
187.2;241;0;9
187.79999999999998;234;0;16
188.4;234;0;16
189.0;233;0;17
189.6;234;0;16
190.2;238;0;12
190.79999999999998;239;0;11
191.4;239;0;11
192.0;229;0;21
192.6;228;0;22
193.2;230;0;20
193.79999999999998;234;0;16
194.4;233;0;17
195.0;236;0;14
195.6;231;0;19
196.2;231;0;19
196.79999999999998;234;0;16
197.4;232;0;18
198.0;236;0;14
198.6;237;0;13
199.2;236;0;14
199.79999999999998;232;0;18
200.4;230;0;20
201.0;233;0;17
201.6;232;0;18
202.2;230;0;20
202.79999999999998;233;0;17
203.4;237;0;13
204.0;235;0;15
204.6;234;0;16
205.2;228;0;22
205.79999999999998;226;0;24
206.4;233;0;17
207.0;234;0;16
207.6;232;0;18
208.2;233;0;17
208.79999999999998;236;0;14
209.4;229;0;21
210.0;233;0;17
210.6;233;0;17
211.2;234;0;16
211.79999999999998;235;0;15
212.4;236;0;14
213.0;235;0;15
213.6;232;0;18
214.2;234;0;16
214.79999999999998;233;0;17
215.4;231;0;19
216.0;234;0;16
216.6;233;0;17
217.2;238;0;12
217.79999999999998;234;0;16
218.4;233;0;17
219.0;235;0;15
219.6;230;0;20
220.2;229;0;21
220.79999999999998;226;0;24
221.4;235;0;15
222.0;241;0;9
222.6;239;0;11
223.2;241;0;9
223.79999999999998;238;0;12
224.4;237;0;13
225.0;238;0;12
225.6;236;0;14
226.2;231;0;19
226.79999999999998;227;0;23
227.4;228;0;22
228.0;230;0;20
228.6;232;0;18
229.2;230;0;20
229.79999999999998;231;0;19
230.39999999999998;234;0;16
231.0;235;0;15
231.6;238;0;12
232.2;237;0;13
232.79999999999998;239;0;11
233.39999999999998;237;0;13
234.0;232;0;18
234.6;232;0;18
235.2;232;0;18
235.79999999999998;237;0;13
236.39999999999998;232;0;18
237.0;230;0;20
237.6;230;0;20
238.2;230;0;20
238.79999999999998;233;0;17
239.39999999999998;232;0;18
240.0;235;0;15
240.6;231;0;19
241.2;236;0;14
241.79999999999998;237;0;13
242.39999999999998;232;0;18
243.0;233;0;17
243.6;236;0;14
244.2;237;0;13
244.79999999999998;233;0;17
245.39999999999998;231;0;19
246.0;234;0;16
246.6;231;0;19
247.2;237;0;13
247.79999999999998;234;0;16
248.39999999999998;236;0;14
249.0;240;0;10
249.6;238;0;12
250.2;239;0;11
250.79999999999998;235;0;15
251.39999999999998;232;0;18
252.0;232;0;18
252.6;230;0;20
253.2;225;0;25
253.79999999999998;231;0;19
254.39999999999998;231;0;19
255.0;233;0;17
255.6;232;0;18
256.2;228;0;22
256.8;232;0;18
257.4;231;0;19
258.0;232;0;18
258.59999999999997;236;0;14
259.2;238;0;12
259.8;234;0;16
260.4;238;0;12
261.0;234;0;16
261.59999999999997;234;0;16
262.2;237;0;13
262.8;238;0;12
263.4;239;0;11
264.0;236;0;14
264.59999999999997;235;0;15
265.2;230;0;20
265.8;231;0;19
266.4;235;0;15
267.0;237;0;13
267.59999999999997;238;0;12
268.2;230;0;20
268.8;231;0;19
269.4;229;0;21
270.0;230;0;20
270.59999999999997;232;0;18
271.2;235;0;15
271.8;237;0;13
272.4;234;0;16
273.0;237;0;13
273.59999999999997;233;0;17
274.2;231;0;19
274.8;226;0;24
275.4;236;0;14
276.0;236;0;14
276.59999999999997;233;0;17
277.2;230;0;20
277.8;235;0;15
278.4;234;0;16
279.0;236;0;14
279.59999999999997;231;0;19
280.2;237;0;13
280.8;235;0;15
281.4;238;0;12
282.0;239;0;11
282.59999999999997;244;0;6
283.2;238;0;12
283.8;237;0;13
284.4;235;0;15
285.0;234;0;16
285.59999999999997;231;0;19
286.2;226;0;24
286.8;229;0;21
287.4;225;0;25
288.0;228;0;22
288.59999999999997;229;0;21
289.2;230;0;20
289.8;235;0;15
290.4;237;0;13
291.0;234;0;16
291.59999999999997;238;0;12
292.2;236;0;14
292.8;232;0;18
293.4;236;0;14
294.0;232;0;18
294.59999999999997;228;0;22
295.2;228;0;22
295.8;224;0;26
296.4;226;0;24
297.0;225;0;25
297.59999999999997;227;0;23
298.2;232;0;18
298.8;224;0;26
299.4;225;0;25
#auto generated file!
60.0;233;0;17
60.599999999999994;235;0;15
61.199999999999996;233;0;17
61.8;237;0;13
62.4;236;0;14
63.0;230;0;20
63.599999999999994;234;0;16
64.2;231;0;19
64.8;231;0;19
65.39999999999999;235;0;15
66.0;236;0;14
66.6;237;0;13
67.2;238;0;12
67.8;234;0;16
68.39999999999999;232;0;18
69.0;228;0;22
69.6;234;0;16
70.2;229;0;21
70.8;224;0;26
71.39999999999999;228;0;22
72.0;234;0;16
72.6;235;0;15
73.2;232;0;18
73.8;235;0;15
74.39999999999999;232;0;18
75.0;237;0;13
75.6;237;0;13
76.2;238;0;12
76.8;236;0;14
77.39999999999999;229;0;21
78.0;231;0;19
78.6;224;0;26
79.2;228;0;22
79.8;231;0;19
80.39999999999999;230;0;20
81.0;233;0;17
81.6;235;0;15
82.2;232;0;18
82.8;230;0;20
83.39999999999999;228;0;22
84.0;235;0;15
84.6;234;0;16
85.2;223;0;27
85.8;226;0;24
86.39999999999999;225;0;25
87.0;232;0;18
87.6;227;0;23
88.2;235;0;15
88.8;233;0;17
89.39999999999999;233;0;17
90.0;230;0;20
90.6;232;0;18
91.2;230;0;20
91.8;228;0;22
92.39999999999999;235;0;15
93.0;236;0;14
93.6;235;0;15
94.2;233;0;17
94.8;231;0;19
95.39999999999999;231;0;19
96.0;231;0;19
96.6;234;0;16
97.2;232;0;18
97.8;229;0;21
98.39999999999999;235;0;15
99.0;233;0;17
99.6;236;0;14
100.2;234;0;16
100.8;236;0;14
101.39999999999999;237;0;13
102.0;235;0;15
102.6;229;0;21
103.2;232;0;18
103.8;238;0;12
104.39999999999999;233;0;17
105.0;236;0;14
105.6;237;0;13
106.2;231;0;19
106.8;231;0;19
107.39999999999999;231;0;19
108.0;232;0;18
108.6;236;0;14
109.2;236;0;14
109.8;225;0;25
110.39999999999999;231;0;19
111.0;233;0;17
111.6;231;0;19
112.2;226;0;24
112.8;234;0;16
113.39999999999999;234;0;16
114.0;235;0;15
114.6;234;0;16
115.19999999999999;236;0;14
115.8;229;0;21
116.39999999999999;228;0;22
117.0;232;0;18
117.6;241;0;9
118.19999999999999;239;0;11
118.8;238;0;12
119.39999999999999;236;0;14
120.0;234;0;16
120.6;231;0;19
121.19999999999999;235;0;15
121.8;230;0;20
122.39999999999999;231;0;19
123.0;220;0;30
123.6;226;0;24
124.19999999999999;229;0;21
124.8;234;0;16
125.39999999999999;230;0;20
126.0;233;0;17
126.6;236;0;14
127.19999999999999;239;0;11
127.8;240;0;10
128.4;241;0;9
129.0;238;0;12
129.6;234;0;16
130.2;234;0;16
130.79999999999998;231;0;19
131.4;231;0;19
132.0;232;0;18
132.6;229;0;21
133.2;235;0;15
133.79999999999998;233;0;17
134.4;235;0;15
135.0;230;0;20
135.6;233;0;17
136.2;236;0;14
136.79999999999998;235;0;15
137.4;236;0;14
138.0;234;0;16
138.6;236;0;14
139.2;238;0;12
139.79999999999998;236;0;14
140.4;235;0;15
141.0;234;0;16
141.6;229;0;21
142.2;229;0;21
142.79999999999998;233;0;17
143.4;233;0;17
144.0;236;0;14
144.6;226;0;24
145.2;227;0;23
145.79999999999998;229;0;21
146.4;235;0;15
147.0;230;0;20
147.6;226;0;24
148.2;230;0;20
148.79999999999998;233;0;17
149.4;229;0;21
150.0;232;0;18
150.6;231;0;19
151.2;233;0;17
151.79999999999998;235;0;15
152.4;236;0;14
153.0;240;0;10
153.6;237;0;13
154.2;233;0;17
154.79999999999998;228;0;22
155.4;235;0;15
156.0;234;0;16
156.6;236;0;14
157.2;235;0;15
157.79999999999998;230;0;20
158.4;233;0;17
159.0;230;0;20
159.6;231;0;19
160.2;235;0;15
160.79999999999998;239;0;11
161.4;234;0;16
162.0;227;0;23
162.6;237;0;13
163.2;234;0;16
163.79999999999998;230;0;20
164.4;230;0;20
165.0;228;0;22
165.6;233;0;17
166.2;232;0;18
166.79999999999998;235;0;15
167.4;236;0;14
168.0;230;0;20
168.6;236;0;14
169.2;235;0;15
169.79999999999998;236;0;14
170.4;231;0;19
171.0;233;0;17
171.6;232;0;18
172.2;234;0;16
172.79999999999998;233;0;17
173.4;231;0;19
174.0;227;0;23
174.6;230;0;20
175.2;230;0;20
175.79999999999998;222;0;28
176.4;232;0;18
177.0;235;0;15
177.6;229;0;21
178.2;238;0;12
178.79999999999998;236;0;14
179.4;234;0;16
180.0;237;0;13
180.6;242;0;8
181.2;237;0;13
181.79999999999998;233;0;17
182.4;234;0;16
183.0;230;0;20
183.6;226;0;24
184.2;228;0;22
184.79999999999998;233;0;17
185.4;234;0;16
186.0;231;0;19
186.6;227;0;23
187.2;230;0;20
187.79999999999998;227;0;23
188.4;233;0;17
189.0;234;0;16
189.6;232;0;18
190.2;241;0;9
190.79999999999998;239;0;11
191.4;239;0;11
192.0;236;0;14
192.6;233;0;17
193.2;225;0;25
193.79999999999998;234;0;16
194.4;236;0;14
195.0;238;0;12
195.6;238;0;12
196.2;241;0;9
196.79999999999998;239;0;11
197.4;238;0;12
198.0;232;0;18
198.6;232;0;18
199.2;230;0;20
199.79999999999998;238;0;12
200.4;236;0;14
201.0;231;0;19
201.6;236;0;14
202.2;231;0;19
202.79999999999998;230;0;20
203.4;232;0;18
204.0;230;0;20
204.6;227;0;23
205.2;230;0;20
205.79999999999998;231;0;19
206.4;231;0;19
207.0;230;0;20
207.6;230;0;20
208.2;233;0;17
208.79999999999998;236;0;14
209.4;233;0;17
210.0;238;0;12
210.6;234;0;16
211.2;236;0;14
211.79999999999998;228;0;22
212.4;231;0;19
213.0;231;0;19
213.6;231;0;19
214.2;230;0;20
214.79999999999998;232;0;18
215.4;229;0;21
216.0;232;0;18
216.6;235;0;15
217.2;241;0;9
217.79999999999998;239;0;11
218.4;237;0;13
219.0;237;0;13
219.6;234;0;16
220.2;229;0;21
220.79999999999998;225;0;25
221.4;225;0;25
222.0;232;0;18
222.6;233;0;17
223.2;237;0;13
223.79999999999998;235;0;15
224.4;238;0;12
225.0;236;0;14
225.6;236;0;14
226.2;232;0;18
226.79999999999998;233;0;17
227.4;229;0;21
228.0;238;0;12
228.6;238;0;12
229.2;235;0;15
229.79999999999998;233;0;17
230.39999999999998;234;0;16
231.0;233;0;17
231.6;235;0;15
232.2;229;0;21
232.79999999999998;235;0;15
233.39999999999998;236;0;14
234.0;227;0;23
234.6;233;0;17
235.2;234;0;16
235.79999999999998;230;0;20
236.39999999999998;236;0;14
237.0;234;0;16
237.6;233;0;17
238.2;237;0;13
238.79999999999998;234;0;16
239.39999999999998;238;0;12
240.0;234;0;16
240.6;234;0;16
241.2;235;0;15
241.79999999999998;231;0;19
242.39999999999998;233;0;17
243.0;239;0;11
243.6;237;0;13
244.2;233;0;17
244.79999999999998;232;0;18
245.39999999999998;226;0;24
246.0;222;0;28
246.6;227;0;23
247.2;230;0;20
247.79999999999998;231;0;19
248.39999999999998;235;0;15
249.0;229;0;21
249.6;236;0;14
250.2;237;0;13
250.79999999999998;232;0;18
251.39999999999998;233;0;17
252.0;235;0;15
252.6;240;0;10
253.2;242;0;8
253.79999999999998;233;0;17
254.39999999999998;230;0;20
255.0;231;0;19
255.6;232;0;18
256.2;232;0;18
256.8;233;0;17
257.4;230;0;20
258.0;235;0;15
258.59999999999997;233;0;17
259.2;233;0;17
259.8;234;0;16
260.4;233;0;17
261.0;231;0;19
261.59999999999997;236;0;14
262.2;231;0;19
262.8;240;0;10
263.4;233;0;17
264.0;231;0;19
264.59999999999997;224;0;26
265.2;221;0;29
265.8;221;0;29
266.4;229;0;21
267.0;234;0;16
267.59999999999997;232;0;18
268.2;230;0;20
268.8;235;0;15
269.4;234;0;16
270.0;235;0;15
270.59999999999997;228;0;22
271.2;232;0;18
271.8;230;0;20
272.4;226;0;24
273.0;228;0;22
273.59999999999997;227;0;23
274.2;236;0;14
274.8;235;0;15
275.4;228;0;22
276.0;227;0;23
276.59999999999997;234;0;16
277.2;232;0;18
277.8;232;0;18
278.4;238;0;12
279.0;236;0;14
279.59999999999997;229;0;21
280.2;233;0;17
280.8;232;0;18
281.4;228;0;22
282.0;232;0;18
282.59999999999997;230;0;20
283.2;224;0;26
283.8;229;0;21
284.4;225;0;25
285.0;225;0;25
285.59999999999997;223;0;27
286.2;227;0;23
286.8;230;0;20
287.4;232;0;18
288.0;231;0;19
288.59999999999997;232;0;18
289.2;234;0;16
289.8;237;0;13
290.4;224;0;26
291.0;226;0;24
291.59999999999997;229;0;21
292.2;234;0;16
292.8;229;0;21
293.4;232;0;18
294.0;232;0;18
294.59999999999997;233;0;17
295.2;231;0;19
295.8;232;0;18
296.4;231;0;19
297.0;234;0;16
297.59999999999997;234;0;16
298.2;237;0;13
298.8;229;0;21
299.4;233;0;17
#auto generated file!
60.0;235;0;15
60.599999999999994;231;0;19
61.199999999999996;229;0;21
61.8;234;0;16
62.4;238;0;12
63.0;233;0;17
63.599999999999994;232;0;18
64.2;235;0;15
64.8;231;0;19
65.39999999999999;233;0;17
66.0;229;0;21
66.6;228;0;22
67.2;233;0;17
67.8;235;0;15
68.39999999999999;232;0;18
69.0;230;0;20
69.6;235;0;15
70.2;236;0;14
70.8;229;0;21
71.39999999999999;226;0;24
72.0;231;0;19
72.6;231;0;19
73.2;233;0;17
73.8;232;0;18
74.39999999999999;233;0;17
75.0;237;0;13
75.6;236;0;14
76.2;227;0;23
76.8;232;0;18
77.39999999999999;231;0;19
78.0;234;0;16
78.6;234;0;16
79.2;234;0;16
79.8;233;0;17
80.39999999999999;234;0;16
81.0;231;0;19
81.6;223;0;27
82.2;230;0;20
82.8;226;0;24
83.39999999999999;232;0;18
84.0;228;0;22
84.6;232;0;18
85.2;240;0;10
85.8;231;0;19
86.39999999999999;237;0;13
87.0;239;0;11
87.6;237;0;13
88.2;236;0;14
88.8;242;0;8
89.39999999999999;236;0;14
90.0;238;0;12
90.6;228;0;22
91.2;235;0;15
91.8;231;0;19
92.39999999999999;228;0;22
93.0;231;0;19
93.6;228;0;22
94.2;228;0;22
94.8;224;0;26
95.39999999999999;228;0;22
96.0;236;0;14
96.6;241;0;9
97.2;238;0;12
97.8;236;0;14
98.39999999999999;239;0;11
99.0;239;0;11
99.6;237;0;13
100.2;237;0;13
100.8;228;0;22
101.39999999999999;229;0;21
102.0;227;0;23
102.6;233;0;17
103.2;234;0;16
103.8;226;0;24
104.39999999999999;225;0;25
105.0;228;0;22
105.6;230;0;20
106.2;226;0;24
106.8;223;0;27
107.39999999999999;224;0;26
108.0;232;0;18
108.6;235;0;15
109.2;235;0;15
109.8;237;0;13
110.39999999999999;236;0;14
111.0;235;0;15
111.6;234;0;16
112.2;227;0;23
112.8;222;0;28
113.39999999999999;225;0;25
114.0;230;0;20
114.6;229;0;21
115.19999999999999;227;0;23
115.8;230;0;20
116.39999999999999;232;0;18
117.0;238;0;12
117.6;237;0;13
118.19999999999999;237;0;13
118.8;236;0;14
119.39999999999999;235;0;15
120.0;236;0;14
120.6;239;0;11
121.19999999999999;239;0;11
121.8;230;0;20
122.39999999999999;228;0;22
123.0;226;0;24
123.6;231;0;19
124.19999999999999;235;0;15
124.8;234;0;16
125.39999999999999;232;0;18
126.0;237;0;13
126.6;231;0;19
127.19999999999999;229;0;21
127.8;230;0;20
128.4;230;0;20
129.0;227;0;23
129.6;230;0;20
130.2;232;0;18
130.79999999999998;231;0;19
131.4;233;0;17
132.0;234;0;16
132.6;231;0;19
133.2;233;0;17
133.79999999999998;233;0;17
134.4;235;0;15
135.0;235;0;15
135.6;236;0;14
136.2;235;0;15
136.79999999999998;230;0;20
137.4;234;0;16
138.0;233;0;17
138.6;232;0;18
139.2;226;0;24
139.79999999999998;230;0;20
140.4;230;0;20
141.0;224;0;26
141.6;223;0;27
142.2;229;0;21
142.79999999999998;226;0;24
143.4;232;0;18
144.0;234;0;16
144.6;229;0;21
145.2;230;0;20
145.79999999999998;232;0;18
146.4;221;0;29
147.0;225;0;25
147.6;226;0;24
148.2;229;0;21
148.79999999999998;234;0;16
149.4;232;0;18
150.0;234;0;16
150.6;236;0;14
151.2;238;0;12
151.79999999999998;237;0;13
152.4;234;0;16
153.0;231;0;19
153.6;228;0;22
154.2;229;0;21
154.79999999999998;231;0;19
155.4;231;0;19
156.0;236;0;14
156.6;238;0;12
157.2;230;0;20
157.79999999999998;233;0;17
158.4;232;0;18
159.0;228;0;22
159.6;232;0;18
160.2;237;0;13
160.79999999999998;238;0;12
161.4;237;0;13
162.0;234;0;16
162.6;238;0;12
163.2;236;0;14
163.79999999999998;236;0;14
164.4;237;0;13
165.0;237;0;13
165.6;237;0;13
166.2;229;0;21
166.79999999999998;225;0;25
167.4;229;0;21
168.0;228;0;22
168.6;227;0;23
169.2;232;0;18
169.79999999999998;229;0;21
170.4;236;0;14
171.0;233;0;17
171.6;234;0;16
172.2;229;0;21
172.79999999999998;232;0;18
173.4;229;0;21
174.0;224;0;26
174.6;230;0;20
175.2;237;0;13
175.79999999999998;231;0;19
176.4;234;0;16
177.0;237;0;13
177.6;237;0;13
178.2;235;0;15
178.79999999999998;235;0;15
179.4;234;0;16
180.0;236;0;14
180.6;239;0;11
181.2;237;0;13
181.79999999999998;237;0;13
182.4;234;0;16
183.0;235;0;15
183.6;231;0;19
184.2;234;0;16
184.79999999999998;228;0;22
185.4;236;0;14
186.0;234;0;16
186.6;231;0;19
187.2;228;0;22
187.79999999999998;226;0;24
188.4;231;0;19
189.0;232;0;18
189.6;230;0;20
190.2;235;0;15
190.79999999999998;228;0;22
191.4;233;0;17
192.0;228;0;22
192.6;222;0;28
193.2;223;0;27
193.79999999999998;226;0;24
194.4;231;0;19
195.0;236;0;14
195.6;233;0;17
196.2;234;0;16
196.79999999999998;234;0;16
197.4;229;0;21
198.0;233;0;17
198.6;234;0;16
199.2;230;0;20
199.79999999999998;231;0;19
200.4;230;0;20
201.0;231;0;19
201.6;231;0;19
202.2;234;0;16
202.79999999999998;232;0;18
203.4;232;0;18
204.0;235;0;15
204.6;231;0;19
205.2;232;0;18
205.79999999999998;229;0;21
206.4;230;0;20
207.0;227;0;23
207.6;232;0;18
208.2;229;0;21
208.79999999999998;233;0;17
209.4;231;0;19
210.0;230;0;20
210.6;233;0;17
211.2;228;0;22
211.79999999999998;228;0;22
212.4;226;0;24
213.0;224;0;26
213.6;229;0;21
214.2;230;0;20
214.79999999999998;235;0;15
215.4;232;0;18
216.0;228;0;22
216.6;233;0;17
217.2;233;0;17
217.79999999999998;233;0;17
218.4;236;0;14
219.0;237;0;13
219.6;237;0;13
220.2;236;0;14
220.79999999999998;233;0;17
221.4;227;0;23
222.0;227;0;23
222.6;231;0;19
223.2;231;0;19
223.79999999999998;230;0;20
224.4;238;0;12
225.0;229;0;21
225.6;229;0;21
226.2;230;0;20
226.79999999999998;231;0;19
227.4;227;0;23
228.0;223;0;27
228.6;226;0;24
229.2;233;0;17
229.79999999999998;232;0;18
230.39999999999998;232;0;18
231.0;231;0;19
231.6;230;0;20
232.2;232;0;18
232.79999999999998;234;0;16
233.39999999999998;238;0;12
234.0;239;0;11
234.6;239;0;11
235.2;235;0;15
235.79999999999998;235;0;15
236.39999999999998;237;0;13
237.0;236;0;14
237.6;235;0;15
238.2;233;0;17
238.79999999999998;234;0;16
239.39999999999998;234;0;16
240.0;239;0;11
240.6;243;0;7
241.2;236;0;14
241.79999999999998;233;0;17
242.39999999999998;234;0;16
243.0;232;0;18
243.6;232;0;18
244.2;226;0;24
244.79999999999998;231;0;19
245.39999999999998;228;0;22
246.0;228;0;22
246.6;231;0;19
247.2;235;0;15
247.79999999999998;236;0;14
248.39999999999998;238;0;12
249.0;233;0;17
249.6;235;0;15
250.2;227;0;23
250.79999999999998;230;0;20
251.39999999999998;227;0;23
252.0;230;0;20
252.6;236;0;14
253.2;232;0;18
253.79999999999998;229;0;21
254.39999999999998;232;0;18
255.0;230;0;20
255.6;230;0;20
256.2;235;0;15
256.8;232;0;18
257.4;233;0;17
258.0;228;0;22
258.59999999999997;238;0;12
259.2;228;0;22
259.8;225;0;25
260.4;227;0;23
261.0;234;0;16
261.59999999999997;237;0;13
262.2;236;0;14
262.8;233;0;17
263.4;235;0;15
264.0;236;0;14
264.59999999999997;233;0;17
265.2;238;0;12
265.8;234;0;16
266.4;229;0;21
267.0;230;0;20
267.59999999999997;235;0;15
268.2;233;0;17
268.8;233;0;17
269.4;230;0;20
270.0;232;0;18
270.59999999999997;225;0;25
271.2;227;0;23
271.8;224;0;26
272.4;224;0;26
273.0;224;0;26
273.59999999999997;225;0;25
274.2;221;0;29
274.8;224;0;26
275.4;225;0;25
276.0;235;0;15
276.59999999999997;232;0;18
277.2;233;0;17
277.8;230;0;20
278.4;230;0;20
279.0;227;0;23
279.59999999999997;226;0;24
280.2;225;0;25
280.8;229;0;21
281.4;229;0;21
282.0;234;0;16
282.59999999999997;229;0;21
283.2;223;0;27
283.8;225;0;25
284.4;227;0;23
285.0;230;0;20
285.59999999999997;232;0;18
286.2;233;0;17
286.8;233;0;17
287.4;236;0;14
288.0;235;0;15
288.59999999999997;230;0;20
289.2;232;0;18
289.8;234;0;16
290.4;228;0;22
291.0;229;0;21
291.59999999999997;228;0;22
292.2;229;0;21
292.8;234;0;16
293.4;224;0;26
294.0;225;0;25
294.59999999999997;233;0;17
295.2;227;0;23
295.8;228;0;22
296.4;231;0;19
297.0;230;0;20
297.59999999999997;230;0;20
298.2;233;0;17
298.8;230;0;20
299.4;232;0;18
#auto generated file!
60.0;235;0;15
60.599999999999994;240;0;10
61.199999999999996;239;0;11
61.8;237;0;13
62.4;231;0;19
63.0;238;0;12
63.599999999999994;231;0;19
64.2;232;0;18
64.8;228;0;22
65.39999999999999;233;0;17
66.0;232;0;18
66.6;230;0;20
67.2;235;0;15
67.8;235;0;15
68.39999999999999;237;0;13
69.0;238;0;12
69.6;234;0;16
70.2;230;0;20
70.8;225;0;25
71.39999999999999;233;0;17
72.0;231;0;19
72.6;228;0;22
73.2;230;0;20
73.8;236;0;14
74.39999999999999;233;0;17
75.0;229;0;21
75.6;225;0;25
76.2;235;0;15
76.8;241;0;9
77.39999999999999;234;0;16
78.0;236;0;14
78.6;233;0;17
79.2;231;0;19
79.8;232;0;18
80.39999999999999;231;0;19
81.0;232;0;18
81.6;231;0;19
82.2;231;0;19
82.8;230;0;20
83.39999999999999;232;0;18
84.0;236;0;14
84.6;236;0;14
85.2;233;0;17
85.8;226;0;24
86.39999999999999;234;0;16
87.0;239;0;11
87.6;232;0;18
88.2;231;0;19
88.8;235;0;15
89.39999999999999;239;0;11
90.0;238;0;12
90.6;237;0;13
91.2;233;0;17
91.8;236;0;14
92.39999999999999;237;0;13
93.0;237;0;13
93.6;235;0;15
94.2;237;0;13
94.8;236;0;14
95.39999999999999;233;0;17
96.0;226;0;24
96.6;227;0;23
97.2;229;0;21
97.8;227;0;23
98.39999999999999;228;0;22
99.0;226;0;24
99.6;223;0;27
100.2;220;0;30
100.8;219;0;31
101.39999999999999;221;0;29
102.0;229;0;21
102.6;232;0;18
103.2;233;0;17
103.8;233;0;17
104.39999999999999;231;0;19
105.0;231;0;19
105.6;233;0;17
106.2;227;0;23
106.8;227;0;23
107.39999999999999;233;0;17
108.0;232;0;18
108.6;232;0;18
109.2;227;0;23
109.8;233;0;17
110.39999999999999;220;0;30
111.0;231;0;19
111.6;235;0;15
112.2;235;0;15
112.8;227;0;23
113.39999999999999;235;0;15
114.0;232;0;18
114.6;230;0;20
115.19999999999999;233;0;17
115.8;234;0;16
116.39999999999999;233;0;17
117.0;239;0;11
117.6;239;0;11
118.19999999999999;234;0;16
118.8;230;0;20
119.39999999999999;233;0;17
120.0;231;0;19
120.6;231;0;19
121.19999999999999;231;0;19
121.8;229;0;21
122.39999999999999;230;0;20
123.0;232;0;18
123.6;227;0;23
124.19999999999999;233;0;17
124.8;232;0;18
125.39999999999999;233;0;17
126.0;227;0;23
126.6;230;0;20
127.19999999999999;237;0;13
127.8;232;0;18
128.4;231;0;19
129.0;238;0;12
129.6;240;0;10
130.2;237;0;13
130.79999999999998;233;0;17
131.4;234;0;16
132.0;235;0;15
132.6;234;0;16
133.2;227;0;23
133.79999999999998;232;0;18
134.4;237;0;13
135.0;238;0;12
135.6;237;0;13
136.2;236;0;14
136.79999999999998;231;0;19
137.4;228;0;22
138.0;227;0;23
138.6;232;0;18
139.2;233;0;17
139.79999999999998;234;0;16
140.4;242;0;8
141.0;236;0;14
141.6;234;0;16
142.2;230;0;20
142.79999999999998;233;0;17
143.4;239;0;11
144.0;234;0;16
144.6;234;0;16
145.2;235;0;15
145.79999999999998;236;0;14
146.4;231;0;19
147.0;231;0;19
147.6;231;0;19
148.2;225;0;25
148.79999999999998;226;0;24
149.4;223;0;27
150.0;225;0;25
150.6;228;0;22
151.2;227;0;23
151.79999999999998;226;0;24
152.4;230;0;20
153.0;221;0;29
153.6;232;0;18
154.2;229;0;21
154.79999999999998;236;0;14
155.4;230;0;20
156.0;237;0;13
156.6;234;0;16
157.2;233;0;17
157.79999999999998;235;0;15
158.4;235;0;15
159.0;227;0;23
159.6;226;0;24
160.2;226;0;24
160.79999999999998;235;0;15
161.4;231;0;19
162.0;232;0;18
162.6;235;0;15
163.2;236;0;14
163.79999999999998;235;0;15
164.4;236;0;14
165.0;236;0;14
165.6;237;0;13
166.2;236;0;14
166.79999999999998;236;0;14
167.4;233;0;17
168.0;232;0;18
168.6;232;0;18
169.2;232;0;18
169.79999999999998;233;0;17
170.4;228;0;22
171.0;235;0;15
171.6;232;0;18
172.2;234;0;16
172.79999999999998;234;0;16
173.4;233;0;17
174.0;225;0;25
174.6;228;0;22
175.2;231;0;19
175.79999999999998;234;0;16
176.4;228;0;22
177.0;224;0;26
177.6;226;0;24
178.2;229;0;21
178.79999999999998;232;0;18
179.4;228;0;22
180.0;225;0;25
180.6;229;0;21
181.2;231;0;19
181.79999999999998;231;0;19
182.4;229;0;21
183.0;228;0;22
183.6;231;0;19
184.2;229;0;21
184.79999999999998;232;0;18
185.4;234;0;16
186.0;240;0;10
186.6;233;0;17
187.2;234;0;16
187.79999999999998;235;0;15
188.4;228;0;22
189.0;225;0;25
189.6;229;0;21
190.2;229;0;21
190.79999999999998;233;0;17
191.4;236;0;14
192.0;235;0;15
192.6;235;0;15
193.2;238;0;12
193.79999999999998;239;0;11
194.4;236;0;14
195.0;232;0;18
195.6;240;0;10
196.2;237;0;13
196.79999999999998;229;0;21
197.4;238;0;12
198.0;232;0;18
198.6;226;0;24
199.2;225;0;25
199.79999999999998;224;0;26
200.4;231;0;19
201.0;227;0;23
201.6;229;0;21
202.2;237;0;13
202.79999999999998;241;0;9
203.4;233;0;17
204.0;233;0;17
204.6;235;0;15
205.2;228;0;22
205.79999999999998;232;0;18
206.4;232;0;18
207.0;228;0;22
207.6;231;0;19
208.2;233;0;17
208.79999999999998;227;0;23
209.4;228;0;22
210.0;233;0;17
210.6;224;0;26
211.2;225;0;25
211.79999999999998;225;0;25
212.4;232;0;18
213.0;238;0;12
213.6;241;0;9
214.2;238;0;12
214.79999999999998;233;0;17
215.4;230;0;20
216.0;227;0;23
216.6;232;0;18
217.2;233;0;17
217.79999999999998;237;0;13
218.4;235;0;15
219.0;237;0;13
219.6;235;0;15
220.2;238;0;12
220.79999999999998;236;0;14
221.4;231;0;19
222.0;228;0;22
222.6;225;0;25
223.2;224;0;26
223.79999999999998;219;0;31
224.4;226;0;24
225.0;231;0;19
225.6;228;0;22
226.2;233;0;17
226.79999999999998;237;0;13
227.4;230;0;20
228.0;231;0;19
228.6;221;0;29
229.2;222;0;28
229.79999999999998;235;0;15
230.39999999999998;236;0;14
231.0;234;0;16
231.6;240;0;10
232.2;237;0;13
232.79999999999998;236;0;14
233.39999999999998;236;0;14
234.0;234;0;16
234.6;229;0;21
235.2;232;0;18
235.79999999999998;238;0;12
236.39999999999998;232;0;18
237.0;230;0;20
237.6;227;0;23
238.2;235;0;15
238.79999999999998;235;0;15
239.39999999999998;229;0;21
240.0;236;0;14
240.6;233;0;17
241.2;226;0;24
241.79999999999998;228;0;22
242.39999999999998;229;0;21
243.0;229;0;21
243.6;234;0;16
244.2;230;0;20
244.79999999999998;229;0;21
245.39999999999998;226;0;24
246.0;230;0;20
246.6;229;0;21
247.2;232;0;18
247.79999999999998;230;0;20
248.39999999999998;230;0;20
249.0;228;0;22
249.6;228;0;22
250.2;236;0;14
250.79999999999998;236;0;14
251.39999999999998;236;0;14
252.0;232;0;18
252.6;229;0;21
253.2;230;0;20
253.79999999999998;235;0;15
254.39999999999998;228;0;22
255.0;234;0;16
255.6;239;0;11
256.2;237;0;13
256.8;238;0;12
257.4;233;0;17
258.0;233;0;17
258.59999999999997;231;0;19
259.2;233;0;17
259.8;229;0;21
260.4;231;0;19
261.0;232;0;18
261.59999999999997;237;0;13
262.2;231;0;19
262.8;228;0;22
263.4;227;0;23
264.0;228;0;22
264.59999999999997;231;0;19
265.2;227;0;23
265.8;238;0;12
266.4;236;0;14
267.0;230;0;20
267.59999999999997;228;0;22
268.2;234;0;16
268.8;231;0;19
269.4;233;0;17
270.0;236;0;14
270.59999999999997;237;0;13
271.2;233;0;17
271.8;234;0;16
272.4;230;0;20
273.0;228;0;22
273.59999999999997;231;0;19
274.2;233;0;17
274.8;237;0;13
275.4;233;0;17
276.0;236;0;14
276.59999999999997;235;0;15
277.2;238;0;12
277.8;233;0;17
278.4;230;0;20
279.0;230;0;20
279.59999999999997;234;0;16
280.2;231;0;19
280.8;224;0;26
281.4;230;0;20
282.0;233;0;17
282.59999999999997;236;0;14
283.2;237;0;13
283.8;231;0;19
284.4;236;0;14
285.0;227;0;23
285.59999999999997;223;0;27
286.2;231;0;19
286.8;232;0;18
287.4;231;0;19
288.0;227;0;23
288.59999999999997;222;0;28
289.2;234;0;16
289.8;240;0;10
290.4;233;0;17
291.0;231;0;19
291.59999999999997;230;0;20
292.2;233;0;17
292.8;239;0;11
293.4;235;0;15
294.0;239;0;11
294.59999999999997;235;0;15
295.2;234;0;16
295.8;233;0;17
296.4;227;0;23
297.0;224;0;26
297.59999999999997;220;0;30
298.2;230;0;20
298.8;225;0;25
299.4;227;0;23
#auto generated file!
60.0;230;0;20
60.599999999999994;235;0;15
61.199999999999996;225;0;25
61.8;231;0;19
62.4;235;0;15
63.0;236;0;14
63.599999999999994;239;0;11
64.2;233;0;17
64.8;237;0;13
65.39999999999999;237;0;13
66.0;233;0;17
66.6;241;0;9
67.2;232;0;18
67.8;228;0;22
68.39999999999999;231;0;19
69.0;230;0;20
69.6;233;0;17
70.2;232;0;18
70.8;226;0;24
71.39999999999999;224;0;26
72.0;228;0;22
72.6;228;0;22
73.2;232;0;18
73.8;235;0;15
74.39999999999999;233;0;17
75.0;227;0;23
75.6;231;0;19
76.2;225;0;25
76.8;232;0;18
77.39999999999999;231;0;19
78.0;229;0;21
78.6;225;0;25
79.2;229;0;21
79.8;226;0;24
80.39999999999999;229;0;21
81.0;230;0;20
81.6;224;0;26
82.2;230;0;20
82.8;233;0;17
83.39999999999999;235;0;15
84.0;238;0;12
84.6;237;0;13
85.2;233;0;17
85.8;229;0;21
86.39999999999999;234;0;16
87.0;232;0;18
87.6;237;0;13
88.2;236;0;14
88.8;233;0;17
89.39999999999999;235;0;15
90.0;228;0;22
90.6;224;0;26
91.2;227;0;23
91.8;230;0;20
92.39999999999999;233;0;17
93.0;235;0;15
93.6;230;0;20
94.2;230;0;20
94.8;224;0;26
95.39999999999999;232;0;18
96.0;233;0;17
96.6;239;0;11
97.2;233;0;17
97.8;233;0;17
98.39999999999999;231;0;19
99.0;224;0;26
99.6;229;0;21
100.2;227;0;23
100.8;223;0;27
101.39999999999999;227;0;23
102.0;228;0;22
102.6;225;0;25
103.2;225;0;25
103.8;227;0;23
104.39999999999999;232;0;18
105.0;229;0;21
105.6;227;0;23
106.2;235;0;15
106.8;239;0;11
107.39999999999999;240;0;10
108.0;237;0;13
108.6;240;0;10
109.2;238;0;12
109.8;236;0;14
110.39999999999999;240;0;10
111.0;239;0;11
111.6;241;0;9
112.2;240;0;10
112.8;234;0;16
113.39999999999999;235;0;15
114.0;238;0;12
114.6;233;0;17
115.19999999999999;234;0;16
115.8;233;0;17
116.39999999999999;233;0;17
117.0;231;0;19
117.6;230;0;20
118.19999999999999;227;0;23
118.8;228;0;22
119.39999999999999;231;0;19
120.0;228;0;22
120.6;234;0;16
121.19999999999999;238;0;12
121.8;234;0;16
122.39999999999999;229;0;21
123.0;231;0;19
123.6;227;0;23
124.19999999999999;224;0;26
124.8;224;0;26
125.39999999999999;224;0;26
126.0;222;0;28
126.6;218;0;32
127.19999999999999;221;0;29
127.8;228;0;22
128.4;231;0;19
129.0;231;0;19
129.6;235;0;15
130.2;232;0;18
130.79999999999998;230;0;20
131.4;227;0;23
132.0;228;0;22
132.6;232;0;18
133.2;232;0;18
133.79999999999998;232;0;18
134.4;220;0;30
135.0;216;0;34
135.6;222;0;28
136.2;229;0;21
136.79999999999998;230;0;20
137.4;228;0;22
138.0;232;0;18
138.6;233;0;17
139.2;237;0;13
139.79999999999998;235;0;15
140.4;228;0;22
141.0;228;0;22
141.6;232;0;18
142.2;228;0;22
142.79999999999998;232;0;18
143.4;231;0;19
144.0;229;0;21
144.6;227;0;23
145.2;227;0;23
145.79999999999998;226;0;24
146.4;227;0;23
147.0;224;0;26
147.6;228;0;22
148.2;233;0;17
148.79999999999998;231;0;19
149.4;234;0;16
150.0;237;0;13
150.6;236;0;14
151.2;238;0;12
151.79999999999998;234;0;16
152.4;236;0;14
153.0;234;0;16
153.6;231;0;19
154.2;230;0;20
154.79999999999998;231;0;19
155.4;228;0;22
156.0;227;0;23
156.6;227;0;23
157.2;226;0;24
157.79999999999998;225;0;25
158.4;227;0;23
159.0;226;0;24
159.6;223;0;27
160.2;227;0;23
160.79999999999998;229;0;21
161.4;230;0;20
162.0;231;0;19
162.6;233;0;17
163.2;232;0;18
163.79999999999998;238;0;12
164.4;237;0;13
165.0;237;0;13
165.6;231;0;19
166.2;236;0;14
166.79999999999998;236;0;14
167.4;230;0;20
168.0;232;0;18
168.6;233;0;17
169.2;237;0;13
169.79999999999998;238;0;12
170.4;232;0;18
171.0;229;0;21
171.6;233;0;17
172.2;242;0;8
172.79999999999998;237;0;13
173.4;234;0;16
174.0;238;0;12
174.6;234;0;16
175.2;233;0;17
175.79999999999998;234;0;16
176.4;238;0;12
177.0;235;0;15
177.6;236;0;14
178.2;236;0;14
178.79999999999998;232;0;18
179.4;238;0;12
180.0;234;0;16
180.6;234;0;16
181.2;232;0;18
181.79999999999998;239;0;11
182.4;235;0;15
183.0;230;0;20
183.6;232;0;18
184.2;233;0;17
184.79999999999998;231;0;19
185.4;229;0;21
186.0;231;0;19
186.6;229;0;21
187.2;233;0;17
187.79999999999998;230;0;20
188.4;235;0;15
189.0;240;0;10
189.6;233;0;17
190.2;234;0;16
190.79999999999998;237;0;13
191.4;239;0;11
192.0;237;0;13
192.6;234;0;16
193.2;233;0;17
193.79999999999998;234;0;16
194.4;236;0;14
195.0;239;0;11
195.6;237;0;13
196.2;235;0;15
196.79999999999998;228;0;22
197.4;228;0;22
198.0;227;0;23
198.6;219;0;31
199.2;226;0;24
199.79999999999998;226;0;24
200.4;237;0;13
201.0;237;0;13
201.6;224;0;26
202.2;231;0;19
202.79999999999998;227;0;23
203.4;234;0;16
204.0;239;0;11
204.6;242;0;8
205.2;237;0;13
205.79999999999998;238;0;12
206.4;234;0;16
207.0;228;0;22
207.6;239;0;11
208.2;236;0;14
208.79999999999998;240;0;10
209.4;238;0;12
210.0;235;0;15
210.6;239;0;11
211.2;240;0;10
211.79999999999998;235;0;15
212.4;234;0;16
213.0;231;0;19
213.6;231;0;19
214.2;233;0;17
214.79999999999998;235;0;15
215.4;233;0;17
216.0;232;0;18
216.6;234;0;16
217.2;233;0;17
217.79999999999998;227;0;23
218.4;226;0;24
219.0;224;0;26
219.6;226;0;24
220.2;221;0;29
220.79999999999998;226;0;24
221.4;223;0;27
222.0;223;0;27
222.6;230;0;20
223.2;231;0;19
223.79999999999998;235;0;15
224.4;224;0;26
225.0;225;0;25
225.6;229;0;21
226.2;228;0;22
226.79999999999998;233;0;17
227.4;234;0;16
228.0;230;0;20
228.6;236;0;14
229.2;235;0;15
229.79999999999998;233;0;17
230.39999999999998;237;0;13
231.0;234;0;16
231.6;233;0;17
232.2;230;0;20
232.79999999999998;230;0;20
233.39999999999998;233;0;17
234.0;227;0;23
234.6;233;0;17
235.2;235;0;15
235.79999999999998;237;0;13
236.39999999999998;232;0;18
237.0;223;0;27
237.6;226;0;24
238.2;226;0;24
238.79999999999998;224;0;26
239.39999999999998;224;0;26
240.0;229;0;21
240.6;232;0;18
241.2;232;0;18
241.79999999999998;230;0;20
242.39999999999998;226;0;24
243.0;229;0;21
243.6;225;0;25
244.2;235;0;15
244.79999999999998;229;0;21
245.39999999999998;236;0;14
246.0;237;0;13
246.6;232;0;18
247.2;232;0;18
247.79999999999998;233;0;17
248.39999999999998;228;0;22
249.0;227;0;23
249.6;228;0;22
250.2;232;0;18
250.79999999999998;237;0;13
251.39999999999998;233;0;17
252.0;233;0;17
252.6;227;0;23
253.2;230;0;20
253.79999999999998;233;0;17
254.39999999999998;230;0;20
255.0;227;0;23
255.6;233;0;17
256.2;237;0;13
256.8;230;0;20
257.4;231;0;19
258.0;230;0;20
258.59999999999997;242;0;8
259.2;241;0;9
259.8;235;0;15
260.4;236;0;14
261.0;237;0;13
261.59999999999997;235;0;15
262.2;237;0;13
262.8;236;0;14
263.4;232;0;18
264.0;234;0;16
264.59999999999997;236;0;14
265.2;235;0;15
265.8;227;0;23
266.4;231;0;19
267.0;229;0;21
267.59999999999997;232;0;18
268.2;228;0;22
268.8;228;0;22
269.4;237;0;13
270.0;227;0;23
270.59999999999997;235;0;15
271.2;237;0;13
271.8;236;0;14
272.4;239;0;11
273.0;237;0;13
273.59999999999997;230;0;20
274.2;234;0;16
274.8;226;0;24
275.4;237;0;13
276.0;230;0;20
276.59999999999997;228;0;22
277.2;230;0;20
277.8;234;0;16
278.4;236;0;14
279.0;239;0;11
279.59999999999997;237;0;13
280.2;238;0;12
280.8;236;0;14
281.4;234;0;16
282.0;230;0;20
282.59999999999997;230;0;20
283.2;232;0;18
283.8;227;0;23
284.4;221;0;29
285.0;230;0;20
285.59999999999997;238;0;12
286.2;237;0;13
286.8;228;0;22
287.4;232;0;18
288.0;231;0;19
288.59999999999997;232;0;18
289.2;230;0;20
289.8;234;0;16
290.4;231;0;19
291.0;230;0;20
291.59999999999997;232;0;18
292.2;228;0;22
292.8;226;0;24
293.4;224;0;26
294.0;228;0;22
294.59999999999997;229;0;21
295.2;223;0;27
295.8;223;0;27
296.4;227;0;23
297.0;227;0;23
297.59999999999997;230;0;20
298.2;238;0;12
298.8;236;0;14
299.4;239;0;11
