#auto generated file!
1711;386;363;0;34.67507100886623;30.727508642278995;3.9475623665872583;114.23690476190474;0.0;23;0
1711;386;363;0;34.67507100886623;30.727508642278995;3.9475623665872583
0;0;0;0;0.0;0.0;0.0
#auto generated file!
1775;405;362;0;36.26421853045341;32.31715603509738;3.9470624953559987;116.92500000000004;0.0;43;0
1775;405;362;0;36.26421853045341;32.31715603509738;3.9470624953559987
0;0;0;0;0.0;0.0;0.0
#auto generated file!
1745;317;315;0;35.91404196559183;31.944281101288325;3.969760864303503;116.64333333333332;0.0;2;0
1745;317;315;0;35.91404196559183;31.944281101288325;3.969760864303503
0;0;0;0;0.0;0.0;0.0
#auto generated file!
1639;226;226;0;32.939314379978704;28.977295055302612;3.962019324676119;89.64095238095237;0.0;0;0
1639;226;226;0;32.939314379978704;28.977295055302612;3.962019324676119
0;0;0;0;0.0;0.0;0.0
#auto generated file!
1814;387;357;0;37.19760872059721;33.23131611962167;3.966292600975505;126.8078571428571;0.0;30;0
1814;387;357;0;37.19760872059721;33.23131611962167;3.966292600975505
0;0;0;0;0.0;0.0;0.0
#auto generated file!
1838;377;372;0;36.28654087777716;32.29472536343877;3.991815514338339;124.09190476190483;0.0;5;0
1838;377;372;0;36.28654087777716;32.29472536343877;3.991815514338339
0;0;0;0;0.0;0.0;0.0
#auto generated file!
1785;432;423;0;36.178147169591135;32.25146721520455;3.926679954386636;123.67999999999992;0.0;9;0
1785;432;423;0;36.178147169591135;32.25146721520455;3.926679954386636
0;0;0;0;0.0;0.0;0.0
#auto generated file!
1742;404;391;0;35.84391063956246;31.874245744079033;3.969664895483399;119.93499999999997;0.0;13;0
1742;404;391;0;35.84391063956246;31.874245744079033;3.969664895483399
0;0;0;0;0.0;0.0;0.0
#auto generated file!
1697;302;302;0;34.05887247088034;30.07577442332569;3.9830980475546176;103.85023809523823;0.0;0;0
1697;302;302;0;34.05887247088034;30.07577442332569;3.9830980475546176
0;0;0;0;0.0;0.0;0.0
#auto generated file!
1755;325;325;0;33.37507548814758;29.479001225101257;3.8960742630462954;106.49404761904754;0.0;0;0
1755;325;325;0;33.37507548814758;29.479001225101257;3.8960742630462954
0;0;0;0;0.0;0.0;0.0
