#auto generated file!
15;5;144;0;26.98114081245502;23.201994508041096;3.7791463044139193;200.06666666666675;0.0;31;0
15;5;144;0;0.0;0.0;0.0
0;0;0;0;0.0;0.0;0.0
#auto generated file!
1;1;80;0;13.73073827644933;9.409761782452861;4.320976493996469;225.31166666666678;0.0;16;0
1;1;80;0;0.0;0.0;0.0
0;0;0;0;0.0;0.0;0.0
#auto generated file!
0;1;257;0;0.0;0.0;0.0;190.6776190476191;0.0;25;0
0;1;257;0;0.0;0.0;0.0
0;0;0;0;0.0;0.0;0.0
#auto generated file!
7;4;134;0;16.11844760375788;12.401488689486689;3.7169589142711907;209.47238095238086;0.0;32;0
7;4;134;0;0.0;0.0;0.0
0;0;0;0;0.0;0.0;0.0
#auto generated file!
15;8;89;0;18.283861514122975;14.43227185347845;3.8515896606445237;216.7350000000001;0.0;39;0
15;8;89;0;0.0;0.0;0.0
0;0;0;0;0.0;0.0;0.0
#auto generated file!
19;6;100;0;13.694340335521025;10.163858697779531;3.5304816377414925;214.57119047619054;0.0;28;0
19;6;100;0;0.0;0.0;0.0
0;0;0;0;0.0;0.0;0.0
#auto generated file!
46;11;90;0;18.503401141109208;14.877566361065822;3.6258347800433923;220.92952380952372;0.0;40;0
46;11;90;0;0.0;0.0;0.0
0;0;0;0;0.0;0.0;0.0
#auto generated file!
51;6;114;0;19.550373409321498;15.532393912106341;4.017979497215152;181.940476190476;0.0;6;0
51;6;114;0;0.0;0.0;0.0
0;0;0;0;0.0;0.0;0.0
#auto generated file!
27;5;174;0;22.762431565592323;18.551064558041872;4.211367007550451;221.8297619047621;0.0;45;0
27;5;174;0;0.0;0.0;0.0
0;0;0;0;0.0;0.0;0.0
#auto generated file!
21;6;95;0;16.866096056928356;13.123529387109746;3.742566669818607;225.45190476190476;0.0;35;0
21;6;95;0;0.0;0.0;0.0
0;0;0;0;0.0;0.0;0.0
