#auto generated file!
57;0;1753;0;67.8085097227931;64.32318906381795;3.4853206589751062;123.5107142857143;0.0;0;0
57;0;1753;0;0.0;0.0;0.0
0;0;0;0;0.0;0.0;0.0
#auto generated file!
0;0;1695;0;0.0;0.0;0.0;115.87190476190477;0.0;0;0
0;0;1695;0;0.0;0.0;0.0
0;0;0;0;0.0;0.0;0.0
#auto generated file!
6;0;1803;0;11.742385783210608;7.503499141890237;4.238886641320371;114.83880952380952;0.0;0;0
6;0;1803;0;0.0;0.0;0.0
0;0;0;0;0.0;0.0;0.0
#auto generated file!
0;0;1473;0;0.0;0.0;0.0;80.17976190476182;0.0;0;0
0;0;1473;0;0.0;0.0;0.0
0;0;0;0;0.0;0.0;0.0
#auto generated file!
0;0;1506;0;0.0;0.0;0.0;84.0942857142858;0.0;0;0
0;0;1506;0;0.0;0.0;0.0
0;0;0;0;0.0;0.0;0.0
#auto generated file!
0;0;1287;0;0.0;0.0;0.0;68.28285714285711;0.0;0;0
0;0;1287;0;0.0;0.0;0.0
0;0;0;0;0.0;0.0;0.0
#auto generated file!
0;0;1546;0;0.0;0.0;0.0;83.08809523809529;0.0;0;0
0;0;1546;0;0.0;0.0;0.0
0;0;0;0;0.0;0.0;0.0
#auto generated file!
2;0;1701;0;8.018585715332819;5.753333333333369;2.2652523819994497;105.2378571428572;0.0;0;0
2;0;1701;0;0.0;0.0;0.0
0;0;0;0;0.0;0.0;0.0
#auto generated file!
11;0;1649;0;25.84703295565403;21.954360565858956;3.892672389795077;99.50476190476184;0.0;0;0
11;0;1649;0;0.0;0.0;0.0
0;0;0;0;0.0;0.0;0.0
#auto generated file!
0;0;1342;0;0.0;0.0;0.0;65.84904761904762;0.0;0;0
0;0;1342;0;0.0;0.0;0.0
0;0;0;0;0.0;0.0;0.0
