#auto generated file!
67;31;2281;0;43.82721935906131;40.07705567418436;3.7501636848769264;179.892380952381;0.0;199;0
67;31;2281;0;0.0;0.0;0.0
0;0;0;0;0.0;0.0;0.0
#auto generated file!
55;45;2242;0;50.97412234664511;46.98328670230448;3.990835644340633;175.45238095238096;0.0;191;0
55;45;2242;0;0.0;0.0;0.0
0;0;0;0;0.0;0.0;0.0
#auto generated file!
54;42;2298;0;29.619796171612734;25.5652524306241;4.054543740988638;171.53380952380954;0.0;170;0
54;42;2298;0;0.0;0.0;0.0
0;0;0;0;0.0;0.0;0.0
#auto generated file!
55;31;2180;0;32.576280727266;29.004262321377933;3.57201840588808;173.3519047619048;0.0;204;0
55;31;2180;0;0.0;0.0;0.0
0;0;0;0;0.0;0.0;0.0
#auto generated file!
67;22;2100;0;25.042124272273888;21.052101620987266;3.990022651286627;163.59190476190474;0.0;147;0
67;22;2100;0;0.0;0.0;0.0
0;0;0;0;0.0;0.0;0.0
#auto generated file!
34;21;2090;0;41.84869542430658;38.27603094736424;3.572664476942337;149.74238095238098;0.0;35;0
34;21;2090;0;0.0;0.0;0.0
0;0;0;0;0.0;0.0;0.0
#auto generated file!
47;83;2021;0;93.40399129621683;89.89010389212831;3.513887404088516;203.60952380952358;0.0;681;0
47;83;2021;0;0.0;0.0;0.0
0;0;0;0;0.0;0.0;0.0
#auto generated file!
21;40;2251;0;20.936641211964776;17.60147601510222;3.335165196862551;149.36642857142857;0.0;13;0
21;40;2251;0;0.0;0.0;0.0
0;0;0;0;0.0;0.0;0.0
#auto generated file!
87;27;2157;0;35.687560025634625;31.804770080603348;3.8827899450312837;173.34166666666644;0.0;154;0
87;27;2157;0;0.0;0.0;0.0
0;0;0;0;0.0;0.0;0.0
#auto generated file!
58;72;2313;0;47.901096817614444;44.0246877687617;3.8764090488527234;174.8680952380952;0.0;320;0
58;72;2313;0;0.0;0.0;0.0
0;0;0;0;0.0;0.0;0.0
