#auto generated file!
46;85;16;0;44.77304429282203;40.59565343821107;4.177390854610953;219.02952380952368;0.0;69;0
46;85;16;0;44.77304429282203;40.59565343821107;4.177390854610953
0;0;0;0;0.0;0.0;0.0
#auto generated file!
37;83;12;0;63.283609145820066;59.052650012750895;4.230959133069179;238.29285714285723;0.0;71;0
37;83;12;0;63.283609145820066;59.052650012750895;4.230959133069179
0;0;0;0;0.0;0.0;0.0
#auto generated file!
35;71;10;0;72.03924078700602;67.89190547142023;4.147335315585833;234.82142857142833;0.0;61;0
35;71;10;0;72.03924078700602;67.89190547142023;4.147335315585833
0;0;0;0;0.0;0.0;0.0
#auto generated file!
31;70;14;0;61.616011524884385;57.67098346285925;3.945028062025153;233.44071428571425;0.0;56;0
31;70;14;0;61.616011524884385;57.67098346285925;3.945028062025153
0;0;0;0;0.0;0.0;0.0
#auto generated file!
49;90;12;0;66.53875744082906;62.35300494579041;4.185752495038665;221.58095238095243;0.0;78;0
49;90;12;0;66.53875744082906;62.35300494579041;4.185752495038665
0;0;0;0;0.0;0.0;0.0
#auto generated file!
42;72;13;0;53.4696682447585;49.21889220671179;4.250776038046705;220.6054761904762;0.0;59;0
42;72;13;0;53.4696682447585;49.21889220671179;4.250776038046705
0;0;0;0;0.0;0.0;0.0
#auto generated file!
50;75;14;0;70.85605925433465;66.82266014240128;4.033399111933362;219.9776190476191;0.0;61;0
50;75;14;0;70.85605925433465;66.82266014240128;4.033399111933362
0;0;0;0;0.0;0.0;0.0
#auto generated file!
32;68;7;0;57.18731879149399;52.96484451645639;4.2224742750376;254.85309523809525;0.0;61;0
32;68;7;0;57.18731879149399;52.96484451645639;4.2224742750376
0;0;0;0;0.0;0.0;0.0
#auto generated file!
54;81;16;0;60.62538288781837;56.51999384313641;4.105389044681955;242.09047619047627;0.0;65;0
54;81;16;0;60.62538288781837;56.51999384313641;4.105389044681955
0;0;0;0;0.0;0.0;0.0
#auto generated file!
46;83;8;0;67.04061705229529;63.2111612441217;3.829455808173593;232.22952380952378;0.0;75;0
46;83;8;0;67.04061705229529;63.2111612441217;3.829455808173593
0;0;0;0;0.0;0.0;0.0
