#auto generated file!
37;10;92;4;28.01795787843043;24.320269535197518;3.6976883432329113;253.4602380952383;0.0;63;0
37;10;92;4;0.0;0.0;0.0
0;0;0;0;0.0;0.0;0.0
#auto generated file!
13;10;194;1;62.12843534804975;58.09276840658216;4.035666941467597;264.7311904761905;0.0;101;0
13;10;194;1;0.0;0.0;0.0
0;0;0;0;0.0;0.0;0.0
#auto generated file!
32;15;184;0;34.39887142025078;30.221276270748387;4.177595149502388;242.17357142857145;0.0;81;0
32;15;184;0;0.0;0.0;0.0
0;0;0;0;0.0;0.0;0.0
#auto generated file!
6;8;137;2;87.01542924952196;83.77303497112763;3.242394278394316;270.3669047619049;0.0;71;0
6;8;137;2;0.0;0.0;0.0
0;0;0;0;0.0;0.0;0.0
#auto generated file!
18;3;170;2;36.20841105892766;32.035717844151534;4.172693214776129;246.81928571428583;0.0;17;0
18;3;170;2;0.0;0.0;0.0
0;0;0;0;0.0;0.0;0.0
#auto generated file!
31;8;149;4;23.764655455013905;19.561345786609284;4.203309668404633;253.87428571428575;0.0;69;0
31;8;149;4;0.0;0.0;0.0
0;0;0;0;0.0;0.0;0.0
#auto generated file!
27;3;72;3;33.1292506742284;28.9303425753379;4.198908098890512;270.87952380952373;0.0;54;0
27;3;72;3;0.0;0.0;0.0
0;0;0;0;0.0;0.0;0.0
#auto generated file!
27;8;179;2;28.437379076719836;24.66974172202129;3.7676373546985418;240.72119047619057;0.0;69;0
27;8;179;2;0.0;0.0;0.0
0;0;0;0;0.0;0.0;0.0
#auto generated file!
28;4;141;5;30.355252957604062;26.261785464078155;4.093467493525902;272.0040476190479;0.0;57;0
28;4;141;5;0.0;0.0;0.0
0;0;0;0;0.0;0.0;0.0
#auto generated file!
0;3;199;4;0.0;0.0;0.0;223.99166666666642;0.0;45;0
0;3;199;4;0.0;0.0;0.0
0;0;0;0;0.0;0.0;0.0
