#auto generated file!
5;27;86;58;49.20775197065678;44.4588164053989;4.748935565257885;282.53833333333336;0.0;140;0
5;27;86;58;0.0;0.0;0.0
0;0;0;0;0.0;0.0;0.0
#auto generated file!
5;16;58;40;147.53727819687117;143.09833058951443;4.43894760735675;284.4350000000001;0.0;139;0
5;16;58;40;0.0;0.0;0.0
0;0;0;0;0.0;0.0;0.0
#auto generated file!
1;22;62;55;100.20657846051981;95.92517020285148;4.2814082576683345;313.104761904762;0.0;143;0
1;22;62;55;0.0;0.0;0.0
0;0;0;0;0.0;0.0;0.0
#auto generated file!
5;19;61;47;102.98057772544375;98.56135495765722;4.419222767786535;300.54857142857156;0.0;184;0
5;19;61;47;0.0;0.0;0.0
0;0;0;0;0.0;0.0;0.0
#auto generated file!
0;20;53;28;0.0;0.0;0.0;308.8707142857142;0.0;147;0
0;20;53;28;0.0;0.0;0.0
0;0;0;0;0.0;0.0;0.0
#auto generated file!
5;13;62;41;46.938701613753224;42.54696548895994;4.391736124793283;324.35380952380956;0.0;123;0
5;13;62;41;0.0;0.0;0.0
0;0;0;0;0.0;0.0;0.0
#auto generated file!
8;17;61;41;116.30057752153954;111.87986670068145;4.420710820858074;290.4569047619048;0.0;136;0
8;17;61;41;0.0;0.0;0.0
0;0;0;0;0.0;0.0;0.0
#auto generated file!
8;17;68;50;71.53781680275537;67.05628555644563;4.48153124630974;267.1871428571428;0.0;152;0
8;17;68;50;0.0;0.0;0.0
0;0;0;0;0.0;0.0;0.0
#auto generated file!
2;24;88;41;145.95864737356743;143.36989525451708;2.588752119050396;304.0019047619048;0.0;136;0
2;24;88;41;0.0;0.0;0.0
0;0;0;0;0.0;0.0;0.0
#auto generated file!
10;19;86;46;117.6349265358202;113.66972852475189;3.9651980110683267;322.70047619047597;0.0;136;0
10;19;86;46;0.0;0.0;0.0
0;0;0;0;0.0;0.0;0.0
