#auto generated file!
60.0;116;0;34
60.599999999999994;116;0;34
61.199999999999996;115;0;35
61.8;116;0;34
62.4;115;0;35
63.0;112;0;38
63.599999999999994;111;0;39
64.2;113;0;37
64.8;109;0;41
65.39999999999999;107;0;43
66.0;105;0;45
66.6;107;0;43
67.2;106;0;44
67.8;104;0;46
68.39999999999999;111;0;39
69.0;114;0;36
69.6;105;0;45
70.2;109;0;41
70.8;114;0;36
71.39999999999999;117;0;33
72.0;118;0;32
72.6;119;0;31
73.2;116;0;34
73.8;111;0;39
74.39999999999999;110;0;40
75.0;111;0;39
75.6;111;0;39
76.2;115;0;35
76.8;118;0;32
77.39999999999999;113;0;37
78.0;114;0;36
78.6;106;0;44
79.2;109;0;41
79.8;109;0;41
80.39999999999999;109;0;41
81.0;105;0;45
81.6;111;0;39
82.2;109;0;41
82.8;114;0;36
83.39999999999999;114;0;36
84.0;111;0;39
84.6;111;0;39
85.2;111;0;39
85.8;113;0;37
86.39999999999999;111;0;39
87.0;97;0;53
87.6;101;0;49
88.2;114;0;36
88.8;109;0;41
89.39999999999999;113;0;37
90.0;110;0;40
90.6;112;0;38
91.2;106;0;44
91.8;112;0;38
92.39999999999999;112;0;38
93.0;108;0;42
93.6;111;0;39
94.2;112;0;38
94.8;119;0;31
95.39999999999999;121;0;29
96.0;115;0;35
96.6;113;0;37
97.2;119;0;31
97.8;117;0;33
98.39999999999999;113;0;37
99.0;123;0;27
99.6;116;0;34
100.2;110;0;40
100.8;112;0;38
101.39999999999999;103;0;47
102.0;111;0;39
102.6;111;0;39
103.2;117;0;33
103.8;121;0;29
104.39999999999999;108;0;42
105.0;107;0;43
105.6;114;0;36
106.2;113;0;37
106.8;119;0;31
107.39999999999999;113;0;37
108.0;111;0;39
108.6;110;0;40
109.2;115;0;35
109.8;111;0;39
110.39999999999999;111;0;39
111.0;112;0;38
111.6;115;0;35
112.2;110;0;40
112.8;109;0;41
113.39999999999999;110;0;40
114.0;120;0;30
114.6;123;0;27
115.19999999999999;121;0;29
115.8;121;0;29
116.39999999999999;121;0;29
117.0;107;0;43
117.6;112;0;38
118.19999999999999;108;0;42
118.8;110;0;40
119.39999999999999;117;0;33
120.0;117;0;33
120.6;112;0;38
121.19999999999999;118;0;32
121.8;114;0;36
122.39999999999999;108;0;42
123.0;108;0;42
123.6;117;0;33
124.19999999999999;113;0;37
124.8;113;0;37
125.39999999999999;109;0;41
126.0;98;0;52
126.6;111;0;39
127.19999999999999;110;0;40
127.8;111;0;39
128.4;120;0;30
129.0;120;0;30
129.6;122;0;28
130.2;107;0;43
130.79999999999998;108;0;42
131.4;108;0;42
132.0;105;0;45
132.6;108;0;42
133.2;111;0;39
133.79999999999998;110;0;40
134.4;113;0;37
135.0;108;0;42
135.6;105;0;45
136.2;112;0;38
136.79999999999998;118;0;32
137.4;105;0;45
138.0;112;0;38
138.6;113;0;37
139.2;106;0;44
139.79999999999998;114;0;36
140.4;110;0;40
141.0;105;0;45
141.6;111;0;39
142.2;114;0;36
142.79999999999998;118;0;32
143.4;117;0;33
144.0;113;0;37
144.6;116;0;34
145.2;107;0;43
145.79999999999998;105;0;45
146.4;104;0;46
147.0;109;0;41
147.6;107;0;43
148.2;111;0;39
148.79999999999998;113;0;37
149.4;118;0;32
150.0;121;0;29
150.6;111;0;39
151.2;116;0;34
151.79999999999998;111;0;39
152.4;114;0;36
153.0;114;0;36
153.6;109;0;41
154.2;117;0;33
154.79999999999998;102;0;48
155.4;109;0;41
156.0;115;0;35
156.6;120;0;30
157.2;119;0;31
157.79999999999998;111;0;39
158.4;109;0;41
159.0;105;0;45
159.6;112;0;38
160.2;112;0;38
160.79999999999998;120;0;30
161.4;117;0;33
162.0;121;0;29
162.6;111;0;39
163.2;114;0;36
163.79999999999998;109;0;41
164.4;107;0;43
165.0;111;0;39
165.6;109;0;41
166.2;108;0;42
166.79999999999998;109;0;41
167.4;114;0;36
168.0;115;0;35
168.6;115;0;35
169.2;109;0;41
169.79999999999998;118;0;32
170.4;106;0;44
171.0;109;0;41
171.6;113;0;37
172.2;110;0;40
172.79999999999998;113;0;37
173.4;112;0;38
174.0;113;0;37
174.6;113;0;37
175.2;109;0;41
175.79999999999998;110;0;40
176.4;112;0;38
177.0;107;0;43
177.6;113;0;37
178.2;121;0;29
178.79999999999998;118;0;32
179.4;114;0;36
180.0;107;0;43
180.6;110;0;40
181.2;113;0;37
181.79999999999998;104;0;46
182.4;114;0;36
183.0;112;0;38
183.6;109;0;41
184.2;115;0;35
184.79999999999998;116;0;34
185.4;111;0;39
186.0;110;0;40
186.6;104;0;46
187.2;109;0;41
187.79999999999998;111;0;39
188.4;114;0;36
189.0;108;0;42
189.6;116;0;34
190.2;114;0;36
190.79999999999998;112;0;38
191.4;117;0;33
192.0;115;0;35
192.6;113;0;37
193.2;115;0;35
193.79999999999998;109;0;41
194.4;117;0;33
195.0;111;0;39
195.6;104;0;46
196.2;105;0;45
196.79999999999998;107;0;43
197.4;108;0;42
198.0;115;0;35
198.6;106;0;44
199.2;116;0;34
199.79999999999998;104;0;46
200.4;114;0;36
201.0;116;0;34
201.6;119;0;31
202.2;114;0;36
202.79999999999998;117;0;33
203.4;112;0;38
204.0;118;0;32
204.6;116;0;34
205.2;107;0;43
205.79999999999998;116;0;34
206.4;110;0;40
207.0;107;0;43
207.6;108;0;42
208.2;111;0;39
208.79999999999998;120;0;30
209.4;113;0;37
210.0;113;0;37
210.6;110;0;40
211.2;114;0;36
211.79999999999998;109;0;41
212.4;104;0;46
213.0;104;0;46
213.6;101;0;49
214.2;108;0;42
214.79999999999998;116;0;34
215.4;115;0;35
216.0;119;0;31
216.6;113;0;37
217.2;110;0;40
217.79999999999998;117;0;33
218.4;122;0;28
219.0;115;0;35
219.6;112;0;38
220.2;97;0;53
220.79999999999998;105;0;45
221.4;114;0;36
222.0;121;0;29
222.6;125;0;25
223.2;116;0;34
223.79999999999998;112;0;38
224.4;111;0;39
225.0;118;0;32
225.6;121;0;29
226.2;111;0;39
226.79999999999998;118;0;32
227.4;126;0;24
228.0;127;0;23
228.6;123;0;27
229.2;121;0;29
229.79999999999998;118;0;32
230.39999999999998;114;0;36
231.0;109;0;41
231.6;116;0;34
232.2;115;0;35
232.79999999999998;110;0;40
233.39999999999998;110;0;40
234.0;107;0;43
234.6;113;0;37
235.2;109;0;41
235.79999999999998;114;0;36
236.39999999999998;107;0;43
237.0;111;0;39
237.6;108;0;42
238.2;104;0;46
238.79999999999998;108;0;42
239.39999999999998;109;0;41
240.0;107;0;43
240.6;110;0;40
241.2;111;0;39
241.79999999999998;113;0;37
242.39999999999998;105;0;45
243.0;111;0;39
243.6;122;0;28
244.2;119;0;31
244.79999999999998;113;0;37
245.39999999999998;115;0;35
246.0;116;0;34
246.6;113;0;37
247.2;109;0;41
247.79999999999998;103;0;47
248.39999999999998;113;0;37
249.0;110;0;40
249.6;116;0;34
250.2;101;0;49
250.79999999999998;106;0;44
251.39999999999998;108;0;42
252.0;107;0;43
252.6;116;0;34
253.2;120;0;30
253.79999999999998;113;0;37
254.39999999999998;119;0;31
255.0;116;0;34
255.6;113;0;37
256.2;114;0;36
256.8;108;0;42
257.4;113;0;37
258.0;110;0;40
258.59999999999997;115;0;35
259.2;117;0;33
259.8;106;0;44
260.4;117;0;33
261.0;105;0;45
261.59999999999997;107;0;43
262.2;102;0;48
262.8;113;0;37
263.4;115;0;35
264.0;118;0;32
264.59999999999997;115;0;35
265.2;113;0;37
265.8;109;0;41
266.4;110;0;40
267.0;118;0;32
267.59999999999997;112;0;38
268.2;110;0;40
268.8;109;0;41
269.4;122;0;28
270.0;118;0;32
270.59999999999997;111;0;39
271.2;109;0;41
271.8;111;0;39
272.4;114;0;36
273.0;113;0;37
273.59999999999997;114;0;36
274.2;118;0;32
274.8;116;0;34
275.4;114;0;36
276.0;109;0;41
276.59999999999997;116;0;34
277.2;109;0;41
277.8;107;0;43
278.4;109;0;41
279.0;113;0;37
279.59999999999997;110;0;40
280.2;118;0;32
280.8;118;0;32
281.4;121;0;29
282.0;123;0;27
282.59999999999997;120;0;30
283.2;117;0;33
283.8;112;0;38
284.4;110;0;40
285.0;120;0;30
285.59999999999997;114;0;36
286.2;120;0;30
286.8;123;0;27
287.4;120;0;30
288.0;108;0;42
288.59999999999997;105;0;45
289.2;111;0;39
289.8;112;0;38
290.4;113;0;37
291.0;118;0;32
291.59999999999997;113;0;37
292.2;110;0;40
292.8;117;0;33
293.4;123;0;27
294.0;121;0;29
294.59999999999997;124;0;26
295.2;122;0;28
295.8;113;0;37
296.4;118;0;32
297.0;117;0;33
297.59999999999997;117;0;33
298.2;107;0;43
298.8;110;0;40
299.4;110;0;40
#auto generated file!
60.0;118;0;32
60.599999999999994;114;0;36
61.199999999999996;104;0;46
61.8;105;0;45
62.4;101;0;49
63.0;110;0;40
63.599999999999994;109;0;41
64.2;112;0;38
64.8;111;0;39
65.39999999999999;110;0;40
66.0;118;0;32
66.6;120;0;30
67.2;119;0;31
67.8;122;0;28
68.39999999999999;121;0;29
69.0;123;0;27
69.6;113;0;37
70.2;104;0;46
70.8;107;0;43
71.39999999999999;112;0;38
72.0;112;0;38
72.6;111;0;39
73.2;121;0;29
73.8;119;0;31
74.39999999999999;118;0;32
75.0;120;0;30
75.6;113;0;37
76.2;112;0;38
76.8;110;0;40
77.39999999999999;115;0;35
78.0;119;0;31
78.6;117;0;33
79.2;121;0;29
79.8;111;0;39
80.39999999999999;112;0;38
81.0;116;0;34
81.6;114;0;36
82.2;118;0;32
82.8;112;0;38
83.39999999999999;112;0;38
84.0;115;0;35
84.6;107;0;43
85.2;109;0;41
85.8;115;0;35
86.39999999999999;110;0;40
87.0;113;0;37
87.6;109;0;41
88.2;110;0;40
88.8;111;0;39
89.39999999999999;115;0;35
90.0;106;0;44
90.6;102;0;48
91.2;113;0;37
91.8;113;0;37
92.39999999999999;114;0;36
93.0;114;0;36
93.6;110;0;40
94.2;115;0;35
94.8;111;0;39
95.39999999999999;113;0;37
96.0;115;0;35
96.6;108;0;42
97.2;113;0;37
97.8;110;0;40
98.39999999999999;120;0;30
99.0;118;0;32
99.6;112;0;38
100.2;108;0;42
100.8;113;0;37
101.39999999999999;110;0;40
102.0;110;0;40
102.6;117;0;33
103.2;118;0;32
103.8;113;0;37
104.39999999999999;113;0;37
105.0;117;0;33
105.6;111;0;39
106.2;108;0;42
106.8;112;0;38
107.39999999999999;120;0;30
108.0;115;0;35
108.6;117;0;33
109.2;106;0;44
109.8;111;0;39
110.39999999999999;113;0;37
111.0;122;0;28
111.6;107;0;43
112.2;106;0;44
112.8;115;0;35
113.39999999999999;107;0;43
114.0;116;0;34
114.6;113;0;37
115.19999999999999;112;0;38
115.8;122;0;28
116.39999999999999;118;0;32
117.0;115;0;35
117.6;121;0;29
118.19999999999999;119;0;31
118.8;121;0;29
119.39999999999999;111;0;39
120.0;108;0;42
120.6;108;0;42
121.19999999999999;105;0;45
121.8;116;0;34
122.39999999999999;122;0;28
123.0;118;0;32
123.6;118;0;32
124.19999999999999;110;0;40
124.8;104;0;46
125.39999999999999;103;0;47
126.0;109;0;41
126.6;117;0;33
127.19999999999999;107;0;43
127.8;107;0;43
128.4;120;0;30
129.0;118;0;32
129.6;115;0;35
130.2;115;0;35
130.79999999999998;117;0;33
131.4;114;0;36
132.0;114;0;36
132.6;114;0;36
133.2;114;0;36
133.79999999999998;115;0;35
134.4;120;0;30
135.0;123;0;27
135.6;114;0;36
136.2;114;0;36
136.79999999999998;114;0;36
137.4;110;0;40
138.0;113;0;37
138.6;113;0;37
139.2;115;0;35
139.79999999999998;114;0;36
140.4;110;0;40
141.0;113;0;37
141.6;102;0;48
142.2;107;0;43
142.79999999999998;110;0;40
143.4;108;0;42
144.0;107;0;43
144.6;106;0;44
145.2;108;0;42
145.79999999999998;111;0;39
146.4;109;0;41
147.0;99;0;51
147.6;104;0;46
148.2;110;0;40
148.79999999999998;121;0;29
149.4;122;0;28
150.0;117;0;33
150.6;110;0;40
151.2;114;0;36
151.79999999999998;112;0;38
152.4;116;0;34
153.0;117;0;33
153.6;112;0;38
154.2;117;0;33
154.79999999999998;119;0;31
155.4;124;0;26
156.0;114;0;36
156.6;115;0;35
157.2;117;0;33
157.79999999999998;110;0;40
158.4;107;0;43
159.0;110;0;40
159.6;108;0;42
160.2;114;0;36
160.79999999999998;113;0;37
161.4;112;0;38
162.0;103;0;47
162.6;109;0;41
163.2;101;0;49
163.79999999999998;97;0;53
164.4;108;0;42
165.0;116;0;34
165.6;112;0;38
166.2;109;0;41
166.79999999999998;115;0;35
167.4;115;0;35
168.0;116;0;34
168.6;120;0;30
169.2;117;0;33
169.79999999999998;121;0;29
170.4;117;0;33
171.0;120;0;30
171.6;116;0;34
172.2;117;0;33
172.79999999999998;115;0;35
173.4;114;0;36
174.0;106;0;44
174.6;109;0;41
175.2;102;0;48
175.79999999999998;109;0;41
176.4;115;0;35
177.0;118;0;32
177.6;111;0;39
178.2;99;0;51
178.79999999999998;103;0;47
179.4;108;0;42
180.0;106;0;44
180.6;105;0;45
181.2;113;0;37
181.79999999999998;112;0;38
182.4;114;0;36
183.0;110;0;40
183.6;119;0;31
184.2;120;0;30
184.79999999999998;118;0;32
185.4;115;0;35
186.0;119;0;31
186.6;112;0;38
187.2;106;0;44
187.79999999999998;107;0;43
188.4;114;0;36
189.0;112;0;38
189.6;112;0;38
190.2;106;0;44
190.79999999999998;107;0;43
191.4;115;0;35
192.0;114;0;36
192.6;112;0;38
193.2;119;0;31
193.79999999999998;116;0;34
194.4;111;0;39
195.0;110;0;40
195.6;109;0;41
196.2;114;0;36
196.79999999999998;118;0;32
197.4;117;0;33
198.0;118;0;32
198.6;115;0;35
199.2;117;0;33
199.79999999999998;118;0;32
200.4;102;0;48
201.0;102;0;48
201.6;107;0;43
202.2;112;0;38
202.79999999999998;122;0;28
203.4;109;0;41
204.0;113;0;37
204.6;113;0;37
205.2;114;0;36
205.79999999999998;118;0;32
206.4;113;0;37
207.0;109;0;41
207.6;107;0;43
208.2;111;0;39
208.79999999999998;112;0;38
209.4;110;0;40
210.0;107;0;43
210.6;107;0;43
211.2;113;0;37
211.79999999999998;118;0;32
212.4;112;0;38
213.0;111;0;39
213.6;118;0;32
214.2;116;0;34
214.79999999999998;119;0;31
215.4;121;0;29
216.0;120;0;30
216.6;118;0;32
217.2;115;0;35
217.79999999999998;113;0;37
218.4;121;0;29
219.0;124;0;26
219.6;118;0;32
220.2;119;0;31
220.79999999999998;113;0;37
221.4;116;0;34
222.0;117;0;33
222.6;111;0;39
223.2;114;0;36
223.79999999999998;107;0;43
224.4;108;0;42
225.0;118;0;32
225.6;113;0;37
226.2;104;0;46
226.79999999999998;111;0;39
227.4;110;0;40
228.0;118;0;32
228.6;120;0;30
229.2;117;0;33
229.79999999999998;114;0;36
230.39999999999998;108;0;42
231.0;121;0;29
231.6;119;0;31
232.2;116;0;34
232.79999999999998;123;0;27
233.39999999999998;126;0;24
234.0;117;0;33
234.6;116;0;34
235.2;116;0;34
235.79999999999998;116;0;34
236.39999999999998;113;0;37
237.0;107;0;43
237.6;108;0;42
238.2;115;0;35
238.79999999999998;111;0;39
239.39999999999998;114;0;36
240.0;121;0;29
240.6;118;0;32
241.2;113;0;37
241.79999999999998;107;0;43
242.39999999999998;102;0;48
243.0;101;0;49
243.6;108;0;42
244.2;110;0;40
244.79999999999998;108;0;42
245.39999999999998;104;0;46
246.0;113;0;37
246.6;115;0;35
247.2;113;0;37
247.79999999999998;112;0;38
248.39999999999998;115;0;35
249.0;114;0;36
249.6;114;0;36
250.2;122;0;28
250.79999999999998;125;0;25
251.39999999999998;115;0;35
252.0;110;0;40
252.6;109;0;41
253.2;109;0;41
253.79999999999998;120;0;30
254.39999999999998;113;0;37
255.0;119;0;31
255.6;116;0;34
256.2;107;0;43
256.8;111;0;39
257.4;109;0;41
258.0;106;0;44
258.59999999999997;116;0;34
259.2;118;0;32
259.8;119;0;31
260.4;115;0;35
261.0;109;0;41
261.59999999999997;115;0;35
262.2;110;0;40
262.8;101;0;49
263.4;109;0;41
264.0;106;0;44
264.59999999999997;117;0;33
265.2;117;0;33
265.8;117;0;33
266.4;120;0;30
267.0;105;0;45
267.59999999999997;104;0;46
268.2;112;0;38
268.8;112;0;38
269.4;112;0;38
270.0;114;0;36
270.59999999999997;117;0;33
271.2;112;0;38
271.8;118;0;32
272.4;113;0;37
273.0;115;0;35
273.59999999999997;110;0;40
274.2;116;0;34
274.8;111;0;39
275.4;107;0;43
276.0;110;0;40
276.59999999999997;108;0;42
277.2;115;0;35
277.8;118;0;32
278.4;119;0;31
279.0;111;0;39
279.59999999999997;108;0;42
280.2;104;0;46
280.8;110;0;40
281.4;106;0;44
282.0;111;0;39
282.59999999999997;108;0;42
283.2;114;0;36
283.8;125;0;25
284.4;116;0;34
285.0;112;0;38
285.59999999999997;112;0;38
286.2;116;0;34
286.8;112;0;38
287.4;107;0;43
288.0;110;0;40
288.59999999999997;115;0;35
289.2;118;0;32
289.8;116;0;34
290.4;109;0;41
291.0;119;0;31
291.59999999999997;120;0;30
292.2;121;0;29
292.8;117;0;33
293.4;118;0;32
294.0;113;0;37
294.59999999999997;109;0;41
295.2;112;0;38
295.8;105;0;45
296.4;104;0;46
297.0;101;0;49
297.59999999999997;101;0;49
298.2;115;0;35
298.8;122;0;28
299.4;111;0;39
#auto generated file!
60.0;109;0;41
60.599999999999994;110;0;40
61.199999999999996;114;0;36
61.8;110;0;40
62.4;112;0;38
63.0;115;0;35
63.599999999999994;120;0;30
64.2;118;0;32
64.8;117;0;33
65.39999999999999;116;0;34
66.0;118;0;32
66.6;108;0;42
67.2;107;0;43
67.8;112;0;38
68.39999999999999;105;0;45
69.0;106;0;44
69.6;107;0;43
70.2;112;0;38
70.8;114;0;36
71.39999999999999;114;0;36
72.0;110;0;40
72.6;118;0;32
73.2;112;0;38
73.8;108;0;42
74.39999999999999;109;0;41
75.0;106;0;44
75.6;106;0;44
76.2;111;0;39
76.8;109;0;41
77.39999999999999;112;0;38
78.0;110;0;40
78.6;114;0;36
79.2;109;0;41
79.8;110;0;40
80.39999999999999;109;0;41
81.0;116;0;34
81.6;115;0;35
82.2;113;0;37
82.8;116;0;34
83.39999999999999;112;0;38
84.0;114;0;36
84.6;121;0;29
85.2;121;0;29
85.8;119;0;31
86.39999999999999;116;0;34
87.0;112;0;38
87.6;112;0;38
88.2;110;0;40
88.8;110;0;40
89.39999999999999;109;0;41
90.0;118;0;32
90.6;115;0;35
91.2;104;0;46
91.8;109;0;41
92.39999999999999;111;0;39
93.0;113;0;37
93.6;115;0;35
94.2;110;0;40
94.8;106;0;44
95.39999999999999;108;0;42
96.0;92;0;58
96.6;102;0;48
97.2;112;0;38
97.8;102;0;48
98.39999999999999;104;0;46
99.0;113;0;37
99.6;109;0;41
100.2;110;0;40
100.8;116;0;34
101.39999999999999;116;0;34
102.0;118;0;32
102.6;112;0;38
103.2;109;0;41
103.8;110;0;40
104.39999999999999;106;0;44
105.0;108;0;42
105.6;113;0;37
106.2;117;0;33
106.8;106;0;44
107.39999999999999;110;0;40
108.0;123;0;27
108.6;116;0;34
109.2;120;0;30
109.8;115;0;35
110.39999999999999;117;0;33
111.0;120;0;30
111.6;116;0;34
112.2;111;0;39
112.8;108;0;42
113.39999999999999;106;0;44
114.0;113;0;37
114.6;113;0;37
115.19999999999999;111;0;39
115.8;111;0;39
116.39999999999999;110;0;40
117.0;117;0;33
117.6;115;0;35
118.19999999999999;106;0;44
118.8;111;0;39
119.39999999999999;118;0;32
120.0;115;0;35
120.6;117;0;33
121.19999999999999;119;0;31
121.8;120;0;30
122.39999999999999;114;0;36
123.0;115;0;35
123.6;117;0;33
124.19999999999999;112;0;38
124.8;119;0;31
125.39999999999999;110;0;40
126.0;110;0;40
126.6;109;0;41
127.19999999999999;114;0;36
127.8;109;0;41
128.4;116;0;34
129.0;113;0;37
129.6;118;0;32
130.2;115;0;35
130.79999999999998;110;0;40
131.4;109;0;41
132.0;100;0;50
132.6;108;0;42
133.2;105;0;45
133.79999999999998;107;0;43
134.4;105;0;45
135.0;111;0;39
135.6;114;0;36
136.2;113;0;37
136.79999999999998;110;0;40
137.4;105;0;45
138.0;114;0;36
138.6;120;0;30
139.2;122;0;28
139.79999999999998;115;0;35
140.4;115;0;35
141.0;115;0;35
141.6;110;0;40
142.2;115;0;35
142.79999999999998;115;0;35
143.4;123;0;27
144.0;123;0;27
144.6;129;0;21
145.2;118;0;32
145.79999999999998;117;0;33
146.4;114;0;36
147.0;112;0;38
147.6;120;0;30
148.2;113;0;37
148.79999999999998;113;0;37
149.4;120;0;30
150.0;114;0;36
150.6;114;0;36
151.2;117;0;33
151.79999999999998;115;0;35
152.4;107;0;43
153.0;109;0;41
153.6;109;0;41
154.2;105;0;45
154.79999999999998;114;0;36
155.4;121;0;29
156.0;121;0;29
156.6;114;0;36
157.2;113;0;37
157.79999999999998;114;0;36
158.4;119;0;31
159.0;119;0;31
159.6;116;0;34
160.2;120;0;30
160.79999999999998;112;0;38
161.4;112;0;38
162.0;102;0;48
162.6;104;0;46
163.2;105;0;45
163.79999999999998;102;0;48
164.4;106;0;44
165.0;104;0;46
165.6;106;0;44
166.2;108;0;42
166.79999999999998;112;0;38
167.4;106;0;44
168.0;107;0;43
168.6;105;0;45
169.2;112;0;38
169.79999999999998;113;0;37
170.4;119;0;31
171.0;130;0;20
171.6;118;0;32
172.2;120;0;30
172.79999999999998;110;0;40
173.4;107;0;43
174.0;113;0;37
174.6;112;0;38
175.2;110;0;40
175.79999999999998;113;0;37
176.4;111;0;39
177.0;107;0;43
177.6;114;0;36
178.2;118;0;32
178.79999999999998;121;0;29
179.4;116;0;34
180.0;117;0;33
180.6;117;0;33
181.2;117;0;33
181.79999999999998;114;0;36
182.4;112;0;38
183.0;109;0;41
183.6;112;0;38
184.2;110;0;40
184.79999999999998;118;0;32
185.4;119;0;31
186.0;118;0;32
186.6;120;0;30
187.2;118;0;32
187.79999999999998;114;0;36
188.4;110;0;40
189.0;120;0;30
189.6;108;0;42
190.2;114;0;36
190.79999999999998;111;0;39
191.4;106;0;44
192.0;114;0;36
192.6;110;0;40
193.2;116;0;34
193.79999999999998;114;0;36
194.4;115;0;35
195.0;115;0;35
195.6;111;0;39
196.2;110;0;40
196.79999999999998;112;0;38
197.4;115;0;35
198.0;105;0;45
198.6;109;0;41
199.2;113;0;37
199.79999999999998;127;0;23
200.4;120;0;30
201.0;116;0;34
201.6;114;0;36
202.2;117;0;33
202.79999999999998;113;0;37
203.4;115;0;35
204.0;119;0;31
204.6;119;0;31
205.2;114;0;36
205.79999999999998;109;0;41
206.4;116;0;34
207.0;119;0;31
207.6;117;0;33
208.2;117;0;33
208.79999999999998;118;0;32
209.4;117;0;33
210.0;107;0;43
210.6;107;0;43
211.2;109;0;41
211.79999999999998;113;0;37
212.4;109;0;41
213.0;107;0;43
213.6;108;0;42
214.2;102;0;48
214.79999999999998;112;0;38
215.4;104;0;46
216.0;109;0;41
216.6;111;0;39
217.2;113;0;37
217.79999999999998;111;0;39
218.4;112;0;38
219.0;109;0;41
219.6;108;0;42
220.2;109;0;41
220.79999999999998;104;0;46
221.4;101;0;49
222.0;109;0;41
222.6;117;0;33
223.2;114;0;36
223.79999999999998;113;0;37
224.4;119;0;31
225.0;112;0;38
225.6;106;0;44
226.2;116;0;34
226.79999999999998;115;0;35
227.4;116;0;34
228.0;106;0;44
228.6;104;0;46
229.2;109;0;41
229.79999999999998;111;0;39
230.39999999999998;119;0;31
231.0;116;0;34
231.6;110;0;40
232.2;116;0;34
232.79999999999998;113;0;37
233.39999999999998;117;0;33
234.0;117;0;33
234.6;116;0;34
235.2;118;0;32
235.79999999999998;113;0;37
236.39999999999998;109;0;41
237.0;109;0;41
237.6;110;0;40
238.2;108;0;42
238.79999999999998;100;0;50
239.39999999999998;103;0;47
240.0;116;0;34
240.6;107;0;43
241.2;114;0;36
241.79999999999998;99;0;51
242.39999999999998;112;0;38
243.0;113;0;37
243.6;109;0;41
244.2;121;0;29
244.79999999999998;117;0;33
245.39999999999998;110;0;40
246.0;113;0;37
246.6;115;0;35
247.2;111;0;39
247.79999999999998;104;0;46
248.39999999999998;106;0;44
249.0;105;0;45
249.6;115;0;35
250.2;117;0;33
250.79999999999998;117;0;33
251.39999999999998;120;0;30
252.0;116;0;34
252.6;111;0;39
253.2;111;0;39
253.79999999999998;114;0;36
254.39999999999998;103;0;47
255.0;100;0;50
255.6;109;0;41
256.2;104;0;46
256.8;108;0;42
257.4;112;0;38
258.0;113;0;37
258.59999999999997;107;0;43
259.2;116;0;34
259.8;117;0;33
260.4;113;0;37
261.0;117;0;33
261.59999999999997;115;0;35
262.2;116;0;34
262.8;115;0;35
263.4;105;0;45
264.0;114;0;36
264.59999999999997;110;0;40
265.2;117;0;33
265.8;109;0;41
266.4;115;0;35
267.0;112;0;38
267.59999999999997;113;0;37
268.2;115;0;35
268.8;108;0;42
269.4;114;0;36
270.0;120;0;30
270.59999999999997;116;0;34
271.2;127;0;23
271.8;119;0;31
272.4;106;0;44
273.0;103;0;47
273.59999999999997;106;0;44
274.2;118;0;32
274.8;121;0;29
275.4;114;0;36
276.0;108;0;42
276.59999999999997;112;0;38
277.2;108;0;42
277.8;110;0;40
278.4;114;0;36
279.0;111;0;39
279.59999999999997;108;0;42
280.2;113;0;37
280.8;113;0;37
281.4;116;0;34
282.0;114;0;36
282.59999999999997;114;0;36
283.2;117;0;33
283.8;116;0;34
284.4;98;0;52
285.0;108;0;42
285.59999999999997;119;0;31
286.2;119;0;31
286.8;116;0;34
287.4;114;0;36
288.0;112;0;38
288.59999999999997;121;0;29
289.2;111;0;39
289.8;119;0;31
290.4;116;0;34
291.0;117;0;33
291.59999999999997;121;0;29
292.2;117;0;33
292.8;113;0;37
293.4;108;0;42
294.0;119;0;31
294.59999999999997;117;0;33
295.2;116;0;34
295.8;112;0;38
296.4;114;0;36
297.0;109;0;41
297.59999999999997;114;0;36
298.2;116;0;34
298.8;114;0;36
299.4;110;0;40
#auto generated file!
60.0;114;0;36
60.599999999999994;113;0;37
61.199999999999996;111;0;39
61.8;107;0;43
62.4;107;0;43
63.0;119;0;31
63.599999999999994;115;0;35
64.2;112;0;38
64.8;116;0;34
65.39999999999999;118;0;32
66.0;120;0;30
66.6;112;0;38
67.2;115;0;35
67.8;114;0;36
68.39999999999999;115;0;35
69.0;108;0;42
69.6;116;0;34
70.2;112;0;38
70.8;114;0;36
71.39999999999999;114;0;36
72.0;118;0;32
72.6;110;0;40
73.2;108;0;42
73.8;106;0;44
74.39999999999999;111;0;39
75.0;114;0;36
75.6;111;0;39
76.2;100;0;50
76.8;102;0;48
77.39999999999999;115;0;35
78.0;119;0;31
78.6;120;0;30
79.2;121;0;29
79.8;115;0;35
80.39999999999999;116;0;34
81.0;103;0;47
81.6;116;0;34
82.2;110;0;40
82.8;111;0;39
83.39999999999999;110;0;40
84.0;110;0;40
84.6;116;0;34
85.2;109;0;41
85.8;110;0;40
86.39999999999999;109;0;41
87.0;113;0;37
87.6;116;0;34
88.2;111;0;39
88.8;108;0;42
89.39999999999999;103;0;47
90.0;110;0;40
90.6;111;0;39
91.2;114;0;36
91.8;110;0;40
92.39999999999999;110;0;40
93.0;114;0;36
93.6;118;0;32
94.2;119;0;31
94.8;112;0;38
95.39999999999999;115;0;35
96.0;118;0;32
96.6;117;0;33
97.2;107;0;43
97.8;106;0;44
98.39999999999999;105;0;45
99.0;104;0;46
99.6;107;0;43
100.2;113;0;37
100.8;113;0;37
101.39999999999999;111;0;39
102.0;105;0;45
102.6;102;0;48
103.2;108;0;42
103.8;110;0;40
104.39999999999999;115;0;35
105.0;111;0;39
105.6;116;0;34
106.2;117;0;33
106.8;111;0;39
107.39999999999999;99;0;51
108.0;104;0;46
108.6;103;0;47
109.2;117;0;33
109.8;120;0;30
110.39999999999999;112;0;38
111.0;116;0;34
111.6;119;0;31
112.2;127;0;23
112.8;104;0;46
113.39999999999999;112;0;38
114.0;120;0;30
114.6;120;0;30
115.19999999999999;114;0;36
115.8;108;0;42
116.39999999999999;113;0;37
117.0;106;0;44
117.6;103;0;47
118.19999999999999;106;0;44
118.8;106;0;44
119.39999999999999;110;0;40
120.0;115;0;35
120.6;109;0;41
121.19999999999999;112;0;38
121.8;116;0;34
122.39999999999999;112;0;38
123.0;110;0;40
123.6;111;0;39
124.19999999999999;111;0;39
124.8;112;0;38
125.39999999999999;102;0;48
126.0;106;0;44
126.6;100;0;50
127.19999999999999;103;0;47
127.8;100;0;50
128.4;107;0;43
129.0;109;0;41
129.6;115;0;35
130.2;109;0;41
130.79999999999998;110;0;40
131.4;111;0;39
132.0;104;0;46
132.6;111;0;39
133.2;109;0;41
133.79999999999998;108;0;42
134.4;117;0;33
135.0;110;0;40
135.6;107;0;43
136.2;114;0;36
136.79999999999998;113;0;37
137.4;115;0;35
138.0;111;0;39
138.6;108;0;42
139.2;119;0;31
139.79999999999998;119;0;31
140.4;120;0;30
141.0;119;0;31
141.6;116;0;34
142.2;112;0;38
142.79999999999998;108;0;42
143.4;104;0;46
144.0;109;0;41
144.6;106;0;44
145.2;111;0;39
145.79999999999998;109;0;41
146.4;117;0;33
147.0;111;0;39
147.6;108;0;42
148.2;106;0;44
148.79999999999998;105;0;45
149.4;105;0;45
150.0;103;0;47
150.6;105;0;45
151.2;114;0;36
151.79999999999998;114;0;36
152.4;117;0;33
153.0;121;0;29
153.6;115;0;35
154.2;118;0;32
154.79999999999998;117;0;33
155.4;121;0;29
156.0;118;0;32
156.6;110;0;40
157.2;119;0;31
157.79999999999998;117;0;33
158.4;112;0;38
159.0;118;0;32
159.6;111;0;39
160.2;112;0;38
160.79999999999998;112;0;38
161.4;113;0;37
162.0;104;0;46
162.6;110;0;40
163.2;113;0;37
163.79999999999998;111;0;39
164.4;106;0;44
165.0;109;0;41
165.6;108;0;42
166.2;104;0;46
166.79999999999998;106;0;44
167.4;107;0;43
168.0;107;0;43
168.6;104;0;46
169.2;109;0;41
169.79999999999998;113;0;37
170.4;116;0;34
171.0;120;0;30
171.6;121;0;29
172.2;122;0;28
172.79999999999998;114;0;36
173.4;113;0;37
174.0;112;0;38
174.6;103;0;47
175.2;110;0;40
175.79999999999998;109;0;41
176.4;101;0;49
177.0;109;0;41
177.6;108;0;42
178.2;108;0;42
178.79999999999998;118;0;32
179.4;112;0;38
180.0;101;0;49
180.6;101;0;49
181.2;110;0;40
181.79999999999998;115;0;35
182.4;114;0;36
183.0;117;0;33
183.6;126;0;24
184.2;125;0;25
184.79999999999998;115;0;35
185.4;109;0;41
186.0;115;0;35
186.6;126;0;24
187.2;119;0;31
187.79999999999998;117;0;33
188.4;123;0;27
189.0;118;0;32
189.6;110;0;40
190.2;109;0;41
190.79999999999998;104;0;46
191.4;113;0;37
192.0;105;0;45
192.6;114;0;36
193.2;101;0;49
193.79999999999998;110;0;40
194.4;117;0;33
195.0;116;0;34
195.6;114;0;36
196.2;116;0;34
196.79999999999998;109;0;41
197.4;107;0;43
198.0;116;0;34
198.6;119;0;31
199.2;115;0;35
199.79999999999998;114;0;36
200.4;106;0;44
201.0;116;0;34
201.6;119;0;31
202.2;120;0;30
202.79999999999998;124;0;26
203.4;123;0;27
204.0;114;0;36
204.6;113;0;37
205.2;111;0;39
205.79999999999998;115;0;35
206.4;120;0;30
207.0;116;0;34
207.6;116;0;34
208.2;118;0;32
208.79999999999998;114;0;36
209.4;108;0;42
210.0;115;0;35
210.6;118;0;32
211.2;116;0;34
211.79999999999998;114;0;36
212.4;112;0;38
213.0;114;0;36
213.6;108;0;42
214.2;114;0;36
214.79999999999998;114;0;36
215.4;114;0;36
216.0;129;0;21
216.6;121;0;29
217.2;115;0;35
217.79999999999998;112;0;38
218.4;115;0;35
219.0;108;0;42
219.6;112;0;38
220.2;117;0;33
220.79999999999998;105;0;45
221.4;103;0;47
222.0;105;0;45
222.6;106;0;44
223.2;114;0;36
223.79999999999998;114;0;36
224.4;123;0;27
225.0;116;0;34
225.6;113;0;37
226.2;109;0;41
226.79999999999998;108;0;42
227.4;116;0;34
228.0;117;0;33
228.6;118;0;32
229.2;120;0;30
229.79999999999998;124;0;26
230.39999999999998;120;0;30
231.0;113;0;37
231.6;112;0;38
232.2;109;0;41
232.79999999999998;115;0;35
233.39999999999998;120;0;30
234.0;117;0;33
234.6;114;0;36
235.2;111;0;39
235.79999999999998;117;0;33
236.39999999999998;113;0;37
237.0;114;0;36
237.6;120;0;30
238.2;106;0;44
238.79999999999998;113;0;37
239.39999999999998;119;0;31
240.0;109;0;41
240.6;103;0;47
241.2;105;0;45
241.79999999999998;109;0;41
242.39999999999998;115;0;35
243.0;113;0;37
243.6;118;0;32
244.2;117;0;33
244.79999999999998;124;0;26
245.39999999999998;120;0;30
246.0;111;0;39
246.6;110;0;40
247.2;110;0;40
247.79999999999998;114;0;36
248.39999999999998;119;0;31
249.0;120;0;30
249.6;109;0;41
250.2;114;0;36
250.79999999999998;109;0;41
251.39999999999998;104;0;46
252.0;106;0;44
252.6;110;0;40
253.2;104;0;46
253.79999999999998;106;0;44
254.39999999999998;112;0;38
255.0;106;0;44
255.6;112;0;38
256.2;110;0;40
256.8;115;0;35
257.4;114;0;36
258.0;116;0;34
258.59999999999997;109;0;41
259.2;117;0;33
259.8;116;0;34
260.4;114;0;36
261.0;118;0;32
261.59999999999997;118;0;32
262.2;111;0;39
262.8;111;0;39
263.4;112;0;38
264.0;114;0;36
264.59999999999997;122;0;28
265.2;122;0;28
265.8;123;0;27
266.4;113;0;37
267.0;114;0;36
267.59999999999997;116;0;34
268.2;122;0;28
268.8;121;0;29
269.4;117;0;33
270.0;102;0;48
270.59999999999997;109;0;41
271.2;111;0;39
271.8;118;0;32
272.4;116;0;34
273.0;114;0;36
273.59999999999997;114;0;36
274.2;113;0;37
274.8;118;0;32
275.4;111;0;39
276.0;110;0;40
276.59999999999997;107;0;43
277.2;110;0;40
277.8;110;0;40
278.4;108;0;42
279.0;110;0;40
279.59999999999997;115;0;35
280.2;114;0;36
280.8;117;0;33
281.4;117;0;33
282.0;116;0;34
282.59999999999997;107;0;43
283.2;117;0;33
283.8;105;0;45
284.4;111;0;39
285.0;110;0;40
285.59999999999997;115;0;35
286.2;120;0;30
286.8;113;0;37
287.4;109;0;41
288.0;120;0;30
288.59999999999997;125;0;25
289.2;114;0;36
289.8;114;0;36
290.4;120;0;30
291.0;116;0;34
291.59999999999997;110;0;40
292.2;116;0;34
292.8;114;0;36
293.4;111;0;39
294.0;109;0;41
294.59999999999997;107;0;43
295.2;110;0;40
295.8;113;0;37
296.4;111;0;39
297.0;109;0;41
297.59999999999997;116;0;34
298.2;107;0;43
298.8;113;0;37
299.4;114;0;36
#auto generated file!
60.0;114;0;36
60.599999999999994;112;0;38
61.199999999999996;107;0;43
61.8;101;0;49
62.4;108;0;42
63.0;104;0;46
63.599999999999994;103;0;47
64.2;112;0;38
64.8;115;0;35
65.39999999999999;119;0;31
66.0;118;0;32
66.6;119;0;31
67.2;109;0;41
67.8;104;0;46
68.39999999999999;110;0;40
69.0;109;0;41
69.6;107;0;43
70.2;109;0;41
70.8;108;0;42
71.39999999999999;112;0;38
72.0;121;0;29
72.6;113;0;37
73.2;113;0;37
73.8;112;0;38
74.39999999999999;105;0;45
75.0;109;0;41
75.6;109;0;41
76.2;112;0;38
76.8;113;0;37
77.39999999999999;118;0;32
78.0;117;0;33
78.6;113;0;37
79.2;117;0;33
79.8;115;0;35
80.39999999999999;114;0;36
81.0;115;0;35
81.6;109;0;41
82.2;119;0;31
82.8;120;0;30
83.39999999999999;120;0;30
84.0;116;0;34
84.6;102;0;48
85.2;108;0;42
85.8;119;0;31
86.39999999999999;116;0;34
87.0;118;0;32
87.6;118;0;32
88.2;117;0;33
88.8;107;0;43
89.39999999999999;119;0;31
90.0;117;0;33
90.6;109;0;41
91.2;107;0;43
91.8;118;0;32
92.39999999999999;113;0;37
93.0;104;0;46
93.6;108;0;42
94.2;101;0;49
94.8;108;0;42
95.39999999999999;106;0;44
96.0;112;0;38
96.6;108;0;42
97.2;111;0;39
97.8;113;0;37
98.39999999999999;109;0;41
99.0;112;0;38
99.6;119;0;31
100.2;124;0;26
100.8;120;0;30
101.39999999999999;115;0;35
102.0;110;0;40
102.6;112;0;38
103.2;108;0;42
103.8;107;0;43
104.39999999999999;115;0;35
105.0;108;0;42
105.6;107;0;43
106.2;106;0;44
106.8;110;0;40
107.39999999999999;113;0;37
108.0;112;0;38
108.6;113;0;37
109.2;110;0;40
109.8;109;0;41
110.39999999999999;108;0;42
111.0;112;0;38
111.6;110;0;40
112.2;110;0;40
112.8;112;0;38
113.39999999999999;110;0;40
114.0;113;0;37
114.6;108;0;42
115.19999999999999;114;0;36
115.8;111;0;39
116.39999999999999;114;0;36
117.0;119;0;31
117.6;118;0;32
118.19999999999999;111;0;39
118.8;105;0;45
119.39999999999999;100;0;50
120.0;111;0;39
120.6;111;0;39
121.19999999999999;118;0;32
121.8;111;0;39
122.39999999999999;114;0;36
123.0;111;0;39
123.6;107;0;43
124.19999999999999;120;0;30
124.8;115;0;35
125.39999999999999;115;0;35
126.0;118;0;32
126.6;110;0;40
127.19999999999999;107;0;43
127.8;112;0;38
128.4;111;0;39
129.0;112;0;38
129.6;115;0;35
130.2;120;0;30
130.79999999999998;113;0;37
131.4;109;0;41
132.0;111;0;39
132.6;118;0;32
133.2;121;0;29
133.79999999999998;111;0;39
134.4;116;0;34
135.0;109;0;41
135.6;114;0;36
136.2;112;0;38
136.79999999999998;115;0;35
137.4;110;0;40
138.0;106;0;44
138.6;113;0;37
139.2;109;0;41
139.79999999999998;110;0;40
140.4;105;0;45
141.0;112;0;38
141.6;117;0;33
142.2;107;0;43
142.79999999999998;115;0;35
143.4;120;0;30
144.0;116;0;34
144.6;119;0;31
145.2;117;0;33
145.79999999999998;105;0;45
146.4;113;0;37
147.0;106;0;44
147.6;112;0;38
148.2;107;0;43
148.79999999999998;119;0;31
149.4;121;0;29
150.0;115;0;35
150.6;116;0;34
151.2;115;0;35
151.79999999999998;117;0;33
152.4;117;0;33
153.0;119;0;31
153.6;116;0;34
154.2;123;0;27
154.79999999999998;117;0;33
155.4;116;0;34
156.0;115;0;35
156.6;110;0;40
157.2;118;0;32
157.79999999999998;123;0;27
158.4;115;0;35
159.0;117;0;33
159.6;117;0;33
160.2;120;0;30
160.79999999999998;116;0;34
161.4;118;0;32
162.0;111;0;39
162.6;114;0;36
163.2;106;0;44
163.79999999999998;103;0;47
164.4;109;0;41
165.0;112;0;38
165.6;119;0;31
166.2;117;0;33
166.79999999999998;117;0;33
167.4;111;0;39
168.0;112;0;38
168.6;108;0;42
169.2;103;0;47
169.79999999999998;113;0;37
170.4;115;0;35
171.0;124;0;26
171.6;121;0;29
172.2;120;0;30
172.79999999999998;118;0;32
173.4;124;0;26
174.0;119;0;31
174.6;118;0;32
175.2;117;0;33
175.79999999999998;117;0;33
176.4;109;0;41
177.0;111;0;39
177.6;120;0;30
178.2;120;0;30
178.79999999999998;112;0;38
179.4;108;0;42
180.0;109;0;41
180.6;114;0;36
181.2;115;0;35
181.79999999999998;113;0;37
182.4;108;0;42
183.0;118;0;32
183.6;116;0;34
184.2;117;0;33
184.79999999999998;109;0;41
185.4;101;0;49
186.0;100;0;50
186.6;106;0;44
187.2;109;0;41
187.79999999999998;107;0;43
188.4;103;0;47
189.0;112;0;38
189.6;118;0;32
190.2;119;0;31
190.79999999999998;119;0;31
191.4;115;0;35
192.0;118;0;32
192.6;115;0;35
193.2;112;0;38
193.79999999999998;110;0;40
194.4;100;0;50
195.0;105;0;45
195.6;103;0;47
196.2;103;0;47
196.79999999999998;113;0;37
197.4;119;0;31
198.0;107;0;43
198.6;104;0;46
199.2;101;0;49
199.79999999999998;110;0;40
200.4;109;0;41
201.0;113;0;37
201.6;114;0;36
202.2;113;0;37
202.79999999999998;122;0;28
203.4;120;0;30
204.0;120;0;30
204.6;114;0;36
205.2;121;0;29
205.79999999999998;120;0;30
206.4;112;0;38
207.0;122;0;28
207.6;114;0;36
208.2;118;0;32
208.79999999999998;117;0;33
209.4;114;0;36
210.0;116;0;34
210.6;119;0;31
211.2;122;0;28
211.79999999999998;118;0;32
212.4;116;0;34
213.0;110;0;40
213.6;119;0;31
214.2;115;0;35
214.79999999999998;116;0;34
215.4;112;0;38
216.0;115;0;35
216.6;114;0;36
217.2;113;0;37
217.79999999999998;114;0;36
218.4;115;0;35
219.0;102;0;48
219.6;107;0;43
220.2;116;0;34
220.79999999999998;114;0;36
221.4;109;0;41
222.0;103;0;47
222.6;102;0;48
223.2;120;0;30
223.79999999999998;120;0;30
224.4;113;0;37
225.0;113;0;37
225.6;111;0;39
226.2;107;0;43
226.79999999999998;105;0;45
227.4;101;0;49
228.0;104;0;46
228.6;118;0;32
229.2;111;0;39
229.79999999999998;118;0;32
230.39999999999998;112;0;38
231.0;110;0;40
231.6;110;0;40
232.2;111;0;39
232.79999999999998;118;0;32
233.39999999999998;117;0;33
234.0;103;0;47
234.6;111;0;39
235.2;107;0;43
235.79999999999998;116;0;34
236.39999999999998;107;0;43
237.0;105;0;45
237.6;108;0;42
238.2;116;0;34
238.79999999999998;109;0;41
239.39999999999998;112;0;38
240.0;110;0;40
240.6;108;0;42
241.2;113;0;37
241.79999999999998;115;0;35
242.39999999999998;111;0;39
243.0;112;0;38
243.6;117;0;33
244.2;116;0;34
244.79999999999998;125;0;25
245.39999999999998;116;0;34
246.0;112;0;38
246.6;120;0;30
247.2;116;0;34
247.79999999999998;115;0;35
248.39999999999998;117;0;33
249.0;115;0;35
249.6;118;0;32
250.2;112;0;38
250.79999999999998;112;0;38
251.39999999999998;105;0;45
252.0;115;0;35
252.6;105;0;45
253.2;106;0;44
253.79999999999998;116;0;34
254.39999999999998;115;0;35
255.0;120;0;30
255.6;119;0;31
256.2;120;0;30
256.8;122;0;28
257.4;110;0;40
258.0;112;0;38
258.59999999999997;110;0;40
259.2;106;0;44
259.8;101;0;49
260.4;107;0;43
261.0;113;0;37
261.59999999999997;121;0;29
262.2;121;0;29
262.8;118;0;32
263.4;111;0;39
264.0;109;0;41
264.59999999999997;108;0;42
265.2;105;0;45
265.8;107;0;43
266.4;106;0;44
267.0;103;0;47
267.59999999999997;107;0;43
268.2;109;0;41
268.8;109;0;41
269.4;108;0;42
270.0;109;0;41
270.59999999999997;106;0;44
271.2;120;0;30
271.8;125;0;25
272.4;113;0;37
273.0;115;0;35
273.59999999999997;109;0;41
274.2;118;0;32
274.8;112;0;38
275.4;113;0;37
276.0;111;0;39
276.59999999999997;114;0;36
277.2;111;0;39
277.8;115;0;35
278.4;121;0;29
279.0;116;0;34
279.59999999999997;114;0;36
280.2;108;0;42
280.8;113;0;37
281.4;106;0;44
282.0;111;0;39
282.59999999999997;110;0;40
283.2;113;0;37
283.8;114;0;36
284.4;116;0;34
285.0;112;0;38
285.59999999999997;106;0;44
286.2;111;0;39
286.8;107;0;43
287.4;115;0;35
288.0;118;0;32
288.59999999999997;114;0;36
289.2;116;0;34
289.8;108;0;42
290.4;109;0;41
291.0;115;0;35
291.59999999999997;113;0;37
292.2;122;0;28
292.8;124;0;26
293.4;115;0;35
294.0;112;0;38
294.59999999999997;115;0;35
295.2;104;0;46
295.8;109;0;41
296.4;108;0;42
297.0;112;0;38
297.59999999999997;112;0;38
298.2;108;0;42
298.8;105;0;45
299.4;115;0;35
#auto generated file!
60.0;111;0;39
60.599999999999994;105;0;45
61.199999999999996;112;0;38
61.8;105;0;45
62.4;109;0;41
63.0;112;0;38
63.599999999999994;114;0;36
64.2;113;0;37
64.8;113;0;37
65.39999999999999;109;0;41
66.0;116;0;34
66.6;112;0;38
67.2;106;0;44
67.8;105;0;45
68.39999999999999;116;0;34
69.0;121;0;29
69.6;121;0;29
70.2;116;0;34
70.8;117;0;33
71.39999999999999;122;0;28
72.0;112;0;38
72.6;106;0;44
73.2;108;0;42
73.8;113;0;37
74.39999999999999;109;0;41
75.0;109;0;41
75.6;111;0;39
76.2;114;0;36
76.8;119;0;31
77.39999999999999;115;0;35
78.0;109;0;41
78.6;112;0;38
79.2;114;0;36
79.8;122;0;28
80.39999999999999;115;0;35
81.0;116;0;34
81.6;106;0;44
82.2;114;0;36
82.8;117;0;33
83.39999999999999;107;0;43
84.0;116;0;34
84.6;117;0;33
85.2;118;0;32
85.8;118;0;32
86.39999999999999;119;0;31
87.0;110;0;40
87.6;105;0;45
88.2;105;0;45
88.8;112;0;38
89.39999999999999;118;0;32
90.0;114;0;36
90.6;115;0;35
91.2;112;0;38
91.8;106;0;44
92.39999999999999;101;0;49
93.0;105;0;45
93.6;110;0;40
94.2;115;0;35
94.8;117;0;33
95.39999999999999;115;0;35
96.0;107;0;43
96.6;107;0;43
97.2;111;0;39
97.8;111;0;39
98.39999999999999;110;0;40
99.0;114;0;36
99.6;116;0;34
100.2;123;0;27
100.8;121;0;29
101.39999999999999;121;0;29
102.0;125;0;25
102.6;122;0;28
103.2;116;0;34
103.8;117;0;33
104.39999999999999;117;0;33
105.0;120;0;30
105.6;116;0;34
106.2;117;0;33
106.8;116;0;34
107.39999999999999;117;0;33
108.0;123;0;27
108.6;126;0;24
109.2;116;0;34
109.8;112;0;38
110.39999999999999;114;0;36
111.0;114;0;36
111.6;121;0;29
112.2;113;0;37
112.8;118;0;32
113.39999999999999;123;0;27
114.0;122;0;28
114.6;115;0;35
115.19999999999999;112;0;38
115.8;111;0;39
116.39999999999999;111;0;39
117.0;116;0;34
117.6;121;0;29
118.19999999999999;109;0;41
118.8;101;0;49
119.39999999999999;109;0;41
120.0;113;0;37
120.6;115;0;35
121.19999999999999;108;0;42
121.8;111;0;39
122.39999999999999;114;0;36
123.0;114;0;36
123.6;111;0;39
124.19999999999999;108;0;42
124.8;111;0;39
125.39999999999999;113;0;37
126.0;104;0;46
126.6;103;0;47
127.19999999999999;108;0;42
127.8;114;0;36
128.4;108;0;42
129.0;113;0;37
129.6;107;0;43
130.2;105;0;45
130.79999999999998;110;0;40
131.4;111;0;39
132.0;112;0;38
132.6;110;0;40
133.2;108;0;42
133.79999999999998;116;0;34
134.4;113;0;37
135.0;105;0;45
135.6;114;0;36
136.2;102;0;48
136.79999999999998;106;0;44
137.4;108;0;42
138.0;111;0;39
138.6;115;0;35
139.2;112;0;38
139.79999999999998;107;0;43
140.4;104;0;46
141.0;113;0;37
141.6;114;0;36
142.2;120;0;30
142.79999999999998;115;0;35
143.4;109;0;41
144.0;116;0;34
144.6;113;0;37
145.2;113;0;37
145.79999999999998;113;0;37
146.4;115;0;35
147.0;120;0;30
147.6;110;0;40
148.2;109;0;41
148.79999999999998;116;0;34
149.4;102;0;48
150.0;107;0;43
150.6;107;0;43
151.2;113;0;37
151.79999999999998;111;0;39
152.4;111;0;39
153.0;115;0;35
153.6;112;0;38
154.2;115;0;35
154.79999999999998;113;0;37
155.4;100;0;50
156.0;109;0;41
156.6;107;0;43
157.2;110;0;40
157.79999999999998;111;0;39
158.4;108;0;42
159.0;116;0;34
159.6;116;0;34
160.2;113;0;37
160.79999999999998;108;0;42
161.4;114;0;36
162.0;110;0;40
162.6;109;0;41
163.2;121;0;29
163.79999999999998;125;0;25
164.4;120;0;30
165.0;121;0;29
165.6;121;0;29
166.2;123;0;27
166.79999999999998;122;0;28
167.4;122;0;28
168.0;123;0;27
168.6;115;0;35
169.2;118;0;32
169.79999999999998;120;0;30
170.4;113;0;37
171.0;108;0;42
171.6;114;0;36
172.2;122;0;28
172.79999999999998;117;0;33
173.4;110;0;40
174.0;110;0;40
174.6;117;0;33
175.2;118;0;32
175.79999999999998;115;0;35
176.4;119;0;31
177.0;120;0;30
177.6;118;0;32
178.2;116;0;34
178.79999999999998;116;0;34
179.4;115;0;35
180.0;108;0;42
180.6;108;0;42
181.2;122;0;28
181.79999999999998;120;0;30
182.4;109;0;41
183.0;119;0;31
183.6;112;0;38
184.2;117;0;33
184.79999999999998;115;0;35
185.4;120;0;30
186.0;117;0;33
186.6;117;0;33
187.2;116;0;34
187.79999999999998;118;0;32
188.4;116;0;34
189.0;114;0;36
189.6;116;0;34
190.2;118;0;32
190.79999999999998;117;0;33
191.4;111;0;39
192.0;108;0;42
192.6;113;0;37
193.2;122;0;28
193.79999999999998;114;0;36
194.4;110;0;40
195.0;118;0;32
195.6;116;0;34
196.2;113;0;37
196.79999999999998;118;0;32
197.4;113;0;37
198.0;113;0;37
198.6;113;0;37
199.2;110;0;40
199.79999999999998;105;0;45
200.4;107;0;43
201.0;114;0;36
201.6;115;0;35
202.2;112;0;38
202.79999999999998;116;0;34
203.4;107;0;43
204.0;113;0;37
204.6;113;0;37
205.2;113;0;37
205.79999999999998;115;0;35
206.4;112;0;38
207.0;115;0;35
207.6;115;0;35
208.2;108;0;42
208.79999999999998;106;0;44
209.4;107;0;43
210.0;119;0;31
210.6;114;0;36
211.2;112;0;38
211.79999999999998;111;0;39
212.4;107;0;43
213.0;103;0;47
213.6;108;0;42
214.2;104;0;46
214.79999999999998;109;0;41
215.4;106;0;44
216.0;109;0;41
216.6;115;0;35
217.2;115;0;35
217.79999999999998;106;0;44
218.4;113;0;37
219.0;120;0;30
219.6;110;0;40
220.2;114;0;36
220.79999999999998;108;0;42
221.4;111;0;39
222.0;115;0;35
222.6;110;0;40
223.2;112;0;38
223.79999999999998;115;0;35
224.4;118;0;32
225.0;118;0;32
225.6;115;0;35
226.2;113;0;37
226.79999999999998;108;0;42
227.4;113;0;37
228.0;114;0;36
228.6;115;0;35
229.2;112;0;38
229.79999999999998;113;0;37
230.39999999999998;113;0;37
231.0;110;0;40
231.6;110;0;40
232.2;114;0;36
232.79999999999998;112;0;38
233.39999999999998;115;0;35
234.0;110;0;40
234.6;112;0;38
235.2;115;0;35
235.79999999999998;116;0;34
236.39999999999998;121;0;29
237.0;123;0;27
237.6;113;0;37
238.2;109;0;41
238.79999999999998;108;0;42
239.39999999999998;109;0;41
240.0;107;0;43
240.6;113;0;37
241.2;104;0;46
241.79999999999998;105;0;45
242.39999999999998;110;0;40
243.0;107;0;43
243.6;110;0;40
244.2;110;0;40
244.79999999999998;121;0;29
245.39999999999998;118;0;32
246.0;114;0;36
246.6;119;0;31
247.2;115;0;35
247.79999999999998;104;0;46
248.39999999999998;106;0;44
249.0;107;0;43
249.6;106;0;44
250.2;103;0;47
250.79999999999998;106;0;44
251.39999999999998;112;0;38
252.0;110;0;40
252.6;110;0;40
253.2;112;0;38
253.79999999999998;117;0;33
254.39999999999998;108;0;42
255.0;105;0;45
255.6;112;0;38
256.2;112;0;38
256.8;115;0;35
257.4;114;0;36
258.0;102;0;48
258.59999999999997;108;0;42
259.2;110;0;40
259.8;103;0;47
260.4;112;0;38
261.0;118;0;32
261.59999999999997;119;0;31
262.2;117;0;33
262.8;117;0;33
263.4;108;0;42
264.0;116;0;34
264.59999999999997;105;0;45
265.2;106;0;44
265.8;115;0;35
266.4;115;0;35
267.0;116;0;34
267.59999999999997;122;0;28
268.2;120;0;30
268.8;120;0;30
269.4;113;0;37
270.0;118;0;32
270.59999999999997;122;0;28
271.2;119;0;31
271.8;115;0;35
272.4;119;0;31
273.0;113;0;37
273.59999999999997;112;0;38
274.2;115;0;35
274.8;124;0;26
275.4;119;0;31
276.0;112;0;38
276.59999999999997;108;0;42
277.2;103;0;47
277.8;113;0;37
278.4;112;0;38
279.0;110;0;40
279.59999999999997;113;0;37
280.2;112;0;38
280.8;106;0;44
281.4;104;0;46
282.0;104;0;46
282.59999999999997;114;0;36
283.2;113;0;37
283.8;111;0;39
284.4;106;0;44
285.0;108;0;42
285.59999999999997;112;0;38
286.2;112;0;38
286.8;110;0;40
287.4;113;0;37
288.0;112;0;38
288.59999999999997;112;0;38
289.2;111;0;39
289.8;105;0;45
290.4;95;0;55
291.0;101;0;49
291.59999999999997;100;0;50
292.2;119;0;31
292.8;115;0;35
293.4;106;0;44
294.0;115;0;35
294.59999999999997;122;0;28
295.2;115;0;35
295.8;118;0;32
296.4;113;0;37
297.0;109;0;41
297.59999999999997;109;0;41
298.2;116;0;34
298.8;112;0;38
299.4;109;0;41
#auto generated file!
60.0;114;0;36
60.599999999999994;112;0;38
61.199999999999996;111;0;39
61.8;115;0;35
62.4;122;0;28
63.0;119;0;31
63.599999999999994;113;0;37
64.2;112;0;38
64.8;111;0;39
65.39999999999999;108;0;42
66.0;118;0;32
66.6;119;0;31
67.2;119;0;31
67.8;116;0;34
68.39999999999999;114;0;36
69.0;119;0;31
69.6;122;0;28
70.2;121;0;29
70.8;115;0;35
71.39999999999999;118;0;32
72.0;118;0;32
72.6;112;0;38
73.2;102;0;48
73.8;107;0;43
74.39999999999999;101;0;49
75.0;104;0;46
75.6;110;0;40
76.2;110;0;40
76.8;114;0;36
77.39999999999999;108;0;42
78.0;105;0;45
78.6;103;0;47
79.2;116;0;34
79.8;119;0;31
80.39999999999999;120;0;30
81.0;122;0;28
81.6;118;0;32
82.2;110;0;40
82.8;118;0;32
83.39999999999999;110;0;40
84.0;112;0;38
84.6;107;0;43
85.2;116;0;34
85.8;112;0;38
86.39999999999999;108;0;42
87.0;113;0;37
87.6;117;0;33
88.2;113;0;37
88.8;116;0;34
89.39999999999999;119;0;31
90.0;112;0;38
90.6;115;0;35
91.2;109;0;41
91.8;111;0;39
92.39999999999999;113;0;37
93.0;115;0;35
93.6;110;0;40
94.2;107;0;43
94.8;112;0;38
95.39999999999999;115;0;35
96.0;120;0;30
96.6;120;0;30
97.2;118;0;32
97.8;111;0;39
98.39999999999999;113;0;37
99.0;115;0;35
99.6;115;0;35
100.2;113;0;37
100.8;105;0;45
101.39999999999999;116;0;34
102.0;113;0;37
102.6;106;0;44
103.2;105;0;45
103.8;109;0;41
104.39999999999999;109;0;41
105.0;109;0;41
105.6;112;0;38
106.2;112;0;38
106.8;111;0;39
107.39999999999999;110;0;40
108.0;111;0;39
108.6;121;0;29
109.2;116;0;34
109.8;116;0;34
110.39999999999999;113;0;37
111.0;112;0;38
111.6;120;0;30
112.2;116;0;34
112.8;117;0;33
113.39999999999999;116;0;34
114.0;113;0;37
114.6;112;0;38
115.19999999999999;115;0;35
115.8;111;0;39
116.39999999999999;112;0;38
117.0;114;0;36
117.6;113;0;37
118.19999999999999;120;0;30
118.8;118;0;32
119.39999999999999;121;0;29
120.0;115;0;35
120.6;112;0;38
121.19999999999999;111;0;39
121.8;110;0;40
122.39999999999999;111;0;39
123.0;119;0;31
123.6;115;0;35
124.19999999999999;107;0;43
124.8;109;0;41
125.39999999999999;106;0;44
126.0;116;0;34
126.6;127;0;23
127.19999999999999;114;0;36
127.8;119;0;31
128.4;123;0;27
129.0;122;0;28
129.6;116;0;34
130.2;106;0;44
130.79999999999998;116;0;34
131.4;117;0;33
132.0;114;0;36
132.6;119;0;31
133.2;117;0;33
133.79999999999998;111;0;39
134.4;113;0;37
135.0;111;0;39
135.6;104;0;46
136.2;117;0;33
136.79999999999998;115;0;35
137.4;114;0;36
138.0;112;0;38
138.6;115;0;35
139.2;107;0;43
139.79999999999998;111;0;39
140.4;112;0;38
141.0;116;0;34
141.6;115;0;35
142.2;111;0;39
142.79999999999998;114;0;36
143.4;108;0;42
144.0;109;0;41
144.6;113;0;37
145.2;120;0;30
145.79999999999998;106;0;44
146.4;113;0;37
147.0;115;0;35
147.6;113;0;37
148.2;108;0;42
148.79999999999998;104;0;46
149.4;105;0;45
150.0;110;0;40
150.6;110;0;40
151.2;107;0;43
151.79999999999998;104;0;46
152.4;112;0;38
153.0;111;0;39
153.6;113;0;37
154.2;110;0;40
154.79999999999998;111;0;39
155.4;110;0;40
156.0;113;0;37
156.6;110;0;40
157.2;111;0;39
157.79999999999998;118;0;32
158.4;114;0;36
159.0;110;0;40
159.6;116;0;34
160.2;108;0;42
160.79999999999998;107;0;43
161.4;111;0;39
162.0;117;0;33
162.6;115;0;35
163.2;112;0;38
163.79999999999998;109;0;41
164.4;109;0;41
165.0;101;0;49
165.6;104;0;46
166.2;105;0;45
166.79999999999998;107;0;43
167.4;114;0;36
168.0;119;0;31
168.6;114;0;36
169.2;111;0;39
169.79999999999998;107;0;43
170.4;103;0;47
171.0;99;0;51
171.6;101;0;49
172.2;108;0;42
172.79999999999998;112;0;38
173.4;115;0;35
174.0;123;0;27
174.6;113;0;37
175.2;116;0;34
175.79999999999998;121;0;29
176.4;120;0;30
177.0;112;0;38
177.6;115;0;35
178.2;119;0;31
178.79999999999998;116;0;34
179.4;107;0;43
180.0;110;0;40
180.6;112;0;38
181.2;112;0;38
181.79999999999998;118;0;32
182.4;121;0;29
183.0;114;0;36
183.6;119;0;31
184.2;118;0;32
184.79999999999998;112;0;38
185.4;115;0;35
186.0;117;0;33
186.6;119;0;31
187.2;120;0;30
187.79999999999998;111;0;39
188.4;116;0;34
189.0;115;0;35
189.6;105;0;45
190.2;112;0;38
190.79999999999998;115;0;35
191.4;115;0;35
192.0;105;0;45
192.6;106;0;44
193.2;102;0;48
193.79999999999998;106;0;44
194.4;102;0;48
195.0;103;0;47
195.6;105;0;45
196.2;111;0;39
196.79999999999998;110;0;40
197.4;112;0;38
198.0;109;0;41
198.6;119;0;31
199.2;115;0;35
199.79999999999998;122;0;28
200.4;120;0;30
201.0;120;0;30
201.6;114;0;36
202.2;107;0;43
202.79999999999998;113;0;37
203.4;115;0;35
204.0;109;0;41
204.6;107;0;43
205.2;110;0;40
205.79999999999998;118;0;32
206.4;109;0;41
207.0;113;0;37
207.6;106;0;44
208.2;108;0;42
208.79999999999998;119;0;31
209.4;107;0;43
210.0;109;0;41
210.6;107;0;43
211.2;110;0;40
211.79999999999998;117;0;33
212.4;110;0;40
213.0;111;0;39
213.6;108;0;42
214.2;115;0;35
214.79999999999998;118;0;32
215.4;117;0;33
216.0;115;0;35
216.6;113;0;37
217.2;119;0;31
217.79999999999998;123;0;27
218.4;123;0;27
219.0;123;0;27
219.6;114;0;36
220.2;114;0;36
220.79999999999998;113;0;37
221.4;112;0;38
222.0;106;0;44
222.6;115;0;35
223.2;120;0;30
223.79999999999998;113;0;37
224.4;113;0;37
225.0;107;0;43
225.6;108;0;42
226.2;107;0;43
226.79999999999998;108;0;42
227.4;112;0;38
228.0;117;0;33
228.6;117;0;33
229.2;120;0;30
229.79999999999998;111;0;39
230.39999999999998;112;0;38
231.0;117;0;33
231.6;110;0;40
232.2;109;0;41
232.79999999999998;113;0;37
233.39999999999998;110;0;40
234.0;110;0;40
234.6;112;0;38
235.2;109;0;41
235.79999999999998;118;0;32
236.39999999999998;121;0;29
237.0;126;0;24
237.6;115;0;35
238.2;111;0;39
238.79999999999998;111;0;39
239.39999999999998;110;0;40
240.0;109;0;41
240.6;107;0;43
241.2;112;0;38
241.79999999999998;113;0;37
242.39999999999998;123;0;27
243.0;129;0;21
243.6;122;0;28
244.2;114;0;36
244.79999999999998;105;0;45
245.39999999999998;109;0;41
246.0;119;0;31
246.6;118;0;32
247.2;114;0;36
247.79999999999998;110;0;40
248.39999999999998;105;0;45
249.0;111;0;39
249.6;108;0;42
250.2;113;0;37
250.79999999999998;113;0;37
251.39999999999998;118;0;32
252.0;116;0;34
252.6;116;0;34
253.2;115;0;35
253.79999999999998;114;0;36
254.39999999999998;119;0;31
255.0;112;0;38
255.6;111;0;39
256.2;109;0;41
256.8;115;0;35
257.4;121;0;29
258.0;119;0;31
258.59999999999997;122;0;28
259.2;119;0;31
259.8;116;0;34
260.4;112;0;38
261.0;115;0;35
261.59999999999997;115;0;35
262.2;120;0;30
262.8;115;0;35
263.4;109;0;41
264.0;112;0;38
264.59999999999997;115;0;35
265.2;116;0;34
265.8;109;0;41
266.4;109;0;41
267.0;109;0;41
267.59999999999997;111;0;39
268.2;116;0;34
268.8;112;0;38
269.4;112;0;38
270.0;105;0;45
270.59999999999997;112;0;38
271.2;113;0;37
271.8;117;0;33
272.4;116;0;34
273.0;117;0;33
273.59999999999997;121;0;29
274.2;111;0;39
274.8;107;0;43
275.4;103;0;47
276.0;121;0;29
276.59999999999997;116;0;34
277.2;115;0;35
277.8;103;0;47
278.4;117;0;33
279.0;108;0;42
279.59999999999997;110;0;40
280.2;112;0;38
280.8;116;0;34
281.4;107;0;43
282.0;113;0;37
282.59999999999997;114;0;36
283.2;116;0;34
283.8;107;0;43
284.4;99;0;51
285.0;109;0;41
285.59999999999997;102;0;48
286.2;112;0;38
286.8;119;0;31
287.4;110;0;40
288.0;116;0;34
288.59999999999997;111;0;39
289.2;106;0;44
289.8;117;0;33
290.4;108;0;42
291.0;114;0;36
291.59999999999997;117;0;33
292.2;118;0;32
292.8;112;0;38
293.4;109;0;41
294.0;113;0;37
294.59999999999997;127;0;23
295.2;122;0;28
295.8;119;0;31
296.4;111;0;39
297.0;114;0;36
297.59999999999997;110;0;40
298.2;107;0;43
298.8;114;0;36
299.4;114;0;36
#auto generated file!
60.0;116;0;34
60.599999999999994;119;0;31
61.199999999999996;118;0;32
61.8;112;0;38
62.4;116;0;34
63.0;107;0;43
63.599999999999994;110;0;40
64.2;113;0;37
64.8;112;0;38
65.39999999999999;112;0;38
66.0;110;0;40
66.6;115;0;35
67.2;113;0;37
67.8;114;0;36
68.39999999999999;119;0;31
69.0;117;0;33
69.6;113;0;37
70.2;110;0;40
70.8;107;0;43
71.39999999999999;114;0;36
72.0;120;0;30
72.6;110;0;40
73.2;115;0;35
73.8;114;0;36
74.39999999999999;118;0;32
75.0;121;0;29
75.6;115;0;35
76.2;118;0;32
76.8;117;0;33
77.39999999999999;116;0;34
78.0;113;0;37
78.6;116;0;34
79.2;111;0;39
79.8;110;0;40
80.39999999999999;115;0;35
81.0;111;0;39
81.6;106;0;44
82.2;112;0;38
82.8;110;0;40
83.39999999999999;111;0;39
84.0;112;0;38
84.6;113;0;37
85.2;110;0;40
85.8;110;0;40
86.39999999999999;117;0;33
87.0;112;0;38
87.6;112;0;38
88.2;113;0;37
88.8;112;0;38
89.39999999999999;110;0;40
90.0;102;0;48
90.6;104;0;46
91.2;108;0;42
91.8;109;0;41
92.39999999999999;105;0;45
93.0;107;0;43
93.6;103;0;47
94.2;111;0;39
94.8;114;0;36
95.39999999999999;109;0;41
96.0;114;0;36
96.6;114;0;36
97.2;118;0;32
97.8;125;0;25
98.39999999999999;114;0;36
99.0;107;0;43
99.6;111;0;39
100.2;112;0;38
100.8;112;0;38
101.39999999999999;115;0;35
102.0;111;0;39
102.6;109;0;41
103.2;112;0;38
103.8;120;0;30
104.39999999999999;112;0;38
105.0;111;0;39
105.6;116;0;34
106.2;111;0;39
106.8;112;0;38
107.39999999999999;113;0;37
108.0;116;0;34
108.6;111;0;39
109.2;109;0;41
109.8;125;0;25
110.39999999999999;122;0;28
111.0;118;0;32
111.6;115;0;35
112.2;112;0;38
112.8;111;0;39
113.39999999999999;118;0;32
114.0;117;0;33
114.6;114;0;36
115.19999999999999;111;0;39
115.8;110;0;40
116.39999999999999;112;0;38
117.0;118;0;32
117.6;112;0;38
118.19999999999999;108;0;42
118.8;107;0;43
119.39999999999999;109;0;41
120.0;106;0;44
120.6;110;0;40
121.19999999999999;109;0;41
121.8;111;0;39
122.39999999999999;105;0;45
123.0;110;0;40
123.6;117;0;33
124.19999999999999;114;0;36
124.8;111;0;39
125.39999999999999;121;0;29
126.0;119;0;31
126.6;111;0;39
127.19999999999999;113;0;37
127.8;117;0;33
128.4;121;0;29
129.0;125;0;25
129.6;122;0;28
130.2;116;0;34
130.79999999999998;111;0;39
131.4;115;0;35
132.0;110;0;40
132.6;108;0;42
133.2;108;0;42
133.79999999999998;114;0;36
134.4;119;0;31
135.0;121;0;29
135.6;113;0;37
136.2;115;0;35
136.79999999999998;106;0;44
137.4;104;0;46
138.0;109;0;41
138.6;112;0;38
139.2;103;0;47
139.79999999999998;109;0;41
140.4;109;0;41
141.0;106;0;44
141.6;109;0;41
142.2;99;0;51
142.79999999999998;108;0;42
143.4;109;0;41
144.0;119;0;31
144.6;114;0;36
145.2;111;0;39
145.79999999999998;99;0;51
146.4;110;0;40
147.0;111;0;39
147.6;113;0;37
148.2;119;0;31
148.79999999999998;116;0;34
149.4;113;0;37
150.0;122;0;28
150.6;117;0;33
151.2;120;0;30
151.79999999999998;119;0;31
152.4;121;0;29
153.0;121;0;29
153.6;120;0;30
154.2;125;0;25
154.79999999999998;126;0;24
155.4;115;0;35
156.0;116;0;34
156.6;114;0;36
157.2;117;0;33
157.79999999999998;120;0;30
158.4;126;0;24
159.0;108;0;42
159.6;100;0;50
160.2;102;0;48
160.79999999999998;102;0;48
161.4;110;0;40
162.0;110;0;40
162.6;106;0;44
163.2;113;0;37
163.79999999999998;111;0;39
164.4;113;0;37
165.0;118;0;32
165.6;118;0;32
166.2;121;0;29
166.79999999999998;118;0;32
167.4;120;0;30
168.0;118;0;32
168.6;116;0;34
169.2;113;0;37
169.79999999999998;112;0;38
170.4;122;0;28
171.0;116;0;34
171.6;111;0;39
172.2;120;0;30
172.79999999999998;115;0;35
173.4;109;0;41
174.0;108;0;42
174.6;107;0;43
175.2;105;0;45
175.79999999999998;109;0;41
176.4;109;0;41
177.0;106;0;44
177.6;111;0;39
178.2;103;0;47
178.79999999999998;111;0;39
179.4;108;0;42
180.0;112;0;38
180.6;111;0;39
181.2;116;0;34
181.79999999999998;113;0;37
182.4;112;0;38
183.0;111;0;39
183.6;120;0;30
184.2;120;0;30
184.79999999999998;116;0;34
185.4;108;0;42
186.0;105;0;45
186.6;106;0;44
187.2;111;0;39
187.79999999999998;117;0;33
188.4;113;0;37
189.0;102;0;48
189.6;104;0;46
190.2;111;0;39
190.79999999999998;103;0;47
191.4;107;0;43
192.0;113;0;37
192.6;108;0;42
193.2;111;0;39
193.79999999999998;113;0;37
194.4;118;0;32
195.0;122;0;28
195.6;119;0;31
196.2;115;0;35
196.79999999999998;119;0;31
197.4;112;0;38
198.0;110;0;40
198.6;118;0;32
199.2;108;0;42
199.79999999999998;111;0;39
200.4;114;0;36
201.0;114;0;36
201.6;106;0;44
202.2;118;0;32
202.79999999999998;110;0;40
203.4;117;0;33
204.0;109;0;41
204.6;112;0;38
205.2;114;0;36
205.79999999999998;113;0;37
206.4;120;0;30
207.0;118;0;32
207.6;107;0;43
208.2;112;0;38
208.79999999999998;118;0;32
209.4;110;0;40
210.0;106;0;44
210.6;112;0;38
211.2;114;0;36
211.79999999999998;106;0;44
212.4;112;0;38
213.0;120;0;30
213.6;115;0;35
214.2;110;0;40
214.79999999999998;112;0;38
215.4;113;0;37
216.0;117;0;33
216.6;123;0;27
217.2;113;0;37
217.79999999999998;112;0;38
218.4;112;0;38
219.0;107;0;43
219.6;109;0;41
220.2;112;0;38
220.79999999999998;116;0;34
221.4;113;0;37
222.0;118;0;32
222.6;111;0;39
223.2;110;0;40
223.79999999999998;119;0;31
224.4;107;0;43
225.0;103;0;47
225.6;121;0;29
226.2;121;0;29
226.79999999999998;122;0;28
227.4;116;0;34
228.0;120;0;30
228.6;117;0;33
229.2;122;0;28
229.79999999999998;119;0;31
230.39999999999998;112;0;38
231.0;115;0;35
231.6;119;0;31
232.2;120;0;30
232.79999999999998;116;0;34
233.39999999999998;110;0;40
234.0;112;0;38
234.6;110;0;40
235.2;107;0;43
235.79999999999998;114;0;36
236.39999999999998;118;0;32
237.0;119;0;31
237.6;114;0;36
238.2;112;0;38
238.79999999999998;118;0;32
239.39999999999998;125;0;25
240.0;118;0;32
240.6;118;0;32
241.2;117;0;33
241.79999999999998;115;0;35
242.39999999999998;109;0;41
243.0;105;0;45
243.6;103;0;47
244.2;108;0;42
244.79999999999998;112;0;38
245.39999999999998;106;0;44
246.0;107;0;43
246.6;105;0;45
247.2;110;0;40
247.79999999999998;110;0;40
248.39999999999998;110;0;40
249.0;116;0;34
249.6;122;0;28
250.2;117;0;33
250.79999999999998;119;0;31
251.39999999999998;113;0;37
252.0;113;0;37
252.6;107;0;43
253.2;109;0;41
253.79999999999998;111;0;39
254.39999999999998;115;0;35
255.0;121;0;29
255.6;112;0;38
256.2;116;0;34
256.8;117;0;33
257.4;116;0;34
258.0;116;0;34
258.59999999999997;111;0;39
259.2;116;0;34
259.8;116;0;34
260.4;115;0;35
261.0;118;0;32
261.59999999999997;121;0;29
262.2;126;0;24
262.8;119;0;31
263.4;116;0;34
264.0;116;0;34
264.59999999999997;113;0;37
265.2;117;0;33
265.8;113;0;37
266.4;110;0;40
267.0;101;0;49
267.59999999999997;114;0;36
268.2;114;0;36
268.8;119;0;31
269.4;116;0;34
270.0;120;0;30
270.59999999999997;114;0;36
271.2;117;0;33
271.8;117;0;33
272.4;116;0;34
273.0;117;0;33
273.59999999999997;111;0;39
274.2;114;0;36
274.8;119;0;31
275.4;122;0;28
276.0;117;0;33
276.59999999999997;111;0;39
277.2;106;0;44
277.8;106;0;44
278.4;106;0;44
279.0;107;0;43
279.59999999999997;116;0;34
280.2;116;0;34
280.8;104;0;46
281.4;107;0;43
282.0;119;0;31
282.59999999999997;105;0;45
283.2;114;0;36
283.8;110;0;40
284.4;109;0;41
285.0;115;0;35
285.59999999999997;116;0;34
286.2;110;0;40
286.8;114;0;36
287.4;111;0;39
288.0;115;0;35
288.59999999999997;113;0;37
289.2;111;0;39
289.8;109;0;41
290.4;113;0;37
291.0;119;0;31
291.59999999999997;117;0;33
292.2;115;0;35
292.8;106;0;44
293.4;105;0;45
294.0;109;0;41
294.59999999999997;114;0;36
295.2;112;0;38
295.8;110;0;40
296.4;113;0;37
297.0;113;0;37
297.59999999999997;116;0;34
298.2;115;0;35
298.8;108;0;42
299.4;98;0;52
#auto generated file!
60.0;103;0;47
60.599999999999994;105;0;45
61.199999999999996;110;0;40
61.8;103;0;47
62.4;112;0;38
63.0;105;0;45
63.599999999999994;107;0;43
64.2;111;0;39
64.8;114;0;36
65.39999999999999;116;0;34
66.0;121;0;29
66.6;113;0;37
67.2;109;0;41
67.8;110;0;40
68.39999999999999;116;0;34
69.0;111;0;39
69.6;108;0;42
70.2;107;0;43
70.8;114;0;36
71.39999999999999;111;0;39
72.0;114;0;36
72.6;115;0;35
73.2;116;0;34
73.8;111;0;39
74.39999999999999;110;0;40
75.0;102;0;48
75.6;100;0;50
76.2;113;0;37
76.8;112;0;38
77.39999999999999;113;0;37
78.0;113;0;37
78.6;117;0;33
79.2;116;0;34
79.8;111;0;39
80.39999999999999;119;0;31
81.0;106;0;44
81.6;104;0;46
82.2;119;0;31
82.8;113;0;37
83.39999999999999;105;0;45
84.0;106;0;44
84.6;104;0;46
85.2;105;0;45
85.8;101;0;49
86.39999999999999;110;0;40
87.0;110;0;40
87.6;104;0;46
88.2;120;0;30
88.8;111;0;39
89.39999999999999;109;0;41
90.0;110;0;40
90.6;106;0;44
91.2;109;0;41
91.8;103;0;47
92.39999999999999;112;0;38
93.0;110;0;40
93.6;114;0;36
94.2;120;0;30
94.8;121;0;29
95.39999999999999;122;0;28
96.0;114;0;36
96.6;109;0;41
97.2;109;0;41
97.8;106;0;44
98.39999999999999;106;0;44
99.0;106;0;44
99.6;106;0;44
100.2;104;0;46
100.8;96;0;54
101.39999999999999;95;0;55
102.0;106;0;44
102.6;115;0;35
103.2;114;0;36
103.8;115;0;35
104.39999999999999;116;0;34
105.0;120;0;30
105.6;127;0;23
106.2;113;0;37
106.8;104;0;46
107.39999999999999;112;0;38
108.0;107;0;43
108.6;107;0;43
109.2;111;0;39
109.8;109;0;41
110.39999999999999;99;0;51
111.0;110;0;40
111.6;103;0;47
112.2;112;0;38
112.8;108;0;42
113.39999999999999;115;0;35
114.0;111;0;39
114.6;108;0;42
115.19999999999999;109;0;41
115.8;113;0;37
116.39999999999999;117;0;33
117.0;108;0;42
117.6;112;0;38
118.19999999999999;112;0;38
118.8;113;0;37
119.39999999999999;116;0;34
120.0;111;0;39
120.6;113;0;37
121.19999999999999;110;0;40
121.8;112;0;38
122.39999999999999;115;0;35
123.0;114;0;36
123.6;112;0;38
124.19999999999999;112;0;38
124.8;112;0;38
125.39999999999999;109;0;41
126.0;107;0;43
126.6;108;0;42
127.19999999999999;107;0;43
127.8;109;0;41
128.4;116;0;34
129.0;119;0;31
129.6;116;0;34
130.2;114;0;36
130.79999999999998;116;0;34
131.4;109;0;41
132.0;109;0;41
132.6;115;0;35
133.2;108;0;42
133.79999999999998;116;0;34
134.4;111;0;39
135.0;113;0;37
135.6;119;0;31
136.2;117;0;33
136.79999999999998;112;0;38
137.4;106;0;44
138.0;103;0;47
138.6;109;0;41
139.2;120;0;30
139.79999999999998;118;0;32
140.4;114;0;36
141.0;122;0;28
141.6;118;0;32
142.2;118;0;32
142.79999999999998;111;0;39
143.4;104;0;46
144.0;107;0;43
144.6;117;0;33
145.2;113;0;37
145.79999999999998;114;0;36
146.4;111;0;39
147.0;112;0;38
147.6;116;0;34
148.2;116;0;34
148.79999999999998;122;0;28
149.4;118;0;32
150.0;112;0;38
150.6;112;0;38
151.2;109;0;41
151.79999999999998;112;0;38
152.4;114;0;36
153.0;106;0;44
153.6;110;0;40
154.2;112;0;38
154.79999999999998;103;0;47
155.4;105;0;45
156.0;116;0;34
156.6;115;0;35
157.2;113;0;37
157.79999999999998;109;0;41
158.4;112;0;38
159.0;113;0;37
159.6;121;0;29
160.2;125;0;25
160.79999999999998;112;0;38
161.4;104;0;46
162.0;104;0;46
162.6;105;0;45
163.2;112;0;38
163.79999999999998;114;0;36
164.4;113;0;37
165.0;118;0;32
165.6;110;0;40
166.2;118;0;32
166.79999999999998;119;0;31
167.4;108;0;42
168.0;106;0;44
168.6;107;0;43
169.2;110;0;40
169.79999999999998;109;0;41
170.4;115;0;35
171.0;108;0;42
171.6;103;0;47
172.2;108;0;42
172.79999999999998;102;0;48
173.4;109;0;41
174.0;111;0;39
174.6;113;0;37
175.2;113;0;37
175.79999999999998;108;0;42
176.4;113;0;37
177.0;113;0;37
177.6;108;0;42
178.2;115;0;35
178.79999999999998;117;0;33
179.4;112;0;38
180.0;105;0;45
180.6;107;0;43
181.2;112;0;38
181.79999999999998;112;0;38
182.4;115;0;35
183.0;120;0;30
183.6;113;0;37
184.2;114;0;36
184.79999999999998;113;0;37
185.4;124;0;26
186.0;119;0;31
186.6;119;0;31
187.2;116;0;34
187.79999999999998;112;0;38
188.4;114;0;36
189.0;111;0;39
189.6;121;0;29
190.2;110;0;40
190.79999999999998;108;0;42
191.4;111;0;39
192.0;115;0;35
192.6;112;0;38
193.2;118;0;32
193.79999999999998;114;0;36
194.4;109;0;41
195.0;111;0;39
195.6;118;0;32
196.2;121;0;29
196.79999999999998;116;0;34
197.4;115;0;35
198.0;111;0;39
198.6;110;0;40
199.2;106;0;44
199.79999999999998;100;0;50
200.4;110;0;40
201.0;114;0;36
201.6;108;0;42
202.2;107;0;43
202.79999999999998;103;0;47
203.4;110;0;40
204.0;111;0;39
204.6;107;0;43
205.2;105;0;45
205.79999999999998;112;0;38
206.4;115;0;35
207.0;106;0;44
207.6;110;0;40
208.2;103;0;47
208.79999999999998;109;0;41
209.4;105;0;45
210.0;106;0;44
210.6;104;0;46
211.2;110;0;40
211.79999999999998;102;0;48
212.4;113;0;37
213.0;118;0;32
213.6;117;0;33
214.2;110;0;40
214.79999999999998;111;0;39
215.4;115;0;35
216.0;112;0;38
216.6;110;0;40
217.2;105;0;45
217.79999999999998;109;0;41
218.4;112;0;38
219.0;106;0;44
219.6;102;0;48
220.2;113;0;37
220.79999999999998;121;0;29
221.4;115;0;35
222.0;108;0;42
222.6;104;0;46
223.2;109;0;41
223.79999999999998;113;0;37
224.4;114;0;36
225.0;116;0;34
225.6;120;0;30
226.2;112;0;38
226.79999999999998;122;0;28
227.4;124;0;26
228.0;118;0;32
228.6;112;0;38
229.2;111;0;39
229.79999999999998;120;0;30
230.39999999999998;116;0;34
231.0;109;0;41
231.6;103;0;47
232.2;99;0;51
232.79999999999998;109;0;41
233.39999999999998;101;0;49
234.0;113;0;37
234.6;113;0;37
235.2;118;0;32
235.79999999999998;109;0;41
236.39999999999998;115;0;35
237.0;119;0;31
237.6;115;0;35
238.2;116;0;34
238.79999999999998;118;0;32
239.39999999999998;117;0;33
240.0;107;0;43
240.6;113;0;37
241.2;124;0;26
241.79999999999998;116;0;34
242.39999999999998;112;0;38
243.0;113;0;37
243.6;108;0;42
244.2;109;0;41
244.79999999999998;108;0;42
245.39999999999998;108;0;42
246.0;114;0;36
246.6;122;0;28
247.2;123;0;27
247.79999999999998;120;0;30
248.39999999999998;110;0;40
249.0;109;0;41
249.6;112;0;38
250.2;116;0;34
250.79999999999998;120;0;30
251.39999999999998;121;0;29
252.0;119;0;31
252.6;119;0;31
253.2;125;0;25
253.79999999999998;122;0;28
254.39999999999998;115;0;35
255.0;115;0;35
255.6;110;0;40
256.2;113;0;37
256.8;112;0;38
257.4;111;0;39
258.0;108;0;42
258.59999999999997;109;0;41
259.2;119;0;31
259.8;114;0;36
260.4;111;0;39
261.0;111;0;39
261.59999999999997;105;0;45
262.2;108;0;42
262.8;107;0;43
263.4;112;0;38
264.0;110;0;40
264.59999999999997;109;0;41
265.2;106;0;44
265.8;108;0;42
266.4;111;0;39
267.0;112;0;38
267.59999999999997;121;0;29
268.2;111;0;39
268.8;107;0;43
269.4;108;0;42
270.0;101;0;49
270.59999999999997;104;0;46
271.2;107;0;43
271.8;112;0;38
272.4;114;0;36
273.0;108;0;42
273.59999999999997;113;0;37
274.2;112;0;38
274.8;117;0;33
275.4;108;0;42
276.0;106;0;44
276.59999999999997;108;0;42
277.2;114;0;36
277.8;118;0;32
278.4;110;0;40
279.0;104;0;46
279.59999999999997;115;0;35
280.2;121;0;29
280.8;116;0;34
281.4;113;0;37
282.0;119;0;31
282.59999999999997;125;0;25
283.2;123;0;27
283.8;126;0;24
284.4;116;0;34
285.0;113;0;37
285.59999999999997;113;0;37
286.2;114;0;36
286.8;114;0;36
287.4;118;0;32
288.0;108;0;42
288.59999999999997;112;0;38
289.2;111;0;39
289.8;112;0;38
290.4;114;0;36
291.0;119;0;31
291.59999999999997;113;0;37
292.2;113;0;37
292.8;107;0;43
293.4;102;0;48
294.0;106;0;44
294.59999999999997;113;0;37
295.2;118;0;32
295.8;114;0;36
296.4;113;0;37
297.0;115;0;35
297.59999999999997;114;0;36
298.2;114;0;36
298.8;118;0;32
299.4;124;0;26
#auto generated file!
60.0;109;0;41
60.599999999999994;109;0;41
61.199999999999996;105;0;45
61.8;100;0;50
62.4;106;0;44
63.0;111;0;39
63.599999999999994;113;0;37
64.2;109;0;41
64.8;109;0;41
65.39999999999999;110;0;40
66.0;114;0;36
66.6;108;0;42
67.2;110;0;40
67.8;117;0;33
68.39999999999999;119;0;31
69.0;114;0;36
69.6;117;0;33
70.2;118;0;32
70.8;118;0;32
71.39999999999999;118;0;32
72.0;106;0;44
72.6;107;0;43
73.2;112;0;38
73.8;108;0;42
74.39999999999999;112;0;38
75.0;109;0;41
75.6;113;0;37
76.2;110;0;40
76.8;107;0;43
77.39999999999999;118;0;32
78.0;124;0;26
78.6;111;0;39
79.2;113;0;37
79.8;110;0;40
80.39999999999999;118;0;32
81.0;114;0;36
81.6;109;0;41
82.2;110;0;40
82.8;112;0;38
83.39999999999999;113;0;37
84.0;117;0;33
84.6;111;0;39
85.2;119;0;31
85.8;109;0;41
86.39999999999999;100;0;50
87.0;108;0;42
87.6;108;0;42
88.2;122;0;28
88.8;122;0;28
89.39999999999999;116;0;34
90.0;107;0;43
90.6;112;0;38
91.2;111;0;39
91.8;106;0;44
92.39999999999999;113;0;37
93.0;116;0;34
93.6;108;0;42
94.2;106;0;44
94.8;113;0;37
95.39999999999999;117;0;33
96.0;114;0;36
96.6;107;0;43
97.2;110;0;40
97.8;110;0;40
98.39999999999999;107;0;43
99.0;111;0;39
99.6;108;0;42
100.2;104;0;46
100.8;121;0;29
101.39999999999999;116;0;34
102.0;113;0;37
102.6;114;0;36
103.2;118;0;32
103.8;106;0;44
104.39999999999999;108;0;42
105.0;108;0;42
105.6;115;0;35
106.2;117;0;33
106.8;111;0;39
107.39999999999999;113;0;37
108.0;108;0;42
108.6;105;0;45
109.2;111;0;39
109.8;111;0;39
110.39999999999999;115;0;35
111.0;120;0;30
111.6;126;0;24
112.2;121;0;29
112.8;109;0;41
113.39999999999999;107;0;43
114.0;107;0;43
114.6;109;0;41
115.19999999999999;115;0;35
115.8;113;0;37
116.39999999999999;117;0;33
117.0;112;0;38
117.6;115;0;35
118.19999999999999;111;0;39
118.8;110;0;40
119.39999999999999;123;0;27
120.0;123;0;27
120.6;124;0;26
121.19999999999999;109;0;41
121.8;111;0;39
122.39999999999999;108;0;42
123.0;115;0;35
123.6;114;0;36
124.19999999999999;115;0;35
124.8;112;0;38
125.39999999999999;110;0;40
126.0;121;0;29
126.6;111;0;39
127.19999999999999;113;0;37
127.8;110;0;40
128.4;111;0;39
129.0;119;0;31
129.6;115;0;35
130.2;120;0;30
130.79999999999998;118;0;32
131.4;109;0;41
132.0;103;0;47
132.6;103;0;47
133.2;98;0;52
133.79999999999998;102;0;48
134.4;111;0;39
135.0;122;0;28
135.6;115;0;35
136.2;109;0;41
136.79999999999998;115;0;35
137.4;110;0;40
138.0;115;0;35
138.6;114;0;36
139.2;119;0;31
139.79999999999998;117;0;33
140.4;114;0;36
141.0;117;0;33
141.6;110;0;40
142.2;108;0;42
142.79999999999998;106;0;44
143.4;108;0;42
144.0;111;0;39
144.6;115;0;35
145.2;113;0;37
145.79999999999998;106;0;44
146.4;104;0;46
147.0;117;0;33
147.6;120;0;30
148.2;110;0;40
148.79999999999998;106;0;44
149.4;115;0;35
150.0;107;0;43
150.6;112;0;38
151.2;107;0;43
151.79999999999998;107;0;43
152.4;109;0;41
153.0;112;0;38
153.6;117;0;33
154.2;113;0;37
154.79999999999998;114;0;36
155.4;120;0;30
156.0;116;0;34
156.6;117;0;33
157.2;113;0;37
157.79999999999998;113;0;37
158.4;119;0;31
159.0;119;0;31
159.6;113;0;37
160.2;115;0;35
160.79999999999998;115;0;35
161.4;111;0;39
162.0;114;0;36
162.6;117;0;33
163.2;120;0;30
163.79999999999998;116;0;34
164.4;112;0;38
165.0;112;0;38
165.6;102;0;48
166.2;108;0;42
166.79999999999998;110;0;40
167.4;116;0;34
168.0;116;0;34
168.6;105;0;45
169.2;113;0;37
169.79999999999998;117;0;33
170.4;109;0;41
171.0;110;0;40
171.6;119;0;31
172.2;118;0;32
172.79999999999998;114;0;36
173.4;120;0;30
174.0;118;0;32
174.6;119;0;31
175.2;114;0;36
175.79999999999998;106;0;44
176.4;107;0;43
177.0;109;0;41
177.6;111;0;39
178.2;114;0;36
178.79999999999998;104;0;46
179.4;116;0;34
180.0;104;0;46
180.6;118;0;32
181.2;107;0;43
181.79999999999998;109;0;41
182.4;111;0;39
183.0;111;0;39
183.6;109;0;41
184.2;102;0;48
184.79999999999998;92;0;58
185.4;108;0;42
186.0;110;0;40
186.6;108;0;42
187.2;114;0;36
187.79999999999998;116;0;34
188.4;114;0;36
189.0;109;0;41
189.6;111;0;39
190.2;110;0;40
190.79999999999998;114;0;36
191.4;120;0;30
192.0;115;0;35
192.6;109;0;41
193.2;119;0;31
193.79999999999998;115;0;35
194.4;121;0;29
195.0;116;0;34
195.6;118;0;32
196.2;119;0;31
196.79999999999998;115;0;35
197.4;121;0;29
198.0;112;0;38
198.6;106;0;44
199.2;106;0;44
199.79999999999998;110;0;40
200.4;112;0;38
201.0;109;0;41
201.6;110;0;40
202.2;107;0;43
202.79999999999998;110;0;40
203.4;118;0;32
204.0;111;0;39
204.6;115;0;35
205.2;115;0;35
205.79999999999998;112;0;38
206.4;115;0;35
207.0;109;0;41
207.6;113;0;37
208.2;112;0;38
208.79999999999998;113;0;37
209.4;110;0;40
210.0;109;0;41
210.6;111;0;39
211.2;105;0;45
211.79999999999998;110;0;40
212.4;108;0;42
213.0;108;0;42
213.6;118;0;32
214.2;107;0;43
214.79999999999998;105;0;45
215.4;106;0;44
216.0;110;0;40
216.6;115;0;35
217.2;112;0;38
217.79999999999998;108;0;42
218.4;101;0;49
219.0;95;0;55
219.6;102;0;48
220.2;106;0;44
220.79999999999998;114;0;36
221.4;110;0;40
222.0;112;0;38
222.6;106;0;44
223.2;118;0;32
223.79999999999998;120;0;30
224.4;122;0;28
225.0;122;0;28
225.6;123;0;27
226.2;105;0;45
226.79999999999998;113;0;37
227.4;117;0;33
228.0;122;0;28
228.6;105;0;45
229.2;109;0;41
229.79999999999998;102;0;48
230.39999999999998;104;0;46
231.0;108;0;42
231.6;123;0;27
232.2;120;0;30
232.79999999999998;112;0;38
233.39999999999998;121;0;29
234.0;119;0;31
234.6;112;0;38
235.2;110;0;40
235.79999999999998;116;0;34
236.39999999999998;121;0;29
237.0;120;0;30
237.6;125;0;25
238.2;112;0;38
238.79999999999998;111;0;39
239.39999999999998;113;0;37
240.0;117;0;33
240.6;110;0;40
241.2;107;0;43
241.79999999999998;113;0;37
242.39999999999998;113;0;37
243.0;117;0;33
243.6;117;0;33
244.2;120;0;30
244.79999999999998;115;0;35
245.39999999999998;113;0;37
246.0;117;0;33
246.6;119;0;31
247.2;115;0;35
247.79999999999998;112;0;38
248.39999999999998;100;0;50
249.0;110;0;40
249.6;109;0;41
250.2;107;0;43
250.79999999999998;100;0;50
251.39999999999998;108;0;42
252.0;115;0;35
252.6;118;0;32
253.2;118;0;32
253.79999999999998;110;0;40
254.39999999999998;119;0;31
255.0;118;0;32
255.6;116;0;34
256.2;116;0;34
256.8;114;0;36
257.4;112;0;38
258.0;115;0;35
258.59999999999997;106;0;44
259.2;102;0;48
259.8;112;0;38
260.4;113;0;37
261.0;109;0;41
261.59999999999997;113;0;37
262.2;112;0;38
262.8;114;0;36
263.4;113;0;37
264.0;108;0;42
264.59999999999997;105;0;45
265.2;100;0;50
265.8;104;0;46
266.4;106;0;44
267.0;111;0;39
267.59999999999997;120;0;30
268.2;124;0;26
268.8;121;0;29
269.4;115;0;35
270.0;112;0;38
270.59999999999997;102;0;48
271.2;110;0;40
271.8;113;0;37
272.4;107;0;43
273.0;113;0;37
273.59999999999997;118;0;32
274.2;122;0;28
274.8;120;0;30
275.4;118;0;32
276.0;115;0;35
276.59999999999997;116;0;34
277.2;114;0;36
277.8;107;0;43
278.4;107;0;43
279.0;105;0;45
279.59999999999997;102;0;48
280.2;107;0;43
280.8;102;0;48
281.4;109;0;41
282.0;113;0;37
282.59999999999997;104;0;46
283.2;109;0;41
283.8;113;0;37
284.4;105;0;45
285.0;112;0;38
285.59999999999997;124;0;26
286.2;117;0;33
286.8;113;0;37
287.4;115;0;35
288.0;115;0;35
288.59999999999997;109;0;41
289.2;117;0;33
289.8;107;0;43
290.4;117;0;33
291.0;114;0;36
291.59999999999997;115;0;35
292.2;114;0;36
292.8;111;0;39
293.4;113;0;37
294.0;107;0;43
294.59999999999997;101;0;49
295.2;96;0;54
295.8;105;0;45
296.4;105;0;45
297.0;113;0;37
297.59999999999997;114;0;36
298.2;116;0;34
298.8;117;0;33
299.4;117;0;33
