#auto generated file!
2090;1870;622;0;45.56816477754327;41.479069837426714;4.089094940116537;219.02952380952368;0.0;1248;0
2090;1870;622;0;45.56816477754327;41.479069837426714;4.089094940116537
0;0;0;0;0.0;0.0;0.0
#auto generated file!
2104;2263;652;0;52.52938701927204;48.48772368690461;4.041663332367507;238.29285714285723;0.0;1611;0
2104;2263;652;0;52.52938701927204;48.48772368690461;4.041663332367507
0;0;0;0;0.0;0.0;0.0
#auto generated file!
1863;2305;600;1;52.27698514846463;48.227060310061574;4.049924838403045;234.82142857142833;0.0;1704;0
1863;2305;600;1;52.27698514846463;48.227060310061574;4.049924838403045
0;0;0;0;0.0;0.0;0.0
#auto generated file!
2002;2410;652;0;52.48634438863477;48.44084745160944;4.045496937025201;233.44071428571425;0.0;1758;0
2002;2410;652;0;52.48634438863477;48.44084745160944;4.045496937025201
0;0;0;0;0.0;0.0;0.0
#auto generated file!
1990;2054;605;0;47.79388387924195;43.74057902459627;4.0533048546457415;221.58095238095243;0.0;1449;0
1990;2054;605;0;47.79388387924195;43.74057902459627;4.0533048546457415
0;0;0;0;0.0;0.0;0.0
#auto generated file!
2147;2078;613;0;44.68696770319917;40.597342142785365;4.089625560413831;220.6054761904762;0.0;1465;0
2147;2078;613;0;44.68696770319917;40.597342142785365;4.089625560413831
0;0;0;0;0.0;0.0;0.0
#auto generated file!
2087;2070;652;0;46.69446058267813;42.63740121669568;4.057059365982387;219.9776190476191;0.0;1418;0
2087;2070;652;0;46.69446058267813;42.63740121669568;4.057059365982387
0;0;0;0;0.0;0.0;0.0
#auto generated file!
2031;2466;655;0;52.31927604233852;48.244464544155306;4.074811498183281;254.85309523809525;0.0;1811;0
2031;2466;655;0;52.31927604233852;48.244464544155306;4.074811498183281
0;0;0;0;0.0;0.0;0.0
#auto generated file!
2014;2233;620;0;47.3418459076149;43.30659065227606;4.0352552553388525;242.09047619047627;0.0;1613;0
2014;2233;620;0;47.3418459076149;43.30659065227606;4.0352552553388525
0;0;0;0;0.0;0.0;0.0
#auto generated file!
1981;2186;613;0;47.093055012131785;43.03702969437719;4.056025317754646;232.22952380952378;0.0;1573;0
1981;2186;613;0;47.093055012131785;43.03702969437719;4.056025317754646
0;0;0;0;0.0;0.0;0.0
