#auto generated file!
54;42;7;0;56.87703151022683;52.80458534807778;4.072446162149017;207.12047619047615;0.0;35;0
54;42;7;0;56.87703151022683;52.80458534807778;4.072446162149017
0;0;0;0;0.0;0.0;0.0
#auto generated file!
54;38;6;0;43.81156494801413;39.95195103303555;3.859613914978589;185.22476190476192;0.0;32;0
54;38;6;0;43.81156494801413;39.95195103303555;3.859613914978589
0;0;0;0;0.0;0.0;0.0
#auto generated file!
46;66;14;0;59.90832490403379;56.037531264225414;3.8707936398083795;219.65214285714268;0.0;52;0
46;66;14;0;59.90832490403379;56.037531264225414;3.8707936398083795
0;0;0;0;0.0;0.0;0.0
#auto generated file!
76;83;23;0;55.66183557285995;51.62607763968002;4.035757933179926;188.77880952380943;0.0;60;0
76;83;23;0;55.66183557285995;51.62607763968002;4.035757933179926
0;0;0;0;0.0;0.0;0.0
#auto generated file!
30;61;6;0;69.44771951174195;65.53630848169797;3.9114110300439675;236.5926190476192;0.0;55;0
30;61;6;0;69.44771951174195;65.53630848169797;3.9114110300439675
0;0;0;0;0.0;0.0;0.0
#auto generated file!
51;50;11;0;51.49721618711329;47.59382044040536;3.9033957467079445;205.4199999999999;0.0;39;0
51;50;11;0;51.49721618711329;47.59382044040536;3.9033957467079445
0;0;0;0;0.0;0.0;0.0
#auto generated file!
18;40;7;0;71.42917381216265;67.58284977904381;3.8463240331188504;224.40547619047618;0.0;33;0
18;40;7;0;71.42917381216265;67.58284977904381;3.8463240331188504
0;0;0;0;0.0;0.0;0.0
#auto generated file!
49;62;15;0;47.61274471051772;43.63580992982421;3.9769347806935205;218.06809523809528;0.0;47;0
49;62;15;0;47.61274471051772;43.63580992982421;3.9769347806935205
0;0;0;0;0.0;0.0;0.0
#auto generated file!
38;46;12;0;45.48241396876208;41.39094865611707;4.091465312645017;208.1428571428572;0.0;34;0
38;46;12;0;45.48241396876208;41.39094865611707;4.091465312645017
0;0;0;0;0.0;0.0;0.0
#auto generated file!
44;51;12;0;63.403746659112656;59.37491674848556;4.028829910627133;208.35404761904758;0.0;39;0
44;51;12;0;63.403746659112656;59.37491674848556;4.028829910627133
0;0;0;0;0.0;0.0;0.0
