#auto generated file!
1402;1394;523;0;55.03031160169237;50.92687609728691;4.103435504405448;219.02952380952368;0.0;871;0
1402;1394;523;0;55.03031160169237;50.92687609728691;4.103435504405448
0;0;0;0;0.0;0.0;0.0
#auto generated file!
1482;1766;590;0;60.57872828156349;56.526591487707364;4.052136793856233;238.29285714285723;0.0;1176;0
1482;1766;590;0;60.57872828156349;56.526591487707364;4.052136793856233
0;0;0;0;0.0;0.0;0.0
#auto generated file!
1279;1759;547;1;60.973391592663994;56.92399099626344;4.049400596400541;234.82142857142833;0.0;1211;0
1279;1759;547;1;60.973391592663994;56.92399099626344;4.049400596400541
0;0;0;0;0.0;0.0;0.0
#auto generated file!
1380;2035;602;0;61.68861348447342;57.640929445419445;4.047684039053798;233.44071428571425;0.0;1433;0
1380;2035;602;0;61.68861348447342;57.640929445419445;4.047684039053798
0;0;0;0;0.0;0.0;0.0
#auto generated file!
1377;1639;547;0;54.96665435284134;50.916666649511036;4.049987703330386;221.58095238095243;0.0;1092;0
1377;1639;547;0;54.96665435284134;50.916666649511036;4.049987703330386
0;0;0;0;0.0;0.0;0.0
#auto generated file!
1412;1660;530;0;53.62900720536805;49.549245332548054;4.079761872820025;220.6054761904762;0.0;1130;0
1412;1660;530;0;53.62900720536805;49.549245332548054;4.079761872820025
0;0;0;0;0.0;0.0;0.0
#auto generated file!
1385;1690;571;0;53.92777099913058;49.90101990706709;4.02675109206336;219.9776190476191;0.0;1119;0
1385;1690;571;0;53.92777099913058;49.90101990706709;4.02675109206336
0;0;0;0;0.0;0.0;0.0
#auto generated file!
1433;2091;567;0;60.83699693302809;56.79246888548743;4.044528047540732;254.85309523809525;0.0;1524;0
1433;2091;567;0;60.83699693302809;56.79246888548743;4.044528047540732
0;0;0;0;0.0;0.0;0.0
#auto generated file!
1380;1848;530;0;54.18097396400112;50.14536665422018;4.035607309780957;242.09047619047627;0.0;1318;0
1380;1848;530;0;54.18097396400112;50.14536665422018;4.035607309780957
0;0;0;0;0.0;0.0;0.0
#auto generated file!
1336;1750;550;0;55.62224141096738;51.559893827000046;4.0623475839673935;232.22952380952378;0.0;1200;0
1336;1750;550;0;55.62224141096738;51.559893827000046;4.0623475839673935
0;0;0;0;0.0;0.0;0.0
