#auto generated file!
67;304;2019;907;68.36091967915767;64.61284055799001;3.748079121167661;282.53833333333336;0.0;2055;0
67;304;2019;907;0.0;0.0;0.0
0;0;0;0;0.0;0.0;0.0
#auto generated file!
48;352;2006;990;62.77731727971176;58.76596059063609;4.01135668907569;284.4350000000001;0.0;2418;0
48;352;2006;990;0.0;0.0;0.0
0;0;0;0;0.0;0.0;0.0
#auto generated file!
64;375;1946;947;61.07243690327371;56.98217088184141;4.090266021432292;313.104761904762;0.0;2738;0
64;375;1946;947;0.0;0.0;0.0
0;0;0;0;0.0;0.0;0.0
#auto generated file!
71;333;1841;953;81.1739155334485;76.94244165582688;4.231473877621608;300.54857142857156;0.0;2640;0
71;333;1841;953;0.0;0.0;0.0
0;0;0;0;0.0;0.0;0.0
#auto generated file!
53;383;2072;967;75.3249171068124;71.09477052474573;4.230146582066668;308.8707142857142;0.0;2684;0
53;383;2072;967;0.0;0.0;0.0
0;0;0;0;0.0;0.0;0.0
#auto generated file!
48;342;1928;943;79.94369377580416;76.06551693545326;3.8781768403509003;324.35380952380956;0.0;2673;0
48;342;1928;943;0.0;0.0;0.0
0;0;0;0;0.0;0.0;0.0
#auto generated file!
41;249;2064;826;108.1854297384108;104.00227651333982;4.183153225070983;290.4569047619048;0.0;2298;0
41;249;2064;826;0.0;0.0;0.0
0;0;0;0;0.0;0.0;0.0
#auto generated file!
64;267;2037;791;59.53886316278508;55.55552553807606;3.9833376247089896;267.1871428571428;0.0;2319;0
64;267;2037;791;0.0;0.0;0.0
0;0;0;0;0.0;0.0;0.0
#auto generated file!
57;305;2048;933;79.40175678761855;75.09004809578627;4.31170869183223;304.0019047619048;0.0;2134;0
57;305;2048;933;0.0;0.0;0.0
0;0;0;0;0.0;0.0;0.0
#auto generated file!
47;356;1840;903;112.39905086709203;108.50881141599355;3.8902394510984797;322.70047619047597;0.0;2706;0
47;356;1840;903;0.0;0.0;0.0
0;0;0;0;0.0;0.0;0.0
