#auto generated file!
96;182;2371;51;46.26908525834647;42.43640810496121;3.8326771533852555;253.4602380952383;0.0;1457;0
96;182;2371;51;0.0;0.0;0.0
0;0;0;0;0.0;0.0;0.0
#auto generated file!
66;301;2208;61;99.95178149462643;95.86815747442958;4.083624020196866;264.7311904761905;0.0;2090;0
66;301;2208;61;0.0;0.0;0.0
0;0;0;0;0.0;0.0;0.0
#auto generated file!
89;252;2264;43;52.5034754062238;48.458125253350914;4.045350152872903;242.17357142857145;0.0;1504;0
89;252;2264;43;0.0;0.0;0.0
0;0;0;0;0.0;0.0;0.0
#auto generated file!
54;258;2246;55;102.90053697959449;98.85153543231466;4.049001547279758;270.3669047619049;0.0;1914;0
54;258;2246;55;0.0;0.0;0.0
0;0;0;0;0.0;0.0;0.0
#auto generated file!
67;218;2323;48;49.85916116907899;45.930571190877835;3.9285899782011646;246.81928571428583;0.0;1687;0
67;218;2323;48;0.0;0.0;0.0
0;0;0;0;0.0;0.0;0.0
#auto generated file!
80;216;2175;48;49.76735042211639;45.92250340862504;3.844847013491345;253.87428571428575;0.0;1786;0
80;216;2175;48;0.0;0.0;0.0
0;0;0;0;0.0;0.0;0.0
#auto generated file!
86;277;2269;59;56.78696404817347;52.988203628359265;3.798760419814234;270.87952380952373;0.0;2018;0
86;277;2269;59;0.0;0.0;0.0
0;0;0;0;0.0;0.0;0.0
#auto generated file!
79;191;2349;54;48.58343712706767;44.868099724091586;3.715337402976082;240.72119047619057;0.0;1444;0
79;191;2349;54;0.0;0.0;0.0
0;0;0;0;0.0;0.0;0.0
#auto generated file!
80;282;2275;35;39.84003703262939;35.804733555868225;4.035303476761156;272.0040476190479;0.0;1985;0
80;282;2275;35;0.0;0.0;0.0
0;0;0;0;0.0;0.0;0.0
#auto generated file!
46;177;2293;45;104.06682407225777;100.06671079427632;4.0001132779814705;223.99166666666642;0.0;1216;0
46;177;2293;45;0.0;0.0;0.0
0;0;0;0;0.0;0.0;0.0
