#auto generated file!
1348;233;233;0;31.62926841662762;27.659611285623686;3.969657131003917;77.25476190476193;0.0;0;0
1348;233;233;0;31.62926841662762;27.659611285623686;3.969657131003917
0;0;0;0;0.0;0.0;0.0
#auto generated file!
1341;201;201;0;32.40196018877883;28.461169835705427;3.94079035307343;74.24523809523812;0.0;0;0
1341;201;201;0;32.40196018877883;28.461169835705427;3.94079035307343
0;0;0;0;0.0;0.0;0.0
#auto generated file!
1458;235;234;0;33.636004101510785;29.713304608165124;3.9226994933457116;84.71095238095232;0.0;1;0
1458;235;234;0;33.636004101510785;29.713304608165124;3.9226994933457116
0;0;0;0;0.0;0.0;0.0
#auto generated file!
1332;197;197;0;29.292783147601195;25.358792802839357;3.9339903447618387;66.70476190476198;0.0;0;0
1332;197;197;0;29.292783147601195;25.358792802839357;3.9339903447618387
0;0;0;0;0.0;0.0;0.0
#auto generated file!
1203;205;205;0;28.455739387264554;24.546723507041524;3.9090158802230137;61.08880952380953;0.0;0;0
1203;205;205;0;28.455739387264554;24.546723507041524;3.9090158802230137
0;0;0;0;0.0;0.0;0.0
#auto generated file!
1250;164;164;0;27.96475000288111;24.05965583384207;3.905094169039028;54.94547619047618;0.0;0;0
1250;164;164;0;27.96475000288111;24.05965583384207;3.905094169039028
0;0;0;0;0.0;0.0;0.0
#auto generated file!
1282;204;204;0;28.97039114917368;25.017514123337403;3.952877025836264;61.32404761904762;0.0;0;0
1282;204;204;0;28.97039114917368;25.017514123337403;3.952877025836264
0;0;0;0;0.0;0.0;0.0
#auto generated file!
1387;257;257;0;33.50449364141659;29.602390607009127;3.902103034407424;87.83904761904769;0.0;0;0
1387;257;257;0;33.50449364141659;29.602390607009127;3.902103034407424
0;0;0;0;0.0;0.0;0.0
#auto generated file!
1320;259;259;0;31.052075235642143;27.160790557385244;3.8912846782569184;75.18047619047614;0.0;0;0
1320;259;259;0;31.052075235642143;27.160790557385244;3.8912846782569184
0;0;0;0;0.0;0.0;0.0
#auto generated file!
1307;190;190;0;30.148407926822667;26.2600294206646;3.8883785061580647;66.45619047619046;0.0;0;0
1307;190;190;0;30.148407926822667;26.2600294206646;3.8883785061580647
0;0;0;0;0.0;0.0;0.0
