#auto generated file!
2061;1414;575;0;46.71409349935639;42.717560357614325;3.996533141742047;207.12047619047615;0.0;839;0
2061;1414;575;0;46.71409349935639;42.717560357614325;3.996533141742047
0;0;0;0;0.0;0.0;0.0
#auto generated file!
2112;1249;492;0;44.11726818944295;40.11486591844877;4.002402270994174;185.22476190476192;0.0;757;0
2112;1249;492;0;44.11726818944295;40.11486591844877;4.002402270994174
0;0;0;0;0.0;0.0;0.0
#auto generated file!
2028;1664;567;0;46.66981562755719;42.70877378887782;3.9610418386793507;219.65214285714268;0.0;1097;0
2028;1664;567;0;46.66981562755719;42.70877378887782;3.9610418386793507
0;0;0;0;0.0;0.0;0.0
#auto generated file!
1943;1197;554;0;43.22433115556745;39.2119455490158;4.012385606551627;188.77880952380943;0.0;643;0
1943;1197;554;0;43.22433115556745;39.2119455490158;4.012385606551627
0;0;0;0;0.0;0.0;0.0
#auto generated file!
1855;1884;580;0;49.98905713911467;45.923003735375055;4.066053403739565;236.5926190476192;0.0;1304;0
1855;1884;580;0;49.98905713911467;45.923003735375055;4.066053403739565
0;0;0;0;0.0;0.0;0.0
#auto generated file!
2001;1525;580;0;45.315932342489674;41.299700730077554;4.0162316124121125;205.4199999999999;0.0;945;0
2001;1525;580;0;45.315932342489674;41.299700730077554;4.0162316124121125
0;0;0;0;0.0;0.0;0.0
#auto generated file!
1958;1970;570;0;47.82775646977385;43.828834018655215;3.9989224511185677;224.40547619047618;0.0;1400;0
1958;1970;570;0;47.82775646977385;43.828834018655215;3.9989224511185677
0;0;0;0;0.0;0.0;0.0
#auto generated file!
1906;1831;596;0;50.10974110334499;46.12740449717515;3.9823366061697594;218.06809523809528;0.0;1235;0
1906;1831;596;0;50.10974110334499;46.12740449717515;3.9823366061697594
0;0;0;0;0.0;0.0;0.0
#auto generated file!
2091;1423;537;0;45.60663230211085;41.56696436118712;4.039667940923731;208.1428571428572;0.0;886;0
2091;1423;537;0;45.60663230211085;41.56696436118712;4.039667940923731
0;0;0;0;0.0;0.0;0.0
#auto generated file!
1923;1713;685;0;46.3709088758323;42.34183351989534;4.0290753559369215;208.35404761904758;0.0;1028;0
1923;1713;685;0;46.3709088758323;42.34183351989534;4.0290753559369215
0;0;0;0;0.0;0.0;0.0
