#auto generated file!
112;0;0;0;15.142550317981895;11.296441944005919;3.8461083739759805;19.39476190476188;0.0;0;0
112;0;0;0;15.142550317981895;11.296441944005919;3.8461083739759805
0;0;0;0;0.0;0.0;0.0
#auto generated file!
116;0;0;0;13.540224387527505;9.611330685890925;3.9288937016365795;34.02761904761903;0.0;0;0
116;0;0;0;13.540224387527505;9.611330685890925;3.9288937016365795
0;0;0;0;0.0;0.0;0.0
#auto generated file!
163;2;2;0;15.94402542587675;11.886724041302779;4.05730138457396;30.139999999999993;0.0;0;0
163;2;2;0;15.94402542587675;11.886724041302779;4.05730138457396
0;0;0;0;0.0;0.0;0.0
#auto generated file!
89;0;0;0;13.00622602897538;9.026296017375392;3.97993001159999;28.805952380952395;0.0;0;0
89;0;0;0;13.00622602897538;9.026296017375392;3.97993001159999
0;0;0;0;0.0;0.0;0.0
#auto generated file!
141;0;0;0;13.28498609237945;9.307481287447073;3.9775048049323827;19.835;0.0;0;0
141;0;0;0;13.28498609237945;9.307481287447073;3.9775048049323827
0;0;0;0;0.0;0.0;0.0
#auto generated file!
117;2;2;0;12.730943443615303;8.903252449232307;3.827690994382996;32.3457142857143;0.0;0;0
117;2;2;0;12.730943443615303;8.903252449232307;3.827690994382996
0;0;0;0;0.0;0.0;0.0
#auto generated file!
92;0;0;0;12.866116806974144;8.879161479082981;3.986955327891167;23.658095238095218;0.0;0;0
92;0;0;0;12.866116806974144;8.879161479082981;3.986955327891167
0;0;0;0;0.0;0.0;0.0
#auto generated file!
118;0;0;0;15.036368245104397;11.103086954321748;3.9332812907826464;32.693333333333335;0.0;0;0
118;0;0;0;15.036368245104397;11.103086954321748;3.9332812907826464
0;0;0;0;0.0;0.0;0.0
#auto generated file!
191;1;1;0;14.620065007337242;10.66699492663663;3.9530700807006234;14.187619047619044;0.0;0;0
191;1;1;0;14.620065007337242;10.66699492663663;3.9530700807006234
0;0;0;0;0.0;0.0;0.0
#auto generated file!
173;0;0;0;15.876394141229591;11.78725250766931;4.089141633560269;25.02690476190474;0.0;0;0
173;0;0;0;15.876394141229591;11.78725250766931;4.089141633560269
0;0;0;0;0.0;0.0;0.0
