#auto generated file!
4;0;91;0;16.360267216761315;13.08754226467521;3.2727249520861035;123.5107142857143;0.0;0;0
4;0;91;0;0.0;0.0;0.0
0;0;0;0;0.0;0.0;0.0
#auto generated file!
0;0;18;0;0.0;0.0;0.0;115.87190476190477;0.0;0;0
0;0;18;0;0.0;0.0;0.0
0;0;0;0;0.0;0.0;0.0
#auto generated file!
6;0;98;0;11.742385783210608;7.503499141890237;4.238886641320371;114.83880952380952;0.0;0;0
6;0;98;0;0.0;0.0;0.0
0;0;0;0;0.0;0.0;0.0
#auto generated file!
0;0;90;0;0.0;0.0;0.0;80.17976190476182;0.0;0;0
0;0;90;0;0.0;0.0;0.0
0;0;0;0;0.0;0.0;0.0
#auto generated file!
0;0;109;0;0.0;0.0;0.0;84.0942857142858;0.0;0;0
0;0;109;0;0.0;0.0;0.0
0;0;0;0;0.0;0.0;0.0
#auto generated file!
0;0;74;0;0.0;0.0;0.0;68.28285714285711;0.0;0;0
0;0;74;0;0.0;0.0;0.0
0;0;0;0;0.0;0.0;0.0
#auto generated file!
0;0;85;0;0.0;0.0;0.0;83.08809523809529;0.0;0;0
0;0;85;0;0.0;0.0;0.0
0;0;0;0;0.0;0.0;0.0
#auto generated file!
2;0;37;0;8.018585715332819;5.753333333333369;2.2652523819994497;105.2378571428572;0.0;0;0
2;0;37;0;0.0;0.0;0.0
0;0;0;0;0.0;0.0;0.0
#auto generated file!
11;0;87;0;25.84703295565403;21.954360565858956;3.892672389795077;99.50476190476184;0.0;0;0
11;0;87;0;0.0;0.0;0.0
0;0;0;0;0.0;0.0;0.0
#auto generated file!
0;0;97;0;0.0;0.0;0.0;65.84904761904762;0.0;0;0
0;0;97;0;0.0;0.0;0.0
0;0;0;0;0.0;0.0;0.0
