#auto generated file!
60.0;275;0;25
60.599999999999994;276;0;24
61.199999999999996;274;0;26
61.8;279;0;21
62.4;280;0;20
63.0;271;0;29
63.599999999999994;274;0;26
64.2;275;0;25
64.8;273;0;27
65.39999999999999;277;0;23
66.0;282;0;18
66.6;283;0;17
67.2;286;0;14
67.8;277;0;23
68.39999999999999;278;0;22
69.0;279;0;21
69.6;280;0;20
70.2;282;0;18
70.8;284;0;16
71.39999999999999;284;0;16
72.0;279;0;21
72.6;275;0;25
73.2;274;0;26
73.8;276;0;24
74.39999999999999;277;0;23
75.0;280;0;20
75.6;282;0;18
76.2;280;0;20
76.8;281;0;19
77.39999999999999;283;0;17
78.0;279;0;21
78.6;283;0;17
79.2;279;0;21
79.8;271;0;29
80.39999999999999;267;0;33
81.0;275;0;25
81.6;278;0;22
82.2;279;0;21
82.8;279;0;21
83.39999999999999;283;0;17
84.0;286;0;14
84.6;287;0;13
85.2;282;0;18
85.8;280;0;20
86.39999999999999;279;0;21
87.0;271;0;29
87.6;269;0;31
88.2;276;0;24
88.8;276;0;24
89.39999999999999;273;0;27
90.0;278;0;22
90.6;279;0;21
91.2;287;0;13
91.8;289;0;11
92.39999999999999;278;0;22
93.0;274;0;26
93.6;270;0;30
94.2;276;0;24
94.8;279;0;21
95.39999999999999;277;0;23
96.0;282;0;18
96.6;282;0;18
97.2;275;0;25
97.8;275;0;25
98.39999999999999;278;0;22
99.0;274;0;26
99.6;275;0;25
100.2;280;0;20
100.8;276;0;24
101.39999999999999;277;0;23
102.0;279;0;21
102.6;279;0;21
103.2;279;0;21
103.8;272;0;28
104.39999999999999;271;0;29
105.0;270;0;30
105.6;280;0;20
106.2;280;0;20
106.8;272;0;28
107.39999999999999;275;0;25
108.0;280;0;20
108.6;286;0;14
109.2;282;0;18
109.8;284;0;16
110.39999999999999;279;0;21
111.0;280;0;20
111.6;282;0;18
112.2;284;0;16
112.8;277;0;23
113.39999999999999;271;0;29
114.0;277;0;23
114.6;282;0;18
115.19999999999999;286;0;14
115.8;281;0;19
116.39999999999999;278;0;22
117.0;272;0;28
117.6;279;0;21
118.19999999999999;278;0;22
118.8;283;0;17
119.39999999999999;280;0;20
120.0;279;0;21
120.6;272;0;28
121.19999999999999;275;0;25
121.8;274;0;26
122.39999999999999;279;0;21
123.0;280;0;20
123.6;286;0;14
124.19999999999999;277;0;23
124.8;281;0;19
125.39999999999999;276;0;24
126.0;277;0;23
126.6;280;0;20
127.19999999999999;280;0;20
127.8;279;0;21
128.4;278;0;22
129.0;280;0;20
129.6;279;0;21
130.2;269;0;31
130.79999999999998;264;0;36
131.4;276;0;24
132.0;274;0;26
132.6;273;0;27
133.2;278;0;22
133.79999999999998;277;0;23
134.4;278;0;22
135.0;272;0;28
135.6;284;0;16
136.2;278;0;22
136.79999999999998;279;0;21
137.4;278;0;22
138.0;273;0;27
138.6;279;0;21
139.2;281;0;19
139.79999999999998;285;0;15
140.4;284;0;16
141.0;282;0;18
141.6;283;0;17
142.2;277;0;23
142.79999999999998;275;0;25
143.4;277;0;23
144.0;282;0;18
144.6;283;0;17
145.2;278;0;22
145.79999999999998;278;0;22
146.4;272;0;28
147.0;275;0;25
147.6;276;0;24
148.2;277;0;23
148.79999999999998;281;0;19
149.4;277;0;23
150.0;281;0;19
150.6;279;0;21
151.2;280;0;20
151.79999999999998;279;0;21
152.4;280;0;20
153.0;277;0;23
153.6;276;0;24
154.2;281;0;19
154.79999999999998;281;0;19
155.4;280;0;20
156.0;279;0;21
156.6;277;0;23
157.2;267;0;33
157.79999999999998;270;0;30
158.4;278;0;22
159.0;277;0;23
159.6;273;0;27
160.2;275;0;25
160.79999999999998;272;0;28
161.4;272;0;28
162.0;272;0;28
162.6;280;0;20
163.2;286;0;14
163.79999999999998;282;0;18
164.4;287;0;13
165.0;281;0;19
165.6;271;0;29
166.2;266;0;34
166.79999999999998;263;0;37
167.4;269;0;31
168.0;272;0;28
168.6;277;0;23
169.2;276;0;24
169.79999999999998;282;0;18
170.4;279;0;21
171.0;276;0;24
171.6;279;0;21
172.2;283;0;17
172.79999999999998;276;0;24
173.4;275;0;25
174.0;271;0;29
174.6;278;0;22
175.2;278;0;22
175.79999999999998;283;0;17
176.4;275;0;25
177.0;272;0;28
177.6;278;0;22
178.2;277;0;23
178.79999999999998;277;0;23
179.4;276;0;24
180.0;275;0;25
180.6;269;0;31
181.2;266;0;34
181.79999999999998;269;0;31
182.4;273;0;27
183.0;277;0;23
183.6;277;0;23
184.2;271;0;29
184.79999999999998;273;0;27
185.4;275;0;25
186.0;276;0;24
186.6;272;0;28
187.2;270;0;30
187.79999999999998;268;0;32
188.4;269;0;31
189.0;276;0;24
189.6;276;0;24
190.2;277;0;23
190.79999999999998;277;0;23
191.4;277;0;23
192.0;276;0;24
192.6;279;0;21
193.2;277;0;23
193.79999999999998;279;0;21
194.4;279;0;21
195.0;279;0;21
195.6;278;0;22
196.2;281;0;19
196.79999999999998;275;0;25
197.4;278;0;22
198.0;282;0;18
198.6;276;0;24
199.2;275;0;25
199.79999999999998;274;0;26
200.4;269;0;31
201.0;279;0;21
201.6;283;0;17
202.2;280;0;20
202.79999999999998;287;0;13
203.4;284;0;16
204.0;279;0;21
204.6;280;0;20
205.2;283;0;17
205.79999999999998;279;0;21
206.4;274;0;26
207.0;286;0;14
207.6;287;0;13
208.2;280;0;20
208.79999999999998;278;0;22
209.4;284;0;16
210.0;282;0;18
210.6;287;0;13
211.2;281;0;19
211.79999999999998;273;0;27
212.4;274;0;26
213.0;278;0;22
213.6;285;0;15
214.2;283;0;17
214.79999999999998;281;0;19
215.4;277;0;23
216.0;278;0;22
216.6;272;0;28
217.2;276;0;24
217.79999999999998;273;0;27
218.4;277;0;23
219.0;279;0;21
219.6;278;0;22
220.2;280;0;20
220.79999999999998;280;0;20
221.4;278;0;22
222.0;284;0;16
222.6;279;0;21
223.2;279;0;21
223.79999999999998;278;0;22
224.4;281;0;19
225.0;277;0;23
225.6;277;0;23
226.2;278;0;22
226.79999999999998;272;0;28
227.4;276;0;24
228.0;284;0;16
228.6;282;0;18
229.2;275;0;25
229.79999999999998;276;0;24
230.39999999999998;273;0;27
231.0;276;0;24
231.6;278;0;22
232.2;284;0;16
232.79999999999998;277;0;23
233.39999999999998;276;0;24
234.0;281;0;19
234.6;279;0;21
235.2;276;0;24
235.79999999999998;278;0;22
236.39999999999998;279;0;21
237.0;282;0;18
237.6;285;0;15
238.2;286;0;14
238.79999999999998;287;0;13
239.39999999999998;284;0;16
240.0;281;0;19
240.6;274;0;26
241.2;274;0;26
241.79999999999998;276;0;24
242.39999999999998;273;0;27
243.0;280;0;20
243.6;284;0;16
244.2;277;0;23
244.79999999999998;284;0;16
245.39999999999998;281;0;19
246.0;276;0;24
246.6;281;0;19
247.2;284;0;16
247.79999999999998;287;0;13
248.39999999999998;281;0;19
249.0;278;0;22
249.6;270;0;30
250.2;274;0;26
250.79999999999998;279;0;21
251.39999999999998;280;0;20
252.0;278;0;22
252.6;280;0;20
253.2;279;0;21
253.79999999999998;278;0;22
254.39999999999998;286;0;14
255.0;279;0;21
255.6;278;0;22
256.2;285;0;15
256.8;276;0;24
257.4;272;0;28
258.0;268;0;32
258.59999999999997;277;0;23
259.2;279;0;21
259.8;286;0;14
260.4;278;0;22
261.0;273;0;27
261.59999999999997;278;0;22
262.2;284;0;16
262.8;281;0;19
263.4;281;0;19
264.0;273;0;27
264.59999999999997;274;0;26
265.2;275;0;25
265.8;278;0;22
266.4;280;0;20
267.0;279;0;21
267.59999999999997;286;0;14
268.2;287;0;13
268.8;286;0;14
269.4;284;0;16
270.0;282;0;18
270.59999999999997;274;0;26
271.2;278;0;22
271.8;282;0;18
272.4;283;0;17
273.0;276;0;24
273.59999999999997;275;0;25
274.2;282;0;18
274.8;278;0;22
275.4;288;0;12
276.0;293;0;7
276.59999999999997;288;0;12
277.2;280;0;20
277.8;278;0;22
278.4;278;0;22
279.0;280;0;20
279.59999999999997;279;0;21
280.2;282;0;18
280.8;284;0;16
281.4;281;0;19
282.0;289;0;11
282.59999999999997;287;0;13
283.2;285;0;15
283.8;284;0;16
284.4;281;0;19
285.0;282;0;18
285.59999999999997;284;0;16
286.2;283;0;17
286.8;286;0;14
287.4;281;0;19
288.0;283;0;17
288.59999999999997;278;0;22
289.2;277;0;23
289.8;282;0;18
290.4;276;0;24
291.0;284;0;16
291.59999999999997;280;0;20
292.2;280;0;20
292.8;278;0;22
293.4;276;0;24
294.0;282;0;18
294.59999999999997;271;0;29
295.2;263;0;37
295.8;269;0;31
296.4;268;0;32
297.0;275;0;25
297.59999999999997;283;0;17
298.2;276;0;24
298.8;274;0;26
299.4;276;0;24
#auto generated file!
60.0;284;0;16
60.599999999999994;284;0;16
61.199999999999996;280;0;20
61.8;279;0;21
62.4;283;0;17
63.0;280;0;20
63.599999999999994;274;0;26
64.2;278;0;22
64.8;272;0;28
65.39999999999999;268;0;32
66.0;282;0;18
66.6;282;0;18
67.2;275;0;25
67.8;271;0;29
68.39999999999999;279;0;21
69.0;278;0;22
69.6;276;0;24
70.2;272;0;28
70.8;276;0;24
71.39999999999999;273;0;27
72.0;268;0;32
72.6;270;0;30
73.2;275;0;25
73.8;276;0;24
74.39999999999999;270;0;30
75.0;276;0;24
75.6;275;0;25
76.2;281;0;19
76.8;284;0;16
77.39999999999999;283;0;17
78.0;281;0;19
78.6;280;0;20
79.2;278;0;22
79.8;271;0;29
80.39999999999999;270;0;30
81.0;269;0;31
81.6;282;0;18
82.2;280;0;20
82.8;283;0;17
83.39999999999999;276;0;24
84.0;276;0;24
84.6;279;0;21
85.2;282;0;18
85.8;282;0;18
86.39999999999999;279;0;21
87.0;277;0;23
87.6;275;0;25
88.2;280;0;20
88.8;281;0;19
89.39999999999999;279;0;21
90.0;283;0;17
90.6;281;0;19
91.2;278;0;22
91.8;274;0;26
92.39999999999999;276;0;24
93.0;272;0;28
93.6;273;0;27
94.2;274;0;26
94.8;277;0;23
95.39999999999999;281;0;19
96.0;282;0;18
96.6;280;0;20
97.2;280;0;20
97.8;281;0;19
98.39999999999999;284;0;16
99.0;285;0;15
99.6;289;0;11
100.2;287;0;13
100.8;287;0;13
101.39999999999999;285;0;15
102.0;278;0;22
102.6;269;0;31
103.2;275;0;25
103.8;272;0;28
104.39999999999999;275;0;25
105.0;278;0;22
105.6;276;0;24
106.2;277;0;23
106.8;281;0;19
107.39999999999999;278;0;22
108.0;276;0;24
108.6;281;0;19
109.2;279;0;21
109.8;280;0;20
110.39999999999999;281;0;19
111.0;286;0;14
111.6;284;0;16
112.2;284;0;16
112.8;283;0;17
113.39999999999999;283;0;17
114.0;282;0;18
114.6;277;0;23
115.19999999999999;274;0;26
115.8;271;0;29
116.39999999999999;268;0;32
117.0;277;0;23
117.6;279;0;21
118.19999999999999;280;0;20
118.8;284;0;16
119.39999999999999;284;0;16
120.0;281;0;19
120.6;279;0;21
121.19999999999999;277;0;23
121.8;284;0;16
122.39999999999999;282;0;18
123.0;276;0;24
123.6;277;0;23
124.19999999999999;276;0;24
124.8;271;0;29
125.39999999999999;280;0;20
126.0;284;0;16
126.6;281;0;19
127.19999999999999;282;0;18
127.8;284;0;16
128.4;282;0;18
129.0;288;0;12
129.6;286;0;14
130.2;282;0;18
130.79999999999998;279;0;21
131.4;276;0;24
132.0;283;0;17
132.6;281;0;19
133.2;279;0;21
133.79999999999998;277;0;23
134.4;275;0;25
135.0;273;0;27
135.6;275;0;25
136.2;278;0;22
136.79999999999998;285;0;15
137.4;281;0;19
138.0;282;0;18
138.6;283;0;17
139.2;282;0;18
139.79999999999998;275;0;25
140.4;276;0;24
141.0;281;0;19
141.6;281;0;19
142.2;273;0;27
142.79999999999998;279;0;21
143.4;275;0;25
144.0;285;0;15
144.6;279;0;21
145.2;280;0;20
145.79999999999998;283;0;17
146.4;280;0;20
147.0;283;0;17
147.6;274;0;26
148.2;278;0;22
148.79999999999998;278;0;22
149.4;279;0;21
150.0;283;0;17
150.6;286;0;14
151.2;282;0;18
151.79999999999998;279;0;21
152.4;279;0;21
153.0;277;0;23
153.6;273;0;27
154.2;274;0;26
154.79999999999998;279;0;21
155.4;277;0;23
156.0;273;0;27
156.6;279;0;21
157.2;281;0;19
157.79999999999998;280;0;20
158.4;285;0;15
159.0;274;0;26
159.6;277;0;23
160.2;281;0;19
160.79999999999998;280;0;20
161.4;275;0;25
162.0;278;0;22
162.6;268;0;32
163.2;263;0;37
163.79999999999998;276;0;24
164.4;276;0;24
165.0;281;0;19
165.6;275;0;25
166.2;278;0;22
166.79999999999998;274;0;26
167.4;279;0;21
168.0;274;0;26
168.6;271;0;29
169.2;275;0;25
169.79999999999998;279;0;21
170.4;277;0;23
171.0;274;0;26
171.6;275;0;25
172.2;270;0;30
172.79999999999998;268;0;32
173.4;271;0;29
174.0;273;0;27
174.6;279;0;21
175.2;277;0;23
175.79999999999998;280;0;20
176.4;276;0;24
177.0;268;0;32
177.6;270;0;30
178.2;279;0;21
178.79999999999998;279;0;21
179.4;278;0;22
180.0;278;0;22
180.6;276;0;24
181.2;272;0;28
181.79999999999998;272;0;28
182.4;273;0;27
183.0;271;0;29
183.6;268;0;32
184.2;274;0;26
184.79999999999998;282;0;18
185.4;278;0;22
186.0;272;0;28
186.6;275;0;25
187.2;287;0;13
187.79999999999998;286;0;14
188.4;280;0;20
189.0;282;0;18
189.6;282;0;18
190.2;280;0;20
190.79999999999998;276;0;24
191.4;275;0;25
192.0;274;0;26
192.6;276;0;24
193.2;275;0;25
193.79999999999998;279;0;21
194.4;284;0;16
195.0;280;0;20
195.6;279;0;21
196.2;283;0;17
196.79999999999998;274;0;26
197.4;268;0;32
198.0;269;0;31
198.6;273;0;27
199.2;272;0;28
199.79999999999998;278;0;22
200.4;275;0;25
201.0;280;0;20
201.6;271;0;29
202.2;271;0;29
202.79999999999998;272;0;28
203.4;267;0;33
204.0;271;0;29
204.6;269;0;31
205.2;272;0;28
205.79999999999998;271;0;29
206.4;280;0;20
207.0;280;0;20
207.6;280;0;20
208.2;284;0;16
208.79999999999998;285;0;15
209.4;284;0;16
210.0;285;0;15
210.6;285;0;15
211.2;283;0;17
211.79999999999998;278;0;22
212.4;284;0;16
213.0;280;0;20
213.6;278;0;22
214.2;274;0;26
214.79999999999998;278;0;22
215.4;285;0;15
216.0;282;0;18
216.6;282;0;18
217.2;285;0;15
217.79999999999998;285;0;15
218.4;290;0;10
219.0;281;0;19
219.6;282;0;18
220.2;281;0;19
220.79999999999998;280;0;20
221.4;284;0;16
222.0;280;0;20
222.6;283;0;17
223.2;283;0;17
223.79999999999998;283;0;17
224.4;278;0;22
225.0;273;0;27
225.6;272;0;28
226.2;269;0;31
226.79999999999998;282;0;18
227.4;283;0;17
228.0;286;0;14
228.6;284;0;16
229.2;278;0;22
229.79999999999998;279;0;21
230.39999999999998;276;0;24
231.0;270;0;30
231.6;269;0;31
232.2;275;0;25
232.79999999999998;272;0;28
233.39999999999998;273;0;27
234.0;271;0;29
234.6;274;0;26
235.2;279;0;21
235.79999999999998;279;0;21
236.39999999999998;281;0;19
237.0;283;0;17
237.6;279;0;21
238.2;279;0;21
238.79999999999998;275;0;25
239.39999999999998;279;0;21
240.0;276;0;24
240.6;275;0;25
241.2;268;0;32
241.79999999999998;271;0;29
242.39999999999998;273;0;27
243.0;272;0;28
243.6;274;0;26
244.2;273;0;27
244.79999999999998;274;0;26
245.39999999999998;272;0;28
246.0;275;0;25
246.6;272;0;28
247.2;278;0;22
247.79999999999998;277;0;23
248.39999999999998;278;0;22
249.0;281;0;19
249.6;281;0;19
250.2;271;0;29
250.79999999999998;281;0;19
251.39999999999998;283;0;17
252.0;284;0;16
252.6;277;0;23
253.2;283;0;17
253.79999999999998;283;0;17
254.39999999999998;284;0;16
255.0;283;0;17
255.6;282;0;18
256.2;273;0;27
256.8;280;0;20
257.4;277;0;23
258.0;280;0;20
258.59999999999997;279;0;21
259.2;279;0;21
259.8;277;0;23
260.4;284;0;16
261.0;279;0;21
261.59999999999997;276;0;24
262.2;282;0;18
262.8;276;0;24
263.4;285;0;15
264.0;285;0;15
264.59999999999997;280;0;20
265.2;280;0;20
265.8;287;0;13
266.4;279;0;21
267.0;282;0;18
267.59999999999997;280;0;20
268.2;282;0;18
268.8;283;0;17
269.4;286;0;14
270.0;286;0;14
270.59999999999997;284;0;16
271.2;284;0;16
271.8;279;0;21
272.4;277;0;23
273.0;272;0;28
273.59999999999997;277;0;23
274.2;275;0;25
274.8;278;0;22
275.4;274;0;26
276.0;280;0;20
276.59999999999997;274;0;26
277.2;272;0;28
277.8;280;0;20
278.4;277;0;23
279.0;274;0;26
279.59999999999997;274;0;26
280.2;270;0;30
280.8;270;0;30
281.4;268;0;32
282.0;272;0;28
282.59999999999997;278;0;22
283.2;265;0;35
283.8;275;0;25
284.4;275;0;25
285.0;279;0;21
285.59999999999997;284;0;16
286.2;284;0;16
286.8;285;0;15
287.4;282;0;18
288.0;266;0;34
288.59999999999997;266;0;34
289.2;271;0;29
289.8;277;0;23
290.4;276;0;24
291.0;279;0;21
291.59999999999997;277;0;23
292.2;281;0;19
292.8;279;0;21
293.4;274;0;26
294.0;280;0;20
294.59999999999997;281;0;19
295.2;281;0;19
295.8;281;0;19
296.4;279;0;21
297.0;280;0;20
297.59999999999997;282;0;18
298.2;284;0;16
298.8;285;0;15
299.4;282;0;18
#auto generated file!
60.0;279;0;21
60.599999999999994;276;0;24
61.199999999999996;276;0;24
61.8;276;0;24
62.4;277;0;23
63.0;276;0;24
63.599999999999994;279;0;21
64.2;279;0;21
64.8;274;0;26
65.39999999999999;271;0;29
66.0;277;0;23
66.6;273;0;27
67.2;277;0;23
67.8;275;0;25
68.39999999999999;275;0;25
69.0;278;0;22
69.6;272;0;28
70.2;278;0;22
70.8;278;0;22
71.39999999999999;275;0;25
72.0;280;0;20
72.6;278;0;22
73.2;276;0;24
73.8;277;0;23
74.39999999999999;275;0;25
75.0;285;0;15
75.6;284;0;16
76.2;280;0;20
76.8;279;0;21
77.39999999999999;280;0;20
78.0;277;0;23
78.6;276;0;24
79.2;274;0;26
79.8;279;0;21
80.39999999999999;285;0;15
81.0;285;0;15
81.6;277;0;23
82.2;275;0;25
82.8;278;0;22
83.39999999999999;278;0;22
84.0;274;0;26
84.6;277;0;23
85.2;277;0;23
85.8;274;0;26
86.39999999999999;278;0;22
87.0;280;0;20
87.6;279;0;21
88.2;280;0;20
88.8;282;0;18
89.39999999999999;283;0;17
90.0;284;0;16
90.6;281;0;19
91.2;281;0;19
91.8;276;0;24
92.39999999999999;281;0;19
93.0;283;0;17
93.6;281;0;19
94.2;281;0;19
94.8;278;0;22
95.39999999999999;276;0;24
96.0;283;0;17
96.6;287;0;13
97.2;284;0;16
97.8;285;0;15
98.39999999999999;288;0;12
99.0;286;0;14
99.6;279;0;21
100.2;279;0;21
100.8;275;0;25
101.39999999999999;276;0;24
102.0;280;0;20
102.6;275;0;25
103.2;277;0;23
103.8;281;0;19
104.39999999999999;277;0;23
105.0;277;0;23
105.6;284;0;16
106.2;280;0;20
106.8;280;0;20
107.39999999999999;278;0;22
108.0;276;0;24
108.6;278;0;22
109.2;275;0;25
109.8;272;0;28
110.39999999999999;271;0;29
111.0;276;0;24
111.6;278;0;22
112.2;279;0;21
112.8;281;0;19
113.39999999999999;280;0;20
114.0;280;0;20
114.6;283;0;17
115.19999999999999;279;0;21
115.8;281;0;19
116.39999999999999;276;0;24
117.0;282;0;18
117.6;279;0;21
118.19999999999999;280;0;20
118.8;284;0;16
119.39999999999999;285;0;15
120.0;284;0;16
120.6;282;0;18
121.19999999999999;286;0;14
121.8;283;0;17
122.39999999999999;283;0;17
123.0;280;0;20
123.6;278;0;22
124.19999999999999;277;0;23
124.8;276;0;24
125.39999999999999;277;0;23
126.0;279;0;21
126.6;277;0;23
127.19999999999999;276;0;24
127.8;275;0;25
128.4;273;0;27
129.0;274;0;26
129.6;276;0;24
130.2;280;0;20
130.79999999999998;279;0;21
131.4;276;0;24
132.0;279;0;21
132.6;275;0;25
133.2;274;0;26
133.79999999999998;270;0;30
134.4;280;0;20
135.0;278;0;22
135.6;279;0;21
136.2;278;0;22
136.79999999999998;282;0;18
137.4;270;0;30
138.0;273;0;27
138.6;275;0;25
139.2;278;0;22
139.79999999999998;278;0;22
140.4;278;0;22
141.0;279;0;21
141.6;277;0;23
142.2;286;0;14
142.79999999999998;282;0;18
143.4;282;0;18
144.0;279;0;21
144.6;278;0;22
145.2;282;0;18
145.79999999999998;276;0;24
146.4;272;0;28
147.0;280;0;20
147.6;282;0;18
148.2;275;0;25
148.79999999999998;270;0;30
149.4;275;0;25
150.0;274;0;26
150.6;276;0;24
151.2;276;0;24
151.79999999999998;278;0;22
152.4;271;0;29
153.0;269;0;31
153.6;277;0;23
154.2;280;0;20
154.79999999999998;278;0;22
155.4;274;0;26
156.0;275;0;25
156.6;278;0;22
157.2;276;0;24
157.79999999999998;274;0;26
158.4;271;0;29
159.0;265;0;35
159.6;273;0;27
160.2;277;0;23
160.79999999999998;278;0;22
161.4;282;0;18
162.0;280;0;20
162.6;279;0;21
163.2;267;0;33
163.79999999999998;266;0;34
164.4;273;0;27
165.0;275;0;25
165.6;281;0;19
166.2;278;0;22
166.79999999999998;276;0;24
167.4;284;0;16
168.0;276;0;24
168.6;273;0;27
169.2;287;0;13
169.79999999999998;288;0;12
170.4;284;0;16
171.0;289;0;11
171.6;285;0;15
172.2;282;0;18
172.79999999999998;279;0;21
173.4;280;0;20
174.0;284;0;16
174.6;282;0;18
175.2;278;0;22
175.79999999999998;277;0;23
176.4;281;0;19
177.0;277;0;23
177.6;279;0;21
178.2;276;0;24
178.79999999999998;282;0;18
179.4;276;0;24
180.0;276;0;24
180.6;272;0;28
181.2;277;0;23
181.79999999999998;274;0;26
182.4;276;0;24
183.0;277;0;23
183.6;279;0;21
184.2;279;0;21
184.79999999999998;279;0;21
185.4;279;0;21
186.0;282;0;18
186.6;283;0;17
187.2;279;0;21
187.79999999999998;284;0;16
188.4;279;0;21
189.0;274;0;26
189.6;286;0;14
190.2;285;0;15
190.79999999999998;284;0;16
191.4;286;0;14
192.0;279;0;21
192.6;282;0;18
193.2;283;0;17
193.79999999999998;279;0;21
194.4;274;0;26
195.0;275;0;25
195.6;278;0;22
196.2;281;0;19
196.79999999999998;277;0;23
197.4;279;0;21
198.0;279;0;21
198.6;274;0;26
199.2;274;0;26
199.79999999999998;276;0;24
200.4;271;0;29
201.0;271;0;29
201.6;270;0;30
202.2;274;0;26
202.79999999999998;277;0;23
203.4;284;0;16
204.0;283;0;17
204.6;285;0;15
205.2;275;0;25
205.79999999999998;280;0;20
206.4;273;0;27
207.0;273;0;27
207.6;271;0;29
208.2;278;0;22
208.79999999999998;278;0;22
209.4;281;0;19
210.0;282;0;18
210.6;280;0;20
211.2;283;0;17
211.79999999999998;278;0;22
212.4;276;0;24
213.0;276;0;24
213.6;281;0;19
214.2;277;0;23
214.79999999999998;278;0;22
215.4;280;0;20
216.0;282;0;18
216.6;274;0;26
217.2;278;0;22
217.79999999999998;280;0;20
218.4;284;0;16
219.0;280;0;20
219.6;275;0;25
220.2;284;0;16
220.79999999999998;278;0;22
221.4;279;0;21
222.0;282;0;18
222.6;280;0;20
223.2;273;0;27
223.79999999999998;271;0;29
224.4;274;0;26
225.0;275;0;25
225.6;273;0;27
226.2;269;0;31
226.79999999999998;276;0;24
227.4;283;0;17
228.0;273;0;27
228.6;279;0;21
229.2;281;0;19
229.79999999999998;282;0;18
230.39999999999998;275;0;25
231.0;280;0;20
231.6;274;0;26
232.2;275;0;25
232.79999999999998;276;0;24
233.39999999999998;273;0;27
234.0;277;0;23
234.6;277;0;23
235.2;280;0;20
235.79999999999998;268;0;32
236.39999999999998;274;0;26
237.0;277;0;23
237.6;274;0;26
238.2;280;0;20
238.79999999999998;276;0;24
239.39999999999998;284;0;16
240.0;281;0;19
240.6;279;0;21
241.2;278;0;22
241.79999999999998;274;0;26
242.39999999999998;278;0;22
243.0;278;0;22
243.6;279;0;21
244.2;283;0;17
244.79999999999998;280;0;20
245.39999999999998;276;0;24
246.0;275;0;25
246.6;274;0;26
247.2;271;0;29
247.79999999999998;273;0;27
248.39999999999998;277;0;23
249.0;277;0;23
249.6;277;0;23
250.2;275;0;25
250.79999999999998;278;0;22
251.39999999999998;281;0;19
252.0;278;0;22
252.6;274;0;26
253.2;274;0;26
253.79999999999998;275;0;25
254.39999999999998;272;0;28
255.0;269;0;31
255.6;276;0;24
256.2;272;0;28
256.8;277;0;23
257.4;287;0;13
258.0;280;0;20
258.59999999999997;282;0;18
259.2;276;0;24
259.8;278;0;22
260.4;280;0;20
261.0;283;0;17
261.59999999999997;283;0;17
262.2;282;0;18
262.8;279;0;21
263.4;281;0;19
264.0;279;0;21
264.59999999999997;282;0;18
265.2;280;0;20
265.8;281;0;19
266.4;285;0;15
267.0;280;0;20
267.59999999999997;278;0;22
268.2;284;0;16
268.8;279;0;21
269.4;278;0;22
270.0;274;0;26
270.59999999999997;273;0;27
271.2;280;0;20
271.8;283;0;17
272.4;280;0;20
273.0;275;0;25
273.59999999999997;282;0;18
274.2;285;0;15
274.8;282;0;18
275.4;279;0;21
276.0;282;0;18
276.59999999999997;286;0;14
277.2;283;0;17
277.8;278;0;22
278.4;280;0;20
279.0;278;0;22
279.59999999999997;279;0;21
280.2;283;0;17
280.8;286;0;14
281.4;279;0;21
282.0;281;0;19
282.59999999999997;280;0;20
283.2;277;0;23
283.8;277;0;23
284.4;269;0;31
285.0;277;0;23
285.59999999999997;273;0;27
286.2;276;0;24
286.8;281;0;19
287.4;281;0;19
288.0;281;0;19
288.59999999999997;278;0;22
289.2;284;0;16
289.8;285;0;15
290.4;283;0;17
291.0;279;0;21
291.59999999999997;274;0;26
292.2;279;0;21
292.8;279;0;21
293.4;282;0;18
294.0;281;0;19
294.59999999999997;275;0;25
295.2;277;0;23
295.8;276;0;24
296.4;270;0;30
297.0;273;0;27
297.59999999999997;272;0;28
298.2;274;0;26
298.8;280;0;20
299.4;274;0;26
#auto generated file!
60.0;277;0;23
60.599999999999994;274;0;26
61.199999999999996;279;0;21
61.8;279;0;21
62.4;280;0;20
63.0;277;0;23
63.599999999999994;276;0;24
64.2;273;0;27
64.8;277;0;23
65.39999999999999;283;0;17
66.0;279;0;21
66.6;284;0;16
67.2;284;0;16
67.8;277;0;23
68.39999999999999;282;0;18
69.0;281;0;19
69.6;284;0;16
70.2;289;0;11
70.8;288;0;12
71.39999999999999;280;0;20
72.0;286;0;14
72.6;283;0;17
73.2;276;0;24
73.8;274;0;26
74.39999999999999;273;0;27
75.0;281;0;19
75.6;273;0;27
76.2;276;0;24
76.8;282;0;18
77.39999999999999;289;0;11
78.0;288;0;12
78.6;287;0;13
79.2;281;0;19
79.8;277;0;23
80.39999999999999;272;0;28
81.0;282;0;18
81.6;280;0;20
82.2;280;0;20
82.8;272;0;28
83.39999999999999;277;0;23
84.0;280;0;20
84.6;275;0;25
85.2;273;0;27
85.8;284;0;16
86.39999999999999;285;0;15
87.0;280;0;20
87.6;281;0;19
88.2;276;0;24
88.8;275;0;25
89.39999999999999;274;0;26
90.0;265;0;35
90.6;267;0;33
91.2;275;0;25
91.8;275;0;25
92.39999999999999;279;0;21
93.0;276;0;24
93.6;274;0;26
94.2;276;0;24
94.8;271;0;29
95.39999999999999;272;0;28
96.0;274;0;26
96.6;273;0;27
97.2;272;0;28
97.8;283;0;17
98.39999999999999;282;0;18
99.0;285;0;15
99.6;283;0;17
100.2;281;0;19
100.8;284;0;16
101.39999999999999;280;0;20
102.0;286;0;14
102.6;285;0;15
103.2;284;0;16
103.8;281;0;19
104.39999999999999;274;0;26
105.0;282;0;18
105.6;271;0;29
106.2;276;0;24
106.8;277;0;23
107.39999999999999;274;0;26
108.0;266;0;34
108.6;272;0;28
109.2;274;0;26
109.8;281;0;19
110.39999999999999;276;0;24
111.0;281;0;19
111.6;280;0;20
112.2;280;0;20
112.8;283;0;17
113.39999999999999;286;0;14
114.0;283;0;17
114.6;286;0;14
115.19999999999999;290;0;10
115.8;280;0;20
116.39999999999999;277;0;23
117.0;274;0;26
117.6;280;0;20
118.19999999999999;281;0;19
118.8;280;0;20
119.39999999999999;279;0;21
120.0;281;0;19
120.6;274;0;26
121.19999999999999;280;0;20
121.8;275;0;25
122.39999999999999;279;0;21
123.0;278;0;22
123.6;276;0;24
124.19999999999999;279;0;21
124.8;272;0;28
125.39999999999999;271;0;29
126.0;272;0;28
126.6;277;0;23
127.19999999999999;281;0;19
127.8;284;0;16
128.4;279;0;21
129.0;285;0;15
129.6;284;0;16
130.2;281;0;19
130.79999999999998;276;0;24
131.4;276;0;24
132.0;277;0;23
132.6;274;0;26
133.2;274;0;26
133.79999999999998;278;0;22
134.4;283;0;17
135.0;280;0;20
135.6;281;0;19
136.2;283;0;17
136.79999999999998;276;0;24
137.4;282;0;18
138.0;277;0;23
138.6;282;0;18
139.2;281;0;19
139.79999999999998;280;0;20
140.4;284;0;16
141.0;282;0;18
141.6;283;0;17
142.2;281;0;19
142.79999999999998;283;0;17
143.4;286;0;14
144.0;283;0;17
144.6;280;0;20
145.2;283;0;17
145.79999999999998;282;0;18
146.4;279;0;21
147.0;286;0;14
147.6;289;0;11
148.2;283;0;17
148.79999999999998;283;0;17
149.4;273;0;27
150.0;280;0;20
150.6;278;0;22
151.2;286;0;14
151.79999999999998;284;0;16
152.4;286;0;14
153.0;271;0;29
153.6;285;0;15
154.2;284;0;16
154.79999999999998;285;0;15
155.4;286;0;14
156.0;279;0;21
156.6;281;0;19
157.2;281;0;19
157.79999999999998;281;0;19
158.4;281;0;19
159.0;282;0;18
159.6;286;0;14
160.2;282;0;18
160.79999999999998;287;0;13
161.4;288;0;12
162.0;282;0;18
162.6;282;0;18
163.2;284;0;16
163.79999999999998;282;0;18
164.4;280;0;20
165.0;278;0;22
165.6;277;0;23
166.2;268;0;32
166.79999999999998;264;0;36
167.4;273;0;27
168.0;278;0;22
168.6;276;0;24
169.2;278;0;22
169.79999999999998;279;0;21
170.4;278;0;22
171.0;280;0;20
171.6;285;0;15
172.2;283;0;17
172.79999999999998;280;0;20
173.4;285;0;15
174.0;287;0;13
174.6;289;0;11
175.2;282;0;18
175.79999999999998;278;0;22
176.4;272;0;28
177.0;276;0;24
177.6;277;0;23
178.2;279;0;21
178.79999999999998;280;0;20
179.4;282;0;18
180.0;283;0;17
180.6;277;0;23
181.2;280;0;20
181.79999999999998;271;0;29
182.4;279;0;21
183.0;278;0;22
183.6;270;0;30
184.2;272;0;28
184.79999999999998;274;0;26
185.4;274;0;26
186.0;269;0;31
186.6;273;0;27
187.2;269;0;31
187.79999999999998;281;0;19
188.4;276;0;24
189.0;274;0;26
189.6;269;0;31
190.2;270;0;30
190.79999999999998;284;0;16
191.4;285;0;15
192.0;278;0;22
192.6;272;0;28
193.2;276;0;24
193.79999999999998;268;0;32
194.4;273;0;27
195.0;275;0;25
195.6;277;0;23
196.2;273;0;27
196.79999999999998;271;0;29
197.4;274;0;26
198.0;275;0;25
198.6;275;0;25
199.2;275;0;25
199.79999999999998;275;0;25
200.4;277;0;23
201.0;287;0;13
201.6;283;0;17
202.2;280;0;20
202.79999999999998;287;0;13
203.4;285;0;15
204.0;281;0;19
204.6;274;0;26
205.2;267;0;33
205.79999999999998;275;0;25
206.4;276;0;24
207.0;273;0;27
207.6;274;0;26
208.2;277;0;23
208.79999999999998;275;0;25
209.4;279;0;21
210.0;278;0;22
210.6;272;0;28
211.2;271;0;29
211.79999999999998;275;0;25
212.4;276;0;24
213.0;277;0;23
213.6;280;0;20
214.2;284;0;16
214.79999999999998;285;0;15
215.4;275;0;25
216.0;278;0;22
216.6;279;0;21
217.2;275;0;25
217.79999999999998;275;0;25
218.4;281;0;19
219.0;276;0;24
219.6;276;0;24
220.2;279;0;21
220.79999999999998;286;0;14
221.4;276;0;24
222.0;279;0;21
222.6;281;0;19
223.2;283;0;17
223.79999999999998;281;0;19
224.4;283;0;17
225.0;271;0;29
225.6;263;0;37
226.2;278;0;22
226.79999999999998;272;0;28
227.4;266;0;34
228.0;268;0;32
228.6;272;0;28
229.2;272;0;28
229.79999999999998;275;0;25
230.39999999999998;276;0;24
231.0;271;0;29
231.6;272;0;28
232.2;279;0;21
232.79999999999998;286;0;14
233.39999999999998;284;0;16
234.0;276;0;24
234.6;276;0;24
235.2;275;0;25
235.79999999999998;278;0;22
236.39999999999998;279;0;21
237.0;279;0;21
237.6;284;0;16
238.2;279;0;21
238.79999999999998;278;0;22
239.39999999999998;271;0;29
240.0;266;0;34
240.6;276;0;24
241.2;279;0;21
241.79999999999998;275;0;25
242.39999999999998;279;0;21
243.0;283;0;17
243.6;279;0;21
244.2;282;0;18
244.79999999999998;280;0;20
245.39999999999998;284;0;16
246.0;279;0;21
246.6;276;0;24
247.2;271;0;29
247.79999999999998;270;0;30
248.39999999999998;272;0;28
249.0;274;0;26
249.6;274;0;26
250.2;280;0;20
250.79999999999998;281;0;19
251.39999999999998;276;0;24
252.0;270;0;30
252.6;271;0;29
253.2;267;0;33
253.79999999999998;270;0;30
254.39999999999998;279;0;21
255.0;276;0;24
255.6;283;0;17
256.2;282;0;18
256.8;278;0;22
257.4;271;0;29
258.0;279;0;21
258.59999999999997;276;0;24
259.2;272;0;28
259.8;273;0;27
260.4;276;0;24
261.0;275;0;25
261.59999999999997;281;0;19
262.2;281;0;19
262.8;284;0;16
263.4;280;0;20
264.0;281;0;19
264.59999999999997;284;0;16
265.2;283;0;17
265.8;278;0;22
266.4;283;0;17
267.0;278;0;22
267.59999999999997;276;0;24
268.2;276;0;24
268.8;272;0;28
269.4;279;0;21
270.0;270;0;30
270.59999999999997;273;0;27
271.2;282;0;18
271.8;283;0;17
272.4;285;0;15
273.0;275;0;25
273.59999999999997;271;0;29
274.2;281;0;19
274.8;280;0;20
275.4;287;0;13
276.0;284;0;16
276.59999999999997;279;0;21
277.2;281;0;19
277.8;283;0;17
278.4;287;0;13
279.0;272;0;28
279.59999999999997;277;0;23
280.2;277;0;23
280.8;277;0;23
281.4;280;0;20
282.0;283;0;17
282.59999999999997;284;0;16
283.2;284;0;16
283.8;278;0;22
284.4;282;0;18
285.0;280;0;20
285.59999999999997;284;0;16
286.2;283;0;17
286.8;280;0;20
287.4;282;0;18
288.0;283;0;17
288.59999999999997;284;0;16
289.2;281;0;19
289.8;278;0;22
290.4;278;0;22
291.0;277;0;23
291.59999999999997;273;0;27
292.2;281;0;19
292.8;279;0;21
293.4;278;0;22
294.0;282;0;18
294.59999999999997;287;0;13
295.2;286;0;14
295.8;277;0;23
296.4;279;0;21
297.0;274;0;26
297.59999999999997;274;0;26
298.2;273;0;27
298.8;277;0;23
299.4;280;0;20
#auto generated file!
60.0;283;0;17
60.599999999999994;281;0;19
61.199999999999996;281;0;19
61.8;280;0;20
62.4;282;0;18
63.0;282;0;18
63.599999999999994;284;0;16
64.2;285;0;15
64.8;282;0;18
65.39999999999999;277;0;23
66.0;272;0;28
66.6;270;0;30
67.2;276;0;24
67.8;275;0;25
68.39999999999999;273;0;27
69.0;281;0;19
69.6;276;0;24
70.2;277;0;23
70.8;273;0;27
71.39999999999999;280;0;20
72.0;285;0;15
72.6;282;0;18
73.2;281;0;19
73.8;280;0;20
74.39999999999999;276;0;24
75.0;277;0;23
75.6;277;0;23
76.2;272;0;28
76.8;273;0;27
77.39999999999999;278;0;22
78.0;281;0;19
78.6;280;0;20
79.2;280;0;20
79.8;277;0;23
80.39999999999999;274;0;26
81.0;281;0;19
81.6;278;0;22
82.2;280;0;20
82.8;274;0;26
83.39999999999999;276;0;24
84.0;277;0;23
84.6;281;0;19
85.2;276;0;24
85.8;279;0;21
86.39999999999999;280;0;20
87.0;275;0;25
87.6;279;0;21
88.2;276;0;24
88.8;284;0;16
89.39999999999999;278;0;22
90.0;287;0;13
90.6;289;0;11
91.2;289;0;11
91.8;292;0;8
92.39999999999999;284;0;16
93.0;282;0;18
93.6;280;0;20
94.2;284;0;16
94.8;281;0;19
95.39999999999999;280;0;20
96.0;278;0;22
96.6;278;0;22
97.2;284;0;16
97.8;284;0;16
98.39999999999999;286;0;14
99.0;288;0;12
99.6;282;0;18
100.2;281;0;19
100.8;285;0;15
101.39999999999999;284;0;16
102.0;284;0;16
102.6;280;0;20
103.2;287;0;13
103.8;282;0;18
104.39999999999999;279;0;21
105.0;280;0;20
105.6;277;0;23
106.2;277;0;23
106.8;281;0;19
107.39999999999999;288;0;12
108.0;280;0;20
108.6;279;0;21
109.2;276;0;24
109.8;285;0;15
110.39999999999999;285;0;15
111.0;286;0;14
111.6;286;0;14
112.2;285;0;15
112.8;274;0;26
113.39999999999999;278;0;22
114.0;276;0;24
114.6;278;0;22
115.19999999999999;275;0;25
115.8;269;0;31
116.39999999999999;270;0;30
117.0;274;0;26
117.6;281;0;19
118.19999999999999;275;0;25
118.8;275;0;25
119.39999999999999;280;0;20
120.0;277;0;23
120.6;274;0;26
121.19999999999999;275;0;25
121.8;273;0;27
122.39999999999999;270;0;30
123.0;274;0;26
123.6;283;0;17
124.19999999999999;278;0;22
124.8;273;0;27
125.39999999999999;268;0;32
126.0;273;0;27
126.6;279;0;21
127.19999999999999;279;0;21
127.8;283;0;17
128.4;284;0;16
129.0;282;0;18
129.6;273;0;27
130.2;279;0;21
130.79999999999998;276;0;24
131.4;276;0;24
132.0;275;0;25
132.6;275;0;25
133.2;279;0;21
133.79999999999998;276;0;24
134.4;282;0;18
135.0;283;0;17
135.6;282;0;18
136.2;277;0;23
136.79999999999998;279;0;21
137.4;273;0;27
138.0;276;0;24
138.6;276;0;24
139.2;281;0;19
139.79999999999998;287;0;13
140.4;288;0;12
141.0;287;0;13
141.6;285;0;15
142.2;286;0;14
142.79999999999998;280;0;20
143.4;280;0;20
144.0;282;0;18
144.6;284;0;16
145.2;281;0;19
145.79999999999998;284;0;16
146.4;286;0;14
147.0;281;0;19
147.6;283;0;17
148.2;277;0;23
148.79999999999998;280;0;20
149.4;287;0;13
150.0;284;0;16
150.6;283;0;17
151.2;283;0;17
151.79999999999998;280;0;20
152.4;285;0;15
153.0;275;0;25
153.6;277;0;23
154.2;274;0;26
154.79999999999998;277;0;23
155.4;273;0;27
156.0;278;0;22
156.6;274;0;26
157.2;281;0;19
157.79999999999998;279;0;21
158.4;282;0;18
159.0;283;0;17
159.6;284;0;16
160.2;277;0;23
160.79999999999998;279;0;21
161.4;280;0;20
162.0;276;0;24
162.6;271;0;29
163.2;273;0;27
163.79999999999998;273;0;27
164.4;274;0;26
165.0;275;0;25
165.6;270;0;30
166.2;281;0;19
166.79999999999998;277;0;23
167.4;273;0;27
168.0;276;0;24
168.6;273;0;27
169.2;273;0;27
169.79999999999998;277;0;23
170.4;280;0;20
171.0;276;0;24
171.6;277;0;23
172.2;284;0;16
172.79999999999998;285;0;15
173.4;281;0;19
174.0;283;0;17
174.6;283;0;17
175.2;281;0;19
175.79999999999998;280;0;20
176.4;274;0;26
177.0;268;0;32
177.6;275;0;25
178.2;270;0;30
178.79999999999998;277;0;23
179.4;279;0;21
180.0;278;0;22
180.6;282;0;18
181.2;287;0;13
181.79999999999998;282;0;18
182.4;275;0;25
183.0;275;0;25
183.6;273;0;27
184.2;269;0;31
184.79999999999998;269;0;31
185.4;279;0;21
186.0;285;0;15
186.6;281;0;19
187.2;282;0;18
187.79999999999998;280;0;20
188.4;284;0;16
189.0;273;0;27
189.6;275;0;25
190.2;281;0;19
190.79999999999998;284;0;16
191.4;282;0;18
192.0;281;0;19
192.6;279;0;21
193.2;285;0;15
193.79999999999998;278;0;22
194.4;277;0;23
195.0;273;0;27
195.6;272;0;28
196.2;286;0;14
196.79999999999998;284;0;16
197.4;281;0;19
198.0;280;0;20
198.6;275;0;25
199.2;272;0;28
199.79999999999998;265;0;35
200.4;273;0;27
201.0;275;0;25
201.6;270;0;30
202.2;278;0;22
202.79999999999998;279;0;21
203.4;285;0;15
204.0;283;0;17
204.6;285;0;15
205.2;282;0;18
205.79999999999998;282;0;18
206.4;282;0;18
207.0;280;0;20
207.6;282;0;18
208.2;278;0;22
208.79999999999998;280;0;20
209.4;280;0;20
210.0;285;0;15
210.6;289;0;11
211.2;287;0;13
211.79999999999998;287;0;13
212.4;283;0;17
213.0;279;0;21
213.6;280;0;20
214.2;282;0;18
214.79999999999998;280;0;20
215.4;274;0;26
216.0;280;0;20
216.6;282;0;18
217.2;281;0;19
217.79999999999998;280;0;20
218.4;276;0;24
219.0;275;0;25
219.6;273;0;27
220.2;268;0;32
220.79999999999998;268;0;32
221.4;283;0;17
222.0;288;0;12
222.6;287;0;13
223.2;282;0;18
223.79999999999998;283;0;17
224.4;282;0;18
225.0;283;0;17
225.6;281;0;19
226.2;282;0;18
226.79999999999998;280;0;20
227.4;278;0;22
228.0;275;0;25
228.6;274;0;26
229.2;280;0;20
229.79999999999998;279;0;21
230.39999999999998;277;0;23
231.0;278;0;22
231.6;282;0;18
232.2;279;0;21
232.79999999999998;278;0;22
233.39999999999998;274;0;26
234.0;276;0;24
234.6;273;0;27
235.2;281;0;19
235.79999999999998;279;0;21
236.39999999999998;282;0;18
237.0;280;0;20
237.6;278;0;22
238.2;280;0;20
238.79999999999998;283;0;17
239.39999999999998;278;0;22
240.0;276;0;24
240.6;279;0;21
241.2;273;0;27
241.79999999999998;271;0;29
242.39999999999998;269;0;31
243.0;272;0;28
243.6;276;0;24
244.2;271;0;29
244.79999999999998;269;0;31
245.39999999999998;275;0;25
246.0;280;0;20
246.6;276;0;24
247.2;276;0;24
247.79999999999998;278;0;22
248.39999999999998;281;0;19
249.0;289;0;11
249.6;286;0;14
250.2;285;0;15
250.79999999999998;278;0;22
251.39999999999998;286;0;14
252.0;282;0;18
252.6;283;0;17
253.2;280;0;20
253.79999999999998;279;0;21
254.39999999999998;279;0;21
255.0;283;0;17
255.6;286;0;14
256.2;281;0;19
256.8;280;0;20
257.4;280;0;20
258.0;280;0;20
258.59999999999997;283;0;17
259.2;281;0;19
259.8;281;0;19
260.4;281;0;19
261.0;275;0;25
261.59999999999997;276;0;24
262.2;272;0;28
262.8;278;0;22
263.4;273;0;27
264.0;276;0;24
264.59999999999997;279;0;21
265.2;280;0;20
265.8;277;0;23
266.4;272;0;28
267.0;274;0;26
267.59999999999997;275;0;25
268.2;280;0;20
268.8;284;0;16
269.4;287;0;13
270.0;281;0;19
270.59999999999997;276;0;24
271.2;275;0;25
271.8;271;0;29
272.4;267;0;33
273.0;266;0;34
273.59999999999997;269;0;31
274.2;269;0;31
274.8;279;0;21
275.4;279;0;21
276.0;273;0;27
276.59999999999997;269;0;31
277.2;273;0;27
277.8;270;0;30
278.4;275;0;25
279.0;269;0;31
279.59999999999997;275;0;25
280.2;275;0;25
280.8;279;0;21
281.4;277;0;23
282.0;276;0;24
282.59999999999997;276;0;24
283.2;285;0;15
283.8;281;0;19
284.4;288;0;12
285.0;282;0;18
285.59999999999997;281;0;19
286.2;284;0;16
286.8;282;0;18
287.4;281;0;19
288.0;285;0;15
288.59999999999997;279;0;21
289.2;278;0;22
289.8;281;0;19
290.4;274;0;26
291.0;275;0;25
291.59999999999997;275;0;25
292.2;275;0;25
292.8;277;0;23
293.4;274;0;26
294.0;282;0;18
294.59999999999997;273;0;27
295.2;283;0;17
295.8;287;0;13
296.4;285;0;15
297.0;280;0;20
297.59999999999997;280;0;20
298.2;283;0;17
298.8;282;0;18
299.4;280;0;20
#auto generated file!
60.0;276;0;24
60.599999999999994;271;0;29
61.199999999999996;270;0;30
61.8;266;0;34
62.4;272;0;28
63.0;271;0;29
63.599999999999994;277;0;23
64.2;279;0;21
64.8;286;0;14
65.39999999999999;283;0;17
66.0;281;0;19
66.6;280;0;20
67.2;273;0;27
67.8;269;0;31
68.39999999999999;269;0;31
69.0;271;0;29
69.6;272;0;28
70.2;277;0;23
70.8;269;0;31
71.39999999999999;271;0;29
72.0;278;0;22
72.6;279;0;21
73.2;277;0;23
73.8;273;0;27
74.39999999999999;281;0;19
75.0;286;0;14
75.6;276;0;24
76.2;277;0;23
76.8;283;0;17
77.39999999999999;285;0;15
78.0;281;0;19
78.6;281;0;19
79.2;285;0;15
79.8;286;0;14
80.39999999999999;277;0;23
81.0;276;0;24
81.6;280;0;20
82.2;287;0;13
82.8;287;0;13
83.39999999999999;290;0;10
84.0;277;0;23
84.6;277;0;23
85.2;275;0;25
85.8;273;0;27
86.39999999999999;276;0;24
87.0;278;0;22
87.6;275;0;25
88.2;273;0;27
88.8;275;0;25
89.39999999999999;278;0;22
90.0;281;0;19
90.6;287;0;13
91.2;280;0;20
91.8;279;0;21
92.39999999999999;278;0;22
93.0;280;0;20
93.6;279;0;21
94.2;277;0;23
94.8;282;0;18
95.39999999999999;279;0;21
96.0;280;0;20
96.6;266;0;34
97.2;267;0;33
97.8;270;0;30
98.39999999999999;270;0;30
99.0;283;0;17
99.6;278;0;22
100.2;279;0;21
100.8;283;0;17
101.39999999999999;285;0;15
102.0;279;0;21
102.6;283;0;17
103.2;280;0;20
103.8;277;0;23
104.39999999999999;278;0;22
105.0;277;0;23
105.6;279;0;21
106.2;283;0;17
106.8;285;0;15
107.39999999999999;277;0;23
108.0;277;0;23
108.6;282;0;18
109.2;279;0;21
109.8;271;0;29
110.39999999999999;272;0;28
111.0;274;0;26
111.6;280;0;20
112.2;277;0;23
112.8;274;0;26
113.39999999999999;269;0;31
114.0;267;0;33
114.6;276;0;24
115.19999999999999;274;0;26
115.8;272;0;28
116.39999999999999;282;0;18
117.0;281;0;19
117.6;286;0;14
118.19999999999999;286;0;14
118.8;286;0;14
119.39999999999999;276;0;24
120.0;280;0;20
120.6;278;0;22
121.19999999999999;274;0;26
121.8;282;0;18
122.39999999999999;283;0;17
123.0;291;0;9
123.6;282;0;18
124.19999999999999;281;0;19
124.8;288;0;12
125.39999999999999;288;0;12
126.0;287;0;13
126.6;280;0;20
127.19999999999999;289;0;11
127.8;286;0;14
128.4;286;0;14
129.0;283;0;17
129.6;278;0;22
130.2;277;0;23
130.79999999999998;282;0;18
131.4;285;0;15
132.0;287;0;13
132.6;277;0;23
133.2;287;0;13
133.79999999999998;284;0;16
134.4;276;0;24
135.0;276;0;24
135.6;281;0;19
136.2;276;0;24
136.79999999999998;273;0;27
137.4;270;0;30
138.0;271;0;29
138.6;282;0;18
139.2;274;0;26
139.79999999999998;277;0;23
140.4;278;0;22
141.0;277;0;23
141.6;279;0;21
142.2;286;0;14
142.79999999999998;279;0;21
143.4;282;0;18
144.0;279;0;21
144.6;279;0;21
145.2;278;0;22
145.79999999999998;281;0;19
146.4;281;0;19
147.0;279;0;21
147.6;281;0;19
148.2;283;0;17
148.79999999999998;279;0;21
149.4;283;0;17
150.0;285;0;15
150.6;281;0;19
151.2;280;0;20
151.79999999999998;281;0;19
152.4;280;0;20
153.0;280;0;20
153.6;278;0;22
154.2;279;0;21
154.79999999999998;272;0;28
155.4;271;0;29
156.0;272;0;28
156.6;279;0;21
157.2;279;0;21
157.79999999999998;286;0;14
158.4;281;0;19
159.0;285;0;15
159.6;287;0;13
160.2;283;0;17
160.79999999999998;280;0;20
161.4;283;0;17
162.0;286;0;14
162.6;280;0;20
163.2;282;0;18
163.79999999999998;281;0;19
164.4;275;0;25
165.0;285;0;15
165.6;282;0;18
166.2;278;0;22
166.79999999999998;277;0;23
167.4;284;0;16
168.0;283;0;17
168.6;274;0;26
169.2;277;0;23
169.79999999999998;282;0;18
170.4;281;0;19
171.0;279;0;21
171.6;272;0;28
172.2;276;0;24
172.79999999999998;276;0;24
173.4;281;0;19
174.0;280;0;20
174.6;275;0;25
175.2;280;0;20
175.79999999999998;280;0;20
176.4;281;0;19
177.0;282;0;18
177.6;278;0;22
178.2;276;0;24
178.79999999999998;280;0;20
179.4;289;0;11
180.0;290;0;10
180.6;285;0;15
181.2;285;0;15
181.79999999999998;284;0;16
182.4;279;0;21
183.0;269;0;31
183.6;276;0;24
184.2;279;0;21
184.79999999999998;279;0;21
185.4;284;0;16
186.0;279;0;21
186.6;281;0;19
187.2;279;0;21
187.79999999999998;277;0;23
188.4;272;0;28
189.0;273;0;27
189.6;276;0;24
190.2;270;0;30
190.79999999999998;276;0;24
191.4;272;0;28
192.0;273;0;27
192.6;276;0;24
193.2;282;0;18
193.79999999999998;281;0;19
194.4;282;0;18
195.0;284;0;16
195.6;282;0;18
196.2;283;0;17
196.79999999999998;281;0;19
197.4;285;0;15
198.0;281;0;19
198.6;283;0;17
199.2;280;0;20
199.79999999999998;271;0;29
200.4;276;0;24
201.0;276;0;24
201.6;274;0;26
202.2;279;0;21
202.79999999999998;275;0;25
203.4;278;0;22
204.0;282;0;18
204.6;279;0;21
205.2;280;0;20
205.79999999999998;273;0;27
206.4;273;0;27
207.0;270;0;30
207.6;275;0;25
208.2;276;0;24
208.79999999999998;275;0;25
209.4;274;0;26
210.0;277;0;23
210.6;281;0;19
211.2;277;0;23
211.79999999999998;279;0;21
212.4;281;0;19
213.0;280;0;20
213.6;284;0;16
214.2;283;0;17
214.79999999999998;282;0;18
215.4;284;0;16
216.0;280;0;20
216.6;277;0;23
217.2;275;0;25
217.79999999999998;281;0;19
218.4;279;0;21
219.0;282;0;18
219.6;286;0;14
220.2;285;0;15
220.79999999999998;277;0;23
221.4;274;0;26
222.0;277;0;23
222.6;277;0;23
223.2;277;0;23
223.79999999999998;276;0;24
224.4;277;0;23
225.0;282;0;18
225.6;285;0;15
226.2;282;0;18
226.79999999999998;278;0;22
227.4;275;0;25
228.0;273;0;27
228.6;275;0;25
229.2;274;0;26
229.79999999999998;271;0;29
230.39999999999998;277;0;23
231.0;272;0;28
231.6;273;0;27
232.2;282;0;18
232.79999999999998;278;0;22
233.39999999999998;281;0;19
234.0;277;0;23
234.6;276;0;24
235.2;279;0;21
235.79999999999998;277;0;23
236.39999999999998;273;0;27
237.0;272;0;28
237.6;278;0;22
238.2;280;0;20
238.79999999999998;285;0;15
239.39999999999998;286;0;14
240.0;289;0;11
240.6;286;0;14
241.2;285;0;15
241.79999999999998;286;0;14
242.39999999999998;281;0;19
243.0;279;0;21
243.6;280;0;20
244.2;278;0;22
244.79999999999998;277;0;23
245.39999999999998;284;0;16
246.0;283;0;17
246.6;284;0;16
247.2;283;0;17
247.79999999999998;285;0;15
248.39999999999998;282;0;18
249.0;282;0;18
249.6;280;0;20
250.2;278;0;22
250.79999999999998;283;0;17
251.39999999999998;280;0;20
252.0;281;0;19
252.6;280;0;20
253.2;274;0;26
253.79999999999998;272;0;28
254.39999999999998;277;0;23
255.0;275;0;25
255.6;277;0;23
256.2;276;0;24
256.8;281;0;19
257.4;280;0;20
258.0;285;0;15
258.59999999999997;284;0;16
259.2;283;0;17
259.8;285;0;15
260.4;285;0;15
261.0;282;0;18
261.59999999999997;275;0;25
262.2;276;0;24
262.8;266;0;34
263.4;276;0;24
264.0;285;0;15
264.59999999999997;279;0;21
265.2;286;0;14
265.8;278;0;22
266.4;276;0;24
267.0;279;0;21
267.59999999999997;277;0;23
268.2;274;0;26
268.8;278;0;22
269.4;285;0;15
270.0;281;0;19
270.59999999999997;281;0;19
271.2;272;0;28
271.8;275;0;25
272.4;270;0;30
273.0;277;0;23
273.59999999999997;275;0;25
274.2;276;0;24
274.8;279;0;21
275.4;277;0;23
276.0;275;0;25
276.59999999999997;278;0;22
277.2;282;0;18
277.8;285;0;15
278.4;282;0;18
279.0;278;0;22
279.59999999999997;274;0;26
280.2;275;0;25
280.8;277;0;23
281.4;269;0;31
282.0;284;0;16
282.59999999999997;285;0;15
283.2;275;0;25
283.8;279;0;21
284.4;274;0;26
285.0;271;0;29
285.59999999999997;277;0;23
286.2;272;0;28
286.8;276;0;24
287.4;278;0;22
288.0;278;0;22
288.59999999999997;278;0;22
289.2;281;0;19
289.8;277;0;23
290.4;279;0;21
291.0;281;0;19
291.59999999999997;279;0;21
292.2;282;0;18
292.8;284;0;16
293.4;279;0;21
294.0;278;0;22
294.59999999999997;282;0;18
295.2;280;0;20
295.8;280;0;20
296.4;278;0;22
297.0;277;0;23
297.59999999999997;276;0;24
298.2;282;0;18
298.8;278;0;22
299.4;273;0;27
#auto generated file!
60.0;276;0;24
60.599999999999994;276;0;24
61.199999999999996;279;0;21
61.8;273;0;27
62.4;278;0;22
63.0;273;0;27
63.599999999999994;284;0;16
64.2;286;0;14
64.8;284;0;16
65.39999999999999;276;0;24
66.0;275;0;25
66.6;279;0;21
67.2;275;0;25
67.8;275;0;25
68.39999999999999;273;0;27
69.0;269;0;31
69.6;274;0;26
70.2;271;0;29
70.8;268;0;32
71.39999999999999;273;0;27
72.0;275;0;25
72.6;278;0;22
73.2;278;0;22
73.8;275;0;25
74.39999999999999;282;0;18
75.0;282;0;18
75.6;278;0;22
76.2;274;0;26
76.8;271;0;29
77.39999999999999;273;0;27
78.0;280;0;20
78.6;280;0;20
79.2;276;0;24
79.8;278;0;22
80.39999999999999;278;0;22
81.0;272;0;28
81.6;278;0;22
82.2;269;0;31
82.8;275;0;25
83.39999999999999;275;0;25
84.0;277;0;23
84.6;278;0;22
85.2;270;0;30
85.8;276;0;24
86.39999999999999;277;0;23
87.0;279;0;21
87.6;286;0;14
88.2;280;0;20
88.8;275;0;25
89.39999999999999;276;0;24
90.0;277;0;23
90.6;277;0;23
91.2;276;0;24
91.8;282;0;18
92.39999999999999;281;0;19
93.0;279;0;21
93.6;288;0;12
94.2;282;0;18
94.8;277;0;23
95.39999999999999;265;0;35
96.0;269;0;31
96.6;278;0;22
97.2;273;0;27
97.8;268;0;32
98.39999999999999;281;0;19
99.0;280;0;20
99.6;282;0;18
100.2;284;0;16
100.8;282;0;18
101.39999999999999;281;0;19
102.0;290;0;10
102.6;287;0;13
103.2;286;0;14
103.8;280;0;20
104.39999999999999;277;0;23
105.0;279;0;21
105.6;279;0;21
106.2;277;0;23
106.8;283;0;17
107.39999999999999;281;0;19
108.0;284;0;16
108.6;281;0;19
109.2;280;0;20
109.8;286;0;14
110.39999999999999;282;0;18
111.0;284;0;16
111.6;283;0;17
112.2;282;0;18
112.8;283;0;17
113.39999999999999;277;0;23
114.0;273;0;27
114.6;274;0;26
115.19999999999999;269;0;31
115.8;277;0;23
116.39999999999999;273;0;27
117.0;274;0;26
117.6;275;0;25
118.19999999999999;278;0;22
118.8;273;0;27
119.39999999999999;281;0;19
120.0;281;0;19
120.6;275;0;25
121.19999999999999;275;0;25
121.8;277;0;23
122.39999999999999;278;0;22
123.0;282;0;18
123.6;278;0;22
124.19999999999999;282;0;18
124.8;284;0;16
125.39999999999999;279;0;21
126.0;276;0;24
126.6;272;0;28
127.19999999999999;277;0;23
127.8;273;0;27
128.4;278;0;22
129.0;283;0;17
129.6;285;0;15
130.2;282;0;18
130.79999999999998;275;0;25
131.4;279;0;21
132.0;275;0;25
132.6;279;0;21
133.2;279;0;21
133.79999999999998;279;0;21
134.4;283;0;17
135.0;279;0;21
135.6;278;0;22
136.2;282;0;18
136.79999999999998;278;0;22
137.4;276;0;24
138.0;280;0;20
138.6;278;0;22
139.2;281;0;19
139.79999999999998;282;0;18
140.4;278;0;22
141.0;275;0;25
141.6;278;0;22
142.2;279;0;21
142.79999999999998;280;0;20
143.4;276;0;24
144.0;279;0;21
144.6;280;0;20
145.2;282;0;18
145.79999999999998;284;0;16
146.4;284;0;16
147.0;279;0;21
147.6;279;0;21
148.2;274;0;26
148.79999999999998;277;0;23
149.4;277;0;23
150.0;286;0;14
150.6;287;0;13
151.2;283;0;17
151.79999999999998;280;0;20
152.4;285;0;15
153.0;280;0;20
153.6;280;0;20
154.2;277;0;23
154.79999999999998;281;0;19
155.4;284;0;16
156.0;282;0;18
156.6;284;0;16
157.2;279;0;21
157.79999999999998;280;0;20
158.4;278;0;22
159.0;280;0;20
159.6;281;0;19
160.2;283;0;17
160.79999999999998;280;0;20
161.4;279;0;21
162.0;273;0;27
162.6;270;0;30
163.2;273;0;27
163.79999999999998;273;0;27
164.4;272;0;28
165.0;280;0;20
165.6;284;0;16
166.2;283;0;17
166.79999999999998;277;0;23
167.4;277;0;23
168.0;283;0;17
168.6;275;0;25
169.2;276;0;24
169.79999999999998;276;0;24
170.4;279;0;21
171.0;278;0;22
171.6;281;0;19
172.2;285;0;15
172.79999999999998;285;0;15
173.4;282;0;18
174.0;283;0;17
174.6;284;0;16
175.2;280;0;20
175.79999999999998;278;0;22
176.4;277;0;23
177.0;281;0;19
177.6;275;0;25
178.2;272;0;28
178.79999999999998;276;0;24
179.4;276;0;24
180.0;276;0;24
180.6;274;0;26
181.2;271;0;29
181.79999999999998;278;0;22
182.4;276;0;24
183.0;280;0;20
183.6;276;0;24
184.2;271;0;29
184.79999999999998;275;0;25
185.4;280;0;20
186.0;280;0;20
186.6;281;0;19
187.2;279;0;21
187.79999999999998;276;0;24
188.4;275;0;25
189.0;277;0;23
189.6;279;0;21
190.2;284;0;16
190.79999999999998;288;0;12
191.4;281;0;19
192.0;276;0;24
192.6;278;0;22
193.2;276;0;24
193.79999999999998;275;0;25
194.4;279;0;21
195.0;282;0;18
195.6;284;0;16
196.2;279;0;21
196.79999999999998;279;0;21
197.4;288;0;12
198.0;285;0;15
198.6;280;0;20
199.2;279;0;21
199.79999999999998;278;0;22
200.4;278;0;22
201.0;280;0;20
201.6;284;0;16
202.2;282;0;18
202.79999999999998;281;0;19
203.4;275;0;25
204.0;276;0;24
204.6;275;0;25
205.2;278;0;22
205.79999999999998;277;0;23
206.4;280;0;20
207.0;279;0;21
207.6;275;0;25
208.2;277;0;23
208.79999999999998;275;0;25
209.4;274;0;26
210.0;278;0;22
210.6;281;0;19
211.2;284;0;16
211.79999999999998;288;0;12
212.4;290;0;10
213.0;285;0;15
213.6;279;0;21
214.2;282;0;18
214.79999999999998;287;0;13
215.4;289;0;11
216.0;285;0;15
216.6;281;0;19
217.2;285;0;15
217.79999999999998;283;0;17
218.4;275;0;25
219.0;273;0;27
219.6;272;0;28
220.2;271;0;29
220.79999999999998;271;0;29
221.4;278;0;22
222.0;280;0;20
222.6;281;0;19
223.2;283;0;17
223.79999999999998;276;0;24
224.4;285;0;15
225.0;279;0;21
225.6;283;0;17
226.2;276;0;24
226.79999999999998;274;0;26
227.4;271;0;29
228.0;273;0;27
228.6;277;0;23
229.2;283;0;17
229.79999999999998;283;0;17
230.39999999999998;278;0;22
231.0;269;0;31
231.6;269;0;31
232.2;277;0;23
232.79999999999998;274;0;26
233.39999999999998;277;0;23
234.0;273;0;27
234.6;277;0;23
235.2;273;0;27
235.79999999999998;277;0;23
236.39999999999998;280;0;20
237.0;280;0;20
237.6;276;0;24
238.2;271;0;29
238.79999999999998;267;0;33
239.39999999999998;269;0;31
240.0;274;0;26
240.6;272;0;28
241.2;278;0;22
241.79999999999998;273;0;27
242.39999999999998;277;0;23
243.0;275;0;25
243.6;277;0;23
244.2;280;0;20
244.79999999999998;276;0;24
245.39999999999998;280;0;20
246.0;278;0;22
246.6;275;0;25
247.2;280;0;20
247.79999999999998;278;0;22
248.39999999999998;275;0;25
249.0;272;0;28
249.6;279;0;21
250.2;280;0;20
250.79999999999998;276;0;24
251.39999999999998;287;0;13
252.0;280;0;20
252.6;276;0;24
253.2;280;0;20
253.79999999999998;275;0;25
254.39999999999998;278;0;22
255.0;275;0;25
255.6;268;0;32
256.2;277;0;23
256.8;280;0;20
257.4;278;0;22
258.0;275;0;25
258.59999999999997;275;0;25
259.2;275;0;25
259.8;273;0;27
260.4;276;0;24
261.0;280;0;20
261.59999999999997;280;0;20
262.2;281;0;19
262.8;283;0;17
263.4;279;0;21
264.0;282;0;18
264.59999999999997;282;0;18
265.2;287;0;13
265.8;280;0;20
266.4;278;0;22
267.0;282;0;18
267.59999999999997;274;0;26
268.2;276;0;24
268.8;280;0;20
269.4;274;0;26
270.0;278;0;22
270.59999999999997;281;0;19
271.2;280;0;20
271.8;280;0;20
272.4;278;0;22
273.0;275;0;25
273.59999999999997;275;0;25
274.2;279;0;21
274.8;283;0;17
275.4;283;0;17
276.0;281;0;19
276.59999999999997;280;0;20
277.2;281;0;19
277.8;277;0;23
278.4;280;0;20
279.0;285;0;15
279.59999999999997;276;0;24
280.2;283;0;17
280.8;281;0;19
281.4;278;0;22
282.0;275;0;25
282.59999999999997;284;0;16
283.2;277;0;23
283.8;283;0;17
284.4;278;0;22
285.0;278;0;22
285.59999999999997;279;0;21
286.2;279;0;21
286.8;272;0;28
287.4;271;0;29
288.0;280;0;20
288.59999999999997;272;0;28
289.2;273;0;27
289.8;278;0;22
290.4;280;0;20
291.0;280;0;20
291.59999999999997;281;0;19
292.2;282;0;18
292.8;280;0;20
293.4;281;0;19
294.0;280;0;20
294.59999999999997;280;0;20
295.2;275;0;25
295.8;279;0;21
296.4;276;0;24
297.0;277;0;23
297.59999999999997;276;0;24
298.2;274;0;26
298.8;273;0;27
299.4;275;0;25
#auto generated file!
60.0;274;0;26
60.599999999999994;267;0;33
61.199999999999996;268;0;32
61.8;281;0;19
62.4;281;0;19
63.0;283;0;17
63.599999999999994;287;0;13
64.2;286;0;14
64.8;285;0;15
65.39999999999999;281;0;19
66.0;281;0;19
66.6;284;0;16
67.2;281;0;19
67.8;281;0;19
68.39999999999999;275;0;25
69.0;276;0;24
69.6;283;0;17
70.2;277;0;23
70.8;284;0;16
71.39999999999999;280;0;20
72.0;281;0;19
72.6;286;0;14
73.2;282;0;18
73.8;277;0;23
74.39999999999999;275;0;25
75.0;274;0;26
75.6;277;0;23
76.2;280;0;20
76.8;288;0;12
77.39999999999999;283;0;17
78.0;284;0;16
78.6;276;0;24
79.2;277;0;23
79.8;277;0;23
80.39999999999999;279;0;21
81.0;279;0;21
81.6;280;0;20
82.2;279;0;21
82.8;283;0;17
83.39999999999999;284;0;16
84.0;283;0;17
84.6;281;0;19
85.2;271;0;29
85.8;269;0;31
86.39999999999999;274;0;26
87.0;284;0;16
87.6;285;0;15
88.2;291;0;9
88.8;292;0;8
89.39999999999999;288;0;12
90.0;275;0;25
90.6;278;0;22
91.2;282;0;18
91.8;276;0;24
92.39999999999999;269;0;31
93.0;273;0;27
93.6;276;0;24
94.2;275;0;25
94.8;275;0;25
95.39999999999999;283;0;17
96.0;270;0;30
96.6;279;0;21
97.2;285;0;15
97.8;281;0;19
98.39999999999999;277;0;23
99.0;283;0;17
99.6;278;0;22
100.2;276;0;24
100.8;271;0;29
101.39999999999999;269;0;31
102.0;279;0;21
102.6;277;0;23
103.2;280;0;20
103.8;280;0;20
104.39999999999999;278;0;22
105.0;276;0;24
105.6;278;0;22
106.2;278;0;22
106.8;278;0;22
107.39999999999999;274;0;26
108.0;279;0;21
108.6;279;0;21
109.2;280;0;20
109.8;271;0;29
110.39999999999999;281;0;19
111.0;282;0;18
111.6;278;0;22
112.2;279;0;21
112.8;279;0;21
113.39999999999999;285;0;15
114.0;290;0;10
114.6;285;0;15
115.19999999999999;285;0;15
115.8;283;0;17
116.39999999999999;282;0;18
117.0;285;0;15
117.6;284;0;16
118.19999999999999;285;0;15
118.8;287;0;13
119.39999999999999;280;0;20
120.0;277;0;23
120.6;279;0;21
121.19999999999999;281;0;19
121.8;276;0;24
122.39999999999999;275;0;25
123.0;274;0;26
123.6;281;0;19
124.19999999999999;284;0;16
124.8;283;0;17
125.39999999999999;277;0;23
126.0;276;0;24
126.6;288;0;12
127.19999999999999;289;0;11
127.8;288;0;12
128.4;288;0;12
129.0;280;0;20
129.6;283;0;17
130.2;283;0;17
130.79999999999998;286;0;14
131.4;284;0;16
132.0;278;0;22
132.6;279;0;21
133.2;274;0;26
133.79999999999998;279;0;21
134.4;277;0;23
135.0;271;0;29
135.6;275;0;25
136.2;280;0;20
136.79999999999998;285;0;15
137.4;286;0;14
138.0;281;0;19
138.6;279;0;21
139.2;280;0;20
139.79999999999998;281;0;19
140.4;280;0;20
141.0;281;0;19
141.6;279;0;21
142.2;280;0;20
142.79999999999998;281;0;19
143.4;288;0;12
144.0;289;0;11
144.6;287;0;13
145.2;288;0;12
145.79999999999998;284;0;16
146.4;277;0;23
147.0;278;0;22
147.6;274;0;26
148.2;274;0;26
148.79999999999998;271;0;29
149.4;271;0;29
150.0;271;0;29
150.6;278;0;22
151.2;284;0;16
151.79999999999998;282;0;18
152.4;287;0;13
153.0;287;0;13
153.6;283;0;17
154.2;278;0;22
154.79999999999998;280;0;20
155.4;277;0;23
156.0;285;0;15
156.6;284;0;16
157.2;284;0;16
157.79999999999998;285;0;15
158.4;282;0;18
159.0;283;0;17
159.6;278;0;22
160.2;283;0;17
160.79999999999998;285;0;15
161.4;282;0;18
162.0;284;0;16
162.6;280;0;20
163.2;279;0;21
163.79999999999998;277;0;23
164.4;276;0;24
165.0;277;0;23
165.6;281;0;19
166.2;278;0;22
166.79999999999998;279;0;21
167.4;281;0;19
168.0;281;0;19
168.6;278;0;22
169.2;279;0;21
169.79999999999998;278;0;22
170.4;281;0;19
171.0;278;0;22
171.6;278;0;22
172.2;276;0;24
172.79999999999998;274;0;26
173.4;284;0;16
174.0;283;0;17
174.6;278;0;22
175.2;273;0;27
175.79999999999998;268;0;32
176.4;274;0;26
177.0;289;0;11
177.6;278;0;22
178.2;281;0;19
178.79999999999998;277;0;23
179.4;284;0;16
180.0;289;0;11
180.6;283;0;17
181.2;276;0;24
181.79999999999998;282;0;18
182.4;278;0;22
183.0;283;0;17
183.6;280;0;20
184.2;283;0;17
184.79999999999998;285;0;15
185.4;275;0;25
186.0;278;0;22
186.6;279;0;21
187.2;278;0;22
187.79999999999998;280;0;20
188.4;281;0;19
189.0;276;0;24
189.6;281;0;19
190.2;283;0;17
190.79999999999998;270;0;30
191.4;278;0;22
192.0;274;0;26
192.6;273;0;27
193.2;273;0;27
193.79999999999998;274;0;26
194.4;272;0;28
195.0;269;0;31
195.6;275;0;25
196.2;276;0;24
196.79999999999998;271;0;29
197.4;274;0;26
198.0;274;0;26
198.6;280;0;20
199.2;280;0;20
199.79999999999998;285;0;15
200.4;273;0;27
201.0;280;0;20
201.6;276;0;24
202.2;271;0;29
202.79999999999998;283;0;17
203.4;285;0;15
204.0;272;0;28
204.6;275;0;25
205.2;277;0;23
205.79999999999998;279;0;21
206.4;285;0;15
207.0;278;0;22
207.6;277;0;23
208.2;277;0;23
208.79999999999998;278;0;22
209.4;281;0;19
210.0;279;0;21
210.6;276;0;24
211.2;275;0;25
211.79999999999998;281;0;19
212.4;279;0;21
213.0;279;0;21
213.6;282;0;18
214.2;280;0;20
214.79999999999998;283;0;17
215.4;281;0;19
216.0;281;0;19
216.6;277;0;23
217.2;275;0;25
217.79999999999998;281;0;19
218.4;282;0;18
219.0;282;0;18
219.6;277;0;23
220.2;280;0;20
220.79999999999998;277;0;23
221.4;273;0;27
222.0;271;0;29
222.6;276;0;24
223.2;281;0;19
223.79999999999998;276;0;24
224.4;281;0;19
225.0;273;0;27
225.6;279;0;21
226.2;284;0;16
226.79999999999998;275;0;25
227.4;279;0;21
228.0;279;0;21
228.6;283;0;17
229.2;285;0;15
229.79999999999998;278;0;22
230.39999999999998;277;0;23
231.0;271;0;29
231.6;275;0;25
232.2;273;0;27
232.79999999999998;282;0;18
233.39999999999998;283;0;17
234.0;284;0;16
234.6;280;0;20
235.2;280;0;20
235.79999999999998;280;0;20
236.39999999999998;280;0;20
237.0;277;0;23
237.6;274;0;26
238.2;279;0;21
238.79999999999998;279;0;21
239.39999999999998;279;0;21
240.0;274;0;26
240.6;279;0;21
241.2;279;0;21
241.79999999999998;284;0;16
242.39999999999998;278;0;22
243.0;286;0;14
243.6;287;0;13
244.2;279;0;21
244.79999999999998;282;0;18
245.39999999999998;280;0;20
246.0;278;0;22
246.6;283;0;17
247.2;282;0;18
247.79999999999998;271;0;29
248.39999999999998;274;0;26
249.0;276;0;24
249.6;275;0;25
250.2;277;0;23
250.79999999999998;277;0;23
251.39999999999998;281;0;19
252.0;280;0;20
252.6;271;0;29
253.2;272;0;28
253.79999999999998;275;0;25
254.39999999999998;273;0;27
255.0;278;0;22
255.6;279;0;21
256.2;276;0;24
256.8;279;0;21
257.4;279;0;21
258.0;283;0;17
258.59999999999997;284;0;16
259.2;286;0;14
259.8;287;0;13
260.4;288;0;12
261.0;285;0;15
261.59999999999997;284;0;16
262.2;282;0;18
262.8;286;0;14
263.4;279;0;21
264.0;278;0;22
264.59999999999997;277;0;23
265.2;287;0;13
265.8;281;0;19
266.4;285;0;15
267.0;274;0;26
267.59999999999997;275;0;25
268.2;280;0;20
268.8;280;0;20
269.4;283;0;17
270.0;291;0;9
270.59999999999997;287;0;13
271.2;284;0;16
271.8;276;0;24
272.4;271;0;29
273.0;276;0;24
273.59999999999997;271;0;29
274.2;271;0;29
274.8;269;0;31
275.4;273;0;27
276.0;279;0;21
276.59999999999997;277;0;23
277.2;270;0;30
277.8;277;0;23
278.4;279;0;21
279.0;276;0;24
279.59999999999997;279;0;21
280.2;274;0;26
280.8;275;0;25
281.4;280;0;20
282.0;278;0;22
282.59999999999997;279;0;21
283.2;277;0;23
283.8;282;0;18
284.4;286;0;14
285.0;285;0;15
285.59999999999997;282;0;18
286.2;276;0;24
286.8;278;0;22
287.4;279;0;21
288.0;274;0;26
288.59999999999997;286;0;14
289.2;281;0;19
289.8;279;0;21
290.4;279;0;21
291.0;276;0;24
291.59999999999997;277;0;23
292.2;285;0;15
292.8;284;0;16
293.4;277;0;23
294.0;282;0;18
294.59999999999997;284;0;16
295.2;283;0;17
295.8;284;0;16
296.4;278;0;22
297.0;276;0;24
297.59999999999997;275;0;25
298.2;274;0;26
298.8;274;0;26
299.4;275;0;25
#auto generated file!
60.0;279;0;21
60.599999999999994;277;0;23
61.199999999999996;271;0;29
61.8;275;0;25
62.4;275;0;25
63.0;287;0;13
63.599999999999994;289;0;11
64.2;287;0;13
64.8;289;0;11
65.39999999999999;284;0;16
66.0;274;0;26
66.6;273;0;27
67.2;279;0;21
67.8;282;0;18
68.39999999999999;284;0;16
69.0;281;0;19
69.6;280;0;20
70.2;280;0;20
70.8;276;0;24
71.39999999999999;278;0;22
72.0;278;0;22
72.6;282;0;18
73.2;282;0;18
73.8;284;0;16
74.39999999999999;274;0;26
75.0;278;0;22
75.6;283;0;17
76.2;278;0;22
76.8;279;0;21
77.39999999999999;280;0;20
78.0;280;0;20
78.6;273;0;27
79.2;275;0;25
79.8;267;0;33
80.39999999999999;269;0;31
81.0;273;0;27
81.6;280;0;20
82.2;276;0;24
82.8;280;0;20
83.39999999999999;277;0;23
84.0;282;0;18
84.6;284;0;16
85.2;280;0;20
85.8;279;0;21
86.39999999999999;282;0;18
87.0;277;0;23
87.6;277;0;23
88.2;285;0;15
88.8;285;0;15
89.39999999999999;285;0;15
90.0;288;0;12
90.6;283;0;17
91.2;276;0;24
91.8;269;0;31
92.39999999999999;273;0;27
93.0;273;0;27
93.6;277;0;23
94.2;272;0;28
94.8;279;0;21
95.39999999999999;274;0;26
96.0;280;0;20
96.6;279;0;21
97.2;273;0;27
97.8;279;0;21
98.39999999999999;273;0;27
99.0;277;0;23
99.6;283;0;17
100.2;279;0;21
100.8;278;0;22
101.39999999999999;278;0;22
102.0;283;0;17
102.6;283;0;17
103.2;278;0;22
103.8;277;0;23
104.39999999999999;282;0;18
105.0;281;0;19
105.6;279;0;21
106.2;277;0;23
106.8;281;0;19
107.39999999999999;277;0;23
108.0;275;0;25
108.6;279;0;21
109.2;278;0;22
109.8;277;0;23
110.39999999999999;282;0;18
111.0;282;0;18
111.6;280;0;20
112.2;279;0;21
112.8;277;0;23
113.39999999999999;275;0;25
114.0;275;0;25
114.6;269;0;31
115.19999999999999;279;0;21
115.8;279;0;21
116.39999999999999;280;0;20
117.0;284;0;16
117.6;279;0;21
118.19999999999999;275;0;25
118.8;279;0;21
119.39999999999999;278;0;22
120.0;278;0;22
120.6;277;0;23
121.19999999999999;278;0;22
121.8;282;0;18
122.39999999999999;282;0;18
123.0;282;0;18
123.6;280;0;20
124.19999999999999;280;0;20
124.8;275;0;25
125.39999999999999;281;0;19
126.0;281;0;19
126.6;276;0;24
127.19999999999999;282;0;18
127.8;286;0;14
128.4;283;0;17
129.0;278;0;22
129.6;277;0;23
130.2;280;0;20
130.79999999999998;280;0;20
131.4;282;0;18
132.0;280;0;20
132.6;280;0;20
133.2;278;0;22
133.79999999999998;276;0;24
134.4;272;0;28
135.0;275;0;25
135.6;271;0;29
136.2;276;0;24
136.79999999999998;285;0;15
137.4;286;0;14
138.0;282;0;18
138.6;282;0;18
139.2;285;0;15
139.79999999999998;283;0;17
140.4;284;0;16
141.0;276;0;24
141.6;275;0;25
142.2;275;0;25
142.79999999999998;278;0;22
143.4;279;0;21
144.0;284;0;16
144.6;279;0;21
145.2;279;0;21
145.79999999999998;275;0;25
146.4;270;0;30
147.0;278;0;22
147.6;278;0;22
148.2;278;0;22
148.79999999999998;275;0;25
149.4;281;0;19
150.0;274;0;26
150.6;274;0;26
151.2;270;0;30
151.79999999999998;273;0;27
152.4;277;0;23
153.0;274;0;26
153.6;276;0;24
154.2;276;0;24
154.79999999999998;284;0;16
155.4;282;0;18
156.0;276;0;24
156.6;273;0;27
157.2;274;0;26
157.79999999999998;267;0;33
158.4;267;0;33
159.0;269;0;31
159.6;275;0;25
160.2;273;0;27
160.79999999999998;278;0;22
161.4;284;0;16
162.0;283;0;17
162.6;279;0;21
163.2;272;0;28
163.79999999999998;272;0;28
164.4;275;0;25
165.0;273;0;27
165.6;276;0;24
166.2;277;0;23
166.79999999999998;281;0;19
167.4;273;0;27
168.0;276;0;24
168.6;276;0;24
169.2;278;0;22
169.79999999999998;281;0;19
170.4;281;0;19
171.0;278;0;22
171.6;277;0;23
172.2;266;0;34
172.79999999999998;276;0;24
173.4;277;0;23
174.0;274;0;26
174.6;268;0;32
175.2;275;0;25
175.79999999999998;269;0;31
176.4;280;0;20
177.0;280;0;20
177.6;272;0;28
178.2;274;0;26
178.79999999999998;276;0;24
179.4;273;0;27
180.0;280;0;20
180.6;283;0;17
181.2;287;0;13
181.79999999999998;286;0;14
182.4;282;0;18
183.0;277;0;23
183.6;278;0;22
184.2;282;0;18
184.79999999999998;283;0;17
185.4;280;0;20
186.0;285;0;15
186.6;284;0;16
187.2;281;0;19
187.79999999999998;279;0;21
188.4;283;0;17
189.0;283;0;17
189.6;277;0;23
190.2;274;0;26
190.79999999999998;278;0;22
191.4;281;0;19
192.0;278;0;22
192.6;284;0;16
193.2;284;0;16
193.79999999999998;284;0;16
194.4;284;0;16
195.0;281;0;19
195.6;282;0;18
196.2;281;0;19
196.79999999999998;286;0;14
197.4;278;0;22
198.0;281;0;19
198.6;276;0;24
199.2;280;0;20
199.79999999999998;282;0;18
200.4;284;0;16
201.0;282;0;18
201.6;281;0;19
202.2;287;0;13
202.79999999999998;290;0;10
203.4;283;0;17
204.0;283;0;17
204.6;273;0;27
205.2;278;0;22
205.79999999999998;281;0;19
206.4;277;0;23
207.0;275;0;25
207.6;281;0;19
208.2;279;0;21
208.79999999999998;280;0;20
209.4;275;0;25
210.0;282;0;18
210.6;281;0;19
211.2;281;0;19
211.79999999999998;284;0;16
212.4;273;0;27
213.0;276;0;24
213.6;273;0;27
214.2;268;0;32
214.79999999999998;279;0;21
215.4;284;0;16
216.0;282;0;18
216.6;274;0;26
217.2;278;0;22
217.79999999999998;280;0;20
218.4;278;0;22
219.0;278;0;22
219.6;287;0;13
220.2;285;0;15
220.79999999999998;273;0;27
221.4;277;0;23
222.0;276;0;24
222.6;278;0;22
223.2;279;0;21
223.79999999999998;283;0;17
224.4;284;0;16
225.0;280;0;20
225.6;278;0;22
226.2;275;0;25
226.79999999999998;281;0;19
227.4;280;0;20
228.0;287;0;13
228.6;284;0;16
229.2;284;0;16
229.79999999999998;279;0;21
230.39999999999998;282;0;18
231.0;280;0;20
231.6;279;0;21
232.2;275;0;25
232.79999999999998;277;0;23
233.39999999999998;280;0;20
234.0;278;0;22
234.6;281;0;19
235.2;280;0;20
235.79999999999998;277;0;23
236.39999999999998;281;0;19
237.0;279;0;21
237.6;281;0;19
238.2;277;0;23
238.79999999999998;271;0;29
239.39999999999998;278;0;22
240.0;275;0;25
240.6;270;0;30
241.2;274;0;26
241.79999999999998;276;0;24
242.39999999999998;277;0;23
243.0;283;0;17
243.6;279;0;21
244.2;274;0;26
244.79999999999998;278;0;22
245.39999999999998;277;0;23
246.0;276;0;24
246.6;276;0;24
247.2;278;0;22
247.79999999999998;275;0;25
248.39999999999998;277;0;23
249.0;278;0;22
249.6;273;0;27
250.2;272;0;28
250.79999999999998;278;0;22
251.39999999999998;277;0;23
252.0;279;0;21
252.6;274;0;26
253.2;272;0;28
253.79999999999998;277;0;23
254.39999999999998;274;0;26
255.0;268;0;32
255.6;278;0;22
256.2;281;0;19
256.8;279;0;21
257.4;278;0;22
258.0;282;0;18
258.59999999999997;281;0;19
259.2;281;0;19
259.8;279;0;21
260.4;283;0;17
261.0;276;0;24
261.59999999999997;279;0;21
262.2;274;0;26
262.8;278;0;22
263.4;278;0;22
264.0;278;0;22
264.59999999999997;284;0;16
265.2;280;0;20
265.8;278;0;22
266.4;281;0;19
267.0;285;0;15
267.59999999999997;280;0;20
268.2;275;0;25
268.8;273;0;27
269.4;274;0;26
270.0;269;0;31
270.59999999999997;280;0;20
271.2;283;0;17
271.8;284;0;16
272.4;278;0;22
273.0;281;0;19
273.59999999999997;285;0;15
274.2;284;0;16
274.8;284;0;16
275.4;281;0;19
276.0;270;0;30
276.59999999999997;266;0;34
277.2;271;0;29
277.8;277;0;23
278.4;277;0;23
279.0;282;0;18
279.59999999999997;274;0;26
280.2;279;0;21
280.8;279;0;21
281.4;281;0;19
282.0;279;0;21
282.59999999999997;280;0;20
283.2;272;0;28
283.8;285;0;15
284.4;284;0;16
285.0;277;0;23
285.59999999999997;284;0;16
286.2;275;0;25
286.8;270;0;30
287.4;273;0;27
288.0;275;0;25
288.59999999999997;276;0;24
289.2;275;0;25
289.8;281;0;19
290.4;278;0;22
291.0;277;0;23
291.59999999999997;280;0;20
292.2;274;0;26
292.8;275;0;25
293.4;282;0;18
294.0;284;0;16
294.59999999999997;275;0;25
295.2;279;0;21
295.8;284;0;16
296.4;284;0;16
297.0;281;0;19
297.59999999999997;281;0;19
298.2;278;0;22
298.8;276;0;24
299.4;275;0;25
#auto generated file!
60.0;289;0;11
60.599999999999994;280;0;20
61.199999999999996;279;0;21
61.8;276;0;24
62.4;277;0;23
63.0;284;0;16
63.599999999999994;282;0;18
64.2;280;0;20
64.8;277;0;23
65.39999999999999;271;0;29
66.0;265;0;35
66.6;278;0;22
67.2;279;0;21
67.8;278;0;22
68.39999999999999;275;0;25
69.0;282;0;18
69.6;283;0;17
70.2;281;0;19
70.8;280;0;20
71.39999999999999;284;0;16
72.0;280;0;20
72.6;275;0;25
73.2;273;0;27
73.8;278;0;22
74.39999999999999;279;0;21
75.0;278;0;22
75.6;275;0;25
76.2;273;0;27
76.8;279;0;21
77.39999999999999;281;0;19
78.0;277;0;23
78.6;275;0;25
79.2;274;0;26
79.8;274;0;26
80.39999999999999;279;0;21
81.0;274;0;26
81.6;276;0;24
82.2;275;0;25
82.8;270;0;30
83.39999999999999;281;0;19
84.0;285;0;15
84.6;279;0;21
85.2;279;0;21
85.8;279;0;21
86.39999999999999;280;0;20
87.0;276;0;24
87.6;275;0;25
88.2;280;0;20
88.8;281;0;19
89.39999999999999;274;0;26
90.0;278;0;22
90.6;273;0;27
91.2;271;0;29
91.8;277;0;23
92.39999999999999;273;0;27
93.0;279;0;21
93.6;281;0;19
94.2;281;0;19
94.8;274;0;26
95.39999999999999;273;0;27
96.0;279;0;21
96.6;278;0;22
97.2;279;0;21
97.8;276;0;24
98.39999999999999;270;0;30
99.0;269;0;31
99.6;276;0;24
100.2;281;0;19
100.8;273;0;27
101.39999999999999;279;0;21
102.0;275;0;25
102.6;280;0;20
103.2;280;0;20
103.8;281;0;19
104.39999999999999;284;0;16
105.0;286;0;14
105.6;282;0;18
106.2;278;0;22
106.8;275;0;25
107.39999999999999;281;0;19
108.0;276;0;24
108.6;276;0;24
109.2;275;0;25
109.8;272;0;28
110.39999999999999;278;0;22
111.0;273;0;27
111.6;274;0;26
112.2;272;0;28
112.8;281;0;19
113.39999999999999;282;0;18
114.0;285;0;15
114.6;280;0;20
115.19999999999999;281;0;19
115.8;283;0;17
116.39999999999999;283;0;17
117.0;281;0;19
117.6;282;0;18
118.19999999999999;271;0;29
118.8;277;0;23
119.39999999999999;271;0;29
120.0;277;0;23
120.6;276;0;24
121.19999999999999;276;0;24
121.8;279;0;21
122.39999999999999;273;0;27
123.0;274;0;26
123.6;277;0;23
124.19999999999999;274;0;26
124.8;275;0;25
125.39999999999999;279;0;21
126.0;275;0;25
126.6;274;0;26
127.19999999999999;270;0;30
127.8;272;0;28
128.4;282;0;18
129.0;284;0;16
129.6;284;0;16
130.2;284;0;16
130.79999999999998;281;0;19
131.4;283;0;17
132.0;283;0;17
132.6;279;0;21
133.2;274;0;26
133.79999999999998;271;0;29
134.4;283;0;17
135.0;272;0;28
135.6;280;0;20
136.2;280;0;20
136.79999999999998;273;0;27
137.4;276;0;24
138.0;272;0;28
138.6;281;0;19
139.2;281;0;19
139.79999999999998;281;0;19
140.4;278;0;22
141.0;280;0;20
141.6;278;0;22
142.2;278;0;22
142.79999999999998;279;0;21
143.4;285;0;15
144.0;282;0;18
144.6;283;0;17
145.2;279;0;21
145.79999999999998;283;0;17
146.4;281;0;19
147.0;277;0;23
147.6;276;0;24
148.2;279;0;21
148.79999999999998;274;0;26
149.4;278;0;22
150.0;282;0;18
150.6;286;0;14
151.2;281;0;19
151.79999999999998;281;0;19
152.4;272;0;28
153.0;279;0;21
153.6;282;0;18
154.2;280;0;20
154.79999999999998;282;0;18
155.4;285;0;15
156.0;289;0;11
156.6;289;0;11
157.2;280;0;20
157.79999999999998;275;0;25
158.4;275;0;25
159.0;276;0;24
159.6;273;0;27
160.2;274;0;26
160.79999999999998;279;0;21
161.4;280;0;20
162.0;284;0;16
162.6;288;0;12
163.2;282;0;18
163.79999999999998;279;0;21
164.4;277;0;23
165.0;280;0;20
165.6;288;0;12
166.2;284;0;16
166.79999999999998;284;0;16
167.4;287;0;13
168.0;285;0;15
168.6;281;0;19
169.2;276;0;24
169.79999999999998;279;0;21
170.4;285;0;15
171.0;279;0;21
171.6;282;0;18
172.2;276;0;24
172.79999999999998;281;0;19
173.4;284;0;16
174.0;285;0;15
174.6;279;0;21
175.2;276;0;24
175.79999999999998;281;0;19
176.4;280;0;20
177.0;277;0;23
177.6;279;0;21
178.2;279;0;21
178.79999999999998;281;0;19
179.4;290;0;10
180.0;281;0;19
180.6;276;0;24
181.2;280;0;20
181.79999999999998;283;0;17
182.4;282;0;18
183.0;283;0;17
183.6;287;0;13
184.2;281;0;19
184.79999999999998;272;0;28
185.4;275;0;25
186.0;282;0;18
186.6;280;0;20
187.2;278;0;22
187.79999999999998;285;0;15
188.4;284;0;16
189.0;283;0;17
189.6;272;0;28
190.2;281;0;19
190.79999999999998;281;0;19
191.4;275;0;25
192.0;278;0;22
192.6;280;0;20
193.2;283;0;17
193.79999999999998;279;0;21
194.4;277;0;23
195.0;279;0;21
195.6;280;0;20
196.2;278;0;22
196.79999999999998;280;0;20
197.4;277;0;23
198.0;270;0;30
198.6;273;0;27
199.2;281;0;19
199.79999999999998;281;0;19
200.4;281;0;19
201.0;277;0;23
201.6;277;0;23
202.2;276;0;24
202.79999999999998;274;0;26
203.4;271;0;29
204.0;278;0;22
204.6;276;0;24
205.2;269;0;31
205.79999999999998;273;0;27
206.4;277;0;23
207.0;280;0;20
207.6;284;0;16
208.2;280;0;20
208.79999999999998;286;0;14
209.4;284;0;16
210.0;283;0;17
210.6;277;0;23
211.2;278;0;22
211.79999999999998;282;0;18
212.4;281;0;19
213.0;274;0;26
213.6;277;0;23
214.2;280;0;20
214.79999999999998;280;0;20
215.4;280;0;20
216.0;283;0;17
216.6;279;0;21
217.2;272;0;28
217.79999999999998;277;0;23
218.4;277;0;23
219.0;276;0;24
219.6;283;0;17
220.2;287;0;13
220.79999999999998;278;0;22
221.4;286;0;14
222.0;285;0;15
222.6;276;0;24
223.2;276;0;24
223.79999999999998;269;0;31
224.4;267;0;33
225.0;270;0;30
225.6;275;0;25
226.2;274;0;26
226.79999999999998;273;0;27
227.4;279;0;21
228.0;271;0;29
228.6;278;0;22
229.2;274;0;26
229.79999999999998;281;0;19
230.39999999999998;277;0;23
231.0;285;0;15
231.6;285;0;15
232.2;280;0;20
232.79999999999998;282;0;18
233.39999999999998;276;0;24
234.0;279;0;21
234.6;279;0;21
235.2;278;0;22
235.79999999999998;282;0;18
236.39999999999998;277;0;23
237.0;277;0;23
237.6;272;0;28
238.2;277;0;23
238.79999999999998;274;0;26
239.39999999999998;269;0;31
240.0;267;0;33
240.6;278;0;22
241.2;279;0;21
241.79999999999998;277;0;23
242.39999999999998;274;0;26
243.0;287;0;13
243.6;278;0;22
244.2;285;0;15
244.79999999999998;283;0;17
245.39999999999998;284;0;16
246.0;284;0;16
246.6;278;0;22
247.2;276;0;24
247.79999999999998;273;0;27
248.39999999999998;278;0;22
249.0;281;0;19
249.6;277;0;23
250.2;281;0;19
250.79999999999998;274;0;26
251.39999999999998;279;0;21
252.0;273;0;27
252.6;279;0;21
253.2;273;0;27
253.79999999999998;276;0;24
254.39999999999998;282;0;18
255.0;281;0;19
255.6;282;0;18
256.2;281;0;19
256.8;283;0;17
257.4;280;0;20
258.0;280;0;20
258.59999999999997;280;0;20
259.2;280;0;20
259.8;281;0;19
260.4;286;0;14
261.0;282;0;18
261.59999999999997;281;0;19
262.2;283;0;17
262.8;272;0;28
263.4;284;0;16
264.0;282;0;18
264.59999999999997;277;0;23
265.2;278;0;22
265.8;278;0;22
266.4;279;0;21
267.0;283;0;17
267.59999999999997;275;0;25
268.2;273;0;27
268.8;277;0;23
269.4;274;0;26
270.0;277;0;23
270.59999999999997;275;0;25
271.2;278;0;22
271.8;278;0;22
272.4;282;0;18
273.0;281;0;19
273.59999999999997;280;0;20
274.2;276;0;24
274.8;281;0;19
275.4;277;0;23
276.0;285;0;15
276.59999999999997;288;0;12
277.2;287;0;13
277.8;286;0;14
278.4;284;0;16
279.0;288;0;12
279.59999999999997;276;0;24
280.2;277;0;23
280.8;284;0;16
281.4;283;0;17
282.0;286;0;14
282.59999999999997;279;0;21
283.2;280;0;20
283.8;275;0;25
284.4;284;0;16
285.0;284;0;16
285.59999999999997;279;0;21
286.2;274;0;26
286.8;271;0;29
287.4;269;0;31
288.0;275;0;25
288.59999999999997;279;0;21
289.2;272;0;28
289.8;278;0;22
290.4;276;0;24
291.0;272;0;28
291.59999999999997;280;0;20
292.2;288;0;12
292.8;283;0;17
293.4;278;0;22
294.0;282;0;18
294.59999999999997;280;0;20
295.2;277;0;23
295.8;278;0;22
296.4;277;0;23
297.0;277;0;23
297.59999999999997;275;0;25
298.2;276;0;24
298.8;283;0;17
299.4;281;0;19
