#auto generated file!
57;11;11;0;30.04532621375438;25.945029158363305;4.100297055391071;114.23690476190474;0.0;0;0
57;11;11;0;30.04532621375438;25.945029158363305;4.100297055391071
0;0;0;0;0.0;0.0;0.0
#auto generated file!
51;15;15;0;29.49601840355952;25.489876548593188;4.006141854966333;116.92500000000004;0.0;0;0
51;15;15;0;29.49601840355952;25.489876548593188;4.006141854966333
0;0;0;0;0.0;0.0;0.0
#auto generated file!
54;6;6;0;32.429437380023;28.33809185581043;4.091345524212578;116.64333333333332;0.0;0;0
54;6;6;0;32.429437380023;28.33809185581043;4.091345524212578
0;0;0;0;0.0;0.0;0.0
#auto generated file!
56;15;15;0;31.266906223678916;27.235734356284457;4.031171867394467;89.64095238095237;0.0;0;0
56;15;15;0;31.266906223678916;27.235734356284457;4.031171867394467
0;0;0;0;0.0;0.0;0.0
#auto generated file!
60;3;3;0;32.730851025463714;28.75612823865399;3.974722786809741;126.8078571428571;0.0;0;0
60;3;3;0;32.730851025463714;28.75612823865399;3.974722786809741
0;0;0;0;0.0;0.0;0.0
#auto generated file!
41;4;4;0;26.05693369272782;22.298067815769897;3.7588658769579273;124.09190476190483;0.0;0;0
41;4;4;0;26.05693369272782;22.298067815769897;3.7588658769579273
0;0;0;0;0.0;0.0;0.0
#auto generated file!
51;8;8;0;36.75183231411477;32.58806670336087;4.163765610753898;123.67999999999992;0.0;0;0
51;8;8;0;36.75183231411477;32.58806670336087;4.163765610753898
0;0;0;0;0.0;0.0;0.0
#auto generated file!
60;9;9;0;32.205321859196765;28.296613438776987;3.908708420419786;119.93499999999997;0.0;0;0
60;9;9;0;32.205321859196765;28.296613438776987;3.908708420419786
0;0;0;0;0.0;0.0;0.0
#auto generated file!
60;5;5;0;29.083398981324898;25.175546204229402;3.9078527770955023;103.85023809523823;0.0;0;0
60;5;5;0;29.083398981324898;25.175546204229402;3.9078527770955023
0;0;0;0;0.0;0.0;0.0
#auto generated file!
37;2;2;0;32.450465254302564;28.63763378715397;3.8128314671485986;106.49404761904754;0.0;0;0
37;2;2;0;32.450465254302564;28.63763378715397;3.8128314671485986
0;0;0;0;0.0;0.0;0.0
