#auto generated file!
56;25;2057;0;46.56602187940131;42.849525036154056;3.7164968432472247;179.892380952381;0.0;166;0
56;25;2057;0;0.0;0.0;0.0
0;0;0;0;0.0;0.0;0.0
#auto generated file!
46;36;2004;0;58.19300044375951;54.00166163004873;4.19133881371078;175.45238095238096;0.0;170;0
46;36;2004;0;0.0;0.0;0.0
0;0;0;0;0.0;0.0;0.0
#auto generated file!
35;31;2031;0;35.842686585980545;31.68096113071773;4.161725455262817;171.53380952380954;0.0;141;0
35;31;2031;0;0.0;0.0;0.0
0;0;0;0;0.0;0.0;0.0
#auto generated file!
28;25;1941;0;43.58085203344458;39.849712372475906;3.7311396609686844;173.3519047619048;0.0;174;0
28;25;1941;0;0.0;0.0;0.0
0;0;0;0;0.0;0.0;0.0
#auto generated file!
11;12;1871;0;20.861100408479686;16.932164385951715;3.9289360225279695;163.59190476190474;0.0;101;0
11;12;1871;0;0.0;0.0;0.0
0;0;0;0;0.0;0.0;0.0
#auto generated file!
25;19;1811;0;51.47368183390077;48.152914035444475;3.3207677984562975;149.74238095238098;0.0;23;0
25;19;1811;0;0.0;0.0;0.0
0;0;0;0;0.0;0.0;0.0
#auto generated file!
46;73;1848;0;95.1608560277882;91.6640191941311;3.496836833657093;203.60952380952358;0.0;615;0
46;73;1848;0;0.0;0.0;0.0
0;0;0;0;0.0;0.0;0.0
#auto generated file!
0;30;1997;0;0.0;0.0;0.0;149.36642857142857;0.0;7;0
0;30;1997;0;0.0;0.0;0.0
0;0;0;0;0.0;0.0;0.0
#auto generated file!
44;21;1890;0;45.93425430562755;42.08927861890328;3.844975686724273;173.34166666666644;0.0;123;0
44;21;1890;0;0.0;0.0;0.0
0;0;0;0;0.0;0.0;0.0
#auto generated file!
35;59;2091;0;65.14717739033553;60.97322458455949;4.173952805776003;174.8680952380952;0.0;257;0
35;59;2091;0;0.0;0.0;0.0
0;0;0;0;0.0;0.0;0.0
