#auto generated file!
45;2;2;0;11.302416524558147;7.453899555643799;3.848516968914348;19.39476190476188;0.0;0;0
45;2;2;0;11.302416524558147;7.453899555643799;3.848516968914348
0;0;0;0;0.0;0.0;0.0
#auto generated file!
16;0;0;0;8.808821917686775;4.601361456882021;4.207460460804754;34.02761904761903;0.0;0;0
16;0;0;0;8.808821917686775;4.601361456882021;4.207460460804754
0;0;0;0;0.0;0.0;0.0
#auto generated file!
27;1;1;0;8.122110472878223;4.36430980357239;3.757800669305832;30.139999999999993;0.0;0;0
27;1;1;0;8.122110472878223;4.36430980357239;3.757800669305832
0;0;0;0;0.0;0.0;0.0
#auto generated file!
37;1;1;0;7.407994287506498;3.4185623760592803;3.989431911447217;28.805952380952395;0.0;0;0
37;1;1;0;7.407994287506498;3.4185623760592803;3.989431911447217
0;0;0;0;0.0;0.0;0.0
#auto generated file!
15;1;1;0;7.1151955062369785;2.9120785514048917;4.203116954832087;19.835;0.0;0;0
15;1;1;0;7.1151955062369785;2.9120785514048917;4.203116954832087
0;0;0;0;0.0;0.0;0.0
#auto generated file!
22;2;2;0;6.618713104751441;2.595025921038474;4.023687183712966;32.3457142857143;0.0;0;0
22;2;2;0;6.618713104751441;2.595025921038474;4.023687183712966
0;0;0;0;0.0;0.0;0.0
#auto generated file!
47;4;4;0;7.532478658930367;3.498960387959882;4.033518270970485;23.658095238095218;0.0;0;0
47;4;4;0;7.532478658930367;3.498960387959882;4.033518270970485
0;0;0;0;0.0;0.0;0.0
#auto generated file!
21;4;4;0;6.641196794426585;3.008552415554204;3.6326443788723815;32.693333333333335;0.0;0;0
21;4;4;0;6.641196794426585;3.008552415554204;3.6326443788723815
0;0;0;0;0.0;0.0;0.0
#auto generated file!
26;1;1;0;6.96779607270526;3.2247420039249284;3.743054068780332;14.187619047619044;0.0;0;0
26;1;1;0;6.96779607270526;3.2247420039249284;3.743054068780332
0;0;0;0;0.0;0.0;0.0
#auto generated file!
24;0;0;0;6.884115044592487;2.8447519990288623;4.039363045563622;25.02690476190474;0.0;0;0
24;0;0;0;6.884115044592487;2.8447519990288623;4.039363045563622
0;0;0;0;0.0;0.0;0.0
