#auto generated file!
60.0;147;0;53
60.599999999999994;155;0;45
61.199999999999996;153;0;47
61.8;152;0;48
62.4;160;0;40
63.0;159;0;41
63.599999999999994;150;0;50
64.2;154;0;46
64.8;160;0;40
65.39999999999999;147;0;53
66.0;159;0;41
66.6;153;0;47
67.2;156;0;44
67.8;151;0;49
68.39999999999999;147;0;53
69.0;139;0;61
69.6;144;0;56
70.2;137;0;63
70.8;148;0;52
71.39999999999999;140;0;60
72.0;137;0;63
72.6;153;0;47
73.2;147;0;53
73.8;157;0;43
74.39999999999999;145;0;55
75.0;147;0;53
75.6;155;0;45
76.2;147;0;53
76.8;147;0;53
77.39999999999999;151;0;49
78.0;147;0;53
78.6;141;0;59
79.2;148;0;52
79.8;150;0;50
80.39999999999999;146;0;54
81.0;143;0;57
81.6;143;0;57
82.2;154;0;46
82.8;147;0;53
83.39999999999999;141;0;59
84.0;146;0;54
84.6;143;0;57
85.2;147;0;53
85.8;154;0;46
86.39999999999999;148;0;52
87.0;155;0;45
87.6;153;0;47
88.2;155;0;45
88.8;154;0;46
89.39999999999999;154;0;46
90.0;158;0;42
90.6;158;0;42
91.2;161;0;39
91.8;148;0;52
92.39999999999999;147;0;53
93.0;147;0;53
93.6;146;0;54
94.2;151;0;49
94.8;158;0;42
95.39999999999999;155;0;45
96.0;161;0;39
96.6;157;0;43
97.2;145;0;55
97.8;146;0;54
98.39999999999999;140;0;60
99.0;151;0;49
99.6;149;0;51
100.2;144;0;56
100.8;149;0;51
101.39999999999999;147;0;53
102.0;148;0;52
102.6;149;0;51
103.2;146;0;54
103.8;148;0;52
104.39999999999999;148;0;52
105.0;141;0;59
105.6;153;0;47
106.2;154;0;46
106.8;153;0;47
107.39999999999999;151;0;49
108.0;145;0;55
108.6;137;0;63
109.2;144;0;56
109.8;145;0;55
110.39999999999999;150;0;50
111.0;151;0;49
111.6;151;0;49
112.2;156;0;44
112.8;135;0;65
113.39999999999999;149;0;51
114.0;146;0;54
114.6;150;0;50
115.19999999999999;143;0;57
115.8;140;0;60
116.39999999999999;139;0;61
117.0;149;0;51
117.6;152;0;48
118.19999999999999;141;0;59
118.8;146;0;54
119.39999999999999;159;0;41
120.0;150;0;50
120.6;148;0;52
121.19999999999999;152;0;48
121.8;155;0;45
122.39999999999999;150;0;50
123.0;144;0;56
123.6;148;0;52
124.19999999999999;151;0;49
124.8;148;0;52
125.39999999999999;161;0;39
126.0;143;0;57
126.6;153;0;47
127.19999999999999;142;0;58
127.8;139;0;61
128.4;157;0;43
129.0;163;0;37
129.6;150;0;50
130.2;157;0;43
130.79999999999998;142;0;58
131.4;152;0;48
132.0;146;0;54
132.6;141;0;59
133.2;138;0;62
133.79999999999998;143;0;57
134.4;138;0;62
135.0;139;0;61
135.6;143;0;57
136.2;148;0;52
136.79999999999998;150;0;50
137.4;154;0;46
138.0;150;0;50
138.6;157;0;43
139.2;152;0;48
139.79999999999998;149;0;51
140.4;149;0;51
141.0;148;0;52
141.6;150;0;50
142.2;145;0;55
142.79999999999998;147;0;53
143.4;139;0;61
144.0;139;0;61
144.6;149;0;51
145.2;153;0;47
145.79999999999998;143;0;57
146.4;147;0;53
147.0;155;0;45
147.6;154;0;46
148.2;146;0;54
148.79999999999998;153;0;47
149.4;151;0;49
150.0;147;0;53
150.6;145;0;55
151.2;145;0;55
151.79999999999998;143;0;57
152.4;154;0;46
153.0;149;0;51
153.6;143;0;57
154.2;153;0;47
154.79999999999998;151;0;49
155.4;149;0;51
156.0;154;0;46
156.6;149;0;51
157.2;150;0;50
157.79999999999998;148;0;52
158.4;142;0;58
159.0;145;0;55
159.6;136;0;64
160.2;145;0;55
160.79999999999998;146;0;54
161.4;152;0;48
162.0;151;0;49
162.6;165;0;35
163.2;151;0;49
163.79999999999998;152;0;48
164.4;143;0;57
165.0;154;0;46
165.6;154;0;46
166.2;163;0;37
166.79999999999998;155;0;45
167.4;150;0;50
168.0;154;0;46
168.6;150;0;50
169.2;141;0;59
169.79999999999998;157;0;43
170.4;146;0;54
171.0;148;0;52
171.6;146;0;54
172.2;149;0;51
172.79999999999998;151;0;49
173.4;145;0;55
174.0;137;0;63
174.6;132;0;68
175.2;140;0;60
175.79999999999998;142;0;58
176.4;150;0;50
177.0;164;0;36
177.6;157;0;43
178.2;143;0;57
178.79999999999998;154;0;46
179.4;160;0;40
180.0;157;0;43
180.6;153;0;47
181.2;154;0;46
181.79999999999998;158;0;42
182.4;158;0;42
183.0;153;0;47
183.6;146;0;54
184.2;138;0;62
184.79999999999998;141;0;59
185.4;144;0;56
186.0;144;0;56
186.6;151;0;49
187.2;149;0;51
187.79999999999998;148;0;52
188.4;153;0;47
189.0;150;0;50
189.6;143;0;57
190.2;150;0;50
190.79999999999998;144;0;56
191.4;146;0;54
192.0;145;0;55
192.6;146;0;54
193.2;153;0;47
193.79999999999998;155;0;45
194.4;155;0;45
195.0;151;0;49
195.6;160;0;40
196.2;151;0;49
196.79999999999998;146;0;54
197.4;147;0;53
198.0;147;0;53
198.6;136;0;64
199.2;145;0;55
199.79999999999998;158;0;42
200.4;152;0;48
201.0;148;0;52
201.6;147;0;53
202.2;152;0;48
202.79999999999998;152;0;48
203.4;152;0;48
204.0;146;0;54
204.6;149;0;51
205.2;145;0;55
205.79999999999998;147;0;53
206.4;150;0;50
207.0;160;0;40
207.6;163;0;37
208.2;166;0;34
208.79999999999998;168;0;32
209.4;147;0;53
210.0;149;0;51
210.6;146;0;54
211.2;149;0;51
211.79999999999998;142;0;58
212.4;146;0;54
213.0;155;0;45
213.6;147;0;53
214.2;142;0;58
214.79999999999998;145;0;55
215.4;157;0;43
216.0;152;0;48
216.6;140;0;60
217.2;143;0;57
217.79999999999998;137;0;63
218.4;147;0;53
219.0;143;0;57
219.6;150;0;50
220.2;146;0;54
220.79999999999998;153;0;47
221.4;156;0;44
222.0;149;0;51
222.6;157;0;43
223.2;158;0;42
223.79999999999998;161;0;39
224.4;159;0;41
225.0;152;0;48
225.6;143;0;57
226.2;147;0;53
226.79999999999998;148;0;52
227.4;146;0;54
228.0;139;0;61
228.6;146;0;54
229.2;145;0;55
229.79999999999998;152;0;48
230.39999999999998;154;0;46
231.0;150;0;50
231.6;151;0;49
232.2;145;0;55
232.79999999999998;145;0;55
233.39999999999998;146;0;54
234.0;147;0;53
234.6;146;0;54
235.2;151;0;49
235.79999999999998;151;0;49
236.39999999999998;146;0;54
237.0;153;0;47
237.6;142;0;58
238.2;160;0;40
238.79999999999998;151;0;49
239.39999999999998;152;0;48
240.0;147;0;53
240.6;149;0;51
241.2;158;0;42
241.79999999999998;149;0;51
242.39999999999998;152;0;48
243.0;149;0;51
243.6;146;0;54
244.2;148;0;52
244.79999999999998;143;0;57
245.39999999999998;142;0;58
246.0;148;0;52
246.6;145;0;55
247.2;151;0;49
247.79999999999998;146;0;54
248.39999999999998;132;0;68
249.0;138;0;62
249.6;147;0;53
250.2;155;0;45
250.79999999999998;156;0;44
251.39999999999998;146;0;54
252.0;156;0;44
252.6;154;0;46
253.2;156;0;44
253.79999999999998;153;0;47
254.39999999999998;160;0;40
255.0;162;0;38
255.6;160;0;40
256.2;154;0;46
256.8;151;0;49
257.4;153;0;47
258.0;155;0;45
258.59999999999997;155;0;45
259.2;160;0;40
259.8;142;0;58
260.4;157;0;43
261.0;143;0;57
261.59999999999997;145;0;55
262.2;158;0;42
262.8;144;0;56
263.4;146;0;54
264.0;146;0;54
264.59999999999997;146;0;54
265.2;145;0;55
265.8;149;0;51
266.4;149;0;51
267.0;147;0;53
267.59999999999997;151;0;49
268.2;146;0;54
268.8;152;0;48
269.4;158;0;42
270.0;155;0;45
270.59999999999997;156;0;44
271.2;154;0;46
271.8;147;0;53
272.4;149;0;51
273.0;146;0;54
273.59999999999997;147;0;53
274.2;150;0;50
274.8;152;0;48
275.4;159;0;41
276.0;165;0;35
276.59999999999997;147;0;53
277.2;152;0;48
277.8;151;0;49
278.4;152;0;48
279.0;156;0;44
279.59999999999997;156;0;44
280.2;154;0;46
280.8;150;0;50
281.4;156;0;44
282.0;152;0;48
282.59999999999997;145;0;55
283.2;140;0;60
283.8;151;0;49
284.4;147;0;53
285.0;151;0;49
285.59999999999997;150;0;50
286.2;147;0;53
286.8;146;0;54
287.4;149;0;51
288.0;150;0;50
288.59999999999997;148;0;52
289.2;148;0;52
289.8;151;0;49
290.4;158;0;42
291.0;169;0;31
291.59999999999997;155;0;45
292.2;145;0;55
292.8;134;0;66
293.4;148;0;52
294.0;154;0;46
294.59999999999997;157;0;43
295.2;160;0;40
295.8;148;0;52
296.4;147;0;53
297.0;157;0;43
297.59999999999997;147;0;53
298.2;148;0;52
298.8;159;0;41
299.4;155;0;45
#auto generated file!
60.0;152;0;48
60.599999999999994;141;0;59
61.199999999999996;137;0;63
61.8;142;0;58
62.4;149;0;51
63.0;154;0;46
63.599999999999994;156;0;44
64.2;152;0;48
64.8;155;0;45
65.39999999999999;151;0;49
66.0;150;0;50
66.6;153;0;47
67.2;152;0;48
67.8;143;0;57
68.39999999999999;145;0;55
69.0;144;0;56
69.6;151;0;49
70.2;156;0;44
70.8;156;0;44
71.39999999999999;152;0;48
72.0;150;0;50
72.6;147;0;53
73.2;140;0;60
73.8;150;0;50
74.39999999999999;148;0;52
75.0;152;0;48
75.6;146;0;54
76.2;146;0;54
76.8;142;0;58
77.39999999999999;155;0;45
78.0;171;0;29
78.6;166;0;34
79.2;152;0;48
79.8;145;0;55
80.39999999999999;151;0;49
81.0;146;0;54
81.6;153;0;47
82.2;154;0;46
82.8;144;0;56
83.39999999999999;143;0;57
84.0;146;0;54
84.6;152;0;48
85.2;155;0;45
85.8;152;0;48
86.39999999999999;154;0;46
87.0;153;0;47
87.6;153;0;47
88.2;152;0;48
88.8;148;0;52
89.39999999999999;150;0;50
90.0;152;0;48
90.6;152;0;48
91.2;148;0;52
91.8;143;0;57
92.39999999999999;142;0;58
93.0;148;0;52
93.6;148;0;52
94.2;148;0;52
94.8;156;0;44
95.39999999999999;148;0;52
96.0;133;0;67
96.6;140;0;60
97.2;142;0;58
97.8;149;0;51
98.39999999999999;138;0;62
99.0;149;0;51
99.6;153;0;47
100.2;151;0;49
100.8;151;0;49
101.39999999999999;149;0;51
102.0;146;0;54
102.6;152;0;48
103.2;154;0;46
103.8;148;0;52
104.39999999999999;149;0;51
105.0;146;0;54
105.6;150;0;50
106.2;161;0;39
106.8;159;0;41
107.39999999999999;152;0;48
108.0;149;0;51
108.6;151;0;49
109.2;153;0;47
109.8;152;0;48
110.39999999999999;159;0;41
111.0;154;0;46
111.6;152;0;48
112.2;150;0;50
112.8;150;0;50
113.39999999999999;145;0;55
114.0;144;0;56
114.6;135;0;65
115.19999999999999;143;0;57
115.8;141;0;59
116.39999999999999;145;0;55
117.0;140;0;60
117.6;143;0;57
118.19999999999999;156;0;44
118.8;151;0;49
119.39999999999999;155;0;45
120.0;155;0;45
120.6;147;0;53
121.19999999999999;153;0;47
121.8;156;0;44
122.39999999999999;154;0;46
123.0;152;0;48
123.6;152;0;48
124.19999999999999;164;0;36
124.8;153;0;47
125.39999999999999;140;0;60
126.0;151;0;49
126.6;145;0;55
127.19999999999999;149;0;51
127.8;147;0;53
128.4;148;0;52
129.0;152;0;48
129.6;142;0;58
130.2;154;0;46
130.79999999999998;140;0;60
131.4;157;0;43
132.0;149;0;51
132.6;154;0;46
133.2;146;0;54
133.79999999999998;148;0;52
134.4;156;0;44
135.0;144;0;56
135.6;144;0;56
136.2;145;0;55
136.79999999999998;142;0;58
137.4;148;0;52
138.0;140;0;60
138.6;149;0;51
139.2;152;0;48
139.79999999999998;144;0;56
140.4;145;0;55
141.0;145;0;55
141.6;148;0;52
142.2;148;0;52
142.79999999999998;146;0;54
143.4;149;0;51
144.0;151;0;49
144.6;156;0;44
145.2;153;0;47
145.79999999999998;149;0;51
146.4;148;0;52
147.0;146;0;54
147.6;137;0;63
148.2;138;0;62
148.79999999999998;147;0;53
149.4;142;0;58
150.0;150;0;50
150.6;152;0;48
151.2;147;0;53
151.79999999999998;155;0;45
152.4;163;0;37
153.0;160;0;40
153.6;147;0;53
154.2;158;0;42
154.79999999999998;147;0;53
155.4;148;0;52
156.0;146;0;54
156.6;151;0;49
157.2;156;0;44
157.79999999999998;152;0;48
158.4;149;0;51
159.0;152;0;48
159.6;147;0;53
160.2;150;0;50
160.79999999999998;153;0;47
161.4;165;0;35
162.0;160;0;40
162.6;147;0;53
163.2;154;0;46
163.79999999999998;150;0;50
164.4;149;0;51
165.0;156;0;44
165.6;151;0;49
166.2;143;0;57
166.79999999999998;146;0;54
167.4;142;0;58
168.0;141;0;59
168.6;150;0;50
169.2;140;0;60
169.79999999999998;137;0;63
170.4;144;0;56
171.0;145;0;55
171.6;158;0;42
172.2;148;0;52
172.79999999999998;153;0;47
173.4;153;0;47
174.0;150;0;50
174.6;152;0;48
175.2;158;0;42
175.79999999999998;159;0;41
176.4;165;0;35
177.0;165;0;35
177.6;152;0;48
178.2;157;0;43
178.79999999999998;159;0;41
179.4;153;0;47
180.0;144;0;56
180.6;149;0;51
181.2;153;0;47
181.79999999999998;156;0;44
182.4;154;0;46
183.0;155;0;45
183.6;161;0;39
184.2;156;0;44
184.79999999999998;158;0;42
185.4;159;0;41
186.0;152;0;48
186.6;149;0;51
187.2;144;0;56
187.79999999999998;140;0;60
188.4;155;0;45
189.0;145;0;55
189.6;145;0;55
190.2;146;0;54
190.79999999999998;145;0;55
191.4;143;0;57
192.0;146;0;54
192.6;144;0;56
193.2;151;0;49
193.79999999999998;148;0;52
194.4;145;0;55
195.0;152;0;48
195.6;147;0;53
196.2;146;0;54
196.79999999999998;149;0;51
197.4;158;0;42
198.0;161;0;39
198.6;151;0;49
199.2;155;0;45
199.79999999999998;148;0;52
200.4;139;0;61
201.0;157;0;43
201.6;152;0;48
202.2;159;0;41
202.79999999999998;160;0;40
203.4;154;0;46
204.0;151;0;49
204.6;145;0;55
205.2;149;0;51
205.79999999999998;154;0;46
206.4;152;0;48
207.0;145;0;55
207.6;144;0;56
208.2;148;0;52
208.79999999999998;142;0;58
209.4;141;0;59
210.0;146;0;54
210.6;143;0;57
211.2;150;0;50
211.79999999999998;145;0;55
212.4;150;0;50
213.0;142;0;58
213.6;141;0;59
214.2;150;0;50
214.79999999999998;148;0;52
215.4;149;0;51
216.0;145;0;55
216.6;151;0;49
217.2;153;0;47
217.79999999999998;144;0;56
218.4;144;0;56
219.0;147;0;53
219.6;155;0;45
220.2;155;0;45
220.79999999999998;165;0;35
221.4;159;0;41
222.0;154;0;46
222.6;151;0;49
223.2;143;0;57
223.79999999999998;148;0;52
224.4;142;0;58
225.0;155;0;45
225.6;159;0;41
226.2;153;0;47
226.79999999999998;148;0;52
227.4;141;0;59
228.0;140;0;60
228.6;140;0;60
229.2;149;0;51
229.79999999999998;144;0;56
230.39999999999998;140;0;60
231.0;143;0;57
231.6;152;0;48
232.2;142;0;58
232.79999999999998;142;0;58
233.39999999999998;152;0;48
234.0;154;0;46
234.6;158;0;42
235.2;153;0;47
235.79999999999998;150;0;50
236.39999999999998;156;0;44
237.0;151;0;49
237.6;155;0;45
238.2;150;0;50
238.79999999999998;164;0;36
239.39999999999998;163;0;37
240.0;167;0;33
240.6;153;0;47
241.2;154;0;46
241.79999999999998;155;0;45
242.39999999999998;164;0;36
243.0;148;0;52
243.6;142;0;58
244.2;153;0;47
244.79999999999998;147;0;53
245.39999999999998;156;0;44
246.0;153;0;47
246.6;154;0;46
247.2;151;0;49
247.79999999999998;149;0;51
248.39999999999998;153;0;47
249.0;150;0;50
249.6;150;0;50
250.2;147;0;53
250.79999999999998;145;0;55
251.39999999999998;154;0;46
252.0;147;0;53
252.6;150;0;50
253.2;151;0;49
253.79999999999998;144;0;56
254.39999999999998;137;0;63
255.0;142;0;58
255.6;145;0;55
256.2;151;0;49
256.8;151;0;49
257.4;146;0;54
258.0;153;0;47
258.59999999999997;154;0;46
259.2;151;0;49
259.8;151;0;49
260.4;149;0;51
261.0;149;0;51
261.59999999999997;156;0;44
262.2;151;0;49
262.8;150;0;50
263.4;154;0;46
264.0;151;0;49
264.59999999999997;144;0;56
265.2;153;0;47
265.8;146;0;54
266.4;159;0;41
267.0;152;0;48
267.59999999999997;144;0;56
268.2;154;0;46
268.8;150;0;50
269.4;152;0;48
270.0;145;0;55
270.59999999999997;152;0;48
271.2;153;0;47
271.8;155;0;45
272.4;145;0;55
273.0;145;0;55
273.59999999999997;138;0;62
274.2;137;0;63
274.8;143;0;57
275.4;155;0;45
276.0;158;0;42
276.59999999999997;146;0;54
277.2;146;0;54
277.8;145;0;55
278.4;153;0;47
279.0;149;0;51
279.59999999999997;149;0;51
280.2;143;0;57
280.8;140;0;60
281.4;140;0;60
282.0;153;0;47
282.59999999999997;145;0;55
283.2;145;0;55
283.8;137;0;63
284.4;154;0;46
285.0;162;0;38
285.59999999999997;161;0;39
286.2;155;0;45
286.8;153;0;47
287.4;156;0;44
288.0;158;0;42
288.59999999999997;142;0;58
289.2;147;0;53
289.8;153;0;47
290.4;159;0;41
291.0;159;0;41
291.59999999999997;162;0;38
292.2;155;0;45
292.8;154;0;46
293.4;154;0;46
294.0;156;0;44
294.59999999999997;146;0;54
295.2;145;0;55
295.8;148;0;52
296.4;153;0;47
297.0;151;0;49
297.59999999999997;149;0;51
298.2;152;0;48
298.8;148;0;52
299.4;152;0;48
#auto generated file!
60.0;152;0;48
60.599999999999994;149;0;51
61.199999999999996;142;0;58
61.8;141;0;59
62.4;150;0;50
63.0;147;0;53
63.599999999999994;155;0;45
64.2;154;0;46
64.8;151;0;49
65.39999999999999;154;0;46
66.0;143;0;57
66.6;152;0;48
67.2;149;0;51
67.8;147;0;53
68.39999999999999;160;0;40
69.0;159;0;41
69.6;154;0;46
70.2;154;0;46
70.8;159;0;41
71.39999999999999;162;0;38
72.0;152;0;48
72.6;149;0;51
73.2;151;0;49
73.8;155;0;45
74.39999999999999;156;0;44
75.0;143;0;57
75.6;146;0;54
76.2;149;0;51
76.8;151;0;49
77.39999999999999;155;0;45
78.0;154;0;46
78.6;136;0;64
79.2;139;0;61
79.8;150;0;50
80.39999999999999;155;0;45
81.0;144;0;56
81.6;141;0;59
82.2;149;0;51
82.8;143;0;57
83.39999999999999;149;0;51
84.0;149;0;51
84.6;149;0;51
85.2;144;0;56
85.8;154;0;46
86.39999999999999;154;0;46
87.0;146;0;54
87.6;154;0;46
88.2;148;0;52
88.8;146;0;54
89.39999999999999;153;0;47
90.0;152;0;48
90.6;147;0;53
91.2;144;0;56
91.8;147;0;53
92.39999999999999;144;0;56
93.0;141;0;59
93.6;141;0;59
94.2;152;0;48
94.8;156;0;44
95.39999999999999;160;0;40
96.0;152;0;48
96.6;148;0;52
97.2;141;0;59
97.8;149;0;51
98.39999999999999;154;0;46
99.0;159;0;41
99.6;154;0;46
100.2;158;0;42
100.8;152;0;48
101.39999999999999;154;0;46
102.0;153;0;47
102.6;149;0;51
103.2;153;0;47
103.8;146;0;54
104.39999999999999;156;0;44
105.0;153;0;47
105.6;152;0;48
106.2;158;0;42
106.8;156;0;44
107.39999999999999;151;0;49
108.0;153;0;47
108.6;155;0;45
109.2;154;0;46
109.8;151;0;49
110.39999999999999;151;0;49
111.0;141;0;59
111.6;149;0;51
112.2;154;0;46
112.8;158;0;42
113.39999999999999;155;0;45
114.0;150;0;50
114.6;157;0;43
115.19999999999999;155;0;45
115.8;155;0;45
116.39999999999999;150;0;50
117.0;151;0;49
117.6;154;0;46
118.19999999999999;163;0;37
118.8;152;0;48
119.39999999999999;153;0;47
120.0;157;0;43
120.6;150;0;50
121.19999999999999;146;0;54
121.8;145;0;55
122.39999999999999;141;0;59
123.0;145;0;55
123.6;140;0;60
124.19999999999999;142;0;58
124.8;146;0;54
125.39999999999999;161;0;39
126.0;149;0;51
126.6;140;0;60
127.19999999999999;139;0;61
127.8;134;0;66
128.4;140;0;60
129.0;148;0;52
129.6;144;0;56
130.2;152;0;48
130.79999999999998;155;0;45
131.4;152;0;48
132.0;149;0;51
132.6;143;0;57
133.2;141;0;59
133.79999999999998;145;0;55
134.4;143;0;57
135.0;142;0;58
135.6;144;0;56
136.2;139;0;61
136.79999999999998;140;0;60
137.4;149;0;51
138.0;156;0;44
138.6;156;0;44
139.2;157;0;43
139.79999999999998;154;0;46
140.4;163;0;37
141.0;154;0;46
141.6;153;0;47
142.2;148;0;52
142.79999999999998;151;0;49
143.4;151;0;49
144.0;157;0;43
144.6;154;0;46
145.2;156;0;44
145.79999999999998;155;0;45
146.4;154;0;46
147.0;153;0;47
147.6;149;0;51
148.2;146;0;54
148.79999999999998;157;0;43
149.4;149;0;51
150.0;155;0;45
150.6;151;0;49
151.2;149;0;51
151.79999999999998;160;0;40
152.4;147;0;53
153.0;149;0;51
153.6;150;0;50
154.2;169;0;31
154.79999999999998;163;0;37
155.4;150;0;50
156.0;146;0;54
156.6;150;0;50
157.2;151;0;49
157.79999999999998;151;0;49
158.4;146;0;54
159.0;157;0;43
159.6;153;0;47
160.2;152;0;48
160.79999999999998;154;0;46
161.4;155;0;45
162.0;155;0;45
162.6;152;0;48
163.2;147;0;53
163.79999999999998;136;0;64
164.4;138;0;62
165.0;143;0;57
165.6;141;0;59
166.2;139;0;61
166.79999999999998;144;0;56
167.4;140;0;60
168.0;154;0;46
168.6;158;0;42
169.2;152;0;48
169.79999999999998;151;0;49
170.4;157;0;43
171.0;150;0;50
171.6;167;0;33
172.2;159;0;41
172.79999999999998;150;0;50
173.4;157;0;43
174.0;157;0;43
174.6;150;0;50
175.2;149;0;51
175.79999999999998;152;0;48
176.4;151;0;49
177.0;152;0;48
177.6;155;0;45
178.2;154;0;46
178.79999999999998;153;0;47
179.4;154;0;46
180.0;161;0;39
180.6;168;0;32
181.2;162;0;38
181.79999999999998;158;0;42
182.4;160;0;40
183.0;158;0;42
183.6;159;0;41
184.2;150;0;50
184.79999999999998;155;0;45
185.4;157;0;43
186.0;145;0;55
186.6;144;0;56
187.2;143;0;57
187.79999999999998;149;0;51
188.4;147;0;53
189.0;151;0;49
189.6;146;0;54
190.2;145;0;55
190.79999999999998;148;0;52
191.4;140;0;60
192.0;142;0;58
192.6;151;0;49
193.2;152;0;48
193.79999999999998;139;0;61
194.4;145;0;55
195.0;152;0;48
195.6;150;0;50
196.2;151;0;49
196.79999999999998;143;0;57
197.4;145;0;55
198.0;147;0;53
198.6;154;0;46
199.2;154;0;46
199.79999999999998;156;0;44
200.4;158;0;42
201.0;159;0;41
201.6;146;0;54
202.2;150;0;50
202.79999999999998;155;0;45
203.4;144;0;56
204.0;155;0;45
204.6;152;0;48
205.2;159;0;41
205.79999999999998;156;0;44
206.4;149;0;51
207.0;150;0;50
207.6;144;0;56
208.2;146;0;54
208.79999999999998;143;0;57
209.4;158;0;42
210.0;159;0;41
210.6;157;0;43
211.2;155;0;45
211.79999999999998;154;0;46
212.4;151;0;49
213.0;152;0;48
213.6;151;0;49
214.2;151;0;49
214.79999999999998;151;0;49
215.4;156;0;44
216.0;160;0;40
216.6;148;0;52
217.2;158;0;42
217.79999999999998;157;0;43
218.4;147;0;53
219.0;155;0;45
219.6;158;0;42
220.2;157;0;43
220.79999999999998;162;0;38
221.4;152;0;48
222.0;148;0;52
222.6;151;0;49
223.2;160;0;40
223.79999999999998;158;0;42
224.4;152;0;48
225.0;153;0;47
225.6;152;0;48
226.2;153;0;47
226.79999999999998;147;0;53
227.4;151;0;49
228.0;155;0;45
228.6;157;0;43
229.2;157;0;43
229.79999999999998;147;0;53
230.39999999999998;149;0;51
231.0;150;0;50
231.6;149;0;51
232.2;152;0;48
232.79999999999998;153;0;47
233.39999999999998;143;0;57
234.0;149;0;51
234.6;139;0;61
235.2;146;0;54
235.79999999999998;140;0;60
236.39999999999998;148;0;52
237.0;142;0;58
237.6;142;0;58
238.2;136;0;64
238.79999999999998;145;0;55
239.39999999999998;135;0;65
240.0;136;0;64
240.6;142;0;58
241.2;141;0;59
241.79999999999998;142;0;58
242.39999999999998;146;0;54
243.0;154;0;46
243.6;155;0;45
244.2;147;0;53
244.79999999999998;154;0;46
245.39999999999998;152;0;48
246.0;146;0;54
246.6;142;0;58
247.2;154;0;46
247.79999999999998;154;0;46
248.39999999999998;155;0;45
249.0;151;0;49
249.6;164;0;36
250.2;158;0;42
250.79999999999998;161;0;39
251.39999999999998;149;0;51
252.0;150;0;50
252.6;146;0;54
253.2;148;0;52
253.79999999999998;150;0;50
254.39999999999998;147;0;53
255.0;142;0;58
255.6;150;0;50
256.2;142;0;58
256.8;150;0;50
257.4;153;0;47
258.0;157;0;43
258.59999999999997;156;0;44
259.2;152;0;48
259.8;141;0;59
260.4;153;0;47
261.0;144;0;56
261.59999999999997;156;0;44
262.2;154;0;46
262.8;158;0;42
263.4;163;0;37
264.0;156;0;44
264.59999999999997;149;0;51
265.2;157;0;43
265.8;147;0;53
266.4;144;0;56
267.0;142;0;58
267.59999999999997;152;0;48
268.2;152;0;48
268.8;155;0;45
269.4;147;0;53
270.0;142;0;58
270.59999999999997;145;0;55
271.2;150;0;50
271.8;155;0;45
272.4;151;0;49
273.0;151;0;49
273.59999999999997;144;0;56
274.2;145;0;55
274.8;145;0;55
275.4;150;0;50
276.0;149;0;51
276.59999999999997;153;0;47
277.2;148;0;52
277.8;138;0;62
278.4;142;0;58
279.0;153;0;47
279.59999999999997;152;0;48
280.2;150;0;50
280.8;148;0;52
281.4;153;0;47
282.0;159;0;41
282.59999999999997;156;0;44
283.2;157;0;43
283.8;152;0;48
284.4;157;0;43
285.0;159;0;41
285.59999999999997;145;0;55
286.2;150;0;50
286.8;152;0;48
287.4;141;0;59
288.0;141;0;59
288.59999999999997;140;0;60
289.2;138;0;62
289.8;141;0;59
290.4;148;0;52
291.0;152;0;48
291.59999999999997;148;0;52
292.2;152;0;48
292.8;148;0;52
293.4;137;0;63
294.0;135;0;65
294.59999999999997;150;0;50
295.2;151;0;49
295.8;144;0;56
296.4;148;0;52
297.0;146;0;54
297.59999999999997;150;0;50
298.2;158;0;42
298.8;151;0;49
299.4;144;0;56
#auto generated file!
60.0;148;0;52
60.599999999999994;151;0;49
61.199999999999996;153;0;47
61.8;150;0;50
62.4;147;0;53
63.0;139;0;61
63.599999999999994;148;0;52
64.2;148;0;52
64.8;153;0;47
65.39999999999999;157;0;43
66.0;146;0;54
66.6;141;0;59
67.2;148;0;52
67.8;153;0;47
68.39999999999999;148;0;52
69.0;142;0;58
69.6;146;0;54
70.2;146;0;54
70.8;150;0;50
71.39999999999999;165;0;35
72.0;161;0;39
72.6;154;0;46
73.2;159;0;41
73.8;158;0;42
74.39999999999999;152;0;48
75.0;153;0;47
75.6;149;0;51
76.2;159;0;41
76.8;147;0;53
77.39999999999999;157;0;43
78.0;151;0;49
78.6;157;0;43
79.2;152;0;48
79.8;147;0;53
80.39999999999999;147;0;53
81.0;154;0;46
81.6;147;0;53
82.2;153;0;47
82.8;146;0;54
83.39999999999999;150;0;50
84.0;154;0;46
84.6;149;0;51
85.2;155;0;45
85.8;147;0;53
86.39999999999999;147;0;53
87.0;145;0;55
87.6;141;0;59
88.2;145;0;55
88.8;147;0;53
89.39999999999999;137;0;63
90.0;136;0;64
90.6;144;0;56
91.2;147;0;53
91.8;153;0;47
92.39999999999999;161;0;39
93.0;155;0;45
93.6;151;0;49
94.2;149;0;51
94.8;157;0;43
95.39999999999999;143;0;57
96.0;149;0;51
96.6;137;0;63
97.2;147;0;53
97.8;150;0;50
98.39999999999999;159;0;41
99.0;152;0;48
99.6;155;0;45
100.2;139;0;61
100.8;149;0;51
101.39999999999999;153;0;47
102.0;161;0;39
102.6;147;0;53
103.2;145;0;55
103.8;143;0;57
104.39999999999999;143;0;57
105.0;149;0;51
105.6;159;0;41
106.2;161;0;39
106.8;154;0;46
107.39999999999999;149;0;51
108.0;148;0;52
108.6;154;0;46
109.2;152;0;48
109.8;152;0;48
110.39999999999999;149;0;51
111.0;145;0;55
111.6;140;0;60
112.2;142;0;58
112.8;138;0;62
113.39999999999999;142;0;58
114.0;145;0;55
114.6;151;0;49
115.19999999999999;142;0;58
115.8;152;0;48
116.39999999999999;156;0;44
117.0;150;0;50
117.6;150;0;50
118.19999999999999;147;0;53
118.8;146;0;54
119.39999999999999;155;0;45
120.0;160;0;40
120.6;154;0;46
121.19999999999999;151;0;49
121.8;153;0;47
122.39999999999999;152;0;48
123.0;159;0;41
123.6;164;0;36
124.19999999999999;154;0;46
124.8;156;0;44
125.39999999999999;158;0;42
126.0;149;0;51
126.6;154;0;46
127.19999999999999;153;0;47
127.8;156;0;44
128.4;151;0;49
129.0;156;0;44
129.6;158;0;42
130.2;154;0;46
130.79999999999998;149;0;51
131.4;155;0;45
132.0;156;0;44
132.6;155;0;45
133.2;149;0;51
133.79999999999998;136;0;64
134.4;143;0;57
135.0;155;0;45
135.6;154;0;46
136.2;152;0;48
136.79999999999998;154;0;46
137.4;164;0;36
138.0;156;0;44
138.6;152;0;48
139.2;153;0;47
139.79999999999998;151;0;49
140.4;144;0;56
141.0;144;0;56
141.6;144;0;56
142.2;158;0;42
142.79999999999998;158;0;42
143.4;167;0;33
144.0;160;0;40
144.6;151;0;49
145.2;154;0;46
145.79999999999998;155;0;45
146.4;165;0;35
147.0;150;0;50
147.6;151;0;49
148.2;150;0;50
148.79999999999998;144;0;56
149.4;149;0;51
150.0;143;0;57
150.6;152;0;48
151.2;144;0;56
151.79999999999998;144;0;56
152.4;149;0;51
153.0;146;0;54
153.6;148;0;52
154.2;147;0;53
154.79999999999998;150;0;50
155.4;150;0;50
156.0;144;0;56
156.6;145;0;55
157.2;151;0;49
157.79999999999998;149;0;51
158.4;155;0;45
159.0;159;0;41
159.6;156;0;44
160.2;156;0;44
160.79999999999998;153;0;47
161.4;145;0;55
162.0;136;0;64
162.6;148;0;52
163.2;146;0;54
163.79999999999998;142;0;58
164.4;149;0;51
165.0;149;0;51
165.6;145;0;55
166.2;161;0;39
166.79999999999998;149;0;51
167.4;153;0;47
168.0;154;0;46
168.6;152;0;48
169.2;147;0;53
169.79999999999998;151;0;49
170.4;144;0;56
171.0;144;0;56
171.6;135;0;65
172.2;136;0;64
172.79999999999998;137;0;63
173.4;137;0;63
174.0;150;0;50
174.6;150;0;50
175.2;153;0;47
175.79999999999998;153;0;47
176.4;155;0;45
177.0;148;0;52
177.6;151;0;49
178.2;148;0;52
178.79999999999998;150;0;50
179.4;153;0;47
180.0;145;0;55
180.6;154;0;46
181.2;149;0;51
181.79999999999998;148;0;52
182.4;146;0;54
183.0;149;0;51
183.6;144;0;56
184.2;139;0;61
184.79999999999998;146;0;54
185.4;154;0;46
186.0;140;0;60
186.6;137;0;63
187.2;149;0;51
187.79999999999998;146;0;54
188.4;150;0;50
189.0;160;0;40
189.6;151;0;49
190.2;158;0;42
190.79999999999998;163;0;37
191.4;158;0;42
192.0;156;0;44
192.6;153;0;47
193.2;153;0;47
193.79999999999998;149;0;51
194.4;147;0;53
195.0;153;0;47
195.6;152;0;48
196.2;150;0;50
196.79999999999998;155;0;45
197.4;157;0;43
198.0;155;0;45
198.6;154;0;46
199.2;153;0;47
199.79999999999998;146;0;54
200.4;144;0;56
201.0;146;0;54
201.6;154;0;46
202.2;152;0;48
202.79999999999998;153;0;47
203.4;153;0;47
204.0;150;0;50
204.6;146;0;54
205.2;151;0;49
205.79999999999998;137;0;63
206.4;141;0;59
207.0;151;0;49
207.6;147;0;53
208.2;143;0;57
208.79999999999998;151;0;49
209.4;157;0;43
210.0;156;0;44
210.6;142;0;58
211.2;144;0;56
211.79999999999998;151;0;49
212.4;153;0;47
213.0;146;0;54
213.6;148;0;52
214.2;152;0;48
214.79999999999998;159;0;41
215.4;150;0;50
216.0;147;0;53
216.6;139;0;61
217.2;138;0;62
217.79999999999998;143;0;57
218.4;147;0;53
219.0;152;0;48
219.6;150;0;50
220.2;146;0;54
220.79999999999998;150;0;50
221.4;161;0;39
222.0;149;0;51
222.6;146;0;54
223.2;140;0;60
223.79999999999998;146;0;54
224.4;154;0;46
225.0;153;0;47
225.6;147;0;53
226.2;140;0;60
226.79999999999998;141;0;59
227.4;141;0;59
228.0;144;0;56
228.6;141;0;59
229.2;147;0;53
229.79999999999998;153;0;47
230.39999999999998;150;0;50
231.0;154;0;46
231.6;155;0;45
232.2;151;0;49
232.79999999999998;144;0;56
233.39999999999998;148;0;52
234.0;162;0;38
234.6;159;0;41
235.2;163;0;37
235.79999999999998;155;0;45
236.39999999999998;144;0;56
237.0;143;0;57
237.6;140;0;60
238.2;148;0;52
238.79999999999998;154;0;46
239.39999999999998;145;0;55
240.0;159;0;41
240.6;149;0;51
241.2;148;0;52
241.79999999999998;149;0;51
242.39999999999998;144;0;56
243.0;150;0;50
243.6;145;0;55
244.2;143;0;57
244.79999999999998;151;0;49
245.39999999999998;154;0;46
246.0;158;0;42
246.6;155;0;45
247.2;158;0;42
247.79999999999998;153;0;47
248.39999999999998;150;0;50
249.0;150;0;50
249.6;143;0;57
250.2;144;0;56
250.79999999999998;150;0;50
251.39999999999998;156;0;44
252.0;160;0;40
252.6;152;0;48
253.2;155;0;45
253.79999999999998;150;0;50
254.39999999999998;146;0;54
255.0;152;0;48
255.6;151;0;49
256.2;146;0;54
256.8;153;0;47
257.4;158;0;42
258.0;153;0;47
258.59999999999997;154;0;46
259.2;160;0;40
259.8;147;0;53
260.4;155;0;45
261.0;152;0;48
261.59999999999997;152;0;48
262.2;148;0;52
262.8;144;0;56
263.4;144;0;56
264.0;147;0;53
264.59999999999997;149;0;51
265.2;153;0;47
265.8;151;0;49
266.4;154;0;46
267.0;150;0;50
267.59999999999997;158;0;42
268.2;150;0;50
268.8;149;0;51
269.4;154;0;46
270.0;156;0;44
270.59999999999997;145;0;55
271.2;146;0;54
271.8;154;0;46
272.4;152;0;48
273.0;150;0;50
273.59999999999997;146;0;54
274.2;148;0;52
274.8;163;0;37
275.4;163;0;37
276.0;157;0;43
276.59999999999997;152;0;48
277.2;149;0;51
277.8;148;0;52
278.4;156;0;44
279.0;150;0;50
279.59999999999997;141;0;59
280.2;149;0;51
280.8;157;0;43
281.4;152;0;48
282.0;147;0;53
282.59999999999997;155;0;45
283.2;146;0;54
283.8;150;0;50
284.4;155;0;45
285.0;159;0;41
285.59999999999997;149;0;51
286.2;152;0;48
286.8;149;0;51
287.4;154;0;46
288.0;147;0;53
288.59999999999997;156;0;44
289.2;162;0;38
289.8;160;0;40
290.4;154;0;46
291.0;160;0;40
291.59999999999997;152;0;48
292.2;159;0;41
292.8;151;0;49
293.4;162;0;38
294.0;164;0;36
294.59999999999997;161;0;39
295.2;153;0;47
295.8;159;0;41
296.4;145;0;55
297.0;149;0;51
297.59999999999997;147;0;53
298.2;147;0;53
298.8;147;0;53
299.4;142;0;58
#auto generated file!
60.0;146;0;54
60.599999999999994;148;0;52
61.199999999999996;153;0;47
61.8;163;0;37
62.4;157;0;43
63.0;154;0;46
63.599999999999994;155;0;45
64.2;157;0;43
64.8;155;0;45
65.39999999999999;159;0;41
66.0;150;0;50
66.6;154;0;46
67.2;149;0;51
67.8;141;0;59
68.39999999999999;144;0;56
69.0;140;0;60
69.6;148;0;52
70.2;143;0;57
70.8;146;0;54
71.39999999999999;157;0;43
72.0;152;0;48
72.6;146;0;54
73.2;143;0;57
73.8;157;0;43
74.39999999999999;143;0;57
75.0;143;0;57
75.6;145;0;55
76.2;145;0;55
76.8;154;0;46
77.39999999999999;161;0;39
78.0;163;0;37
78.6;158;0;42
79.2;148;0;52
79.8;143;0;57
80.39999999999999;151;0;49
81.0;144;0;56
81.6;147;0;53
82.2;154;0;46
82.8;155;0;45
83.39999999999999;150;0;50
84.0;149;0;51
84.6;150;0;50
85.2;148;0;52
85.8;135;0;65
86.39999999999999;143;0;57
87.0;150;0;50
87.6;149;0;51
88.2;151;0;49
88.8;162;0;38
89.39999999999999;152;0;48
90.0;168;0;32
90.6;171;0;29
91.2;149;0;51
91.8;145;0;55
92.39999999999999;145;0;55
93.0;147;0;53
93.6;142;0;58
94.2;142;0;58
94.8;147;0;53
95.39999999999999;153;0;47
96.0;153;0;47
96.6;148;0;52
97.2;144;0;56
97.8;145;0;55
98.39999999999999;144;0;56
99.0;146;0;54
99.6;147;0;53
100.2;152;0;48
100.8;146;0;54
101.39999999999999;149;0;51
102.0;142;0;58
102.6;134;0;66
103.2;136;0;64
103.8;149;0;51
104.39999999999999;159;0;41
105.0;155;0;45
105.6;143;0;57
106.2;143;0;57
106.8;149;0;51
107.39999999999999;151;0;49
108.0;152;0;48
108.6;149;0;51
109.2;149;0;51
109.8;151;0;49
110.39999999999999;150;0;50
111.0;148;0;52
111.6;150;0;50
112.2;154;0;46
112.8;151;0;49
113.39999999999999;148;0;52
114.0;143;0;57
114.6;146;0;54
115.19999999999999;149;0;51
115.8;145;0;55
116.39999999999999;155;0;45
117.0;156;0;44
117.6;157;0;43
118.19999999999999;158;0;42
118.8;153;0;47
119.39999999999999;156;0;44
120.0;155;0;45
120.6;163;0;37
121.19999999999999;147;0;53
121.8;145;0;55
122.39999999999999;149;0;51
123.0;158;0;42
123.6;153;0;47
124.19999999999999;156;0;44
124.8;158;0;42
125.39999999999999;155;0;45
126.0;151;0;49
126.6;148;0;52
127.19999999999999;156;0;44
127.8;153;0;47
128.4;156;0;44
129.0;155;0;45
129.6;143;0;57
130.2;148;0;52
130.79999999999998;158;0;42
131.4;160;0;40
132.0;154;0;46
132.6;147;0;53
133.2;154;0;46
133.79999999999998;160;0;40
134.4;145;0;55
135.0;143;0;57
135.6;153;0;47
136.2;155;0;45
136.79999999999998;147;0;53
137.4;146;0;54
138.0;145;0;55
138.6;145;0;55
139.2;148;0;52
139.79999999999998;142;0;58
140.4;148;0;52
141.0;143;0;57
141.6;149;0;51
142.2;147;0;53
142.79999999999998;151;0;49
143.4;150;0;50
144.0;140;0;60
144.6;141;0;59
145.2;157;0;43
145.79999999999998;153;0;47
146.4;152;0;48
147.0;148;0;52
147.6;141;0;59
148.2;145;0;55
148.79999999999998;152;0;48
149.4;148;0;52
150.0;150;0;50
150.6;151;0;49
151.2;138;0;62
151.79999999999998;145;0;55
152.4;155;0;45
153.0;148;0;52
153.6;147;0;53
154.2;148;0;52
154.79999999999998;147;0;53
155.4;153;0;47
156.0;155;0;45
156.6;149;0;51
157.2;146;0;54
157.79999999999998;148;0;52
158.4;154;0;46
159.0;147;0;53
159.6;148;0;52
160.2;141;0;59
160.79999999999998;145;0;55
161.4;138;0;62
162.0;139;0;61
162.6;147;0;53
163.2;142;0;58
163.79999999999998;143;0;57
164.4;152;0;48
165.0;145;0;55
165.6;149;0;51
166.2;144;0;56
166.79999999999998;161;0;39
167.4;145;0;55
168.0;143;0;57
168.6;148;0;52
169.2;150;0;50
169.79999999999998;141;0;59
170.4;146;0;54
171.0;147;0;53
171.6;146;0;54
172.2;151;0;49
172.79999999999998;144;0;56
173.4;159;0;41
174.0;155;0;45
174.6;143;0;57
175.2;144;0;56
175.79999999999998;147;0;53
176.4;153;0;47
177.0;154;0;46
177.6;136;0;64
178.2;143;0;57
178.79999999999998;152;0;48
179.4;148;0;52
180.0;142;0;58
180.6;149;0;51
181.2;154;0;46
181.79999999999998;152;0;48
182.4;148;0;52
183.0;149;0;51
183.6;151;0;49
184.2;144;0;56
184.79999999999998;152;0;48
185.4;142;0;58
186.0;149;0;51
186.6;143;0;57
187.2;155;0;45
187.79999999999998;155;0;45
188.4;155;0;45
189.0;151;0;49
189.6;148;0;52
190.2;144;0;56
190.79999999999998;152;0;48
191.4;148;0;52
192.0;148;0;52
192.6;154;0;46
193.2;154;0;46
193.79999999999998;159;0;41
194.4;150;0;50
195.0;153;0;47
195.6;151;0;49
196.2;155;0;45
196.79999999999998;155;0;45
197.4;146;0;54
198.0;148;0;52
198.6;154;0;46
199.2;156;0;44
199.79999999999998;155;0;45
200.4;160;0;40
201.0;151;0;49
201.6;157;0;43
202.2;151;0;49
202.79999999999998;146;0;54
203.4;152;0;48
204.0;153;0;47
204.6;149;0;51
205.2;155;0;45
205.79999999999998;153;0;47
206.4;146;0;54
207.0;151;0;49
207.6;158;0;42
208.2;153;0;47
208.79999999999998;154;0;46
209.4;148;0;52
210.0;149;0;51
210.6;144;0;56
211.2;162;0;38
211.79999999999998;155;0;45
212.4;161;0;39
213.0;151;0;49
213.6;144;0;56
214.2;149;0;51
214.79999999999998;150;0;50
215.4;146;0;54
216.0;142;0;58
216.6;149;0;51
217.2;149;0;51
217.79999999999998;154;0;46
218.4;154;0;46
219.0;154;0;46
219.6;156;0;44
220.2;159;0;41
220.79999999999998;149;0;51
221.4;150;0;50
222.0;163;0;37
222.6;156;0;44
223.2;156;0;44
223.79999999999998;152;0;48
224.4;138;0;62
225.0;147;0;53
225.6;152;0;48
226.2;152;0;48
226.79999999999998;148;0;52
227.4;151;0;49
228.0;152;0;48
228.6;158;0;42
229.2;160;0;40
229.79999999999998;163;0;37
230.39999999999998;158;0;42
231.0;155;0;45
231.6;146;0;54
232.2;156;0;44
232.79999999999998;152;0;48
233.39999999999998;151;0;49
234.0;160;0;40
234.6;145;0;55
235.2;148;0;52
235.79999999999998;153;0;47
236.39999999999998;144;0;56
237.0;157;0;43
237.6;160;0;40
238.2;156;0;44
238.79999999999998;154;0;46
239.39999999999998;156;0;44
240.0;153;0;47
240.6;155;0;45
241.2;148;0;52
241.79999999999998;144;0;56
242.39999999999998;142;0;58
243.0;140;0;60
243.6;146;0;54
244.2;156;0;44
244.79999999999998;155;0;45
245.39999999999998;155;0;45
246.0;147;0;53
246.6;150;0;50
247.2;147;0;53
247.79999999999998;142;0;58
248.39999999999998;145;0;55
249.0;148;0;52
249.6;148;0;52
250.2;144;0;56
250.79999999999998;151;0;49
251.39999999999998;154;0;46
252.0;145;0;55
252.6;153;0;47
253.2;140;0;60
253.79999999999998;145;0;55
254.39999999999998;152;0;48
255.0;142;0;58
255.6;141;0;59
256.2;141;0;59
256.8;139;0;61
257.4;136;0;64
258.0;135;0;65
258.59999999999997;135;0;65
259.2;144;0;56
259.8;154;0;46
260.4;150;0;50
261.0;153;0;47
261.59999999999997;161;0;39
262.2;158;0;42
262.8;155;0;45
263.4;154;0;46
264.0;152;0;48
264.59999999999997;152;0;48
265.2;148;0;52
265.8;159;0;41
266.4;160;0;40
267.0;153;0;47
267.59999999999997;148;0;52
268.2;151;0;49
268.8;142;0;58
269.4;155;0;45
270.0;158;0;42
270.59999999999997;156;0;44
271.2;147;0;53
271.8;152;0;48
272.4;153;0;47
273.0;147;0;53
273.59999999999997;148;0;52
274.2;143;0;57
274.8;149;0;51
275.4;141;0;59
276.0;150;0;50
276.59999999999997;158;0;42
277.2;151;0;49
277.8;148;0;52
278.4;147;0;53
279.0;151;0;49
279.59999999999997;156;0;44
280.2;149;0;51
280.8;152;0;48
281.4;147;0;53
282.0;146;0;54
282.59999999999997;150;0;50
283.2;153;0;47
283.8;148;0;52
284.4;148;0;52
285.0;144;0;56
285.59999999999997;130;0;70
286.2;144;0;56
286.8;150;0;50
287.4;157;0;43
288.0;151;0;49
288.59999999999997;149;0;51
289.2;154;0;46
289.8;158;0;42
290.4;145;0;55
291.0;159;0;41
291.59999999999997;156;0;44
292.2;157;0;43
292.8;151;0;49
293.4;147;0;53
294.0;155;0;45
294.59999999999997;143;0;57
295.2;148;0;52
295.8;156;0;44
296.4;146;0;54
297.0;150;0;50
297.59999999999997;157;0;43
298.2;163;0;37
298.8;157;0;43
299.4;149;0;51
#auto generated file!
60.0;138;0;62
60.599999999999994;147;0;53
61.199999999999996;156;0;44
61.8;150;0;50
62.4;149;0;51
63.0;142;0;58
63.599999999999994;143;0;57
64.2;147;0;53
64.8;147;0;53
65.39999999999999;150;0;50
66.0;155;0;45
66.6;159;0;41
67.2;159;0;41
67.8;153;0;47
68.39999999999999;141;0;59
69.0;141;0;59
69.6;141;0;59
70.2;138;0;62
70.8;144;0;56
71.39999999999999;144;0;56
72.0;141;0;59
72.6;148;0;52
73.2;147;0;53
73.8;147;0;53
74.39999999999999;150;0;50
75.0;141;0;59
75.6;147;0;53
76.2;147;0;53
76.8;152;0;48
77.39999999999999;148;0;52
78.0;150;0;50
78.6;151;0;49
79.2;153;0;47
79.8;156;0;44
80.39999999999999;144;0;56
81.0;137;0;63
81.6;147;0;53
82.2;154;0;46
82.8;157;0;43
83.39999999999999;159;0;41
84.0;154;0;46
84.6;147;0;53
85.2;148;0;52
85.8;152;0;48
86.39999999999999;151;0;49
87.0;148;0;52
87.6;137;0;63
88.2;141;0;59
88.8;150;0;50
89.39999999999999;155;0;45
90.0;154;0;46
90.6;154;0;46
91.2;152;0;48
91.8;157;0;43
92.39999999999999;159;0;41
93.0;161;0;39
93.6;153;0;47
94.2;156;0;44
94.8;150;0;50
95.39999999999999;152;0;48
96.0;153;0;47
96.6;147;0;53
97.2;153;0;47
97.8;158;0;42
98.39999999999999;155;0;45
99.0;142;0;58
99.6;148;0;52
100.2;147;0;53
100.8;148;0;52
101.39999999999999;156;0;44
102.0;154;0;46
102.6;147;0;53
103.2;144;0;56
103.8;155;0;45
104.39999999999999;141;0;59
105.0;137;0;63
105.6;143;0;57
106.2;154;0;46
106.8;152;0;48
107.39999999999999;151;0;49
108.0;149;0;51
108.6;149;0;51
109.2;150;0;50
109.8;149;0;51
110.39999999999999;143;0;57
111.0;145;0;55
111.6;151;0;49
112.2;152;0;48
112.8;146;0;54
113.39999999999999;144;0;56
114.0;159;0;41
114.6;151;0;49
115.19999999999999;150;0;50
115.8;148;0;52
116.39999999999999;147;0;53
117.0;159;0;41
117.6;160;0;40
118.19999999999999;159;0;41
118.8;153;0;47
119.39999999999999;150;0;50
120.0;144;0;56
120.6;145;0;55
121.19999999999999;150;0;50
121.8;155;0;45
122.39999999999999;157;0;43
123.0;151;0;49
123.6;150;0;50
124.19999999999999;154;0;46
124.8;151;0;49
125.39999999999999;150;0;50
126.0;150;0;50
126.6;152;0;48
127.19999999999999;143;0;57
127.8;147;0;53
128.4;152;0;48
129.0;155;0;45
129.6;154;0;46
130.2;159;0;41
130.79999999999998;155;0;45
131.4;144;0;56
132.0;144;0;56
132.6;146;0;54
133.2;158;0;42
133.79999999999998;157;0;43
134.4;151;0;49
135.0;150;0;50
135.6;154;0;46
136.2;143;0;57
136.79999999999998;155;0;45
137.4;142;0;58
138.0;150;0;50
138.6;144;0;56
139.2;151;0;49
139.79999999999998;156;0;44
140.4;156;0;44
141.0;160;0;40
141.6;152;0;48
142.2;145;0;55
142.79999999999998;147;0;53
143.4;146;0;54
144.0;146;0;54
144.6;150;0;50
145.2;152;0;48
145.79999999999998;155;0;45
146.4;153;0;47
147.0;153;0;47
147.6;144;0;56
148.2;148;0;52
148.79999999999998;153;0;47
149.4;148;0;52
150.0;145;0;55
150.6;152;0;48
151.2;152;0;48
151.79999999999998;153;0;47
152.4;146;0;54
153.0;153;0;47
153.6;158;0;42
154.2;153;0;47
154.79999999999998;152;0;48
155.4;154;0;46
156.0;151;0;49
156.6;150;0;50
157.2;159;0;41
157.79999999999998;136;0;64
158.4;141;0;59
159.0;142;0;58
159.6;146;0;54
160.2;141;0;59
160.79999999999998;144;0;56
161.4;144;0;56
162.0;149;0;51
162.6;156;0;44
163.2;147;0;53
163.79999999999998;151;0;49
164.4;151;0;49
165.0;152;0;48
165.6;152;0;48
166.2;145;0;55
166.79999999999998;152;0;48
167.4;143;0;57
168.0;142;0;58
168.6;155;0;45
169.2;144;0;56
169.79999999999998;151;0;49
170.4;152;0;48
171.0;151;0;49
171.6;161;0;39
172.2;161;0;39
172.79999999999998;156;0;44
173.4;158;0;42
174.0;152;0;48
174.6;150;0;50
175.2;161;0;39
175.79999999999998;156;0;44
176.4;152;0;48
177.0;156;0;44
177.6;156;0;44
178.2;160;0;40
178.79999999999998;160;0;40
179.4;151;0;49
180.0;153;0;47
180.6;154;0;46
181.2;152;0;48
181.79999999999998;154;0;46
182.4;155;0;45
183.0;154;0;46
183.6;156;0;44
184.2;152;0;48
184.79999999999998;152;0;48
185.4;146;0;54
186.0;142;0;58
186.6;159;0;41
187.2;161;0;39
187.79999999999998;160;0;40
188.4;152;0;48
189.0;149;0;51
189.6;148;0;52
190.2;156;0;44
190.79999999999998;158;0;42
191.4;150;0;50
192.0;143;0;57
192.6;149;0;51
193.2;146;0;54
193.79999999999998;134;0;66
194.4;145;0;55
195.0;148;0;52
195.6;156;0;44
196.2;154;0;46
196.79999999999998;154;0;46
197.4;156;0;44
198.0;143;0;57
198.6;148;0;52
199.2;150;0;50
199.79999999999998;150;0;50
200.4;149;0;51
201.0;153;0;47
201.6;145;0;55
202.2;149;0;51
202.79999999999998;146;0;54
203.4;139;0;61
204.0;140;0;60
204.6;148;0;52
205.2;155;0;45
205.79999999999998;157;0;43
206.4;150;0;50
207.0;153;0;47
207.6;150;0;50
208.2;153;0;47
208.79999999999998;149;0;51
209.4;142;0;58
210.0;149;0;51
210.6;146;0;54
211.2;147;0;53
211.79999999999998;141;0;59
212.4;144;0;56
213.0;141;0;59
213.6;146;0;54
214.2;146;0;54
214.79999999999998;146;0;54
215.4;159;0;41
216.0;148;0;52
216.6;158;0;42
217.2;145;0;55
217.79999999999998;148;0;52
218.4;154;0;46
219.0;148;0;52
219.6;147;0;53
220.2;150;0;50
220.79999999999998;144;0;56
221.4;146;0;54
222.0;140;0;60
222.6;144;0;56
223.2;143;0;57
223.79999999999998;147;0;53
224.4;145;0;55
225.0;152;0;48
225.6;147;0;53
226.2;147;0;53
226.79999999999998;149;0;51
227.4;151;0;49
228.0;149;0;51
228.6;151;0;49
229.2;145;0;55
229.79999999999998;141;0;59
230.39999999999998;153;0;47
231.0;153;0;47
231.6;157;0;43
232.2;156;0;44
232.79999999999998;145;0;55
233.39999999999998;151;0;49
234.0;153;0;47
234.6;149;0;51
235.2;152;0;48
235.79999999999998;148;0;52
236.39999999999998;155;0;45
237.0;149;0;51
237.6;144;0;56
238.2;142;0;58
238.79999999999998;150;0;50
239.39999999999998;151;0;49
240.0;151;0;49
240.6;149;0;51
241.2;153;0;47
241.79999999999998;152;0;48
242.39999999999998;144;0;56
243.0;150;0;50
243.6;157;0;43
244.2;162;0;38
244.79999999999998;159;0;41
245.39999999999998;156;0;44
246.0;158;0;42
246.6;149;0;51
247.2;141;0;59
247.79999999999998;148;0;52
248.39999999999998;149;0;51
249.0;155;0;45
249.6;155;0;45
250.2;155;0;45
250.79999999999998;152;0;48
251.39999999999998;153;0;47
252.0;157;0;43
252.6;141;0;59
253.2;141;0;59
253.79999999999998;140;0;60
254.39999999999998;149;0;51
255.0;144;0;56
255.6;148;0;52
256.2;159;0;41
256.8;150;0;50
257.4;153;0;47
258.0;151;0;49
258.59999999999997;146;0;54
259.2;147;0;53
259.8;145;0;55
260.4;149;0;51
261.0;151;0;49
261.59999999999997;148;0;52
262.2;147;0;53
262.8;153;0;47
263.4;154;0;46
264.0;148;0;52
264.59999999999997;156;0;44
265.2;144;0;56
265.8;144;0;56
266.4;148;0;52
267.0;149;0;51
267.59999999999997;150;0;50
268.2;141;0;59
268.8;156;0;44
269.4;150;0;50
270.0;147;0;53
270.59999999999997;134;0;66
271.2;142;0;58
271.8;153;0;47
272.4;153;0;47
273.0;150;0;50
273.59999999999997;152;0;48
274.2;157;0;43
274.8;155;0;45
275.4;156;0;44
276.0;159;0;41
276.59999999999997;158;0;42
277.2;154;0;46
277.8;153;0;47
278.4;155;0;45
279.0;156;0;44
279.59999999999997;159;0;41
280.2;158;0;42
280.8;156;0;44
281.4;148;0;52
282.0;137;0;63
282.59999999999997;151;0;49
283.2;153;0;47
283.8;149;0;51
284.4;145;0;55
285.0;149;0;51
285.59999999999997;155;0;45
286.2;147;0;53
286.8;145;0;55
287.4;146;0;54
288.0;139;0;61
288.59999999999997;147;0;53
289.2;155;0;45
289.8;151;0;49
290.4;152;0;48
291.0;160;0;40
291.59999999999997;158;0;42
292.2;160;0;40
292.8;155;0;45
293.4;157;0;43
294.0;149;0;51
294.59999999999997;150;0;50
295.2;143;0;57
295.8;150;0;50
296.4;153;0;47
297.0;163;0;37
297.59999999999997;152;0;48
298.2;145;0;55
298.8;138;0;62
299.4;146;0;54
#auto generated file!
60.0;148;0;52
60.599999999999994;145;0;55
61.199999999999996;147;0;53
61.8;152;0;48
62.4;158;0;42
63.0;150;0;50
63.599999999999994;141;0;59
64.2;151;0;49
64.8;159;0;41
65.39999999999999;159;0;41
66.0;154;0;46
66.6;158;0;42
67.2;169;0;31
67.8;153;0;47
68.39999999999999;156;0;44
69.0;158;0;42
69.6;154;0;46
70.2;141;0;59
70.8;148;0;52
71.39999999999999;148;0;52
72.0;147;0;53
72.6;145;0;55
73.2;137;0;63
73.8;142;0;58
74.39999999999999;149;0;51
75.0;161;0;39
75.6;155;0;45
76.2;148;0;52
76.8;160;0;40
77.39999999999999;154;0;46
78.0;150;0;50
78.6;147;0;53
79.2;146;0;54
79.8;149;0;51
80.39999999999999;150;0;50
81.0;155;0;45
81.6;159;0;41
82.2;162;0;38
82.8;152;0;48
83.39999999999999;158;0;42
84.0;148;0;52
84.6;150;0;50
85.2;155;0;45
85.8;148;0;52
86.39999999999999;148;0;52
87.0;148;0;52
87.6;152;0;48
88.2;147;0;53
88.8;144;0;56
89.39999999999999;144;0;56
90.0;139;0;61
90.6;147;0;53
91.2;152;0;48
91.8;145;0;55
92.39999999999999;138;0;62
93.0;139;0;61
93.6;140;0;60
94.2;153;0;47
94.8;160;0;40
95.39999999999999;149;0;51
96.0;145;0;55
96.6;143;0;57
97.2;145;0;55
97.8;149;0;51
98.39999999999999;154;0;46
99.0;151;0;49
99.6;154;0;46
100.2;155;0;45
100.8;152;0;48
101.39999999999999;149;0;51
102.0;146;0;54
102.6;146;0;54
103.2;146;0;54
103.8;162;0;38
104.39999999999999;163;0;37
105.0;159;0;41
105.6;147;0;53
106.2;148;0;52
106.8;148;0;52
107.39999999999999;150;0;50
108.0;147;0;53
108.6;152;0;48
109.2;163;0;37
109.8;161;0;39
110.39999999999999;146;0;54
111.0;151;0;49
111.6;151;0;49
112.2;146;0;54
112.8;152;0;48
113.39999999999999;148;0;52
114.0;140;0;60
114.6;153;0;47
115.19999999999999;151;0;49
115.8;148;0;52
116.39999999999999;150;0;50
117.0;147;0;53
117.6;141;0;59
118.19999999999999;150;0;50
118.8;155;0;45
119.39999999999999;152;0;48
120.0;156;0;44
120.6;142;0;58
121.19999999999999;150;0;50
121.8;147;0;53
122.39999999999999;145;0;55
123.0;142;0;58
123.6;138;0;62
124.19999999999999;142;0;58
124.8;135;0;65
125.39999999999999;141;0;59
126.0;152;0;48
126.6;142;0;58
127.19999999999999;147;0;53
127.8;157;0;43
128.4;160;0;40
129.0;160;0;40
129.6;160;0;40
130.2;153;0;47
130.79999999999998;160;0;40
131.4;152;0;48
132.0;157;0;43
132.6;147;0;53
133.2;144;0;56
133.79999999999998;152;0;48
134.4;152;0;48
135.0;149;0;51
135.6;159;0;41
136.2;155;0;45
136.79999999999998;151;0;49
137.4;148;0;52
138.0;154;0;46
138.6;153;0;47
139.2;159;0;41
139.79999999999998;154;0;46
140.4;151;0;49
141.0;155;0;45
141.6;155;0;45
142.2;158;0;42
142.79999999999998;165;0;35
143.4;165;0;35
144.0;144;0;56
144.6;141;0;59
145.2;150;0;50
145.79999999999998;148;0;52
146.4;151;0;49
147.0;154;0;46
147.6;147;0;53
148.2;151;0;49
148.79999999999998;148;0;52
149.4;153;0;47
150.0;152;0;48
150.6;144;0;56
151.2;151;0;49
151.79999999999998;153;0;47
152.4;152;0;48
153.0;158;0;42
153.6;145;0;55
154.2;141;0;59
154.79999999999998;146;0;54
155.4;152;0;48
156.0;153;0;47
156.6;138;0;62
157.2;141;0;59
157.79999999999998;150;0;50
158.4;157;0;43
159.0;144;0;56
159.6;149;0;51
160.2;150;0;50
160.79999999999998;150;0;50
161.4;145;0;55
162.0;137;0;63
162.6;151;0;49
163.2;155;0;45
163.79999999999998;153;0;47
164.4;154;0;46
165.0;158;0;42
165.6;153;0;47
166.2;146;0;54
166.79999999999998;151;0;49
167.4;146;0;54
168.0;148;0;52
168.6;158;0;42
169.2;149;0;51
169.79999999999998;147;0;53
170.4;141;0;59
171.0;157;0;43
171.6;155;0;45
172.2;145;0;55
172.79999999999998;138;0;62
173.4;129;0;71
174.0;135;0;65
174.6;153;0;47
175.2;142;0;58
175.79999999999998;141;0;59
176.4;147;0;53
177.0;144;0;56
177.6;141;0;59
178.2;146;0;54
178.79999999999998;145;0;55
179.4;150;0;50
180.0;152;0;48
180.6;153;0;47
181.2;145;0;55
181.79999999999998;139;0;61
182.4;138;0;62
183.0;147;0;53
183.6;150;0;50
184.2;149;0;51
184.79999999999998;146;0;54
185.4;152;0;48
186.0;157;0;43
186.6;158;0;42
187.2;149;0;51
187.79999999999998;154;0;46
188.4;151;0;49
189.0;151;0;49
189.6;152;0;48
190.2;149;0;51
190.79999999999998;149;0;51
191.4;156;0;44
192.0;148;0;52
192.6;141;0;59
193.2;156;0;44
193.79999999999998;151;0;49
194.4;152;0;48
195.0;149;0;51
195.6;154;0;46
196.2;155;0;45
196.79999999999998;158;0;42
197.4;155;0;45
198.0;154;0;46
198.6;151;0;49
199.2;157;0;43
199.79999999999998;145;0;55
200.4;140;0;60
201.0;151;0;49
201.6;148;0;52
202.2;152;0;48
202.79999999999998;156;0;44
203.4;142;0;58
204.0;144;0;56
204.6;154;0;46
205.2;149;0;51
205.79999999999998;141;0;59
206.4;152;0;48
207.0;146;0;54
207.6;154;0;46
208.2;165;0;35
208.79999999999998;160;0;40
209.4;148;0;52
210.0;161;0;39
210.6;151;0;49
211.2;161;0;39
211.79999999999998;156;0;44
212.4;155;0;45
213.0;149;0;51
213.6;144;0;56
214.2;145;0;55
214.79999999999998;141;0;59
215.4;148;0;52
216.0;142;0;58
216.6;145;0;55
217.2;148;0;52
217.79999999999998;145;0;55
218.4;150;0;50
219.0;149;0;51
219.6;143;0;57
220.2;143;0;57
220.79999999999998;148;0;52
221.4;151;0;49
222.0;150;0;50
222.6;152;0;48
223.2;148;0;52
223.79999999999998;152;0;48
224.4;153;0;47
225.0;156;0;44
225.6;147;0;53
226.2;137;0;63
226.79999999999998;149;0;51
227.4;138;0;62
228.0;150;0;50
228.6;139;0;61
229.2;145;0;55
229.79999999999998;150;0;50
230.39999999999998;152;0;48
231.0;153;0;47
231.6;148;0;52
232.2;143;0;57
232.79999999999998;150;0;50
233.39999999999998;146;0;54
234.0;156;0;44
234.6;156;0;44
235.2;149;0;51
235.79999999999998;159;0;41
236.39999999999998;158;0;42
237.0;157;0;43
237.6;146;0;54
238.2;144;0;56
238.79999999999998;143;0;57
239.39999999999998;141;0;59
240.0;145;0;55
240.6;152;0;48
241.2;150;0;50
241.79999999999998;148;0;52
242.39999999999998;156;0;44
243.0;159;0;41
243.6;148;0;52
244.2;144;0;56
244.79999999999998;157;0;43
245.39999999999998;144;0;56
246.0;147;0;53
246.6;145;0;55
247.2;146;0;54
247.79999999999998;149;0;51
248.39999999999998;141;0;59
249.0;141;0;59
249.6;159;0;41
250.2;150;0;50
250.79999999999998;150;0;50
251.39999999999998;153;0;47
252.0;148;0;52
252.6;142;0;58
253.2;149;0;51
253.79999999999998;150;0;50
254.39999999999998;140;0;60
255.0;147;0;53
255.6;151;0;49
256.2;149;0;51
256.8;147;0;53
257.4;138;0;62
258.0;142;0;58
258.59999999999997;148;0;52
259.2;153;0;47
259.8;151;0;49
260.4;149;0;51
261.0;149;0;51
261.59999999999997;158;0;42
262.2;154;0;46
262.8;149;0;51
263.4;146;0;54
264.0;152;0;48
264.59999999999997;147;0;53
265.2;150;0;50
265.8;154;0;46
266.4;157;0;43
267.0;153;0;47
267.59999999999997;147;0;53
268.2;143;0;57
268.8;146;0;54
269.4;155;0;45
270.0;148;0;52
270.59999999999997;150;0;50
271.2;147;0;53
271.8;153;0;47
272.4;147;0;53
273.0;153;0;47
273.59999999999997;152;0;48
274.2;146;0;54
274.8;140;0;60
275.4;147;0;53
276.0;150;0;50
276.59999999999997;158;0;42
277.2;147;0;53
277.8;149;0;51
278.4;154;0;46
279.0;157;0;43
279.59999999999997;152;0;48
280.2;157;0;43
280.8;151;0;49
281.4;148;0;52
282.0;158;0;42
282.59999999999997;144;0;56
283.2;143;0;57
283.8;141;0;59
284.4;149;0;51
285.0;149;0;51
285.59999999999997;155;0;45
286.2;149;0;51
286.8;152;0;48
287.4;146;0;54
288.0;139;0;61
288.59999999999997;135;0;65
289.2;143;0;57
289.8;151;0;49
290.4;156;0;44
291.0;147;0;53
291.59999999999997;163;0;37
292.2;155;0;45
292.8;157;0;43
293.4;154;0;46
294.0;155;0;45
294.59999999999997;159;0;41
295.2;154;0;46
295.8;149;0;51
296.4;146;0;54
297.0;140;0;60
297.59999999999997;146;0;54
298.2;144;0;56
298.8;150;0;50
299.4;153;0;47
#auto generated file!
60.0;152;0;48
60.599999999999994;155;0;45
61.199999999999996;156;0;44
61.8;157;0;43
62.4;150;0;50
63.0;145;0;55
63.599999999999994;150;0;50
64.2;144;0;56
64.8;155;0;45
65.39999999999999;157;0;43
66.0;148;0;52
66.6;154;0;46
67.2;155;0;45
67.8;156;0;44
68.39999999999999;157;0;43
69.0;146;0;54
69.6;137;0;63
70.2;144;0;56
70.8;153;0;47
71.39999999999999;143;0;57
72.0;151;0;49
72.6;155;0;45
73.2;147;0;53
73.8;155;0;45
74.39999999999999;161;0;39
75.0;158;0;42
75.6;156;0;44
76.2;157;0;43
76.8;158;0;42
77.39999999999999;154;0;46
78.0;148;0;52
78.6;145;0;55
79.2;145;0;55
79.8;146;0;54
80.39999999999999;147;0;53
81.0;142;0;58
81.6;142;0;58
82.2;140;0;60
82.8;149;0;51
83.39999999999999;143;0;57
84.0;149;0;51
84.6;158;0;42
85.2;151;0;49
85.8;157;0;43
86.39999999999999;160;0;40
87.0;148;0;52
87.6;153;0;47
88.2;163;0;37
88.8;161;0;39
89.39999999999999;155;0;45
90.0;149;0;51
90.6;159;0;41
91.2;148;0;52
91.8;152;0;48
92.39999999999999;156;0;44
93.0;150;0;50
93.6;146;0;54
94.2;144;0;56
94.8;144;0;56
95.39999999999999;142;0;58
96.0;159;0;41
96.6;140;0;60
97.2;150;0;50
97.8;161;0;39
98.39999999999999;151;0;49
99.0;150;0;50
99.6;149;0;51
100.2;145;0;55
100.8;142;0;58
101.39999999999999;149;0;51
102.0;158;0;42
102.6;155;0;45
103.2;156;0;44
103.8;155;0;45
104.39999999999999;157;0;43
105.0;152;0;48
105.6;150;0;50
106.2;141;0;59
106.8;141;0;59
107.39999999999999;155;0;45
108.0;174;0;26
108.6;166;0;34
109.2;162;0;38
109.8;168;0;32
110.39999999999999;164;0;36
111.0;155;0;45
111.6;158;0;42
112.2;150;0;50
112.8;143;0;57
113.39999999999999;151;0;49
114.0;144;0;56
114.6;147;0;53
115.19999999999999;139;0;61
115.8;149;0;51
116.39999999999999;155;0;45
117.0;150;0;50
117.6;149;0;51
118.19999999999999;147;0;53
118.8;145;0;55
119.39999999999999;135;0;65
120.0;144;0;56
120.6;146;0;54
121.19999999999999;150;0;50
121.8;147;0;53
122.39999999999999;155;0;45
123.0;159;0;41
123.6;162;0;38
124.19999999999999;153;0;47
124.8;143;0;57
125.39999999999999;152;0;48
126.0;152;0;48
126.6;154;0;46
127.19999999999999;148;0;52
127.8;144;0;56
128.4;140;0;60
129.0;141;0;59
129.6;145;0;55
130.2;133;0;67
130.79999999999998;148;0;52
131.4;142;0;58
132.0;142;0;58
132.6;144;0;56
133.2;150;0;50
133.79999999999998;150;0;50
134.4;137;0;63
135.0;145;0;55
135.6;143;0;57
136.2;150;0;50
136.79999999999998;154;0;46
137.4;149;0;51
138.0;151;0;49
138.6;152;0;48
139.2;157;0;43
139.79999999999998;157;0;43
140.4;152;0;48
141.0;152;0;48
141.6;149;0;51
142.2;146;0;54
142.79999999999998;153;0;47
143.4;159;0;41
144.0;150;0;50
144.6;162;0;38
145.2;166;0;34
145.79999999999998;151;0;49
146.4;146;0;54
147.0;147;0;53
147.6;151;0;49
148.2;152;0;48
148.79999999999998;147;0;53
149.4;146;0;54
150.0;142;0;58
150.6;147;0;53
151.2;154;0;46
151.79999999999998;152;0;48
152.4;153;0;47
153.0;157;0;43
153.6;163;0;37
154.2;146;0;54
154.79999999999998;149;0;51
155.4;156;0;44
156.0;152;0;48
156.6;153;0;47
157.2;152;0;48
157.79999999999998;155;0;45
158.4;153;0;47
159.0;154;0;46
159.6;147;0;53
160.2;151;0;49
160.79999999999998;158;0;42
161.4;143;0;57
162.0;154;0;46
162.6;155;0;45
163.2;154;0;46
163.79999999999998;153;0;47
164.4;153;0;47
165.0;147;0;53
165.6;146;0;54
166.2;151;0;49
166.79999999999998;152;0;48
167.4;153;0;47
168.0;160;0;40
168.6;155;0;45
169.2;148;0;52
169.79999999999998;151;0;49
170.4;149;0;51
171.0;145;0;55
171.6;144;0;56
172.2;147;0;53
172.79999999999998;157;0;43
173.4;163;0;37
174.0;150;0;50
174.6;145;0;55
175.2;148;0;52
175.79999999999998;154;0;46
176.4;152;0;48
177.0;150;0;50
177.6;149;0;51
178.2;152;0;48
178.79999999999998;157;0;43
179.4;158;0;42
180.0;154;0;46
180.6;152;0;48
181.2;149;0;51
181.79999999999998;150;0;50
182.4;144;0;56
183.0;150;0;50
183.6;157;0;43
184.2;148;0;52
184.79999999999998;151;0;49
185.4;142;0;58
186.0;153;0;47
186.6;146;0;54
187.2;144;0;56
187.79999999999998;151;0;49
188.4;154;0;46
189.0;150;0;50
189.6;159;0;41
190.2;151;0;49
190.79999999999998;157;0;43
191.4;144;0;56
192.0;150;0;50
192.6;148;0;52
193.2;149;0;51
193.79999999999998;148;0;52
194.4;152;0;48
195.0;154;0;46
195.6;152;0;48
196.2;153;0;47
196.79999999999998;158;0;42
197.4;156;0;44
198.0;152;0;48
198.6;154;0;46
199.2;147;0;53
199.79999999999998;155;0;45
200.4;151;0;49
201.0;150;0;50
201.6;146;0;54
202.2;149;0;51
202.79999999999998;147;0;53
203.4;153;0;47
204.0;159;0;41
204.6;152;0;48
205.2;146;0;54
205.79999999999998;152;0;48
206.4;155;0;45
207.0;149;0;51
207.6;149;0;51
208.2;144;0;56
208.79999999999998;150;0;50
209.4;154;0;46
210.0;159;0;41
210.6;165;0;35
211.2;164;0;36
211.79999999999998;155;0;45
212.4;155;0;45
213.0;153;0;47
213.6;150;0;50
214.2;144;0;56
214.79999999999998;143;0;57
215.4;145;0;55
216.0;150;0;50
216.6;147;0;53
217.2;151;0;49
217.79999999999998;153;0;47
218.4;142;0;58
219.0;146;0;54
219.6;149;0;51
220.2;152;0;48
220.79999999999998;146;0;54
221.4;149;0;51
222.0;141;0;59
222.6;143;0;57
223.2;142;0;58
223.79999999999998;155;0;45
224.4;146;0;54
225.0;147;0;53
225.6;144;0;56
226.2;143;0;57
226.79999999999998;150;0;50
227.4;153;0;47
228.0;150;0;50
228.6;147;0;53
229.2;140;0;60
229.79999999999998;148;0;52
230.39999999999998;149;0;51
231.0;150;0;50
231.6;153;0;47
232.2;157;0;43
232.79999999999998;151;0;49
233.39999999999998;146;0;54
234.0;153;0;47
234.6;160;0;40
235.2;150;0;50
235.79999999999998;159;0;41
236.39999999999998;152;0;48
237.0;145;0;55
237.6;148;0;52
238.2;147;0;53
238.79999999999998;152;0;48
239.39999999999998;153;0;47
240.0;145;0;55
240.6;145;0;55
241.2;141;0;59
241.79999999999998;144;0;56
242.39999999999998;146;0;54
243.0;146;0;54
243.6;143;0;57
244.2;144;0;56
244.79999999999998;151;0;49
245.39999999999998;152;0;48
246.0;164;0;36
246.6;156;0;44
247.2;148;0;52
247.79999999999998;155;0;45
248.39999999999998;142;0;58
249.0;153;0;47
249.6;149;0;51
250.2;148;0;52
250.79999999999998;160;0;40
251.39999999999998;159;0;41
252.0;160;0;40
252.6;148;0;52
253.2;144;0;56
253.79999999999998;147;0;53
254.39999999999998;154;0;46
255.0;160;0;40
255.6;158;0;42
256.2;159;0;41
256.8;162;0;38
257.4;149;0;51
258.0;151;0;49
258.59999999999997;155;0;45
259.2;161;0;39
259.8;157;0;43
260.4;153;0;47
261.0;157;0;43
261.59999999999997;157;0;43
262.2;154;0;46
262.8;147;0;53
263.4;158;0;42
264.0;155;0;45
264.59999999999997;161;0;39
265.2;159;0;41
265.8;146;0;54
266.4;147;0;53
267.0;145;0;55
267.59999999999997;145;0;55
268.2;150;0;50
268.8;157;0;43
269.4;155;0;45
270.0;162;0;38
270.59999999999997;153;0;47
271.2;150;0;50
271.8;151;0;49
272.4;146;0;54
273.0;147;0;53
273.59999999999997;142;0;58
274.2;155;0;45
274.8;148;0;52
275.4;147;0;53
276.0;155;0;45
276.59999999999997;146;0;54
277.2;143;0;57
277.8;142;0;58
278.4;157;0;43
279.0;148;0;52
279.59999999999997;150;0;50
280.2;143;0;57
280.8;153;0;47
281.4;144;0;56
282.0;139;0;61
282.59999999999997;139;0;61
283.2;143;0;57
283.8;148;0;52
284.4;151;0;49
285.0;150;0;50
285.59999999999997;154;0;46
286.2;142;0;58
286.8;146;0;54
287.4;154;0;46
288.0;163;0;37
288.59999999999997;155;0;45
289.2;148;0;52
289.8;144;0;56
290.4;147;0;53
291.0;149;0;51
291.59999999999997;149;0;51
292.2;147;0;53
292.8;151;0;49
293.4;157;0;43
294.0;145;0;55
294.59999999999997;154;0;46
295.2;161;0;39
295.8;154;0;46
296.4;152;0;48
297.0;152;0;48
297.59999999999997;150;0;50
298.2;148;0;52
298.8;151;0;49
299.4;148;0;52
#auto generated file!
60.0;148;0;52
60.599999999999994;149;0;51
61.199999999999996;150;0;50
61.8;155;0;45
62.4;150;0;50
63.0;146;0;54
63.599999999999994;145;0;55
64.2;148;0;52
64.8;141;0;59
65.39999999999999;144;0;56
66.0;146;0;54
66.6;150;0;50
67.2;153;0;47
67.8;150;0;50
68.39999999999999;167;0;33
69.0;159;0;41
69.6;147;0;53
70.2;150;0;50
70.8;159;0;41
71.39999999999999;147;0;53
72.0;151;0;49
72.6;150;0;50
73.2;156;0;44
73.8;159;0;41
74.39999999999999;163;0;37
75.0;165;0;35
75.6;161;0;39
76.2;156;0;44
76.8;157;0;43
77.39999999999999;151;0;49
78.0;142;0;58
78.6;143;0;57
79.2;161;0;39
79.8;155;0;45
80.39999999999999;144;0;56
81.0;155;0;45
81.6;152;0;48
82.2;161;0;39
82.8;157;0;43
83.39999999999999;156;0;44
84.0;149;0;51
84.6;157;0;43
85.2;148;0;52
85.8;153;0;47
86.39999999999999;153;0;47
87.0;154;0;46
87.6;158;0;42
88.2;156;0;44
88.8;151;0;49
89.39999999999999;146;0;54
90.0;148;0;52
90.6;156;0;44
91.2;162;0;38
91.8;155;0;45
92.39999999999999;154;0;46
93.0;159;0;41
93.6;149;0;51
94.2;153;0;47
94.8;161;0;39
95.39999999999999;153;0;47
96.0;151;0;49
96.6;148;0;52
97.2;157;0;43
97.8;151;0;49
98.39999999999999;143;0;57
99.0;148;0;52
99.6;155;0;45
100.2;162;0;38
100.8;162;0;38
101.39999999999999;149;0;51
102.0;154;0;46
102.6;135;0;65
103.2;141;0;59
103.8;146;0;54
104.39999999999999;142;0;58
105.0;139;0;61
105.6;137;0;63
106.2;139;0;61
106.8;148;0;52
107.39999999999999;151;0;49
108.0;144;0;56
108.6;153;0;47
109.2;155;0;45
109.8;150;0;50
110.39999999999999;158;0;42
111.0;154;0;46
111.6;149;0;51
112.2;151;0;49
112.8;135;0;65
113.39999999999999;154;0;46
114.0;153;0;47
114.6;145;0;55
115.19999999999999;152;0;48
115.8;156;0;44
116.39999999999999;148;0;52
117.0;154;0;46
117.6;159;0;41
118.19999999999999;159;0;41
118.8;154;0;46
119.39999999999999;150;0;50
120.0;149;0;51
120.6;149;0;51
121.19999999999999;152;0;48
121.8;148;0;52
122.39999999999999;147;0;53
123.0;141;0;59
123.6;140;0;60
124.19999999999999;142;0;58
124.8;144;0;56
125.39999999999999;136;0;64
126.0;133;0;67
126.6;137;0;63
127.19999999999999;141;0;59
127.8;145;0;55
128.4;144;0;56
129.0;150;0;50
129.6;144;0;56
130.2;156;0;44
130.79999999999998;148;0;52
131.4;144;0;56
132.0;147;0;53
132.6;146;0;54
133.2;147;0;53
133.79999999999998;147;0;53
134.4;152;0;48
135.0;144;0;56
135.6;141;0;59
136.2;144;0;56
136.79999999999998;153;0;47
137.4;155;0;45
138.0;152;0;48
138.6;153;0;47
139.2;156;0;44
139.79999999999998;149;0;51
140.4;155;0;45
141.0;156;0;44
141.6;155;0;45
142.2;156;0;44
142.79999999999998;155;0;45
143.4;161;0;39
144.0;160;0;40
144.6;147;0;53
145.2;144;0;56
145.79999999999998;145;0;55
146.4;148;0;52
147.0;154;0;46
147.6;160;0;40
148.2;159;0;41
148.79999999999998;168;0;32
149.4;152;0;48
150.0;157;0;43
150.6;154;0;46
151.2;155;0;45
151.79999999999998;157;0;43
152.4;154;0;46
153.0;149;0;51
153.6;149;0;51
154.2;154;0;46
154.79999999999998;150;0;50
155.4;148;0;52
156.0;150;0;50
156.6;164;0;36
157.2;159;0;41
157.79999999999998;152;0;48
158.4;143;0;57
159.0;142;0;58
159.6;146;0;54
160.2;156;0;44
160.79999999999998;154;0;46
161.4;156;0;44
162.0;155;0;45
162.6;147;0;53
163.2;151;0;49
163.79999999999998;158;0;42
164.4;151;0;49
165.0;149;0;51
165.6;151;0;49
166.2;151;0;49
166.79999999999998;158;0;42
167.4;165;0;35
168.0;161;0;39
168.6;149;0;51
169.2;141;0;59
169.79999999999998;148;0;52
170.4;153;0;47
171.0;158;0;42
171.6;154;0;46
172.2;160;0;40
172.79999999999998;164;0;36
173.4;158;0;42
174.0;156;0;44
174.6;145;0;55
175.2;156;0;44
175.79999999999998;154;0;46
176.4;148;0;52
177.0;147;0;53
177.6;152;0;48
178.2;162;0;38
178.79999999999998;159;0;41
179.4;153;0;47
180.0;151;0;49
180.6;151;0;49
181.2;155;0;45
181.79999999999998;152;0;48
182.4;145;0;55
183.0;136;0;64
183.6;139;0;61
184.2;140;0;60
184.79999999999998;138;0;62
185.4;144;0;56
186.0;145;0;55
186.6;142;0;58
187.2;154;0;46
187.79999999999998;159;0;41
188.4;154;0;46
189.0;152;0;48
189.6;160;0;40
190.2;155;0;45
190.79999999999998;154;0;46
191.4;155;0;45
192.0;144;0;56
192.6;146;0;54
193.2;156;0;44
193.79999999999998;149;0;51
194.4;156;0;44
195.0;153;0;47
195.6;153;0;47
196.2;155;0;45
196.79999999999998;153;0;47
197.4;149;0;51
198.0;146;0;54
198.6;144;0;56
199.2;144;0;56
199.79999999999998;139;0;61
200.4;153;0;47
201.0;155;0;45
201.6;149;0;51
202.2;146;0;54
202.79999999999998;152;0;48
203.4;154;0;46
204.0;155;0;45
204.6;151;0;49
205.2;157;0;43
205.79999999999998;153;0;47
206.4;159;0;41
207.0;156;0;44
207.6;156;0;44
208.2;153;0;47
208.79999999999998;146;0;54
209.4;152;0;48
210.0;148;0;52
210.6;146;0;54
211.2;149;0;51
211.79999999999998;152;0;48
212.4;145;0;55
213.0;157;0;43
213.6;155;0;45
214.2;151;0;49
214.79999999999998;142;0;58
215.4;148;0;52
216.0;153;0;47
216.6;148;0;52
217.2;143;0;57
217.79999999999998;144;0;56
218.4;134;0;66
219.0;136;0;64
219.6;147;0;53
220.2;161;0;39
220.79999999999998;151;0;49
221.4;147;0;53
222.0;156;0;44
222.6;154;0;46
223.2;155;0;45
223.79999999999998;149;0;51
224.4;153;0;47
225.0;156;0;44
225.6;161;0;39
226.2;151;0;49
226.79999999999998;152;0;48
227.4;148;0;52
228.0;157;0;43
228.6;156;0;44
229.2;149;0;51
229.79999999999998;143;0;57
230.39999999999998;143;0;57
231.0;142;0;58
231.6;143;0;57
232.2;153;0;47
232.79999999999998;148;0;52
233.39999999999998;154;0;46
234.0;159;0;41
234.6;164;0;36
235.2;149;0;51
235.79999999999998;157;0;43
236.39999999999998;147;0;53
237.0;145;0;55
237.6;160;0;40
238.2;141;0;59
238.79999999999998;143;0;57
239.39999999999998;138;0;62
240.0;151;0;49
240.6;155;0;45
241.2;156;0;44
241.79999999999998;155;0;45
242.39999999999998;150;0;50
243.0;149;0;51
243.6;151;0;49
244.2;152;0;48
244.79999999999998;149;0;51
245.39999999999998;154;0;46
246.0;152;0;48
246.6;146;0;54
247.2;151;0;49
247.79999999999998;146;0;54
248.39999999999998;156;0;44
249.0;146;0;54
249.6;145;0;55
250.2;154;0;46
250.79999999999998;141;0;59
251.39999999999998;143;0;57
252.0;152;0;48
252.6;154;0;46
253.2;158;0;42
253.79999999999998;151;0;49
254.39999999999998;165;0;35
255.0;156;0;44
255.6;160;0;40
256.2;156;0;44
256.8;151;0;49
257.4;151;0;49
258.0;145;0;55
258.59999999999997;150;0;50
259.2;148;0;52
259.8;148;0;52
260.4;150;0;50
261.0;147;0;53
261.59999999999997;144;0;56
262.2;150;0;50
262.8;149;0;51
263.4;146;0;54
264.0;146;0;54
264.59999999999997;148;0;52
265.2;151;0;49
265.8;145;0;55
266.4;151;0;49
267.0;158;0;42
267.59999999999997;162;0;38
268.2;142;0;58
268.8;150;0;50
269.4;157;0;43
270.0;148;0;52
270.59999999999997;156;0;44
271.2;151;0;49
271.8;152;0;48
272.4;145;0;55
273.0;154;0;46
273.59999999999997;144;0;56
274.2;142;0;58
274.8;152;0;48
275.4;153;0;47
276.0;154;0;46
276.59999999999997;152;0;48
277.2;155;0;45
277.8;152;0;48
278.4;150;0;50
279.0;153;0;47
279.59999999999997;153;0;47
280.2;158;0;42
280.8;155;0;45
281.4;164;0;36
282.0;163;0;37
282.59999999999997;144;0;56
283.2;148;0;52
283.8;147;0;53
284.4;148;0;52
285.0;148;0;52
285.59999999999997;145;0;55
286.2;144;0;56
286.8;154;0;46
287.4;147;0;53
288.0;165;0;35
288.59999999999997;160;0;40
289.2;157;0;43
289.8;156;0;44
290.4;154;0;46
291.0;149;0;51
291.59999999999997;152;0;48
292.2;158;0;42
292.8;156;0;44
293.4;152;0;48
294.0;148;0;52
294.59999999999997;157;0;43
295.2;154;0;46
295.8;156;0;44
296.4;150;0;50
297.0;153;0;47
297.59999999999997;145;0;55
298.2;146;0;54
298.8;146;0;54
299.4;144;0;56
#auto generated file!
60.0;160;0;40
60.599999999999994;152;0;48
61.199999999999996;155;0;45
61.8;153;0;47
62.4;155;0;45
63.0;152;0;48
63.599999999999994;156;0;44
64.2;150;0;50
64.8;147;0;53
65.39999999999999;140;0;60
66.0;141;0;59
66.6;143;0;57
67.2;149;0;51
67.8;148;0;52
68.39999999999999;155;0;45
69.0;159;0;41
69.6;164;0;36
70.2;161;0;39
70.8;152;0;48
71.39999999999999;142;0;58
72.0;154;0;46
72.6;146;0;54
73.2;153;0;47
73.8;150;0;50
74.39999999999999;151;0;49
75.0;151;0;49
75.6;141;0;59
76.2;150;0;50
76.8;160;0;40
77.39999999999999;148;0;52
78.0;154;0;46
78.6;157;0;43
79.2;154;0;46
79.8;153;0;47
80.39999999999999;153;0;47
81.0;146;0;54
81.6;156;0;44
82.2;150;0;50
82.8;148;0;52
83.39999999999999;146;0;54
84.0;149;0;51
84.6;151;0;49
85.2;155;0;45
85.8;151;0;49
86.39999999999999;145;0;55
87.0;145;0;55
87.6;149;0;51
88.2;158;0;42
88.8;155;0;45
89.39999999999999;155;0;45
90.0;154;0;46
90.6;144;0;56
91.2;144;0;56
91.8;148;0;52
92.39999999999999;147;0;53
93.0;141;0;59
93.6;154;0;46
94.2;152;0;48
94.8;158;0;42
95.39999999999999;155;0;45
96.0;158;0;42
96.6;152;0;48
97.2;146;0;54
97.8;151;0;49
98.39999999999999;150;0;50
99.0;160;0;40
99.6;148;0;52
100.2;149;0;51
100.8;143;0;57
101.39999999999999;142;0;58
102.0;144;0;56
102.6;136;0;64
103.2;142;0;58
103.8;144;0;56
104.39999999999999;151;0;49
105.0;152;0;48
105.6;147;0;53
106.2;152;0;48
106.8;163;0;37
107.39999999999999;160;0;40
108.0;154;0;46
108.6;148;0;52
109.2;144;0;56
109.8;152;0;48
110.39999999999999;148;0;52
111.0;148;0;52
111.6;144;0;56
112.2;145;0;55
112.8;143;0;57
113.39999999999999;139;0;61
114.0;133;0;67
114.6;138;0;62
115.19999999999999;149;0;51
115.8;148;0;52
116.39999999999999;142;0;58
117.0;149;0;51
117.6;147;0;53
118.19999999999999;152;0;48
118.8;145;0;55
119.39999999999999;149;0;51
120.0;149;0;51
120.6;149;0;51
121.19999999999999;143;0;57
121.8;152;0;48
122.39999999999999;157;0;43
123.0;149;0;51
123.6;155;0;45
124.19999999999999;154;0;46
124.8;152;0;48
125.39999999999999;166;0;34
126.0;160;0;40
126.6;153;0;47
127.19999999999999;160;0;40
127.8;161;0;39
128.4;152;0;48
129.0;146;0;54
129.6;147;0;53
130.2;143;0;57
130.79999999999998;149;0;51
131.4;147;0;53
132.0;149;0;51
132.6;154;0;46
133.2;148;0;52
133.79999999999998;147;0;53
134.4;145;0;55
135.0;146;0;54
135.6;142;0;58
136.2;134;0;66
136.79999999999998;151;0;49
137.4;147;0;53
138.0;155;0;45
138.6;156;0;44
139.2;156;0;44
139.79999999999998;150;0;50
140.4;146;0;54
141.0;138;0;62
141.6;144;0;56
142.2;142;0;58
142.79999999999998;140;0;60
143.4;138;0;62
144.0;142;0;58
144.6;146;0;54
145.2;145;0;55
145.79999999999998;149;0;51
146.4;141;0;59
147.0;155;0;45
147.6;156;0;44
148.2;156;0;44
148.79999999999998;161;0;39
149.4;157;0;43
150.0;148;0;52
150.6;139;0;61
151.2;126;0;74
151.79999999999998;149;0;51
152.4;151;0;49
153.0;150;0;50
153.6;164;0;36
154.2;151;0;49
154.79999999999998;152;0;48
155.4;155;0;45
156.0;153;0;47
156.6;146;0;54
157.2;148;0;52
157.79999999999998;149;0;51
158.4;136;0;64
159.0;145;0;55
159.6;151;0;49
160.2;153;0;47
160.79999999999998;160;0;40
161.4;156;0;44
162.0;154;0;46
162.6;159;0;41
163.2;160;0;40
163.79999999999998;167;0;33
164.4;167;0;33
165.0;154;0;46
165.6;153;0;47
166.2;154;0;46
166.79999999999998;160;0;40
167.4;161;0;39
168.0;159;0;41
168.6;150;0;50
169.2;155;0;45
169.79999999999998;148;0;52
170.4;147;0;53
171.0;146;0;54
171.6;155;0;45
172.2;153;0;47
172.79999999999998;162;0;38
173.4;153;0;47
174.0;157;0;43
174.6;156;0;44
175.2;143;0;57
175.79999999999998;156;0;44
176.4;148;0;52
177.0;141;0;59
177.6;139;0;61
178.2;146;0;54
178.79999999999998;149;0;51
179.4;158;0;42
180.0;152;0;48
180.6;154;0;46
181.2;157;0;43
181.79999999999998;152;0;48
182.4;152;0;48
183.0;157;0;43
183.6;149;0;51
184.2;147;0;53
184.79999999999998;141;0;59
185.4;145;0;55
186.0;143;0;57
186.6;144;0;56
187.2;137;0;63
187.79999999999998;138;0;62
188.4;131;0;69
189.0;138;0;62
189.6;150;0;50
190.2;159;0;41
190.79999999999998;149;0;51
191.4;149;0;51
192.0;148;0;52
192.6;141;0;59
193.2;152;0;48
193.79999999999998;154;0;46
194.4;147;0;53
195.0;145;0;55
195.6;144;0;56
196.2;145;0;55
196.79999999999998;147;0;53
197.4;154;0;46
198.0;151;0;49
198.6;150;0;50
199.2;158;0;42
199.79999999999998;153;0;47
200.4;148;0;52
201.0;157;0;43
201.6;148;0;52
202.2;150;0;50
202.79999999999998;150;0;50
203.4;139;0;61
204.0;149;0;51
204.6;147;0;53
205.2;147;0;53
205.79999999999998;150;0;50
206.4;148;0;52
207.0;143;0;57
207.6;143;0;57
208.2;150;0;50
208.79999999999998;148;0;52
209.4;143;0;57
210.0;146;0;54
210.6;156;0;44
211.2;149;0;51
211.79999999999998;150;0;50
212.4;147;0;53
213.0;151;0;49
213.6;152;0;48
214.2;156;0;44
214.79999999999998;147;0;53
215.4;153;0;47
216.0;155;0;45
216.6;152;0;48
217.2;141;0;59
217.79999999999998;148;0;52
218.4;153;0;47
219.0;150;0;50
219.6;156;0;44
220.2;161;0;39
220.79999999999998;163;0;37
221.4;159;0;41
222.0;149;0;51
222.6;156;0;44
223.2;147;0;53
223.79999999999998;160;0;40
224.4;153;0;47
225.0;146;0;54
225.6;144;0;56
226.2;142;0;58
226.79999999999998;140;0;60
227.4;142;0;58
228.0;154;0;46
228.6;156;0;44
229.2;150;0;50
229.79999999999998;152;0;48
230.39999999999998;151;0;49
231.0;154;0;46
231.6;158;0;42
232.2;153;0;47
232.79999999999998;154;0;46
233.39999999999998;149;0;51
234.0;161;0;39
234.6;147;0;53
235.2;150;0;50
235.79999999999998;152;0;48
236.39999999999998;149;0;51
237.0;144;0;56
237.6;143;0;57
238.2;154;0;46
238.79999999999998;157;0;43
239.39999999999998;154;0;46
240.0;156;0;44
240.6;152;0;48
241.2;148;0;52
241.79999999999998;144;0;56
242.39999999999998;142;0;58
243.0;154;0;46
243.6;158;0;42
244.2;162;0;38
244.79999999999998;147;0;53
245.39999999999998;142;0;58
246.0;150;0;50
246.6;150;0;50
247.2;146;0;54
247.79999999999998;148;0;52
248.39999999999998;153;0;47
249.0;149;0;51
249.6;150;0;50
250.2;152;0;48
250.79999999999998;153;0;47
251.39999999999998;152;0;48
252.0;147;0;53
252.6;152;0;48
253.2;150;0;50
253.79999999999998;154;0;46
254.39999999999998;141;0;59
255.0;137;0;63
255.6;144;0;56
256.2;145;0;55
256.8;145;0;55
257.4;144;0;56
258.0;142;0;58
258.59999999999997;141;0;59
259.2;151;0;49
259.8;145;0;55
260.4;153;0;47
261.0;150;0;50
261.59999999999997;151;0;49
262.2;163;0;37
262.8;163;0;37
263.4;156;0;44
264.0;155;0;45
264.59999999999997;145;0;55
265.2;150;0;50
265.8;146;0;54
266.4;140;0;60
267.0;152;0;48
267.59999999999997;145;0;55
268.2;150;0;50
268.8;146;0;54
269.4;154;0;46
270.0;147;0;53
270.59999999999997;156;0;44
271.2;160;0;40
271.8;149;0;51
272.4;152;0;48
273.0;150;0;50
273.59999999999997;151;0;49
274.2;157;0;43
274.8;150;0;50
275.4;155;0;45
276.0;157;0;43
276.59999999999997;154;0;46
277.2;146;0;54
277.8;142;0;58
278.4;137;0;63
279.0;139;0;61
279.59999999999997;146;0;54
280.2;151;0;49
280.8;149;0;51
281.4;145;0;55
282.0;143;0;57
282.59999999999997;147;0;53
283.2;150;0;50
283.8;145;0;55
284.4;156;0;44
285.0;157;0;43
285.59999999999997;153;0;47
286.2;147;0;53
286.8;150;0;50
287.4;154;0;46
288.0;153;0;47
288.59999999999997;155;0;45
289.2;149;0;51
289.8;137;0;63
290.4;144;0;56
291.0;155;0;45
291.59999999999997;162;0;38
292.2;156;0;44
292.8;159;0;41
293.4;158;0;42
294.0;148;0;52
294.59999999999997;155;0;45
295.2;155;0;45
295.8;157;0;43
296.4;158;0;42
297.0;156;0;44
297.59999999999997;148;0;52
298.2;150;0;50
298.8;148;0;52
299.4;150;0;50
