#auto generated file!
320;17;17;0;19.607805641481242;15.614423650665206;3.9933819908160304;114.23690476190474;0.0;0;0
320;17;17;0;19.607805641481242;15.614423650665206;3.9933819908160304
0;0;0;0;0.0;0.0;0.0
#auto generated file!
373;21;21;0;22.571958936310587;18.608532764338815;3.9634261719718173;116.92500000000004;0.0;0;0
373;21;21;0;22.571958936310587;18.608532764338815;3.9634261719718173
0;0;0;0;0.0;0.0;0.0
#auto generated file!
378;6;6;0;21.007797297747835;16.99659679913207;4.011200498615747;116.64333333333332;0.0;0;0
378;6;6;0;21.007797297747835;16.99659679913207;4.011200498615747
0;0;0;0;0.0;0.0;0.0
#auto generated file!
413;2;2;0;20.629713662090108;16.63796024107778;3.991753421012315;89.64095238095237;0.0;0;0
413;2;2;0;20.629713662090108;16.63796024107778;3.991753421012315
0;0;0;0;0.0;0.0;0.0
#auto generated file!
370;17;17;0;22.346994450790042;18.33212073059855;4.01487372019149;126.8078571428571;0.0;0;0
370;17;17;0;22.346994450790042;18.33212073059855;4.01487372019149
0;0;0;0;0.0;0.0;0.0
#auto generated file!
387;22;22;0;21.12245278722645;17.067602058612728;4.054850728613756;124.09190476190483;0.0;0;0
387;22;22;0;21.12245278722645;17.067602058612728;4.054850728613756
0;0;0;0;0.0;0.0;0.0
#auto generated file!
348;27;27;0;19.487816082342786;15.6224001298612;3.865415952481592;123.67999999999992;0.0;0;0
348;27;27;0;19.487816082342786;15.6224001298612;3.865415952481592
0;0;0;0;0.0;0.0;0.0
#auto generated file!
376;21;21;0;20.816403023358358;16.8291534791284;3.987249544229957;119.93499999999997;0.0;0;0
376;21;21;0;20.816403023358358;16.8291534791284;3.987249544229957
0;0;0;0;0.0;0.0;0.0
#auto generated file!
330;20;20;0;18.07505293113185;13.98993195591758;4.085120975214269;103.85023809523823;0.0;0;0
330;20;20;0;18.07505293113185;13.98993195591758;4.085120975214269
0;0;0;0;0.0;0.0;0.0
#auto generated file!
417;9;9;0;20.403890632747725;16.507497552032767;3.896393080714971;106.49404761904754;0.0;0;0
417;9;9;0;20.403890632747725;16.507497552032767;3.896393080714971
0;0;0;0;0.0;0.0;0.0
