#auto generated file!
1257;353;330;0;40.372098746694355;36.43571286286541;3.9363858838289714;114.23690476190474;0.0;23;0
1257;353;330;0;40.372098746694355;36.43571286286541;3.9363858838289714
0;0;0;0;0.0;0.0;0.0
#auto generated file!
1282;363;320;0;41.76093137815583;37.83076223992053;3.930169138235247;116.92500000000004;0.0;43;0
1282;363;320;0;41.76093137815583;37.83076223992053;3.930169138235247
0;0;0;0;0.0;0.0;0.0
#auto generated file!
1258;303;301;0;41.604349163205626;37.64205703354862;3.9622921296570177;116.64333333333332;0.0;2;0
1258;303;301;0;41.604349163205626;37.64205703354862;3.9622921296570177
0;0;0;0;0.0;0.0;0.0
#auto generated file!
1097;206;206;0;39.173743358147874;35.226959739174674;3.9467836189732504;89.64095238095237;0.0;0;0
1097;206;206;0;39.173743358147874;35.226959739174674;3.9467836189732504
0;0;0;0;0.0;0.0;0.0
#auto generated file!
1320;366;336;0;42.77044568639565;38.81341175959502;3.9570339268005794;126.8078571428571;0.0;30;0
1320;366;336;0;42.77044568639565;38.81341175959502;3.9570339268005794
0;0;0;0;0.0;0.0;0.0
#auto generated file!
1349;343;338;0;42.17859441533181;38.19431436793572;3.9842800473960103;124.09190476190483;0.0;5;0
1349;343;338;0;42.17859441533181;38.19431436793572;3.9842800473960103
0;0;0;0;0.0;0.0;0.0
#auto generated file!
1295;384;375;0;42.20314252496238;38.26378563731192;3.9393568876505296;123.67999999999992;0.0;9;0
1295;384;375;0;42.20314252496238;38.26378563731192;3.9393568876505296
0;0;0;0;0.0;0.0;0.0
#auto generated file!
1235;371;358;0;41.987694092186054;38.02008258811733;3.967611504068679;119.93499999999997;0.0;13;0
1235;371;358;0;41.987694092186054;38.02008258811733;3.967611504068679
0;0;0;0;0.0;0.0;0.0
#auto generated file!
1225;273;273;0;40.19596620490073;36.224876992661834;3.9710892122388493;103.85023809523823;0.0;0;0
1225;273;273;0;40.19596620490073;36.224876992661834;3.9710892122388493
0;0;0;0;0.0;0.0;0.0
#auto generated file!
1219;309;309;0;39.400073794350355;35.49192448887164;3.9081493054786653;106.49404761904754;0.0;0;0
1219;309;309;0;39.400073794350355;35.49192448887164;3.9081493054786653
0;0;0;0;0.0;0.0;0.0
