#auto generated file!
29;4;4;0;19.925349319868435;15.703266732049368;4.222082587819065;77.25476190476193;0.0;0;0
29;4;4;0;19.925349319868435;15.703266732049368;4.222082587819065
0;0;0;0;0.0;0.0;0.0
#auto generated file!
40;6;6;0;25.896258204458015;22.37442754084195;3.521830663616057;74.24523809523812;0.0;0;0
40;6;6;0;25.896258204458015;22.37442754084195;3.521830663616057
0;0;0;0;0.0;0.0;0.0
#auto generated file!
28;4;4;0;35.1843116012654;30.965028845862285;4.219282755403117;84.71095238095232;0.0;0;0
28;4;4;0;35.1843116012654;30.965028845862285;4.219282755403117
0;0;0;0;0.0;0.0;0.0
#auto generated file!
27;1;1;0;13.566165997361432;9.638766472941631;3.9273995244198017;66.70476190476198;0.0;0;0
27;1;1;0;13.566165997361432;9.638766472941631;3.9273995244198017
0;0;0;0;0.0;0.0;0.0
#auto generated file!
40;2;2;0;17.884458084164372;14.160984268181744;3.723473815982627;61.08880952380953;0.0;0;0
40;2;2;0;17.884458084164372;14.160984268181744;3.723473815982627
0;0;0;0;0.0;0.0;0.0
#auto generated file!
61;3;3;0;18.024310334804365;13.999338731690765;4.024971603113617;54.94547619047618;0.0;0;0
61;3;3;0;18.024310334804365;13.999338731690765;4.024971603113617
0;0;0;0;0.0;0.0;0.0
#auto generated file!
39;3;3;0;23.072985023134123;19.156675995281073;3.9163090278530444;61.32404761904762;0.0;0;0
39;3;3;0;23.072985023134123;19.156675995281073;3.9163090278530444
0;0;0;0;0.0;0.0;0.0
#auto generated file!
28;2;2;0;18.392905444567287;14.456628662002482;3.9362767825648084;87.83904761904769;0.0;0;0
28;2;2;0;18.392905444567287;14.456628662002482;3.9362767825648084
0;0;0;0;0.0;0.0;0.0
#auto generated file!
41;4;4;0;20.748842942413866;16.72193146740267;4.026911475011203;75.18047619047614;0.0;0;0
41;4;4;0;20.748842942413866;16.72193146740267;4.026911475011203
0;0;0;0;0.0;0.0;0.0
#auto generated file!
48;6;6;0;20.41811355424613;16.362469067670123;4.05564448657601;66.45619047619046;0.0;0;0
48;6;6;0;20.41811355424613;16.362469067670123;4.05564448657601
0;0;0;0;0.0;0.0;0.0
