#auto generated file!
60.0;271;0;79
60.599999999999994;269;0;81
61.199999999999996;273;0;77
61.8;267;0;83
62.4;260;0;90
63.0;261;0;89
63.599999999999994;249;0;101
64.2;264;0;86
64.8;257;0;93
65.39999999999999;267;0;83
66.0;268;0;82
66.6;271;0;79
67.2;264;0;86
67.8;248;0;102
68.39999999999999;252;0;98
69.0;249;0;101
69.6;259;0;91
70.2;267;0;83
70.8;256;0;94
71.39999999999999;267;0;83
72.0;266;0;84
72.6;280;0;70
73.2;283;0;67
73.8;275;0;75
74.39999999999999;265;0;85
75.0;271;0;79
75.6;276;0;74
76.2;281;0;69
76.8;265;0;85
77.39999999999999;263;0;87
78.0;255;0;95
78.6;261;0;89
79.2;268;0;82
79.8;274;0;76
80.39999999999999;260;0;90
81.0;257;0;93
81.6;266;0;84
82.2;269;0;81
82.8;273;0;77
83.39999999999999;279;0;71
84.0;267;0;83
84.6;256;0;94
85.2;251;0;99
85.8;271;0;79
86.39999999999999;268;0;82
87.0;269;0;81
87.6;264;0;86
88.2;256;0;94
88.8;248;0;102
89.39999999999999;258;0;92
90.0;261;0;89
90.6;272;0;78
91.2;257;0;93
91.8;258;0;92
92.39999999999999;269;0;81
93.0;248;0;102
93.6;255;0;95
94.2;254;0;96
94.8;263;0;87
95.39999999999999;259;0;91
96.0;250;0;100
96.6;243;0;107
97.2;262;0;88
97.8;267;0;83
98.39999999999999;274;0;76
99.0;284;0;66
99.6;275;0;75
100.2;278;0;72
100.8;267;0;83
101.39999999999999;261;0;89
102.0;258;0;92
102.6;257;0;93
103.2;257;0;93
103.8;262;0;88
104.39999999999999;269;0;81
105.0;268;0;82
105.6;261;0;89
106.2;262;0;88
106.8;271;0;79
107.39999999999999;260;0;90
108.0;262;0;88
108.6;256;0;94
109.2;262;0;88
109.8;255;0;95
110.39999999999999;255;0;95
111.0;268;0;82
111.6;263;0;87
112.2;258;0;92
112.8;267;0;83
113.39999999999999;275;0;75
114.0;272;0;78
114.6;262;0;88
115.19999999999999;257;0;93
115.8;256;0;94
116.39999999999999;253;0;97
117.0;272;0;78
117.6;255;0;95
118.19999999999999;251;0;99
118.8;267;0;83
119.39999999999999;272;0;78
120.0;254;0;96
120.6;266;0;84
121.19999999999999;279;0;71
121.8;274;0;76
122.39999999999999;257;0;93
123.0;273;0;77
123.6;276;0;74
124.19999999999999;269;0;81
124.8;262;0;88
125.39999999999999;252;0;98
126.0;263;0;87
126.6;260;0;90
127.19999999999999;253;0;97
127.8;242;0;108
128.4;257;0;93
129.0;264;0;86
129.6;259;0;91
130.2;261;0;89
130.79999999999998;263;0;87
131.4;273;0;77
132.0;271;0;79
132.6;265;0;85
133.2;260;0;90
133.79999999999998;259;0;91
134.4;237;0;113
135.0;248;0;102
135.6;254;0;96
136.2;254;0;96
136.79999999999998;264;0;86
137.4;268;0;82
138.0;264;0;86
138.6;266;0;84
139.2;261;0;89
139.79999999999998;266;0;84
140.4;271;0;79
141.0;258;0;92
141.6;257;0;93
142.2;252;0;98
142.79999999999998;256;0;94
143.4;258;0;92
144.0;255;0;95
144.6;262;0;88
145.2;265;0;85
145.79999999999998;268;0;82
146.4;264;0;86
147.0;262;0;88
147.6;276;0;74
148.2;269;0;81
148.79999999999998;261;0;89
149.4;254;0;96
150.0;257;0;93
150.6;250;0;100
151.2;260;0;90
151.79999999999998;261;0;89
152.4;261;0;89
153.0;256;0;94
153.6;253;0;97
154.2;254;0;96
154.79999999999998;268;0;82
155.4;278;0;72
156.0;272;0;78
156.6;279;0;71
157.2;260;0;90
157.79999999999998;249;0;101
158.4;249;0;101
159.0;256;0;94
159.6;263;0;87
160.2;267;0;83
160.79999999999998;257;0;93
161.4;261;0;89
162.0;255;0;95
162.6;277;0;73
163.2;259;0;91
163.79999999999998;247;0;103
164.4;253;0;97
165.0;262;0;88
165.6;269;0;81
166.2;267;0;83
166.79999999999998;272;0;78
167.4;279;0;71
168.0;256;0;94
168.6;256;0;94
169.2;269;0;81
169.79999999999998;264;0;86
170.4;257;0;93
171.0;258;0;92
171.6;250;0;100
172.2;250;0;100
172.79999999999998;262;0;88
173.4;260;0;90
174.0;253;0;97
174.6;252;0;98
175.2;266;0;84
175.79999999999998;256;0;94
176.4;245;0;105
177.0;244;0;106
177.6;248;0;102
178.2;255;0;95
178.79999999999998;265;0;85
179.4;265;0;85
180.0;271;0;79
180.6;269;0;81
181.2;266;0;84
181.79999999999998;264;0;86
182.4;272;0;78
183.0;267;0;83
183.6;255;0;95
184.2;251;0;99
184.79999999999998;256;0;94
185.4;260;0;90
186.0;250;0;100
186.6;239;0;111
187.2;246;0;104
187.79999999999998;261;0;89
188.4;260;0;90
189.0;248;0;102
189.6;257;0;93
190.2;264;0;86
190.79999999999998;268;0;82
191.4;268;0;82
192.0;252;0;98
192.6;252;0;98
193.2;265;0;85
193.79999999999998;267;0;83
194.4;257;0;93
195.0;276;0;74
195.6;278;0;72
196.2;261;0;89
196.79999999999998;257;0;93
197.4;262;0;88
198.0;258;0;92
198.6;251;0;99
199.2;258;0;92
199.79999999999998;266;0;84
200.4;264;0;86
201.0;266;0;84
201.6;262;0;88
202.2;262;0;88
202.79999999999998;257;0;93
203.4;267;0;83
204.0;270;0;80
204.6;269;0;81
205.2;264;0;86
205.79999999999998;261;0;89
206.4;263;0;87
207.0;267;0;83
207.6;271;0;79
208.2;261;0;89
208.79999999999998;254;0;96
209.4;254;0;96
210.0;250;0;100
210.6;243;0;107
211.2;260;0;90
211.79999999999998;265;0;85
212.4;270;0;80
213.0;275;0;75
213.6;272;0;78
214.2;270;0;80
214.79999999999998;274;0;76
215.4;276;0;74
216.0;270;0;80
216.6;263;0;87
217.2;250;0;100
217.79999999999998;265;0;85
218.4;269;0;81
219.0;268;0;82
219.6;266;0;84
220.2;273;0;77
220.79999999999998;269;0;81
221.4;266;0;84
222.0;267;0;83
222.6;257;0;93
223.2;264;0;86
223.79999999999998;262;0;88
224.4;269;0;81
225.0;269;0;81
225.6;261;0;89
226.2;267;0;83
226.79999999999998;258;0;92
227.4;266;0;84
228.0;254;0;96
228.6;245;0;105
229.2;250;0;100
229.79999999999998;255;0;95
230.39999999999998;266;0;84
231.0;259;0;91
231.6;245;0;105
232.2;252;0;98
232.79999999999998;267;0;83
233.39999999999998;261;0;89
234.0;255;0;95
234.6;260;0;90
235.2;259;0;91
235.79999999999998;264;0;86
236.39999999999998;272;0;78
237.0;261;0;89
237.6;260;0;90
238.2;266;0;84
238.79999999999998;256;0;94
239.39999999999998;276;0;74
240.0;267;0;83
240.6;252;0;98
241.2;269;0;81
241.79999999999998;261;0;89
242.39999999999998;256;0;94
243.0;250;0;100
243.6;253;0;97
244.2;266;0;84
244.79999999999998;265;0;85
245.39999999999998;277;0;73
246.0;260;0;90
246.6;256;0;94
247.2;262;0;88
247.79999999999998;263;0;87
248.39999999999998;275;0;75
249.0;264;0;86
249.6;278;0;72
250.2;265;0;85
250.79999999999998;267;0;83
251.39999999999998;265;0;85
252.0;268;0;82
252.6;273;0;77
253.2;254;0;96
253.79999999999998;257;0;93
254.39999999999998;276;0;74
255.0;269;0;81
255.6;256;0;94
256.2;273;0;77
256.8;273;0;77
257.4;255;0;95
258.0;260;0;90
258.59999999999997;265;0;85
259.2;270;0;80
259.8;269;0;81
260.4;261;0;89
261.0;253;0;97
261.59999999999997;264;0;86
262.2;265;0;85
262.8;267;0;83
263.4;261;0;89
264.0;254;0;96
264.59999999999997;254;0;96
265.2;265;0;85
265.8;271;0;79
266.4;260;0;90
267.0;251;0;99
267.59999999999997;256;0;94
268.2;253;0;97
268.8;263;0;87
269.4;268;0;82
270.0;275;0;75
270.59999999999997;279;0;71
271.2;269;0;81
271.8;264;0;86
272.4;273;0;77
273.0;258;0;92
273.59999999999997;267;0;83
274.2;255;0;95
274.8;263;0;87
275.4;268;0;82
276.0;271;0;79
276.59999999999997;268;0;82
277.2;257;0;93
277.8;273;0;77
278.4;265;0;85
279.0;263;0;87
279.59999999999997;243;0;107
280.2;251;0;99
280.8;257;0;93
281.4;269;0;81
282.0;264;0;86
282.59999999999997;266;0;84
283.2;270;0;80
283.8;256;0;94
284.4;270;0;80
285.0;266;0;84
285.59999999999997;270;0;80
286.2;259;0;91
286.8;270;0;80
287.4;263;0;87
288.0;268;0;82
288.59999999999997;260;0;90
289.2;263;0;87
289.8;262;0;88
290.4;262;0;88
291.0;264;0;86
291.59999999999997;259;0;91
292.2;262;0;88
292.8;264;0;86
293.4;255;0;95
294.0;261;0;89
294.59999999999997;266;0;84
295.2;258;0;92
295.8;252;0;98
296.4;258;0;92
297.0;266;0;84
297.59999999999997;274;0;76
298.2;273;0;77
298.8;272;0;78
299.4;256;0;94
#auto generated file!
60.0;257;0;93
60.599999999999994;257;0;93
61.199999999999996;261;0;89
61.8;261;0;89
62.4;265;0;85
63.0;249;0;101
63.599999999999994;256;0;94
64.2;266;0;84
64.8;275;0;75
65.39999999999999;263;0;87
66.0;262;0;88
66.6;255;0;95
67.2;259;0;91
67.8;247;0;103
68.39999999999999;254;0;96
69.0;259;0;91
69.6;263;0;87
70.2;261;0;89
70.8;267;0;83
71.39999999999999;270;0;80
72.0;263;0;87
72.6;267;0;83
73.2;261;0;89
73.8;261;0;89
74.39999999999999;260;0;90
75.0;258;0;92
75.6;254;0;96
76.2;259;0;91
76.8;256;0;94
77.39999999999999;258;0;92
78.0;256;0;94
78.6;257;0;93
79.2;246;0;104
79.8;234;0;116
80.39999999999999;266;0;84
81.0;271;0;79
81.6;263;0;87
82.2;258;0;92
82.8;269;0;81
83.39999999999999;265;0;85
84.0;270;0;80
84.6;260;0;90
85.2;269;0;81
85.8;244;0;106
86.39999999999999;249;0;101
87.0;264;0;86
87.6;272;0;78
88.2;252;0;98
88.8;262;0;88
89.39999999999999;260;0;90
90.0;260;0;90
90.6;249;0;101
91.2;255;0;95
91.8;271;0;79
92.39999999999999;255;0;95
93.0;261;0;89
93.6;266;0;84
94.2;267;0;83
94.8;259;0;91
95.39999999999999;263;0;87
96.0;271;0;79
96.6;268;0;82
97.2;274;0;76
97.8;263;0;87
98.39999999999999;264;0;86
99.0;266;0;84
99.6;264;0;86
100.2;262;0;88
100.8;260;0;90
101.39999999999999;268;0;82
102.0;267;0;83
102.6;280;0;70
103.2;273;0;77
103.8;258;0;92
104.39999999999999;262;0;88
105.0;264;0;86
105.6;267;0;83
106.2;267;0;83
106.8;259;0;91
107.39999999999999;255;0;95
108.0;275;0;75
108.6;264;0;86
109.2;270;0;80
109.8;266;0;84
110.39999999999999;273;0;77
111.0;261;0;89
111.6;255;0;95
112.2;251;0;99
112.8;262;0;88
113.39999999999999;266;0;84
114.0;265;0;85
114.6;273;0;77
115.19999999999999;270;0;80
115.8;260;0;90
116.39999999999999;263;0;87
117.0;249;0;101
117.6;269;0;81
118.19999999999999;266;0;84
118.8;267;0;83
119.39999999999999;259;0;91
120.0;250;0;100
120.6;263;0;87
121.19999999999999;264;0;86
121.8;259;0;91
122.39999999999999;271;0;79
123.0;255;0;95
123.6;253;0;97
124.19999999999999;266;0;84
124.8;269;0;81
125.39999999999999;258;0;92
126.0;257;0;93
126.6;263;0;87
127.19999999999999;261;0;89
127.8;261;0;89
128.4;261;0;89
129.0;258;0;92
129.6;257;0;93
130.2;246;0;104
130.79999999999998;258;0;92
131.4;256;0;94
132.0;254;0;96
132.6;252;0;98
133.2;259;0;91
133.79999999999998;268;0;82
134.4;262;0;88
135.0;265;0;85
135.6;270;0;80
136.2;259;0;91
136.79999999999998;267;0;83
137.4;271;0;79
138.0;268;0;82
138.6;267;0;83
139.2;268;0;82
139.79999999999998;250;0;100
140.4;268;0;82
141.0;261;0;89
141.6;256;0;94
142.2;261;0;89
142.79999999999998;258;0;92
143.4;259;0;91
144.0;261;0;89
144.6;259;0;91
145.2;256;0;94
145.79999999999998;254;0;96
146.4;263;0;87
147.0;263;0;87
147.6;255;0;95
148.2;251;0;99
148.79999999999998;246;0;104
149.4;260;0;90
150.0;269;0;81
150.6;269;0;81
151.2;266;0;84
151.79999999999998;277;0;73
152.4;268;0;82
153.0;277;0;73
153.6;269;0;81
154.2;267;0;83
154.79999999999998;262;0;88
155.4;277;0;73
156.0;285;0;65
156.6;273;0;77
157.2;255;0;95
157.79999999999998;270;0;80
158.4;266;0;84
159.0;267;0;83
159.6;259;0;91
160.2;258;0;92
160.79999999999998;258;0;92
161.4;234;0;116
162.0;243;0;107
162.6;260;0;90
163.2;254;0;96
163.79999999999998;251;0;99
164.4;254;0;96
165.0;251;0;99
165.6;251;0;99
166.2;257;0;93
166.79999999999998;260;0;90
167.4;260;0;90
168.0;266;0;84
168.6;262;0;88
169.2;257;0;93
169.79999999999998;267;0;83
170.4;270;0;80
171.0;266;0;84
171.6;261;0;89
172.2;255;0;95
172.79999999999998;267;0;83
173.4;266;0;84
174.0;268;0;82
174.6;258;0;92
175.2;264;0;86
175.79999999999998;257;0;93
176.4;255;0;95
177.0;255;0;95
177.6;260;0;90
178.2;257;0;93
178.79999999999998;241;0;109
179.4;257;0;93
180.0;265;0;85
180.6;257;0;93
181.2;256;0;94
181.79999999999998;266;0;84
182.4;259;0;91
183.0;262;0;88
183.6;265;0;85
184.2;271;0;79
184.79999999999998;264;0;86
185.4;270;0;80
186.0;255;0;95
186.6;263;0;87
187.2;249;0;101
187.79999999999998;247;0;103
188.4;244;0;106
189.0;252;0;98
189.6;253;0;97
190.2;261;0;89
190.79999999999998;261;0;89
191.4;265;0;85
192.0;261;0;89
192.6;257;0;93
193.2;267;0;83
193.79999999999998;259;0;91
194.4;275;0;75
195.0;273;0;77
195.6;264;0;86
196.2;257;0;93
196.79999999999998;253;0;97
197.4;258;0;92
198.0;256;0;94
198.6;262;0;88
199.2;260;0;90
199.79999999999998;262;0;88
200.4;254;0;96
201.0;261;0;89
201.6;265;0;85
202.2;260;0;90
202.79999999999998;262;0;88
203.4;262;0;88
204.0;261;0;89
204.6;254;0;96
205.2;254;0;96
205.79999999999998;245;0;105
206.4;250;0;100
207.0;257;0;93
207.6;260;0;90
208.2;272;0;78
208.79999999999998;269;0;81
209.4;267;0;83
210.0;263;0;87
210.6;258;0;92
211.2;266;0;84
211.79999999999998;250;0;100
212.4;267;0;83
213.0;268;0;82
213.6;263;0;87
214.2;258;0;92
214.79999999999998;264;0;86
215.4;261;0;89
216.0;263;0;87
216.6;260;0;90
217.2;267;0;83
217.79999999999998;270;0;80
218.4;258;0;92
219.0;270;0;80
219.6;257;0;93
220.2;253;0;97
220.79999999999998;257;0;93
221.4;265;0;85
222.0;263;0;87
222.6;266;0;84
223.2;252;0;98
223.79999999999998;263;0;87
224.4;257;0;93
225.0;261;0;89
225.6;255;0;95
226.2;267;0;83
226.79999999999998;264;0;86
227.4;259;0;91
228.0;257;0;93
228.6;262;0;88
229.2;258;0;92
229.79999999999998;260;0;90
230.39999999999998;266;0;84
231.0;256;0;94
231.6;260;0;90
232.2;263;0;87
232.79999999999998;258;0;92
233.39999999999998;252;0;98
234.0;254;0;96
234.6;260;0;90
235.2;270;0;80
235.79999999999998;275;0;75
236.39999999999998;276;0;74
237.0;269;0;81
237.6;254;0;96
238.2;261;0;89
238.79999999999998;262;0;88
239.39999999999998;263;0;87
240.0;272;0;78
240.6;270;0;80
241.2;278;0;72
241.79999999999998;272;0;78
242.39999999999998;262;0;88
243.0;263;0;87
243.6;268;0;82
244.2;266;0;84
244.79999999999998;261;0;89
245.39999999999998;259;0;91
246.0;271;0;79
246.6;264;0;86
247.2;269;0;81
247.79999999999998;266;0;84
248.39999999999998;268;0;82
249.0;278;0;72
249.6;272;0;78
250.2;276;0;74
250.79999999999998;272;0;78
251.39999999999998;268;0;82
252.0;261;0;89
252.6;270;0;80
253.2;263;0;87
253.79999999999998;260;0;90
254.39999999999998;256;0;94
255.0;266;0;84
255.6;264;0;86
256.2;274;0;76
256.8;266;0;84
257.4;279;0;71
258.0;258;0;92
258.59999999999997;254;0;96
259.2;264;0;86
259.8;265;0;85
260.4;250;0;100
261.0;255;0;95
261.59999999999997;255;0;95
262.2;249;0;101
262.8;253;0;97
263.4;251;0;99
264.0;255;0;95
264.59999999999997;270;0;80
265.2;266;0;84
265.8;260;0;90
266.4;261;0;89
267.0;258;0;92
267.59999999999997;263;0;87
268.2;268;0;82
268.8;254;0;96
269.4;266;0;84
270.0;278;0;72
270.59999999999997;269;0;81
271.2;267;0;83
271.8;263;0;87
272.4;259;0;91
273.0;254;0;96
273.59999999999997;265;0;85
274.2;261;0;89
274.8;253;0;97
275.4;255;0;95
276.0;254;0;96
276.59999999999997;254;0;96
277.2;263;0;87
277.8;267;0;83
278.4;248;0;102
279.0;258;0;92
279.59999999999997;270;0;80
280.2;271;0;79
280.8;269;0;81
281.4;261;0;89
282.0;261;0;89
282.59999999999997;268;0;82
283.2;254;0;96
283.8;263;0;87
284.4;260;0;90
285.0;274;0;76
285.59999999999997;284;0;66
286.2;276;0;74
286.8;271;0;79
287.4;273;0;77
288.0;260;0;90
288.59999999999997;272;0;78
289.2;272;0;78
289.8;261;0;89
290.4;272;0;78
291.0;259;0;91
291.59999999999997;265;0;85
292.2;269;0;81
292.8;275;0;75
293.4;278;0;72
294.0;266;0;84
294.59999999999997;264;0;86
295.2;268;0;82
295.8;268;0;82
296.4;265;0;85
297.0;263;0;87
297.59999999999997;254;0;96
298.2;251;0;99
298.8;240;0;110
299.4;264;0;86
#auto generated file!
60.0;275;0;75
60.599999999999994;267;0;83
61.199999999999996;263;0;87
61.8;270;0;80
62.4;261;0;89
63.0;268;0;82
63.599999999999994;263;0;87
64.2;271;0;79
64.8;252;0;98
65.39999999999999;253;0;97
66.0;258;0;92
66.6;257;0;93
67.2;263;0;87
67.8;251;0;99
68.39999999999999;276;0;74
69.0;282;0;68
69.6;271;0;79
70.2;264;0;86
70.8;264;0;86
71.39999999999999;273;0;77
72.0;264;0;86
72.6;240;0;110
73.2;249;0;101
73.8;248;0;102
74.39999999999999;256;0;94
75.0;262;0;88
75.6;252;0;98
76.2;257;0;93
76.8;252;0;98
77.39999999999999;245;0;105
78.0;249;0;101
78.6;248;0;102
79.2;257;0;93
79.8;263;0;87
80.39999999999999;262;0;88
81.0;272;0;78
81.6;268;0;82
82.2;248;0;102
82.8;246;0;104
83.39999999999999;247;0;103
84.0;245;0;105
84.6;260;0;90
85.2;264;0;86
85.8;266;0;84
86.39999999999999;269;0;81
87.0;266;0;84
87.6;258;0;92
88.2;284;0;66
88.8;285;0;65
89.39999999999999;260;0;90
90.0;254;0;96
90.6;247;0;103
91.2;272;0;78
91.8;266;0;84
92.39999999999999;262;0;88
93.0;269;0;81
93.6;263;0;87
94.2;265;0;85
94.8;262;0;88
95.39999999999999;265;0;85
96.0;269;0;81
96.6;261;0;89
97.2;276;0;74
97.8;279;0;71
98.39999999999999;271;0;79
99.0;265;0;85
99.6;274;0;76
100.2;270;0;80
100.8;260;0;90
101.39999999999999;261;0;89
102.0;258;0;92
102.6;266;0;84
103.2;254;0;96
103.8;263;0;87
104.39999999999999;261;0;89
105.0;260;0;90
105.6;258;0;92
106.2;266;0;84
106.8;259;0;91
107.39999999999999;264;0;86
108.0;266;0;84
108.6;264;0;86
109.2;260;0;90
109.8;264;0;86
110.39999999999999;258;0;92
111.0;263;0;87
111.6;249;0;101
112.2;258;0;92
112.8;253;0;97
113.39999999999999;235;0;115
114.0;242;0;108
114.6;264;0;86
115.19999999999999;283;0;67
115.8;276;0;74
116.39999999999999;261;0;89
117.0;258;0;92
117.6;263;0;87
118.19999999999999;260;0;90
118.8;259;0;91
119.39999999999999;260;0;90
120.0;269;0;81
120.6;266;0;84
121.19999999999999;267;0;83
121.8;270;0;80
122.39999999999999;270;0;80
123.0;260;0;90
123.6;266;0;84
124.19999999999999;253;0;97
124.8;274;0;76
125.39999999999999;277;0;73
126.0;266;0;84
126.6;265;0;85
127.19999999999999;260;0;90
127.8;261;0;89
128.4;258;0;92
129.0;254;0;96
129.6;249;0;101
130.2;257;0;93
130.79999999999998;271;0;79
131.4;252;0;98
132.0;269;0;81
132.6;273;0;77
133.2;276;0;74
133.79999999999998;270;0;80
134.4;266;0;84
135.0;258;0;92
135.6;265;0;85
136.2;268;0;82
136.79999999999998;265;0;85
137.4;263;0;87
138.0;265;0;85
138.6;278;0;72
139.2;273;0;77
139.79999999999998;267;0;83
140.4;269;0;81
141.0;253;0;97
141.6;266;0;84
142.2;261;0;89
142.79999999999998;268;0;82
143.4;259;0;91
144.0;259;0;91
144.6;263;0;87
145.2;270;0;80
145.79999999999998;262;0;88
146.4;262;0;88
147.0;269;0;81
147.6;266;0;84
148.2;263;0;87
148.79999999999998;262;0;88
149.4;259;0;91
150.0;255;0;95
150.6;280;0;70
151.2;278;0;72
151.79999999999998;273;0;77
152.4;266;0;84
153.0;264;0;86
153.6;262;0;88
154.2;262;0;88
154.79999999999998;264;0;86
155.4;265;0;85
156.0;253;0;97
156.6;251;0;99
157.2;257;0;93
157.79999999999998;244;0;106
158.4;251;0;99
159.0;254;0;96
159.6;264;0;86
160.2;274;0;76
160.79999999999998;272;0;78
161.4;267;0;83
162.0;265;0;85
162.6;268;0;82
163.2;267;0;83
163.79999999999998;258;0;92
164.4;263;0;87
165.0;272;0;78
165.6;280;0;70
166.2;275;0;75
166.79999999999998;267;0;83
167.4;248;0;102
168.0;266;0;84
168.6;267;0;83
169.2;265;0;85
169.79999999999998;268;0;82
170.4;275;0;75
171.0;269;0;81
171.6;253;0;97
172.2;262;0;88
172.79999999999998;266;0;84
173.4;271;0;79
174.0;264;0;86
174.6;268;0;82
175.2;264;0;86
175.79999999999998;263;0;87
176.4;256;0;94
177.0;254;0;96
177.6;258;0;92
178.2;263;0;87
178.79999999999998;256;0;94
179.4;258;0;92
180.0;252;0;98
180.6;266;0;84
181.2;274;0;76
181.79999999999998;266;0;84
182.4;266;0;84
183.0;273;0;77
183.6;275;0;75
184.2;261;0;89
184.79999999999998;254;0;96
185.4;267;0;83
186.0;260;0;90
186.6;267;0;83
187.2;269;0;81
187.79999999999998;272;0;78
188.4;272;0;78
189.0;274;0;76
189.6;265;0;85
190.2;256;0;94
190.79999999999998;261;0;89
191.4;261;0;89
192.0;261;0;89
192.6;257;0;93
193.2;263;0;87
193.79999999999998;261;0;89
194.4;266;0;84
195.0;261;0;89
195.6;275;0;75
196.2;274;0;76
196.79999999999998;252;0;98
197.4;256;0;94
198.0;262;0;88
198.6;267;0;83
199.2;262;0;88
199.79999999999998;266;0;84
200.4;266;0;84
201.0;261;0;89
201.6;259;0;91
202.2;257;0;93
202.79999999999998;255;0;95
203.4;262;0;88
204.0;268;0;82
204.6;260;0;90
205.2;260;0;90
205.79999999999998;259;0;91
206.4;259;0;91
207.0;263;0;87
207.6;266;0;84
208.2;268;0;82
208.79999999999998;269;0;81
209.4;271;0;79
210.0;273;0;77
210.6;265;0;85
211.2;265;0;85
211.79999999999998;263;0;87
212.4;270;0;80
213.0;268;0;82
213.6;258;0;92
214.2;253;0;97
214.79999999999998;263;0;87
215.4;270;0;80
216.0;269;0;81
216.6;262;0;88
217.2;270;0;80
217.79999999999998;260;0;90
218.4;255;0;95
219.0;265;0;85
219.6;258;0;92
220.2;270;0;80
220.79999999999998;260;0;90
221.4;252;0;98
222.0;247;0;103
222.6;237;0;113
223.2;254;0;96
223.79999999999998;251;0;99
224.4;276;0;74
225.0;276;0;74
225.6;257;0;93
226.2;269;0;81
226.79999999999998;261;0;89
227.4;265;0;85
228.0;274;0;76
228.6;282;0;68
229.2;261;0;89
229.79999999999998;282;0;68
230.39999999999998;275;0;75
231.0;278;0;72
231.6;274;0;76
232.2;268;0;82
232.79999999999998;263;0;87
233.39999999999998;273;0;77
234.0;264;0;86
234.6;256;0;94
235.2;251;0;99
235.79999999999998;269;0;81
236.39999999999998;265;0;85
237.0;252;0;98
237.6;245;0;105
238.2;267;0;83
238.79999999999998;267;0;83
239.39999999999998;277;0;73
240.0;276;0;74
240.6;269;0;81
241.2;268;0;82
241.79999999999998;261;0;89
242.39999999999998;254;0;96
243.0;264;0;86
243.6;250;0;100
244.2;252;0;98
244.79999999999998;261;0;89
245.39999999999998;249;0;101
246.0;253;0;97
246.6;261;0;89
247.2;258;0;92
247.79999999999998;271;0;79
248.39999999999998;269;0;81
249.0;272;0;78
249.6;265;0;85
250.2;262;0;88
250.79999999999998;261;0;89
251.39999999999998;263;0;87
252.0;256;0;94
252.6;261;0;89
253.2;256;0;94
253.79999999999998;258;0;92
254.39999999999998;253;0;97
255.0;259;0;91
255.6;253;0;97
256.2;266;0;84
256.8;259;0;91
257.4;266;0;84
258.0;280;0;70
258.59999999999997;265;0;85
259.2;267;0;83
259.8;266;0;84
260.4;265;0;85
261.0;263;0;87
261.59999999999997;277;0;73
262.2;267;0;83
262.8;253;0;97
263.4;268;0;82
264.0;266;0;84
264.59999999999997;269;0;81
265.2;262;0;88
265.8;261;0;89
266.4;255;0;95
267.0;247;0;103
267.59999999999997;263;0;87
268.2;252;0;98
268.8;258;0;92
269.4;271;0;79
270.0;267;0;83
270.59999999999997;264;0;86
271.2;264;0;86
271.8;264;0;86
272.4;260;0;90
273.0;258;0;92
273.59999999999997;271;0;79
274.2;252;0;98
274.8;245;0;105
275.4;258;0;92
276.0;268;0;82
276.59999999999997;263;0;87
277.2;262;0;88
277.8;257;0;93
278.4;252;0;98
279.0;259;0;91
279.59999999999997;261;0;89
280.2;264;0;86
280.8;265;0;85
281.4;271;0;79
282.0;262;0;88
282.59999999999997;266;0;84
283.2;273;0;77
283.8;274;0;76
284.4;270;0;80
285.0;268;0;82
285.59999999999997;264;0;86
286.2;267;0;83
286.8;285;0;65
287.4;264;0;86
288.0;276;0;74
288.59999999999997;266;0;84
289.2;265;0;85
289.8;274;0;76
290.4;255;0;95
291.0;254;0;96
291.59999999999997;264;0;86
292.2;257;0;93
292.8;260;0;90
293.4;251;0;99
294.0;263;0;87
294.59999999999997;242;0;108
295.2;260;0;90
295.8;251;0;99
296.4;246;0;104
297.0;255;0;95
297.59999999999997;261;0;89
298.2;265;0;85
298.8;265;0;85
299.4;255;0;95
#auto generated file!
60.0;249;0;101
60.599999999999994;251;0;99
61.199999999999996;260;0;90
61.8;254;0;96
62.4;248;0;102
63.0;266;0;84
63.599999999999994;256;0;94
64.2;266;0;84
64.8;263;0;87
65.39999999999999;259;0;91
66.0;277;0;73
66.6;272;0;78
67.2;270;0;80
67.8;255;0;95
68.39999999999999;255;0;95
69.0;281;0;69
69.6;261;0;89
70.2;268;0;82
70.8;273;0;77
71.39999999999999;265;0;85
72.0;266;0;84
72.6;265;0;85
73.2;271;0;79
73.8;254;0;96
74.39999999999999;261;0;89
75.0;256;0;94
75.6;255;0;95
76.2;264;0;86
76.8;260;0;90
77.39999999999999;262;0;88
78.0;253;0;97
78.6;266;0;84
79.2;260;0;90
79.8;268;0;82
80.39999999999999;276;0;74
81.0;267;0;83
81.6;269;0;81
82.2;252;0;98
82.8;247;0;103
83.39999999999999;249;0;101
84.0;255;0;95
84.6;250;0;100
85.2;249;0;101
85.8;256;0;94
86.39999999999999;264;0;86
87.0;268;0;82
87.6;253;0;97
88.2;255;0;95
88.8;262;0;88
89.39999999999999;268;0;82
90.0;280;0;70
90.6;278;0;72
91.2;262;0;88
91.8;261;0;89
92.39999999999999;262;0;88
93.0;268;0;82
93.6;258;0;92
94.2;247;0;103
94.8;250;0;100
95.39999999999999;261;0;89
96.0;249;0;101
96.6;250;0;100
97.2;265;0;85
97.8;263;0;87
98.39999999999999;255;0;95
99.0;249;0;101
99.6;254;0;96
100.2;255;0;95
100.8;243;0;107
101.39999999999999;251;0;99
102.0;258;0;92
102.6;268;0;82
103.2;265;0;85
103.8;273;0;77
104.39999999999999;262;0;88
105.0;272;0;78
105.6;272;0;78
106.2;271;0;79
106.8;264;0;86
107.39999999999999;264;0;86
108.0;269;0;81
108.6;265;0;85
109.2;268;0;82
109.8;276;0;74
110.39999999999999;265;0;85
111.0;259;0;91
111.6;253;0;97
112.2;262;0;88
112.8;259;0;91
113.39999999999999;247;0;103
114.0;257;0;93
114.6;258;0;92
115.19999999999999;261;0;89
115.8;280;0;70
116.39999999999999;262;0;88
117.0;259;0;91
117.6;259;0;91
118.19999999999999;263;0;87
118.8;258;0;92
119.39999999999999;256;0;94
120.0;251;0;99
120.6;258;0;92
121.19999999999999;268;0;82
121.8;272;0;78
122.39999999999999;274;0;76
123.0;274;0;76
123.6;276;0;74
124.19999999999999;270;0;80
124.8;267;0;83
125.39999999999999;253;0;97
126.0;270;0;80
126.6;265;0;85
127.19999999999999;262;0;88
127.8;248;0;102
128.4;255;0;95
129.0;246;0;104
129.6;239;0;111
130.2;251;0;99
130.79999999999998;254;0;96
131.4;261;0;89
132.0;251;0;99
132.6;266;0;84
133.2;270;0;80
133.79999999999998;265;0;85
134.4;270;0;80
135.0;266;0;84
135.6;269;0;81
136.2;272;0;78
136.79999999999998;260;0;90
137.4;270;0;80
138.0;265;0;85
138.6;267;0;83
139.2;268;0;82
139.79999999999998;264;0;86
140.4;258;0;92
141.0;260;0;90
141.6;261;0;89
142.2;261;0;89
142.79999999999998;267;0;83
143.4;250;0;100
144.0;254;0;96
144.6;266;0;84
145.2;268;0;82
145.79999999999998;267;0;83
146.4;268;0;82
147.0;262;0;88
147.6;271;0;79
148.2;273;0;77
148.79999999999998;260;0;90
149.4;268;0;82
150.0;260;0;90
150.6;263;0;87
151.2;250;0;100
151.79999999999998;261;0;89
152.4;255;0;95
153.0;273;0;77
153.6;262;0;88
154.2;266;0;84
154.79999999999998;268;0;82
155.4;256;0;94
156.0;270;0;80
156.6;252;0;98
157.2;258;0;92
157.79999999999998;257;0;93
158.4;260;0;90
159.0;264;0;86
159.6;250;0;100
160.2;258;0;92
160.79999999999998;255;0;95
161.4;255;0;95
162.0;249;0;101
162.6;256;0;94
163.2;256;0;94
163.79999999999998;260;0;90
164.4;242;0;108
165.0;245;0;105
165.6;251;0;99
166.2;252;0;98
166.79999999999998;250;0;100
167.4;258;0;92
168.0;252;0;98
168.6;262;0;88
169.2;264;0;86
169.79999999999998;261;0;89
170.4;261;0;89
171.0;272;0;78
171.6;282;0;68
172.2;269;0;81
172.79999999999998;266;0;84
173.4;274;0;76
174.0;278;0;72
174.6;282;0;68
175.2;266;0;84
175.79999999999998;267;0;83
176.4;260;0;90
177.0;252;0;98
177.6;266;0;84
178.2;263;0;87
178.79999999999998;269;0;81
179.4;275;0;75
180.0;276;0;74
180.6;265;0;85
181.2;268;0;82
181.79999999999998;278;0;72
182.4;264;0;86
183.0;270;0;80
183.6;274;0;76
184.2;262;0;88
184.79999999999998;258;0;92
185.4;264;0;86
186.0;274;0;76
186.6;271;0;79
187.2;260;0;90
187.79999999999998;263;0;87
188.4;263;0;87
189.0;262;0;88
189.6;257;0;93
190.2;262;0;88
190.79999999999998;260;0;90
191.4;268;0;82
192.0;256;0;94
192.6;251;0;99
193.2;258;0;92
193.79999999999998;244;0;106
194.4;260;0;90
195.0;258;0;92
195.6;252;0;98
196.2;247;0;103
196.79999999999998;257;0;93
197.4;255;0;95
198.0;251;0;99
198.6;252;0;98
199.2;258;0;92
199.79999999999998;253;0;97
200.4;261;0;89
201.0;262;0;88
201.6;264;0;86
202.2;261;0;89
202.79999999999998;259;0;91
203.4;267;0;83
204.0;261;0;89
204.6;259;0;91
205.2;244;0;106
205.79999999999998;251;0;99
206.4;245;0;105
207.0;266;0;84
207.6;259;0;91
208.2;249;0;101
208.79999999999998;248;0;102
209.4;263;0;87
210.0;269;0;81
210.6;266;0;84
211.2;263;0;87
211.79999999999998;262;0;88
212.4;275;0;75
213.0;268;0;82
213.6;257;0;93
214.2;267;0;83
214.79999999999998;265;0;85
215.4;264;0;86
216.0;263;0;87
216.6;252;0;98
217.2;260;0;90
217.79999999999998;261;0;89
218.4;264;0;86
219.0;257;0;93
219.6;246;0;104
220.2;252;0;98
220.79999999999998;248;0;102
221.4;255;0;95
222.0;243;0;107
222.6;254;0;96
223.2;263;0;87
223.79999999999998;271;0;79
224.4;258;0;92
225.0;253;0;97
225.6;263;0;87
226.2;258;0;92
226.79999999999998;262;0;88
227.4;265;0;85
228.0;271;0;79
228.6;262;0;88
229.2;256;0;94
229.79999999999998;257;0;93
230.39999999999998;258;0;92
231.0;254;0;96
231.6;253;0;97
232.2;257;0;93
232.79999999999998;277;0;73
233.39999999999998;267;0;83
234.0;265;0;85
234.6;264;0;86
235.2;268;0;82
235.79999999999998;262;0;88
236.39999999999998;263;0;87
237.0;264;0;86
237.6;262;0;88
238.2;255;0;95
238.79999999999998;266;0;84
239.39999999999998;248;0;102
240.0;265;0;85
240.6;260;0;90
241.2;267;0;83
241.79999999999998;266;0;84
242.39999999999998;263;0;87
243.0;267;0;83
243.6;274;0;76
244.2;271;0;79
244.79999999999998;270;0;80
245.39999999999998;256;0;94
246.0;250;0;100
246.6;259;0;91
247.2;253;0;97
247.79999999999998;259;0;91
248.39999999999998;254;0;96
249.0;253;0;97
249.6;256;0;94
250.2;266;0;84
250.79999999999998;259;0;91
251.39999999999998;263;0;87
252.0;260;0;90
252.6;270;0;80
253.2;267;0;83
253.79999999999998;259;0;91
254.39999999999998;260;0;90
255.0;260;0;90
255.6;261;0;89
256.2;260;0;90
256.8;262;0;88
257.4;265;0;85
258.0;279;0;71
258.59999999999997;268;0;82
259.2;267;0;83
259.8;267;0;83
260.4;256;0;94
261.0;253;0;97
261.59999999999997;249;0;101
262.2;260;0;90
262.8;259;0;91
263.4;260;0;90
264.0;261;0;89
264.59999999999997;250;0;100
265.2;249;0;101
265.8;264;0;86
266.4;261;0;89
267.0;269;0;81
267.59999999999997;265;0;85
268.2;272;0;78
268.8;254;0;96
269.4;267;0;83
270.0;274;0;76
270.59999999999997;257;0;93
271.2;269;0;81
271.8;273;0;77
272.4;272;0;78
273.0;268;0;82
273.59999999999997;261;0;89
274.2;255;0;95
274.8;262;0;88
275.4;256;0;94
276.0;265;0;85
276.59999999999997;269;0;81
277.2;270;0;80
277.8;278;0;72
278.4;270;0;80
279.0;271;0;79
279.59999999999997;272;0;78
280.2;264;0;86
280.8;260;0;90
281.4;264;0;86
282.0;271;0;79
282.59999999999997;267;0;83
283.2;259;0;91
283.8;276;0;74
284.4;275;0;75
285.0;269;0;81
285.59999999999997;278;0;72
286.2;281;0;69
286.8;265;0;85
287.4;266;0;84
288.0;252;0;98
288.59999999999997;257;0;93
289.2;252;0;98
289.8;262;0;88
290.4;265;0;85
291.0;272;0;78
291.59999999999997;273;0;77
292.2;272;0;78
292.8;264;0;86
293.4;253;0;97
294.0;255;0;95
294.59999999999997;250;0;100
295.2;257;0;93
295.8;248;0;102
296.4;268;0;82
297.0;273;0;77
297.59999999999997;260;0;90
298.2;261;0;89
298.8;260;0;90
299.4;265;0;85
#auto generated file!
60.0;271;0;79
60.599999999999994;269;0;81
61.199999999999996;267;0;83
61.8;271;0;79
62.4;271;0;79
63.0;265;0;85
63.599999999999994;267;0;83
64.2;259;0;91
64.8;261;0;89
65.39999999999999;264;0;86
66.0;269;0;81
66.6;258;0;92
67.2;268;0;82
67.8;267;0;83
68.39999999999999;261;0;89
69.0;261;0;89
69.6;256;0;94
70.2;251;0;99
70.8;259;0;91
71.39999999999999;260;0;90
72.0;257;0;93
72.6;261;0;89
73.2;254;0;96
73.8;255;0;95
74.39999999999999;247;0;103
75.0;261;0;89
75.6;258;0;92
76.2;260;0;90
76.8;267;0;83
77.39999999999999;285;0;65
78.0;265;0;85
78.6;264;0;86
79.2;265;0;85
79.8;271;0;79
80.39999999999999;268;0;82
81.0;271;0;79
81.6;261;0;89
82.2;263;0;87
82.8;266;0;84
83.39999999999999;261;0;89
84.0;265;0;85
84.6;269;0;81
85.2;257;0;93
85.8;263;0;87
86.39999999999999;256;0;94
87.0;255;0;95
87.6;261;0;89
88.2;260;0;90
88.8;255;0;95
89.39999999999999;257;0;93
90.0;268;0;82
90.6;268;0;82
91.2;274;0;76
91.8;268;0;82
92.39999999999999;267;0;83
93.0;273;0;77
93.6;265;0;85
94.2;263;0;87
94.8;267;0;83
95.39999999999999;259;0;91
96.0;249;0;101
96.6;260;0;90
97.2;256;0;94
97.8;249;0;101
98.39999999999999;253;0;97
99.0;256;0;94
99.6;254;0;96
100.2;259;0;91
100.8;254;0;96
101.39999999999999;257;0;93
102.0;254;0;96
102.6;258;0;92
103.2;257;0;93
103.8;268;0;82
104.39999999999999;272;0;78
105.0;279;0;71
105.6;261;0;89
106.2;258;0;92
106.8;272;0;78
107.39999999999999;267;0;83
108.0;267;0;83
108.6;273;0;77
109.2;251;0;99
109.8;262;0;88
110.39999999999999;253;0;97
111.0;264;0;86
111.6;269;0;81
112.2;272;0;78
112.8;266;0;84
113.39999999999999;270;0;80
114.0;267;0;83
114.6;265;0;85
115.19999999999999;256;0;94
115.8;258;0;92
116.39999999999999;272;0;78
117.0;270;0;80
117.6;265;0;85
118.19999999999999;272;0;78
118.8;268;0;82
119.39999999999999;266;0;84
120.0;254;0;96
120.6;262;0;88
121.19999999999999;262;0;88
121.8;246;0;104
122.39999999999999;256;0;94
123.0;258;0;92
123.6;273;0;77
124.19999999999999;270;0;80
124.8;250;0;100
125.39999999999999;244;0;106
126.0;260;0;90
126.6;269;0;81
127.19999999999999;280;0;70
127.8;276;0;74
128.4;270;0;80
129.0;262;0;88
129.6;261;0;89
130.2;252;0;98
130.79999999999998;254;0;96
131.4;259;0;91
132.0;254;0;96
132.6;255;0;95
133.2;276;0;74
133.79999999999998;265;0;85
134.4;264;0;86
135.0;261;0;89
135.6;258;0;92
136.2;248;0;102
136.79999999999998;249;0;101
137.4;250;0;100
138.0;251;0;99
138.6;265;0;85
139.2;268;0;82
139.79999999999998;269;0;81
140.4;266;0;84
141.0;274;0;76
141.6;262;0;88
142.2;252;0;98
142.79999999999998;268;0;82
143.4;253;0;97
144.0;252;0;98
144.6;259;0;91
145.2;258;0;92
145.79999999999998;264;0;86
146.4;261;0;89
147.0;273;0;77
147.6;286;0;64
148.2;281;0;69
148.79999999999998;280;0;70
149.4;276;0;74
150.0;282;0;68
150.6;277;0;73
151.2;259;0;91
151.79999999999998;265;0;85
152.4;255;0;95
153.0;257;0;93
153.6;258;0;92
154.2;270;0;80
154.79999999999998;276;0;74
155.4;270;0;80
156.0;255;0;95
156.6;270;0;80
157.2;258;0;92
157.79999999999998;257;0;93
158.4;254;0;96
159.0;262;0;88
159.6;262;0;88
160.2;275;0;75
160.79999999999998;266;0;84
161.4;257;0;93
162.0;266;0;84
162.6;268;0;82
163.2;265;0;85
163.79999999999998;267;0;83
164.4;262;0;88
165.0;268;0;82
165.6;273;0;77
166.2;262;0;88
166.79999999999998;269;0;81
167.4;270;0;80
168.0;268;0;82
168.6;279;0;71
169.2;273;0;77
169.79999999999998;270;0;80
170.4;271;0;79
171.0;262;0;88
171.6;259;0;91
172.2;267;0;83
172.79999999999998;260;0;90
173.4;262;0;88
174.0;268;0;82
174.6;265;0;85
175.2;260;0;90
175.79999999999998;273;0;77
176.4;273;0;77
177.0;262;0;88
177.6;263;0;87
178.2;264;0;86
178.79999999999998;258;0;92
179.4;260;0;90
180.0;260;0;90
180.6;267;0;83
181.2;273;0;77
181.79999999999998;267;0;83
182.4;254;0;96
183.0;255;0;95
183.6;260;0;90
184.2;259;0;91
184.79999999999998;264;0;86
185.4;251;0;99
186.0;262;0;88
186.6;253;0;97
187.2;254;0;96
187.79999999999998;254;0;96
188.4;261;0;89
189.0;271;0;79
189.6;264;0;86
190.2;276;0;74
190.79999999999998;271;0;79
191.4;272;0;78
192.0;264;0;86
192.6;255;0;95
193.2;259;0;91
193.79999999999998;261;0;89
194.4;263;0;87
195.0;261;0;89
195.6;255;0;95
196.2;254;0;96
196.79999999999998;247;0;103
197.4;251;0;99
198.0;265;0;85
198.6;275;0;75
199.2;280;0;70
199.79999999999998;276;0;74
200.4;267;0;83
201.0;266;0;84
201.6;267;0;83
202.2;264;0;86
202.79999999999998;272;0;78
203.4;260;0;90
204.0;250;0;100
204.6;251;0;99
205.2;249;0;101
205.79999999999998;261;0;89
206.4;267;0;83
207.0;267;0;83
207.6;269;0;81
208.2;268;0;82
208.79999999999998;248;0;102
209.4;264;0;86
210.0;276;0;74
210.6;250;0;100
211.2;245;0;105
211.79999999999998;257;0;93
212.4;261;0;89
213.0;258;0;92
213.6;271;0;79
214.2;267;0;83
214.79999999999998;253;0;97
215.4;253;0;97
216.0;246;0;104
216.6;247;0;103
217.2;258;0;92
217.79999999999998;246;0;104
218.4;259;0;91
219.0;262;0;88
219.6;264;0;86
220.2;263;0;87
220.79999999999998;263;0;87
221.4;265;0;85
222.0;272;0;78
222.6;262;0;88
223.2;268;0;82
223.79999999999998;263;0;87
224.4;263;0;87
225.0;260;0;90
225.6;267;0;83
226.2;268;0;82
226.79999999999998;256;0;94
227.4;259;0;91
228.0;264;0;86
228.6;249;0;101
229.2;254;0;96
229.79999999999998;266;0;84
230.39999999999998;266;0;84
231.0;268;0;82
231.6;274;0;76
232.2;271;0;79
232.79999999999998;271;0;79
233.39999999999998;273;0;77
234.0;261;0;89
234.6;269;0;81
235.2;268;0;82
235.79999999999998;270;0;80
236.39999999999998;270;0;80
237.0;274;0;76
237.6;274;0;76
238.2;261;0;89
238.79999999999998;261;0;89
239.39999999999998;263;0;87
240.0;250;0;100
240.6;262;0;88
241.2;277;0;73
241.79999999999998;255;0;95
242.39999999999998;260;0;90
243.0;251;0;99
243.6;257;0;93
244.2;257;0;93
244.79999999999998;260;0;90
245.39999999999998;266;0;84
246.0;262;0;88
246.6;271;0;79
247.2;263;0;87
247.79999999999998;258;0;92
248.39999999999998;257;0;93
249.0;260;0;90
249.6;253;0;97
250.2;254;0;96
250.79999999999998;256;0;94
251.39999999999998;266;0;84
252.0;262;0;88
252.6;251;0;99
253.2;271;0;79
253.79999999999998;255;0;95
254.39999999999998;268;0;82
255.0;256;0;94
255.6;262;0;88
256.2;256;0;94
256.8;260;0;90
257.4;261;0;89
258.0;273;0;77
258.59999999999997;253;0;97
259.2;251;0;99
259.8;259;0;91
260.4;252;0;98
261.0;247;0;103
261.59999999999997;261;0;89
262.2;246;0;104
262.8;250;0;100
263.4;254;0;96
264.0;250;0;100
264.59999999999997;256;0;94
265.2;260;0;90
265.8;269;0;81
266.4;258;0;92
267.0;264;0;86
267.59999999999997;266;0;84
268.2;255;0;95
268.8;262;0;88
269.4;255;0;95
270.0;278;0;72
270.59999999999997;284;0;66
271.2;269;0;81
271.8;255;0;95
272.4;249;0;101
273.0;245;0;105
273.59999999999997;255;0;95
274.2;266;0;84
274.8;260;0;90
275.4;266;0;84
276.0;252;0;98
276.59999999999997;241;0;109
277.2;255;0;95
277.8;264;0;86
278.4;254;0;96
279.0;275;0;75
279.59999999999997;265;0;85
280.2;257;0;93
280.8;245;0;105
281.4;245;0;105
282.0;255;0;95
282.59999999999997;268;0;82
283.2;256;0;94
283.8;262;0;88
284.4;265;0;85
285.0;261;0;89
285.59999999999997;250;0;100
286.2;261;0;89
286.8;246;0;104
287.4;268;0;82
288.0;264;0;86
288.59999999999997;266;0;84
289.2;267;0;83
289.8;269;0;81
290.4;273;0;77
291.0;250;0;100
291.59999999999997;252;0;98
292.2;252;0;98
292.8;251;0;99
293.4;252;0;98
294.0;265;0;85
294.59999999999997;263;0;87
295.2;265;0;85
295.8;263;0;87
296.4;282;0;68
297.0;265;0;85
297.59999999999997;263;0;87
298.2;267;0;83
298.8;267;0;83
299.4;256;0;94
#auto generated file!
60.0;256;0;94
60.599999999999994;255;0;95
61.199999999999996;265;0;85
61.8;260;0;90
62.4;256;0;94
63.0;265;0;85
63.599999999999994;257;0;93
64.2;257;0;93
64.8;265;0;85
65.39999999999999;271;0;79
66.0;268;0;82
66.6;264;0;86
67.2;269;0;81
67.8;274;0;76
68.39999999999999;261;0;89
69.0;257;0;93
69.6;250;0;100
70.2;260;0;90
70.8;281;0;69
71.39999999999999;288;0;62
72.0;275;0;75
72.6;281;0;69
73.2;272;0;78
73.8;251;0;99
74.39999999999999;268;0;82
75.0;273;0;77
75.6;263;0;87
76.2;267;0;83
76.8;274;0;76
77.39999999999999;261;0;89
78.0;261;0;89
78.6;256;0;94
79.2;256;0;94
79.8;266;0;84
80.39999999999999;274;0;76
81.0;278;0;72
81.6;275;0;75
82.2;254;0;96
82.8;263;0;87
83.39999999999999;269;0;81
84.0;258;0;92
84.6;265;0;85
85.2;249;0;101
85.8;248;0;102
86.39999999999999;258;0;92
87.0;272;0;78
87.6;265;0;85
88.2;266;0;84
88.8;260;0;90
89.39999999999999;255;0;95
90.0;243;0;107
90.6;250;0;100
91.2;254;0;96
91.8;273;0;77
92.39999999999999;260;0;90
93.0;263;0;87
93.6;258;0;92
94.2;252;0;98
94.8;249;0;101
95.39999999999999;251;0;99
96.0;257;0;93
96.6;261;0;89
97.2;260;0;90
97.8;274;0;76
98.39999999999999;270;0;80
99.0;278;0;72
99.6;269;0;81
100.2;268;0;82
100.8;268;0;82
101.39999999999999;267;0;83
102.0;262;0;88
102.6;268;0;82
103.2;247;0;103
103.8;247;0;103
104.39999999999999;257;0;93
105.0;257;0;93
105.6;263;0;87
106.2;263;0;87
106.8;260;0;90
107.39999999999999;245;0;105
108.0;257;0;93
108.6;260;0;90
109.2;257;0;93
109.8;268;0;82
110.39999999999999;261;0;89
111.0;260;0;90
111.6;267;0;83
112.2;270;0;80
112.8;259;0;91
113.39999999999999;263;0;87
114.0;266;0;84
114.6;246;0;104
115.19999999999999;258;0;92
115.8;259;0;91
116.39999999999999;255;0;95
117.0;263;0;87
117.6;260;0;90
118.19999999999999;260;0;90
118.8;260;0;90
119.39999999999999;259;0;91
120.0;272;0;78
120.6;285;0;65
121.19999999999999;270;0;80
121.8;274;0;76
122.39999999999999;270;0;80
123.0;271;0;79
123.6;263;0;87
124.19999999999999;258;0;92
124.8;264;0;86
125.39999999999999;265;0;85
126.0;271;0;79
126.6;254;0;96
127.19999999999999;260;0;90
127.8;261;0;89
128.4;276;0;74
129.0;274;0;76
129.6;265;0;85
130.2;267;0;83
130.79999999999998;261;0;89
131.4;271;0;79
132.0;264;0;86
132.6;270;0;80
133.2;274;0;76
133.79999999999998;269;0;81
134.4;264;0;86
135.0;265;0;85
135.6;259;0;91
136.2;247;0;103
136.79999999999998;262;0;88
137.4;271;0;79
138.0;269;0;81
138.6;261;0;89
139.2;266;0;84
139.79999999999998;262;0;88
140.4;258;0;92
141.0;256;0;94
141.6;273;0;77
142.2;267;0;83
142.79999999999998;257;0;93
143.4;257;0;93
144.0;257;0;93
144.6;257;0;93
145.2;254;0;96
145.79999999999998;269;0;81
146.4;254;0;96
147.0;265;0;85
147.6;276;0;74
148.2;260;0;90
148.79999999999998;266;0;84
149.4;276;0;74
150.0;273;0;77
150.6;269;0;81
151.2;276;0;74
151.79999999999998;253;0;97
152.4;250;0;100
153.0;257;0;93
153.6;273;0;77
154.2;264;0;86
154.79999999999998;244;0;106
155.4;254;0;96
156.0;260;0;90
156.6;264;0;86
157.2;272;0;78
157.79999999999998;263;0;87
158.4;259;0;91
159.0;260;0;90
159.6;247;0;103
160.2;257;0;93
160.79999999999998;269;0;81
161.4;267;0;83
162.0;267;0;83
162.6;253;0;97
163.2;256;0;94
163.79999999999998;263;0;87
164.4;263;0;87
165.0;268;0;82
165.6;273;0;77
166.2;255;0;95
166.79999999999998;273;0;77
167.4;269;0;81
168.0;270;0;80
168.6;256;0;94
169.2;262;0;88
169.79999999999998;262;0;88
170.4;272;0;78
171.0;265;0;85
171.6;268;0;82
172.2;257;0;93
172.79999999999998;262;0;88
173.4;244;0;106
174.0;260;0;90
174.6;253;0;97
175.2;262;0;88
175.79999999999998;273;0;77
176.4;273;0;77
177.0;280;0;70
177.6;281;0;69
178.2;281;0;69
178.79999999999998;272;0;78
179.4;263;0;87
180.0;255;0;95
180.6;253;0;97
181.2;252;0;98
181.79999999999998;257;0;93
182.4;256;0;94
183.0;253;0;97
183.6;265;0;85
184.2;271;0;79
184.79999999999998;271;0;79
185.4;269;0;81
186.0;268;0;82
186.6;267;0;83
187.2;261;0;89
187.79999999999998;268;0;82
188.4;263;0;87
189.0;279;0;71
189.6;271;0;79
190.2;254;0;96
190.79999999999998;249;0;101
191.4;261;0;89
192.0;256;0;94
192.6;250;0;100
193.2;258;0;92
193.79999999999998;251;0;99
194.4;246;0;104
195.0;261;0;89
195.6;267;0;83
196.2;262;0;88
196.79999999999998;254;0;96
197.4;253;0;97
198.0;261;0;89
198.6;268;0;82
199.2;265;0;85
199.79999999999998;256;0;94
200.4;258;0;92
201.0;253;0;97
201.6;248;0;102
202.2;251;0;99
202.79999999999998;251;0;99
203.4;252;0;98
204.0;254;0;96
204.6;245;0;105
205.2;241;0;109
205.79999999999998;254;0;96
206.4;260;0;90
207.0;262;0;88
207.6;275;0;75
208.2;248;0;102
208.79999999999998;256;0;94
209.4;258;0;92
210.0;255;0;95
210.6;253;0;97
211.2;265;0;85
211.79999999999998;262;0;88
212.4;265;0;85
213.0;258;0;92
213.6;259;0;91
214.2;268;0;82
214.79999999999998;279;0;71
215.4;263;0;87
216.0;260;0;90
216.6;267;0;83
217.2;268;0;82
217.79999999999998;267;0;83
218.4;266;0;84
219.0;260;0;90
219.6;257;0;93
220.2;267;0;83
220.79999999999998;272;0;78
221.4;269;0;81
222.0;272;0;78
222.6;266;0;84
223.2;257;0;93
223.79999999999998;266;0;84
224.4;262;0;88
225.0;259;0;91
225.6;258;0;92
226.2;252;0;98
226.79999999999998;266;0;84
227.4;256;0;94
228.0;266;0;84
228.6;265;0;85
229.2;269;0;81
229.79999999999998;264;0;86
230.39999999999998;271;0;79
231.0;272;0;78
231.6;263;0;87
232.2;257;0;93
232.79999999999998;258;0;92
233.39999999999998;263;0;87
234.0;257;0;93
234.6;264;0;86
235.2;278;0;72
235.79999999999998;268;0;82
236.39999999999998;270;0;80
237.0;268;0;82
237.6;267;0;83
238.2;275;0;75
238.79999999999998;263;0;87
239.39999999999998;266;0;84
240.0;248;0;102
240.6;234;0;116
241.2;243;0;107
241.79999999999998;261;0;89
242.39999999999998;265;0;85
243.0;258;0;92
243.6;262;0;88
244.2;258;0;92
244.79999999999998;258;0;92
245.39999999999998;266;0;84
246.0;264;0;86
246.6;252;0;98
247.2;265;0;85
247.79999999999998;276;0;74
248.39999999999998;268;0;82
249.0;258;0;92
249.6;256;0;94
250.2;268;0;82
250.79999999999998;272;0;78
251.39999999999998;269;0;81
252.0;254;0;96
252.6;263;0;87
253.2;251;0;99
253.79999999999998;252;0;98
254.39999999999998;263;0;87
255.0;272;0;78
255.6;267;0;83
256.2;262;0;88
256.8;263;0;87
257.4;267;0;83
258.0;266;0;84
258.59999999999997;263;0;87
259.2;261;0;89
259.8;277;0;73
260.4;268;0;82
261.0;262;0;88
261.59999999999997;256;0;94
262.2;262;0;88
262.8;252;0;98
263.4;267;0;83
264.0;272;0;78
264.59999999999997;260;0;90
265.2;259;0;91
265.8;250;0;100
266.4;251;0;99
267.0;268;0;82
267.59999999999997;265;0;85
268.2;266;0;84
268.8;264;0;86
269.4;270;0;80
270.0;265;0;85
270.59999999999997;263;0;87
271.2;260;0;90
271.8;273;0;77
272.4;257;0;93
273.0;251;0;99
273.59999999999997;257;0;93
274.2;268;0;82
274.8;272;0;78
275.4;265;0;85
276.0;264;0;86
276.59999999999997;267;0;83
277.2;264;0;86
277.8;269;0;81
278.4;253;0;97
279.0;267;0;83
279.59999999999997;258;0;92
280.2;256;0;94
280.8;265;0;85
281.4;264;0;86
282.0;266;0;84
282.59999999999997;260;0;90
283.2;268;0;82
283.8;260;0;90
284.4;263;0;87
285.0;267;0;83
285.59999999999997;281;0;69
286.2;266;0;84
286.8;261;0;89
287.4;268;0;82
288.0;263;0;87
288.59999999999997;258;0;92
289.2;269;0;81
289.8;266;0;84
290.4;255;0;95
291.0;265;0;85
291.59999999999997;258;0;92
292.2;264;0;86
292.8;276;0;74
293.4;268;0;82
294.0;256;0;94
294.59999999999997;247;0;103
295.2;257;0;93
295.8;262;0;88
296.4;248;0;102
297.0;255;0;95
297.59999999999997;265;0;85
298.2;263;0;87
298.8;269;0;81
299.4;260;0;90
#auto generated file!
60.0;252;0;98
60.599999999999994;252;0;98
61.199999999999996;253;0;97
61.8;251;0;99
62.4;266;0;84
63.0;262;0;88
63.599999999999994;257;0;93
64.2;257;0;93
64.8;273;0;77
65.39999999999999;272;0;78
66.0;260;0;90
66.6;273;0;77
67.2;269;0;81
67.8;261;0;89
68.39999999999999;262;0;88
69.0;269;0;81
69.6;260;0;90
70.2;260;0;90
70.8;260;0;90
71.39999999999999;266;0;84
72.0;276;0;74
72.6;282;0;68
73.2;277;0;73
73.8;263;0;87
74.39999999999999;265;0;85
75.0;260;0;90
75.6;252;0;98
76.2;259;0;91
76.8;265;0;85
77.39999999999999;278;0;72
78.0;278;0;72
78.6;273;0;77
79.2;272;0;78
79.8;262;0;88
80.39999999999999;260;0;90
81.0;263;0;87
81.6;266;0;84
82.2;259;0;91
82.8;245;0;105
83.39999999999999;249;0;101
84.0;260;0;90
84.6;253;0;97
85.2;248;0;102
85.8;245;0;105
86.39999999999999;256;0;94
87.0;256;0;94
87.6;271;0;79
88.2;266;0;84
88.8;264;0;86
89.39999999999999;276;0;74
90.0;273;0;77
90.6;268;0;82
91.2;267;0;83
91.8;261;0;89
92.39999999999999;255;0;95
93.0;260;0;90
93.6;267;0;83
94.2;275;0;75
94.8;260;0;90
95.39999999999999;254;0;96
96.0;272;0;78
96.6;259;0;91
97.2;259;0;91
97.8;262;0;88
98.39999999999999;248;0;102
99.0;243;0;107
99.6;260;0;90
100.2;273;0;77
100.8;274;0;76
101.39999999999999;266;0;84
102.0;264;0;86
102.6;258;0;92
103.2;259;0;91
103.8;253;0;97
104.39999999999999;259;0;91
105.0;268;0;82
105.6;252;0;98
106.2;259;0;91
106.8;255;0;95
107.39999999999999;262;0;88
108.0;264;0;86
108.6;245;0;105
109.2;264;0;86
109.8;265;0;85
110.39999999999999;265;0;85
111.0;265;0;85
111.6;269;0;81
112.2;261;0;89
112.8;249;0;101
113.39999999999999;261;0;89
114.0;258;0;92
114.6;267;0;83
115.19999999999999;250;0;100
115.8;255;0;95
116.39999999999999;268;0;82
117.0;267;0;83
117.6;258;0;92
118.19999999999999;261;0;89
118.8;265;0;85
119.39999999999999;262;0;88
120.0;256;0;94
120.6;271;0;79
121.19999999999999;274;0;76
121.8;268;0;82
122.39999999999999;262;0;88
123.0;261;0;89
123.6;273;0;77
124.19999999999999;261;0;89
124.8;240;0;110
125.39999999999999;254;0;96
126.0;269;0;81
126.6;265;0;85
127.19999999999999;268;0;82
127.8;259;0;91
128.4;263;0;87
129.0;255;0;95
129.6;264;0;86
130.2;254;0;96
130.79999999999998;247;0;103
131.4;258;0;92
132.0;265;0;85
132.6;261;0;89
133.2;260;0;90
133.79999999999998;270;0;80
134.4;261;0;89
135.0;264;0;86
135.6;273;0;77
136.2;270;0;80
136.79999999999998;254;0;96
137.4;262;0;88
138.0;280;0;70
138.6;276;0;74
139.2;275;0;75
139.79999999999998;277;0;73
140.4;267;0;83
141.0;271;0;79
141.6;281;0;69
142.2;269;0;81
142.79999999999998;265;0;85
143.4;262;0;88
144.0;263;0;87
144.6;265;0;85
145.2;275;0;75
145.79999999999998;275;0;75
146.4;267;0;83
147.0;258;0;92
147.6;255;0;95
148.2;259;0;91
148.79999999999998;253;0;97
149.4;257;0;93
150.0;249;0;101
150.6;265;0;85
151.2;262;0;88
151.79999999999998;255;0;95
152.4;250;0;100
153.0;260;0;90
153.6;266;0;84
154.2;265;0;85
154.79999999999998;264;0;86
155.4;261;0;89
156.0;243;0;107
156.6;258;0;92
157.2;260;0;90
157.79999999999998;267;0;83
158.4;267;0;83
159.0;268;0;82
159.6;269;0;81
160.2;263;0;87
160.79999999999998;265;0;85
161.4;264;0;86
162.0;253;0;97
162.6;262;0;88
163.2;260;0;90
163.79999999999998;244;0;106
164.4;245;0;105
165.0;256;0;94
165.6;267;0;83
166.2;264;0;86
166.79999999999998;266;0;84
167.4;267;0;83
168.0;267;0;83
168.6;267;0;83
169.2;268;0;82
169.79999999999998;272;0;78
170.4;255;0;95
171.0;264;0;86
171.6;270;0;80
172.2;260;0;90
172.79999999999998;266;0;84
173.4;269;0;81
174.0;263;0;87
174.6;256;0;94
175.2;263;0;87
175.79999999999998;264;0;86
176.4;261;0;89
177.0;255;0;95
177.6;245;0;105
178.2;248;0;102
178.79999999999998;251;0;99
179.4;260;0;90
180.0;276;0;74
180.6;266;0;84
181.2;266;0;84
181.79999999999998;271;0;79
182.4;258;0;92
183.0;257;0;93
183.6;266;0;84
184.2;268;0;82
184.79999999999998;266;0;84
185.4;258;0;92
186.0;263;0;87
186.6;260;0;90
187.2;252;0;98
187.79999999999998;246;0;104
188.4;257;0;93
189.0;265;0;85
189.6;258;0;92
190.2;266;0;84
190.79999999999998;266;0;84
191.4;285;0;65
192.0;275;0;75
192.6;266;0;84
193.2;278;0;72
193.79999999999998;270;0;80
194.4;264;0;86
195.0;264;0;86
195.6;268;0;82
196.2;266;0;84
196.79999999999998;263;0;87
197.4;248;0;102
198.0;267;0;83
198.6;257;0;93
199.2;263;0;87
199.79999999999998;267;0;83
200.4;270;0;80
201.0;262;0;88
201.6;259;0;91
202.2;258;0;92
202.79999999999998;257;0;93
203.4;258;0;92
204.0;270;0;80
204.6;262;0;88
205.2;252;0;98
205.79999999999998;254;0;96
206.4;255;0;95
207.0;248;0;102
207.6;261;0;89
208.2;257;0;93
208.79999999999998;257;0;93
209.4;243;0;107
210.0;258;0;92
210.6;259;0;91
211.2;270;0;80
211.79999999999998;271;0;79
212.4;262;0;88
213.0;264;0;86
213.6;275;0;75
214.2;271;0;79
214.79999999999998;267;0;83
215.4;259;0;91
216.0;266;0;84
216.6;258;0;92
217.2;259;0;91
217.79999999999998;269;0;81
218.4;273;0;77
219.0;276;0;74
219.6;275;0;75
220.2;272;0;78
220.79999999999998;269;0;81
221.4;254;0;96
222.0;260;0;90
222.6;256;0;94
223.2;270;0;80
223.79999999999998;271;0;79
224.4;280;0;70
225.0;268;0;82
225.6;266;0;84
226.2;270;0;80
226.79999999999998;273;0;77
227.4;263;0;87
228.0;263;0;87
228.6;267;0;83
229.2;262;0;88
229.79999999999998;258;0;92
230.39999999999998;258;0;92
231.0;259;0;91
231.6;260;0;90
232.2;257;0;93
232.79999999999998;248;0;102
233.39999999999998;253;0;97
234.0;261;0;89
234.6;257;0;93
235.2;261;0;89
235.79999999999998;262;0;88
236.39999999999998;258;0;92
237.0;255;0;95
237.6;260;0;90
238.2;255;0;95
238.79999999999998;253;0;97
239.39999999999998;262;0;88
240.0;247;0;103
240.6;258;0;92
241.2;268;0;82
241.79999999999998;275;0;75
242.39999999999998;259;0;91
243.0;268;0;82
243.6;266;0;84
244.2;261;0;89
244.79999999999998;261;0;89
245.39999999999998;253;0;97
246.0;262;0;88
246.6;259;0;91
247.2;258;0;92
247.79999999999998;254;0;96
248.39999999999998;274;0;76
249.0;267;0;83
249.6;261;0;89
250.2;275;0;75
250.79999999999998;262;0;88
251.39999999999998;269;0;81
252.0;264;0;86
252.6;255;0;95
253.2;257;0;93
253.79999999999998;262;0;88
254.39999999999998;273;0;77
255.0;274;0;76
255.6;259;0;91
256.2;266;0;84
256.8;265;0;85
257.4;267;0;83
258.0;249;0;101
258.59999999999997;247;0;103
259.2;271;0;79
259.8;267;0;83
260.4;274;0;76
261.0;264;0;86
261.59999999999997;258;0;92
262.2;272;0;78
262.8;269;0;81
263.4;248;0;102
264.0;247;0;103
264.59999999999997;261;0;89
265.2;257;0;93
265.8;255;0;95
266.4;254;0;96
267.0;264;0;86
267.59999999999997;276;0;74
268.2;255;0;95
268.8;271;0;79
269.4;260;0;90
270.0;256;0;94
270.59999999999997;262;0;88
271.2;262;0;88
271.8;252;0;98
272.4;263;0;87
273.0;273;0;77
273.59999999999997;276;0;74
274.2;273;0;77
274.8;270;0;80
275.4;255;0;95
276.0;262;0;88
276.59999999999997;259;0;91
277.2;257;0;93
277.8;261;0;89
278.4;256;0;94
279.0;256;0;94
279.59999999999997;266;0;84
280.2;270;0;80
280.8;272;0;78
281.4;270;0;80
282.0;268;0;82
282.59999999999997;266;0;84
283.2;261;0;89
283.8;264;0;86
284.4;279;0;71
285.0;270;0;80
285.59999999999997;277;0;73
286.2;272;0;78
286.8;265;0;85
287.4;266;0;84
288.0;266;0;84
288.59999999999997;278;0;72
289.2;267;0;83
289.8;266;0;84
290.4;280;0;70
291.0;268;0;82
291.59999999999997;275;0;75
292.2;266;0;84
292.8;263;0;87
293.4;269;0;81
294.0;266;0;84
294.59999999999997;271;0;79
295.2;263;0;87
295.8;267;0;83
296.4;267;0;83
297.0;266;0;84
297.59999999999997;274;0;76
298.2;272;0;78
298.8;256;0;94
299.4;259;0;91
#auto generated file!
60.0;265;0;85
60.599999999999994;250;0;100
61.199999999999996;256;0;94
61.8;259;0;91
62.4;246;0;104
63.0;247;0;103
63.599999999999994;257;0;93
64.2;264;0;86
64.8;264;0;86
65.39999999999999;268;0;82
66.0;261;0;89
66.6;270;0;80
67.2;280;0;70
67.8;284;0;66
68.39999999999999;276;0;74
69.0;260;0;90
69.6;258;0;92
70.2;254;0;96
70.8;262;0;88
71.39999999999999;267;0;83
72.0;263;0;87
72.6;270;0;80
73.2;267;0;83
73.8;269;0;81
74.39999999999999;280;0;70
75.0;276;0;74
75.6;280;0;70
76.2;258;0;92
76.8;263;0;87
77.39999999999999;264;0;86
78.0;266;0;84
78.6;255;0;95
79.2;271;0;79
79.8;265;0;85
80.39999999999999;268;0;82
81.0;253;0;97
81.6;270;0;80
82.2;268;0;82
82.8;261;0;89
83.39999999999999;258;0;92
84.0;259;0;91
84.6;264;0;86
85.2;263;0;87
85.8;273;0;77
86.39999999999999;270;0;80
87.0;268;0;82
87.6;268;0;82
88.2;275;0;75
88.8;278;0;72
89.39999999999999;276;0;74
90.0;273;0;77
90.6;270;0;80
91.2;252;0;98
91.8;269;0;81
92.39999999999999;267;0;83
93.0;260;0;90
93.6;268;0;82
94.2;276;0;74
94.8;262;0;88
95.39999999999999;271;0;79
96.0;263;0;87
96.6;262;0;88
97.2;269;0;81
97.8;264;0;86
98.39999999999999;283;0;67
99.0;271;0;79
99.6;260;0;90
100.2;270;0;80
100.8;274;0;76
101.39999999999999;274;0;76
102.0;270;0;80
102.6;263;0;87
103.2;270;0;80
103.8;268;0;82
104.39999999999999;269;0;81
105.0;267;0;83
105.6;254;0;96
106.2;247;0;103
106.8;243;0;107
107.39999999999999;257;0;93
108.0;271;0;79
108.6;263;0;87
109.2;266;0;84
109.8;263;0;87
110.39999999999999;264;0;86
111.0;264;0;86
111.6;257;0;93
112.2;268;0;82
112.8;263;0;87
113.39999999999999;258;0;92
114.0;259;0;91
114.6;263;0;87
115.19999999999999;263;0;87
115.8;279;0;71
116.39999999999999;276;0;74
117.0;258;0;92
117.6;251;0;99
118.19999999999999;254;0;96
118.8;264;0;86
119.39999999999999;261;0;89
120.0;262;0;88
120.6;270;0;80
121.19999999999999;258;0;92
121.8;246;0;104
122.39999999999999;249;0;101
123.0;242;0;108
123.6;257;0;93
124.19999999999999;258;0;92
124.8;267;0;83
125.39999999999999;265;0;85
126.0;272;0;78
126.6;284;0;66
127.19999999999999;261;0;89
127.8;243;0;107
128.4;260;0;90
129.0;270;0;80
129.6;271;0;79
130.2;259;0;91
130.79999999999998;258;0;92
131.4;250;0;100
132.0;264;0;86
132.6;269;0;81
133.2;260;0;90
133.79999999999998;248;0;102
134.4;267;0;83
135.0;263;0;87
135.6;250;0;100
136.2;262;0;88
136.79999999999998;259;0;91
137.4;267;0;83
138.0;265;0;85
138.6;246;0;104
139.2;261;0;89
139.79999999999998;265;0;85
140.4;269;0;81
141.0;275;0;75
141.6;273;0;77
142.2;263;0;87
142.79999999999998;263;0;87
143.4;279;0;71
144.0;259;0;91
144.6;258;0;92
145.2;262;0;88
145.79999999999998;269;0;81
146.4;263;0;87
147.0;269;0;81
147.6;267;0;83
148.2;258;0;92
148.79999999999998;266;0;84
149.4;266;0;84
150.0;270;0;80
150.6;276;0;74
151.2;269;0;81
151.79999999999998;274;0;76
152.4;263;0;87
153.0;266;0;84
153.6;274;0;76
154.2;272;0;78
154.79999999999998;268;0;82
155.4;277;0;73
156.0;273;0;77
156.6;268;0;82
157.2;264;0;86
157.79999999999998;281;0;69
158.4;264;0;86
159.0;262;0;88
159.6;270;0;80
160.2;259;0;91
160.79999999999998;247;0;103
161.4;245;0;105
162.0;255;0;95
162.6;258;0;92
163.2;254;0;96
163.79999999999998;249;0;101
164.4;255;0;95
165.0;257;0;93
165.6;272;0;78
166.2;263;0;87
166.79999999999998;250;0;100
167.4;250;0;100
168.0;252;0;98
168.6;246;0;104
169.2;259;0;91
169.79999999999998;263;0;87
170.4;243;0;107
171.0;259;0;91
171.6;271;0;79
172.2;275;0;75
172.79999999999998;277;0;73
173.4;275;0;75
174.0;272;0;78
174.6;274;0;76
175.2;272;0;78
175.79999999999998;277;0;73
176.4;271;0;79
177.0;273;0;77
177.6;272;0;78
178.2;256;0;94
178.79999999999998;255;0;95
179.4;265;0;85
180.0;267;0;83
180.6;269;0;81
181.2;276;0;74
181.79999999999998;271;0;79
182.4;264;0;86
183.0;261;0;89
183.6;270;0;80
184.2;268;0;82
184.79999999999998;271;0;79
185.4;257;0;93
186.0;259;0;91
186.6;249;0;101
187.2;257;0;93
187.79999999999998;252;0;98
188.4;250;0;100
189.0;275;0;75
189.6;259;0;91
190.2;265;0;85
190.79999999999998;280;0;70
191.4;267;0;83
192.0;264;0;86
192.6;262;0;88
193.2;273;0;77
193.79999999999998;265;0;85
194.4;259;0;91
195.0;265;0;85
195.6;280;0;70
196.2;264;0;86
196.79999999999998;271;0;79
197.4;272;0;78
198.0;271;0;79
198.6;270;0;80
199.2;263;0;87
199.79999999999998;260;0;90
200.4;250;0;100
201.0;261;0;89
201.6;257;0;93
202.2;246;0;104
202.79999999999998;246;0;104
203.4;250;0;100
204.0;265;0;85
204.6;269;0;81
205.2;256;0;94
205.79999999999998;270;0;80
206.4;266;0;84
207.0;272;0;78
207.6;247;0;103
208.2;263;0;87
208.79999999999998;252;0;98
209.4;268;0;82
210.0;273;0;77
210.6;277;0;73
211.2;267;0;83
211.79999999999998;259;0;91
212.4;257;0;93
213.0;246;0;104
213.6;271;0;79
214.2;265;0;85
214.79999999999998;272;0;78
215.4;269;0;81
216.0;260;0;90
216.6;259;0;91
217.2;266;0;84
217.79999999999998;269;0;81
218.4;268;0;82
219.0;264;0;86
219.6;263;0;87
220.2;268;0;82
220.79999999999998;266;0;84
221.4;260;0;90
222.0;260;0;90
222.6;254;0;96
223.2;264;0;86
223.79999999999998;260;0;90
224.4;261;0;89
225.0;262;0;88
225.6;274;0;76
226.2;279;0;71
226.79999999999998;276;0;74
227.4;272;0;78
228.0;265;0;85
228.6;266;0;84
229.2;254;0;96
229.79999999999998;255;0;95
230.39999999999998;264;0;86
231.0;268;0;82
231.6;271;0;79
232.2;270;0;80
232.79999999999998;273;0;77
233.39999999999998;270;0;80
234.0;265;0;85
234.6;258;0;92
235.2;255;0;95
235.79999999999998;248;0;102
236.39999999999998;266;0;84
237.0;262;0;88
237.6;267;0;83
238.2;264;0;86
238.79999999999998;260;0;90
239.39999999999998;261;0;89
240.0;261;0;89
240.6;269;0;81
241.2;259;0;91
241.79999999999998;262;0;88
242.39999999999998;260;0;90
243.0;258;0;92
243.6;258;0;92
244.2;260;0;90
244.79999999999998;271;0;79
245.39999999999998;274;0;76
246.0;270;0;80
246.6;283;0;67
247.2;267;0;83
247.79999999999998;274;0;76
248.39999999999998;258;0;92
249.0;250;0;100
249.6;270;0;80
250.2;256;0;94
250.79999999999998;255;0;95
251.39999999999998;267;0;83
252.0;270;0;80
252.6;267;0;83
253.2;269;0;81
253.79999999999998;260;0;90
254.39999999999998;270;0;80
255.0;264;0;86
255.6;273;0;77
256.2;256;0;94
256.8;254;0;96
257.4;258;0;92
258.0;258;0;92
258.59999999999997;253;0;97
259.2;257;0;93
259.8;261;0;89
260.4;261;0;89
261.0;276;0;74
261.59999999999997;266;0;84
262.2;265;0;85
262.8;252;0;98
263.4;252;0;98
264.0;264;0;86
264.59999999999997;265;0;85
265.2;262;0;88
265.8;256;0;94
266.4;256;0;94
267.0;268;0;82
267.59999999999997;268;0;82
268.2;264;0;86
268.8;254;0;96
269.4;263;0;87
270.0;264;0;86
270.59999999999997;256;0;94
271.2;260;0;90
271.8;256;0;94
272.4;257;0;93
273.0;265;0;85
273.59999999999997;266;0;84
274.2;253;0;97
274.8;254;0;96
275.4;262;0;88
276.0;274;0;76
276.59999999999997;281;0;69
277.2;275;0;75
277.8;268;0;82
278.4;274;0;76
279.0;255;0;95
279.59999999999997;260;0;90
280.2;261;0;89
280.8;265;0;85
281.4;268;0;82
282.0;269;0;81
282.59999999999997;267;0;83
283.2;266;0;84
283.8;249;0;101
284.4;252;0;98
285.0;261;0;89
285.59999999999997;261;0;89
286.2;263;0;87
286.8;269;0;81
287.4;266;0;84
288.0;273;0;77
288.59999999999997;266;0;84
289.2;267;0;83
289.8;269;0;81
290.4;268;0;82
291.0;263;0;87
291.59999999999997;263;0;87
292.2;263;0;87
292.8;259;0;91
293.4;260;0;90
294.0;256;0;94
294.59999999999997;259;0;91
295.2;267;0;83
295.8;264;0;86
296.4;259;0;91
297.0;255;0;95
297.59999999999997;260;0;90
298.2;261;0;89
298.8;252;0;98
299.4;259;0;91
#auto generated file!
60.0;254;0;96
60.599999999999994;251;0;99
61.199999999999996;257;0;93
61.8;260;0;90
62.4;259;0;91
63.0;263;0;87
63.599999999999994;266;0;84
64.2;261;0;89
64.8;254;0;96
65.39999999999999;255;0;95
66.0;251;0;99
66.6;271;0;79
67.2;264;0;86
67.8;273;0;77
68.39999999999999;252;0;98
69.0;249;0;101
69.6;258;0;92
70.2;261;0;89
70.8;261;0;89
71.39999999999999;268;0;82
72.0;265;0;85
72.6;274;0;76
73.2;260;0;90
73.8;265;0;85
74.39999999999999;254;0;96
75.0;254;0;96
75.6;255;0;95
76.2;269;0;81
76.8;268;0;82
77.39999999999999;268;0;82
78.0;266;0;84
78.6;273;0;77
79.2;270;0;80
79.8;271;0;79
80.39999999999999;285;0;65
81.0;288;0;62
81.6;282;0;68
82.2;270;0;80
82.8;266;0;84
83.39999999999999;264;0;86
84.0;277;0;73
84.6;262;0;88
85.2;256;0;94
85.8;262;0;88
86.39999999999999;257;0;93
87.0;276;0;74
87.6;252;0;98
88.2;249;0;101
88.8;262;0;88
89.39999999999999;255;0;95
90.0;263;0;87
90.6;262;0;88
91.2;275;0;75
91.8;265;0;85
92.39999999999999;271;0;79
93.0;273;0;77
93.6;272;0;78
94.2;273;0;77
94.8;271;0;79
95.39999999999999;251;0;99
96.0;259;0;91
96.6;258;0;92
97.2;266;0;84
97.8;255;0;95
98.39999999999999;255;0;95
99.0;264;0;86
99.6;264;0;86
100.2;264;0;86
100.8;275;0;75
101.39999999999999;276;0;74
102.0;261;0;89
102.6;244;0;106
103.2;262;0;88
103.8;254;0;96
104.39999999999999;260;0;90
105.0;250;0;100
105.6;255;0;95
106.2;271;0;79
106.8;263;0;87
107.39999999999999;262;0;88
108.0;260;0;90
108.6;269;0;81
109.2;270;0;80
109.8;274;0;76
110.39999999999999;270;0;80
111.0;265;0;85
111.6;265;0;85
112.2;263;0;87
112.8;258;0;92
113.39999999999999;260;0;90
114.0;258;0;92
114.6;260;0;90
115.19999999999999;261;0;89
115.8;256;0;94
116.39999999999999;255;0;95
117.0;246;0;104
117.6;255;0;95
118.19999999999999;256;0;94
118.8;255;0;95
119.39999999999999;273;0;77
120.0;276;0;74
120.6;262;0;88
121.19999999999999;260;0;90
121.8;265;0;85
122.39999999999999;264;0;86
123.0;254;0;96
123.6;251;0;99
124.19999999999999;256;0;94
124.8;267;0;83
125.39999999999999;266;0;84
126.0;274;0;76
126.6;276;0;74
127.19999999999999;267;0;83
127.8;265;0;85
128.4;265;0;85
129.0;255;0;95
129.6;269;0;81
130.2;267;0;83
130.79999999999998;269;0;81
131.4;263;0;87
132.0;265;0;85
132.6;268;0;82
133.2;260;0;90
133.79999999999998;257;0;93
134.4;257;0;93
135.0;257;0;93
135.6;260;0;90
136.2;265;0;85
136.79999999999998;267;0;83
137.4;268;0;82
138.0;255;0;95
138.6;261;0;89
139.2;268;0;82
139.79999999999998;266;0;84
140.4;270;0;80
141.0;258;0;92
141.6;265;0;85
142.2;262;0;88
142.79999999999998;266;0;84
143.4;252;0;98
144.0;258;0;92
144.6;260;0;90
145.2;263;0;87
145.79999999999998;258;0;92
146.4;250;0;100
147.0;260;0;90
147.6;267;0;83
148.2;264;0;86
148.79999999999998;258;0;92
149.4;262;0;88
150.0;261;0;89
150.6;268;0;82
151.2;267;0;83
151.79999999999998;265;0;85
152.4;271;0;79
153.0;266;0;84
153.6;256;0;94
154.2;257;0;93
154.79999999999998;260;0;90
155.4;249;0;101
156.0;253;0;97
156.6;263;0;87
157.2;281;0;69
157.79999999999998;268;0;82
158.4;276;0;74
159.0;264;0;86
159.6;259;0;91
160.2;264;0;86
160.79999999999998;266;0;84
161.4;267;0;83
162.0;273;0;77
162.6;274;0;76
163.2;269;0;81
163.79999999999998;256;0;94
164.4;255;0;95
165.0;266;0;84
165.6;261;0;89
166.2;265;0;85
166.79999999999998;269;0;81
167.4;271;0;79
168.0;272;0;78
168.6;262;0;88
169.2;265;0;85
169.79999999999998;271;0;79
170.4;273;0;77
171.0;255;0;95
171.6;256;0;94
172.2;261;0;89
172.79999999999998;230;0;120
173.4;240;0;110
174.0;258;0;92
174.6;270;0;80
175.2;265;0;85
175.79999999999998;263;0;87
176.4;262;0;88
177.0;262;0;88
177.6;272;0;78
178.2;277;0;73
178.79999999999998;262;0;88
179.4;270;0;80
180.0;262;0;88
180.6;255;0;95
181.2;251;0;99
181.79999999999998;253;0;97
182.4;242;0;108
183.0;251;0;99
183.6;258;0;92
184.2;259;0;91
184.79999999999998;267;0;83
185.4;247;0;103
186.0;253;0;97
186.6;247;0;103
187.2;249;0;101
187.79999999999998;251;0;99
188.4;257;0;93
189.0;264;0;86
189.6;257;0;93
190.2;263;0;87
190.79999999999998;250;0;100
191.4;257;0;93
192.0;255;0;95
192.6;267;0;83
193.2;270;0;80
193.79999999999998;265;0;85
194.4;262;0;88
195.0;275;0;75
195.6;274;0;76
196.2;271;0;79
196.79999999999998;261;0;89
197.4;264;0;86
198.0;266;0;84
198.6;264;0;86
199.2;269;0;81
199.79999999999998;261;0;89
200.4;260;0;90
201.0;263;0;87
201.6;256;0;94
202.2;262;0;88
202.79999999999998;266;0;84
203.4;264;0;86
204.0;264;0;86
204.6;263;0;87
205.2;268;0;82
205.79999999999998;262;0;88
206.4;259;0;91
207.0;264;0;86
207.6;260;0;90
208.2;255;0;95
208.79999999999998;261;0;89
209.4;263;0;87
210.0;263;0;87
210.6;267;0;83
211.2;264;0;86
211.79999999999998;264;0;86
212.4;260;0;90
213.0;255;0;95
213.6;262;0;88
214.2;267;0;83
214.79999999999998;257;0;93
215.4;268;0;82
216.0;248;0;102
216.6;254;0;96
217.2;267;0;83
217.79999999999998;271;0;79
218.4;260;0;90
219.0;266;0;84
219.6;276;0;74
220.2;268;0;82
220.79999999999998;260;0;90
221.4;250;0;100
222.0;245;0;105
222.6;255;0;95
223.2;267;0;83
223.79999999999998;270;0;80
224.4;270;0;80
225.0;275;0;75
225.6;272;0;78
226.2;257;0;93
226.79999999999998;257;0;93
227.4;254;0;96
228.0;267;0;83
228.6;258;0;92
229.2;257;0;93
229.79999999999998;249;0;101
230.39999999999998;244;0;106
231.0;243;0;107
231.6;250;0;100
232.2;257;0;93
232.79999999999998;263;0;87
233.39999999999998;269;0;81
234.0;268;0;82
234.6;262;0;88
235.2;265;0;85
235.79999999999998;261;0;89
236.39999999999998;258;0;92
237.0;272;0;78
237.6;262;0;88
238.2;266;0;84
238.79999999999998;260;0;90
239.39999999999998;263;0;87
240.0;266;0;84
240.6;264;0;86
241.2;259;0;91
241.79999999999998;261;0;89
242.39999999999998;265;0;85
243.0;255;0;95
243.6;271;0;79
244.2;272;0;78
244.79999999999998;267;0;83
245.39999999999998;271;0;79
246.0;269;0;81
246.6;265;0;85
247.2;252;0;98
247.79999999999998;257;0;93
248.39999999999998;267;0;83
249.0;272;0;78
249.6;265;0;85
250.2;249;0;101
250.79999999999998;250;0;100
251.39999999999998;260;0;90
252.0;271;0;79
252.6;258;0;92
253.2;257;0;93
253.79999999999998;258;0;92
254.39999999999998;264;0;86
255.0;261;0;89
255.6;256;0;94
256.2;272;0;78
256.8;262;0;88
257.4;256;0;94
258.0;265;0;85
258.59999999999997;261;0;89
259.2;269;0;81
259.8;270;0;80
260.4;264;0;86
261.0;268;0;82
261.59999999999997;251;0;99
262.2;261;0;89
262.8;261;0;89
263.4;255;0;95
264.0;248;0;102
264.59999999999997;255;0;95
265.2;260;0;90
265.8;264;0;86
266.4;264;0;86
267.0;271;0;79
267.59999999999997;266;0;84
268.2;265;0;85
268.8;252;0;98
269.4;249;0;101
270.0;254;0;96
270.59999999999997;258;0;92
271.2;281;0;69
271.8;278;0;72
272.4;275;0;75
273.0;266;0;84
273.59999999999997;277;0;73
274.2;260;0;90
274.8;258;0;92
275.4;259;0;91
276.0;273;0;77
276.59999999999997;278;0;72
277.2;254;0;96
277.8;258;0;92
278.4;259;0;91
279.0;270;0;80
279.59999999999997;265;0;85
280.2;262;0;88
280.8;267;0;83
281.4;253;0;97
282.0;260;0;90
282.59999999999997;267;0;83
283.2;265;0;85
283.8;270;0;80
284.4;265;0;85
285.0;261;0;89
285.59999999999997;259;0;91
286.2;270;0;80
286.8;272;0;78
287.4;266;0;84
288.0;268;0;82
288.59999999999997;274;0;76
289.2;278;0;72
289.8;277;0;73
290.4;269;0;81
291.0;264;0;86
291.59999999999997;250;0;100
292.2;264;0;86
292.8;268;0;82
293.4;268;0;82
294.0;256;0;94
294.59999999999997;255;0;95
295.2;267;0;83
295.8;259;0;91
296.4;257;0;93
297.0;274;0;76
297.59999999999997;270;0;80
298.2;269;0;81
298.8;274;0;76
299.4;267;0;83
#auto generated file!
60.0;261;0;89
60.599999999999994;264;0;86
61.199999999999996;256;0;94
61.8;263;0;87
62.4;266;0;84
63.0;273;0;77
63.599999999999994;268;0;82
64.2;263;0;87
64.8;266;0;84
65.39999999999999;266;0;84
66.0;262;0;88
66.6;268;0;82
67.2;256;0;94
67.8;260;0;90
68.39999999999999;268;0;82
69.0;265;0;85
69.6;263;0;87
70.2;268;0;82
70.8;265;0;85
71.39999999999999;270;0;80
72.0;275;0;75
72.6;267;0;83
73.2;264;0;86
73.8;246;0;104
74.39999999999999;251;0;99
75.0;254;0;96
75.6;266;0;84
76.2;262;0;88
76.8;269;0;81
77.39999999999999;268;0;82
78.0;260;0;90
78.6;251;0;99
79.2;251;0;99
79.8;256;0;94
80.39999999999999;270;0;80
81.0;255;0;95
81.6;262;0;88
82.2;252;0;98
82.8;259;0;91
83.39999999999999;248;0;102
84.0;274;0;76
84.6;271;0;79
85.2;266;0;84
85.8;254;0;96
86.39999999999999;257;0;93
87.0;247;0;103
87.6;251;0;99
88.2;268;0;82
88.8;268;0;82
89.39999999999999;257;0;93
90.0;259;0;91
90.6;249;0;101
91.2;265;0;85
91.8;271;0;79
92.39999999999999;272;0;78
93.0;275;0;75
93.6;280;0;70
94.2;265;0;85
94.8;263;0;87
95.39999999999999;259;0;91
96.0;266;0;84
96.6;267;0;83
97.2;259;0;91
97.8;270;0;80
98.39999999999999;268;0;82
99.0;273;0;77
99.6;255;0;95
100.2;249;0;101
100.8;258;0;92
101.39999999999999;258;0;92
102.0;250;0;100
102.6;257;0;93
103.2;254;0;96
103.8;255;0;95
104.39999999999999;264;0;86
105.0;262;0;88
105.6;265;0;85
106.2;264;0;86
106.8;270;0;80
107.39999999999999;270;0;80
108.0;264;0;86
108.6;268;0;82
109.2;269;0;81
109.8;254;0;96
110.39999999999999;245;0;105
111.0;253;0;97
111.6;264;0;86
112.2;269;0;81
112.8;268;0;82
113.39999999999999;270;0;80
114.0;257;0;93
114.6;259;0;91
115.19999999999999;270;0;80
115.8;269;0;81
116.39999999999999;265;0;85
117.0;280;0;70
117.6;263;0;87
118.19999999999999;259;0;91
118.8;260;0;90
119.39999999999999;251;0;99
120.0;262;0;88
120.6;258;0;92
121.19999999999999;261;0;89
121.8;270;0;80
122.39999999999999;251;0;99
123.0;270;0;80
123.6;261;0;89
124.19999999999999;268;0;82
124.8;269;0;81
125.39999999999999;271;0;79
126.0;266;0;84
126.6;256;0;94
127.19999999999999;264;0;86
127.8;249;0;101
128.4;263;0;87
129.0;262;0;88
129.6;256;0;94
130.2;259;0;91
130.79999999999998;261;0;89
131.4;264;0;86
132.0;260;0;90
132.6;266;0;84
133.2;278;0;72
133.79999999999998;269;0;81
134.4;268;0;82
135.0;268;0;82
135.6;262;0;88
136.2;263;0;87
136.79999999999998;275;0;75
137.4;270;0;80
138.0;268;0;82
138.6;272;0;78
139.2;270;0;80
139.79999999999998;270;0;80
140.4;266;0;84
141.0;269;0;81
141.6;271;0;79
142.2;273;0;77
142.79999999999998;265;0;85
143.4;263;0;87
144.0;253;0;97
144.6;258;0;92
145.2;258;0;92
145.79999999999998;257;0;93
146.4;245;0;105
147.0;252;0;98
147.6;261;0;89
148.2;270;0;80
148.79999999999998;267;0;83
149.4;260;0;90
150.0;263;0;87
150.6;271;0;79
151.2;258;0;92
151.79999999999998;274;0;76
152.4;266;0;84
153.0;257;0;93
153.6;256;0;94
154.2;260;0;90
154.79999999999998;248;0;102
155.4;255;0;95
156.0;267;0;83
156.6;262;0;88
157.2;261;0;89
157.79999999999998;253;0;97
158.4;259;0;91
159.0;269;0;81
159.6;260;0;90
160.2;247;0;103
160.79999999999998;260;0;90
161.4;249;0;101
162.0;263;0;87
162.6;272;0;78
163.2;268;0;82
163.79999999999998;263;0;87
164.4;258;0;92
165.0;261;0;89
165.6;247;0;103
166.2;265;0;85
166.79999999999998;264;0;86
167.4;269;0;81
168.0;270;0;80
168.6;261;0;89
169.2;273;0;77
169.79999999999998;266;0;84
170.4;268;0;82
171.0;261;0;89
171.6;262;0;88
172.2;266;0;84
172.79999999999998;254;0;96
173.4;261;0;89
174.0;275;0;75
174.6;262;0;88
175.2;270;0;80
175.79999999999998;262;0;88
176.4;270;0;80
177.0;262;0;88
177.6;267;0;83
178.2;272;0;78
178.79999999999998;274;0;76
179.4;281;0;69
180.0;275;0;75
180.6;271;0;79
181.2;257;0;93
181.79999999999998;256;0;94
182.4;253;0;97
183.0;264;0;86
183.6;275;0;75
184.2;270;0;80
184.79999999999998;273;0;77
185.4;268;0;82
186.0;267;0;83
186.6;259;0;91
187.2;261;0;89
187.79999999999998;266;0;84
188.4;246;0;104
189.0;247;0;103
189.6;251;0;99
190.2;258;0;92
190.79999999999998;244;0;106
191.4;256;0;94
192.0;271;0;79
192.6;272;0;78
193.2;267;0;83
193.79999999999998;258;0;92
194.4;254;0;96
195.0;262;0;88
195.6;270;0;80
196.2;268;0;82
196.79999999999998;262;0;88
197.4;263;0;87
198.0;255;0;95
198.6;257;0;93
199.2;255;0;95
199.79999999999998;261;0;89
200.4;269;0;81
201.0;266;0;84
201.6;278;0;72
202.2;274;0;76
202.79999999999998;272;0;78
203.4;268;0;82
204.0;258;0;92
204.6;268;0;82
205.2;256;0;94
205.79999999999998;248;0;102
206.4;260;0;90
207.0;262;0;88
207.6;258;0;92
208.2;264;0;86
208.79999999999998;267;0;83
209.4;262;0;88
210.0;253;0;97
210.6;259;0;91
211.2;258;0;92
211.79999999999998;254;0;96
212.4;267;0;83
213.0;257;0;93
213.6;261;0;89
214.2;262;0;88
214.79999999999998;261;0;89
215.4;253;0;97
216.0;259;0;91
216.6;254;0;96
217.2;260;0;90
217.79999999999998;270;0;80
218.4;274;0;76
219.0;270;0;80
219.6;262;0;88
220.2;272;0;78
220.79999999999998;268;0;82
221.4;271;0;79
222.0;267;0;83
222.6;260;0;90
223.2;252;0;98
223.79999999999998;256;0;94
224.4;268;0;82
225.0;261;0;89
225.6;261;0;89
226.2;265;0;85
226.79999999999998;262;0;88
227.4;262;0;88
228.0;259;0;91
228.6;262;0;88
229.2;254;0;96
229.79999999999998;261;0;89
230.39999999999998;260;0;90
231.0;265;0;85
231.6;266;0;84
232.2;269;0;81
232.79999999999998;270;0;80
233.39999999999998;278;0;72
234.0;274;0;76
234.6;278;0;72
235.2;264;0;86
235.79999999999998;252;0;98
236.39999999999998;261;0;89
237.0;272;0;78
237.6;274;0;76
238.2;264;0;86
238.79999999999998;258;0;92
239.39999999999998;270;0;80
240.0;253;0;97
240.6;261;0;89
241.2;269;0;81
241.79999999999998;267;0;83
242.39999999999998;267;0;83
243.0;265;0;85
243.6;269;0;81
244.2;266;0;84
244.79999999999998;274;0;76
245.39999999999998;262;0;88
246.0;259;0;91
246.6;261;0;89
247.2;264;0;86
247.79999999999998;258;0;92
248.39999999999998;261;0;89
249.0;263;0;87
249.6;269;0;81
250.2;263;0;87
250.79999999999998;264;0;86
251.39999999999998;266;0;84
252.0;258;0;92
252.6;265;0;85
253.2;278;0;72
253.79999999999998;257;0;93
254.39999999999998;243;0;107
255.0;235;0;115
255.6;253;0;97
256.2;251;0;99
256.8;268;0;82
257.4;253;0;97
258.0;260;0;90
258.59999999999997;267;0;83
259.2;265;0;85
259.8;278;0;72
260.4;261;0;89
261.0;258;0;92
261.59999999999997;268;0;82
262.2;268;0;82
262.8;259;0;91
263.4;249;0;101
264.0;261;0;89
264.59999999999997;275;0;75
265.2;268;0;82
265.8;257;0;93
266.4;258;0;92
267.0;260;0;90
267.59999999999997;262;0;88
268.2;264;0;86
268.8;264;0;86
269.4;267;0;83
270.0;266;0;84
270.59999999999997;266;0;84
271.2;263;0;87
271.8;255;0;95
272.4;263;0;87
273.0;252;0;98
273.59999999999997;269;0;81
274.2;274;0;76
274.8;263;0;87
275.4;276;0;74
276.0;280;0;70
276.59999999999997;280;0;70
277.2;274;0;76
277.8;274;0;76
278.4;281;0;69
279.0;271;0;79
279.59999999999997;282;0;68
280.2;261;0;89
280.8;268;0;82
281.4;257;0;93
282.0;272;0;78
282.59999999999997;277;0;73
283.2;272;0;78
283.8;266;0;84
284.4;263;0;87
285.0;271;0;79
285.59999999999997;253;0;97
286.2;252;0;98
286.8;263;0;87
287.4;246;0;104
288.0;249;0;101
288.59999999999997;250;0;100
289.2;257;0;93
289.8;266;0;84
290.4;261;0;89
291.0;261;0;89
291.59999999999997;259;0;91
292.2;263;0;87
292.8;255;0;95
293.4;262;0;88
294.0;255;0;95
294.59999999999997;252;0;98
295.2;265;0;85
295.8;269;0;81
296.4;271;0;79
297.0;264;0;86
297.59999999999997;270;0;80
298.2;253;0;97
298.8;251;0;99
299.4;259;0;91
