#auto generated file!
78;342;2319;1030;62.67524469306247;58.86358791909106;3.8116567739714093;282.53833333333336;0.0;2291;0
78;342;2319;1030;0.0;0.0;0.0
0;0;0;0;0.0;0.0;0.0
#auto generated file!
70;386;2304;1108;61.891131337809256;57.78400829656396;4.10712304124531;284.4350000000001;0.0;2707;0
70;386;2304;1108;0.0;0.0;0.0
0;0;0;0;0.0;0.0;0.0
#auto generated file!
72;420;2165;1069;59.68515034018684;55.56003177618334;4.125118564003491;313.104761904762;0.0;3050;0
72;420;2165;1069;0.0;0.0;0.0
0;0;0;0;0.0;0.0;0.0
#auto generated file!
79;361;2024;1067;80.19001699561592;75.94140930149656;4.248607694119352;300.54857142857156;0.0;2921;0
79;361;2024;1067;0.0;0.0;0.0
0;0;0;0;0.0;0.0;0.0
#auto generated file!
59;416;2274;1049;70.84237855872853;66.66635189050967;4.176026668218842;308.8707142857142;0.0;2943;0
59;416;2274;1049;0.0;0.0;0.0
0;0;0;0;0.0;0.0;0.0
#auto generated file!
68;376;2153;1045;64.92802874395471;61.082675420680864;3.8453533232738417;324.35380952380956;0.0;2927;0
68;376;2153;1045;0.0;0.0;0.0
0;0;0;0;0.0;0.0;0.0
#auto generated file!
52;281;2349;934;110.42739819444274;106.19238346920037;4.235014725242376;290.4569047619048;0.0;2571;0
52;281;2349;934;0.0;0.0;0.0
0;0;0;0;0.0;0.0;0.0
#auto generated file!
72;296;2350;896;60.87208023389289;56.83338776233935;4.038692471553517;267.1871428571428;0.0;2598;0
72;296;2350;896;0.0;0.0;0.0
0;0;0;0;0.0;0.0;0.0
#auto generated file!
70;342;2386;1031;77.80978129458522;73.68040547618365;4.12937581840153;304.0019047619048;0.0;2357;0
70;342;2386;1031;0.0;0.0;0.0
0;0;0;0;0.0;0.0;0.0
#auto generated file!
66;387;2058;1001;102.27117416414994;98.48322769185222;3.7879464722977243;322.70047619047597;0.0;2969;0
66;387;2058;1001;0.0;0.0;0.0
0;0;0;0;0.0;0.0;0.0
