#auto generated file!
44;243;1865;256;78.16253590409332;73.8599823035752;4.302553600518117;268.2890476190476;0.0;1818;0
44;243;1865;256;0.0;0.0;0.0
0;0;0;0;0.0;0.0;0.0
#auto generated file!
27;303;2064;337;57.5429198141831;53.27240139162756;4.270518422555577;288.8207142857142;0.0;2113;0
27;303;2064;337;0.0;0.0;0.0
0;0;0;0;0.0;0.0;0.0
#auto generated file!
58;232;1898;317;68.67668225423236;64.46119903752837;4.215483216704005;274.60095238095255;0.0;1683;0
58;232;1898;317;0.0;0.0;0.0
0;0;0;0;0.0;0.0;0.0
#auto generated file!
29;254;1999;280;72.22334447950851;67.82151132665766;4.401833152850864;278.41499999999996;0.0;1981;0
29;254;1999;280;0.0;0.0;0.0
0;0;0;0;0.0;0.0;0.0
#auto generated file!
55;238;1997;322;102.47456484833636;98.40309265254636;4.071472195789978;281.1573809523809;0.0;1854;0
55;238;1997;322;0.0;0.0;0.0
0;0;0;0;0.0;0.0;0.0
#auto generated file!
52;309;2074;357;47.97732955385925;43.895444099088905;4.081885454770319;328.047380952381;0.0;2339;0
52;309;2074;357;0.0;0.0;0.0
0;0;0;0;0.0;0.0;0.0
#auto generated file!
41;247;2017;313;50.6714216408001;46.40327667826275;4.268144962537351;267.27404761904774;0.0;1663;0
41;247;2017;313;0.0;0.0;0.0
0;0;0;0;0.0;0.0;0.0
#auto generated file!
63;153;1931;260;82.49634389383927;78.87485240673033;3.6214914871088966;244.51666666666674;0.0;1271;0
63;153;1931;260;0.0;0.0;0.0
0;0;0;0;0.0;0.0;0.0
#auto generated file!
57;301;1929;289;91.70349745162598;87.13819199468128;4.56530545694467;279.6319047619047;0.0;2015;0
57;301;1929;289;0.0;0.0;0.0
0;0;0;0;0.0;0.0;0.0
#auto generated file!
48;174;2013;313;56.53838472265877;52.46271007330745;4.07567464935131;266.1969047619046;0.0;1536;0
48;174;2013;313;0.0;0.0;0.0
0;0;0;0;0.0;0.0;0.0
