#auto generated file!
99;26;9;0;17.19707301135769;13.26453451299127;3.9325384983664313;207.12047619047615;0.0;17;0
99;26;9;0;17.19707301135769;13.26453451299127;3.9325384983664313
0;0;0;0;0.0;0.0;0.0
#auto generated file!
105;19;8;0;22.800319830328927;18.9983746660948;3.8019451642341333;185.22476190476192;0.0;11;0
105;19;8;0;22.800319830328927;18.9983746660948;3.8019451642341333
0;0;0;0;0.0;0.0;0.0
#auto generated file!
116;44;16;0;17.201229007411907;13.35128772548057;3.849941281931332;219.65214285714268;0.0;28;0
116;44;16;0;17.201229007411907;13.35128772548057;3.849941281931332
0;0;0;0;0.0;0.0;0.0
#auto generated file!
111;25;9;0;20.09666427973825;15.978695850136939;4.117968429601325;188.77880952380943;0.0;16;0
111;25;9;0;20.09666427973825;15.978695850136939;4.117968429601325
0;0;0;0;0.0;0.0;0.0
#auto generated file!
111;33;7;0;19.61281302026994;15.497607318473621;4.1152057017963175;236.5926190476192;0.0;26;0
111;33;7;0;19.61281302026994;15.497607318473621;4.1152057017963175
0;0;0;0;0.0;0.0;0.0
#auto generated file!
81;25;8;0;17.557999258798887;13.55055254248751;4.007446716311385;205.4199999999999;0.0;17;0
81;25;8;0;17.557999258798887;13.55055254248751;4.007446716311385
0;0;0;0;0.0;0.0;0.0
#auto generated file!
96;45;13;0;19.883160194759764;15.880008634814073;4.003151559945697;224.40547619047618;0.0;32;0
96;45;13;0;19.883160194759764;15.880008634814073;4.003151559945697
0;0;0;0;0.0;0.0;0.0
#auto generated file!
94;27;8;0;21.098629537678814;17.22543352583293;3.8731960118458897;218.06809523809528;0.0;19;0
94;27;8;0;21.098629537678814;17.22543352583293;3.8731960118458897
0;0;0;0;0.0;0.0;0.0
#auto generated file!
140;17;7;0;17.423182457645392;13.347484270579566;4.075698187065811;208.1428571428572;0.0;10;0
140;17;7;0;17.423182457645392;13.347484270579566;4.075698187065811
0;0;0;0;0.0;0.0;0.0
#auto generated file!
104;28;13;0;18.069865347080203;13.963015168052722;4.106850179027465;208.35404761904758;0.0;15;0
104;28;13;0;18.069865347080203;13.963015168052722;4.106850179027465
0;0;0;0;0.0;0.0;0.0
