#auto generated file!
271;2;2;0;17.525428116703704;13.628554604165785;3.8968735125379066;77.25476190476193;0.0;0;0
271;2;2;0;17.525428116703704;13.628554604165785;3.8968735125379066
0;0;0;0;0.0;0.0;0.0
#auto generated file!
285;3;3;0;17.948600966789968;14.048959263989994;3.8996417027999724;74.24523809523812;0.0;0;0
285;3;3;0;17.948600966789968;14.048959263989994;3.8996417027999724
0;0;0;0;0.0;0.0;0.0
#auto generated file!
270;4;4;0;18.47953194307827;14.569770340004666;3.909761603073612;84.71095238095232;0.0;0;0
270;4;4;0;18.47953194307827;14.569770340004666;3.909761603073612
0;0;0;0;0.0;0.0;0.0
#auto generated file!
334;8;8;0;18.730296053069388;14.819607342838465;3.9106887102309393;66.70476190476198;0.0;0;0
334;8;8;0;18.730296053069388;14.819607342838465;3.9106887102309393
0;0;0;0;0.0;0.0;0.0
#auto generated file!
219;0;0;0;15.225216967579241;11.350855041436011;3.8743619261432434;61.08880952380953;0.0;0;0
219;0;0;0;15.225216967579241;11.350855041436011;3.8743619261432434
0;0;0;0;0.0;0.0;0.0
#auto generated file!
229;2;2;0;16.504848599429003;12.544968215358399;3.9598803840706127;54.94547619047618;0.0;0;0
229;2;2;0;16.504848599429003;12.544968215358399;3.9598803840706127
0;0;0;0;0.0;0.0;0.0
#auto generated file!
268;0;0;0;16.353765713377395;12.475026630086617;3.878739083290776;61.32404761904762;0.0;0;0
268;0;0;0;16.353765713377395;12.475026630086617;3.878739083290776
0;0;0;0;0.0;0.0;0.0
#auto generated file!
238;6;6;0;16.68125981057059;12.711641196123136;3.9696186144474646;87.83904761904769;0.0;0;0
238;6;6;0;16.68125981057059;12.711641196123136;3.9696186144474646
0;0;0;0;0.0;0.0;0.0
#auto generated file!
277;4;4;0;16.311263436804676;12.451862486797012;3.8594009500076636;75.18047619047614;0.0;0;0
277;4;4;0;16.311263436804676;12.451862486797012;3.8594009500076636
0;0;0;0;0.0;0.0;0.0
#auto generated file!
289;0;0;0;16.342021760527082;12.41064218010087;3.9313795804262077;66.45619047619046;0.0;0;0
289;0;0;0;16.342021760527082;12.41064218010087;3.9313795804262077
0;0;0;0;0.0;0.0;0.0
