#auto generated file!
60.0;186;0;14
60.599999999999994;189;0;11
61.199999999999996;189;0;11
61.8;186;0;14
62.4;178;0;22
63.0;183;0;17
63.599999999999994;183;0;17
64.2;185;0;15
64.8;186;0;14
65.39999999999999;186;0;14
66.0;178;0;22
66.6;180;0;20
67.2;187;0;13
67.8;185;0;15
68.39999999999999;182;0;18
69.0;183;0;17
69.6;184;0;16
70.2;188;0;12
70.8;186;0;14
71.39999999999999;184;0;16
72.0;185;0;15
72.6;186;0;14
73.2;182;0;18
73.8;186;0;14
74.39999999999999;190;0;10
75.0;187;0;13
75.6;186;0;14
76.2;183;0;17
76.8;188;0;12
77.39999999999999;187;0;13
78.0;191;0;9
78.6;187;0;13
79.2;178;0;22
79.8;185;0;15
80.39999999999999;188;0;12
81.0;187;0;13
81.6;181;0;19
82.2;176;0;24
82.8;184;0;16
83.39999999999999;186;0;14
84.0;182;0;18
84.6;182;0;18
85.2;183;0;17
85.8;190;0;10
86.39999999999999;187;0;13
87.0;184;0;16
87.6;185;0;15
88.2;178;0;22
88.8;181;0;19
89.39999999999999;176;0;24
90.0;181;0;19
90.6;179;0;21
91.2;179;0;21
91.8;186;0;14
92.39999999999999;190;0;10
93.0;189;0;11
93.6;191;0;9
94.2;187;0;13
94.8;182;0;18
95.39999999999999;183;0;17
96.0;184;0;16
96.6;185;0;15
97.2;192;0;8
97.8;190;0;10
98.39999999999999;183;0;17
99.0;182;0;18
99.6;190;0;10
100.2;190;0;10
100.8;189;0;11
101.39999999999999;188;0;12
102.0;186;0;14
102.6;180;0;20
103.2;183;0;17
103.8;184;0;16
104.39999999999999;186;0;14
105.0;188;0;12
105.6;183;0;17
106.2;174;0;26
106.8;184;0;16
107.39999999999999;185;0;15
108.0;181;0;19
108.6;184;0;16
109.2;185;0;15
109.8;179;0;21
110.39999999999999;182;0;18
111.0;179;0;21
111.6;180;0;20
112.2;180;0;20
112.8;183;0;17
113.39999999999999;183;0;17
114.0;185;0;15
114.6;186;0;14
115.19999999999999;185;0;15
115.8;186;0;14
116.39999999999999;188;0;12
117.0;184;0;16
117.6;187;0;13
118.19999999999999;192;0;8
118.8;190;0;10
119.39999999999999;192;0;8
120.0;183;0;17
120.6;190;0;10
121.19999999999999;190;0;10
121.8;185;0;15
122.39999999999999;190;0;10
123.0;189;0;11
123.6;190;0;10
124.19999999999999;184;0;16
124.8;188;0;12
125.39999999999999;188;0;12
126.0;190;0;10
126.6;188;0;12
127.19999999999999;188;0;12
127.8;188;0;12
128.4;182;0;18
129.0;182;0;18
129.6;185;0;15
130.2;186;0;14
130.79999999999998;189;0;11
131.4;190;0;10
132.0;187;0;13
132.6;183;0;17
133.2;181;0;19
133.79999999999998;188;0;12
134.4;190;0;10
135.0;186;0;14
135.6;186;0;14
136.2;184;0;16
136.79999999999998;186;0;14
137.4;184;0;16
138.0;178;0;22
138.6;178;0;22
139.2;185;0;15
139.79999999999998;182;0;18
140.4;182;0;18
141.0;177;0;23
141.6;182;0;18
142.2;187;0;13
142.79999999999998;186;0;14
143.4;188;0;12
144.0;181;0;19
144.6;180;0;20
145.2;180;0;20
145.79999999999998;178;0;22
146.4;176;0;24
147.0;179;0;21
147.6;184;0;16
148.2;183;0;17
148.79999999999998;186;0;14
149.4;183;0;17
150.0;189;0;11
150.6;189;0;11
151.2;182;0;18
151.79999999999998;182;0;18
152.4;180;0;20
153.0;184;0;16
153.6;182;0;18
154.2;191;0;9
154.79999999999998;191;0;9
155.4;188;0;12
156.0;184;0;16
156.6;182;0;18
157.2;180;0;20
157.79999999999998;189;0;11
158.4;189;0;11
159.0;190;0;10
159.6;188;0;12
160.2;187;0;13
160.79999999999998;188;0;12
161.4;187;0;13
162.0;189;0;11
162.6;180;0;20
163.2;187;0;13
163.79999999999998;189;0;11
164.4;183;0;17
165.0;181;0;19
165.6;181;0;19
166.2;191;0;9
166.79999999999998;188;0;12
167.4;191;0;9
168.0;189;0;11
168.6;187;0;13
169.2;185;0;15
169.79999999999998;180;0;20
170.4;187;0;13
171.0;187;0;13
171.6;185;0;15
172.2;188;0;12
172.79999999999998;180;0;20
173.4;178;0;22
174.0;179;0;21
174.6;182;0;18
175.2;185;0;15
175.79999999999998;185;0;15
176.4;192;0;8
177.0;191;0;9
177.6;189;0;11
178.2;187;0;13
178.79999999999998;182;0;18
179.4;188;0;12
180.0;185;0;15
180.6;188;0;12
181.2;188;0;12
181.79999999999998;185;0;15
182.4;187;0;13
183.0;183;0;17
183.6;188;0;12
184.2;189;0;11
184.79999999999998;188;0;12
185.4;191;0;9
186.0;185;0;15
186.6;185;0;15
187.2;182;0;18
187.79999999999998;173;0;27
188.4;182;0;18
189.0;182;0;18
189.6;174;0;26
190.2;179;0;21
190.79999999999998;184;0;16
191.4;184;0;16
192.0;185;0;15
192.6;186;0;14
193.2;191;0;9
193.79999999999998;192;0;8
194.4;190;0;10
195.0;189;0;11
195.6;190;0;10
196.2;188;0;12
196.79999999999998;191;0;9
197.4;185;0;15
198.0;183;0;17
198.6;186;0;14
199.2;188;0;12
199.79999999999998;182;0;18
200.4;178;0;22
201.0;180;0;20
201.6;186;0;14
202.2;189;0;11
202.79999999999998;191;0;9
203.4;190;0;10
204.0;185;0;15
204.6;179;0;21
205.2;180;0;20
205.79999999999998;183;0;17
206.4;181;0;19
207.0;185;0;15
207.6;187;0;13
208.2;186;0;14
208.79999999999998;185;0;15
209.4;189;0;11
210.0;188;0;12
210.6;186;0;14
211.2;183;0;17
211.79999999999998;182;0;18
212.4;180;0;20
213.0;183;0;17
213.6;186;0;14
214.2;187;0;13
214.79999999999998;187;0;13
215.4;186;0;14
216.0;184;0;16
216.6;193;0;7
217.2;191;0;9
217.79999999999998;190;0;10
218.4;190;0;10
219.0;189;0;11
219.6;189;0;11
220.2;189;0;11
220.79999999999998;187;0;13
221.4;189;0;11
222.0;190;0;10
222.6;191;0;9
223.2;189;0;11
223.79999999999998;190;0;10
224.4;188;0;12
225.0;189;0;11
225.6;188;0;12
226.2;184;0;16
226.79999999999998;190;0;10
227.4;190;0;10
228.0;189;0;11
228.6;179;0;21
229.2;183;0;17
229.79999999999998;185;0;15
230.39999999999998;190;0;10
231.0;193;0;7
231.6;188;0;12
232.2;186;0;14
232.79999999999998;184;0;16
233.39999999999998;191;0;9
234.0;184;0;16
234.6;183;0;17
235.2;184;0;16
235.79999999999998;186;0;14
236.39999999999998;184;0;16
237.0;183;0;17
237.6;185;0;15
238.2;183;0;17
238.79999999999998;186;0;14
239.39999999999998;189;0;11
240.0;190;0;10
240.6;184;0;16
241.2;181;0;19
241.79999999999998;187;0;13
242.39999999999998;188;0;12
243.0;181;0;19
243.6;184;0;16
244.2;181;0;19
244.79999999999998;185;0;15
245.39999999999998;181;0;19
246.0;180;0;20
246.6;184;0;16
247.2;187;0;13
247.79999999999998;190;0;10
248.39999999999998;194;0;6
249.0;188;0;12
249.6;185;0;15
250.2;183;0;17
250.79999999999998;175;0;25
251.39999999999998;178;0;22
252.0;185;0;15
252.6;180;0;20
253.2;183;0;17
253.79999999999998;187;0;13
254.39999999999998;183;0;17
255.0;185;0;15
255.6;187;0;13
256.2;186;0;14
256.8;184;0;16
257.4;185;0;15
258.0;188;0;12
258.59999999999997;182;0;18
259.2;184;0;16
259.8;181;0;19
260.4;187;0;13
261.0;192;0;8
261.59999999999997;190;0;10
262.2;189;0;11
262.8;187;0;13
263.4;188;0;12
264.0;186;0;14
264.59999999999997;187;0;13
265.2;187;0;13
265.8;184;0;16
266.4;175;0;25
267.0;176;0;24
267.59999999999997;183;0;17
268.2;180;0;20
268.8;186;0;14
269.4;186;0;14
270.0;178;0;22
270.59999999999997;180;0;20
271.2;185;0;15
271.8;190;0;10
272.4;189;0;11
273.0;183;0;17
273.59999999999997;178;0;22
274.2;183;0;17
274.8;181;0;19
275.4;183;0;17
276.0;182;0;18
276.59999999999997;189;0;11
277.2;192;0;8
277.8;190;0;10
278.4;188;0;12
279.0;193;0;7
279.59999999999997;188;0;12
280.2;194;0;6
280.8;188;0;12
281.4;185;0;15
282.0;185;0;15
282.59999999999997;181;0;19
283.2;186;0;14
283.8;182;0;18
284.4;182;0;18
285.0;186;0;14
285.59999999999997;185;0;15
286.2;182;0;18
286.8;183;0;17
287.4;183;0;17
288.0;185;0;15
288.59999999999997;183;0;17
289.2;190;0;10
289.8;188;0;12
290.4;184;0;16
291.0;185;0;15
291.59999999999997;189;0;11
292.2;195;0;5
292.8;190;0;10
293.4;189;0;11
294.0;184;0;16
294.59999999999997;186;0;14
295.2;184;0;16
295.8;188;0;12
296.4;193;0;7
297.0;192;0;8
297.59999999999997;191;0;9
298.2;189;0;11
298.8;187;0;13
299.4;188;0;12
#auto generated file!
60.0;183;0;17
60.599999999999994;187;0;13
61.199999999999996;195;0;5
61.8;186;0;14
62.4;189;0;11
63.0;183;0;17
63.599999999999994;187;0;13
64.2;189;0;11
64.8;186;0;14
65.39999999999999;189;0;11
66.0;183;0;17
66.6;184;0;16
67.2;187;0;13
67.8;187;0;13
68.39999999999999;183;0;17
69.0;190;0;10
69.6;188;0;12
70.2;186;0;14
70.8;191;0;9
71.39999999999999;188;0;12
72.0;188;0;12
72.6;181;0;19
73.2;188;0;12
73.8;187;0;13
74.39999999999999;190;0;10
75.0;188;0;12
75.6;188;0;12
76.2;186;0;14
76.8;188;0;12
77.39999999999999;184;0;16
78.0;185;0;15
78.6;187;0;13
79.2;188;0;12
79.8;187;0;13
80.39999999999999;189;0;11
81.0;188;0;12
81.6;188;0;12
82.2;182;0;18
82.8;189;0;11
83.39999999999999;190;0;10
84.0;186;0;14
84.6;183;0;17
85.2;182;0;18
85.8;185;0;15
86.39999999999999;187;0;13
87.0;191;0;9
87.6;189;0;11
88.2;190;0;10
88.8;188;0;12
89.39999999999999;191;0;9
90.0;190;0;10
90.6;189;0;11
91.2;187;0;13
91.8;188;0;12
92.39999999999999;187;0;13
93.0;185;0;15
93.6;182;0;18
94.2;182;0;18
94.8;179;0;21
95.39999999999999;181;0;19
96.0;181;0;19
96.6;186;0;14
97.2;188;0;12
97.8;190;0;10
98.39999999999999;189;0;11
99.0;187;0;13
99.6;185;0;15
100.2;191;0;9
100.8;190;0;10
101.39999999999999;189;0;11
102.0;188;0;12
102.6;184;0;16
103.2;183;0;17
103.8;185;0;15
104.39999999999999;184;0;16
105.0;186;0;14
105.6;182;0;18
106.2;190;0;10
106.8;189;0;11
107.39999999999999;186;0;14
108.0;186;0;14
108.6;188;0;12
109.2;185;0;15
109.8;186;0;14
110.39999999999999;182;0;18
111.0;182;0;18
111.6;187;0;13
112.2;185;0;15
112.8;183;0;17
113.39999999999999;188;0;12
114.0;185;0;15
114.6;178;0;22
115.19999999999999;179;0;21
115.8;183;0;17
116.39999999999999;181;0;19
117.0;184;0;16
117.6;186;0;14
118.19999999999999;187;0;13
118.8;187;0;13
119.39999999999999;183;0;17
120.0;183;0;17
120.6;189;0;11
121.19999999999999;186;0;14
121.8;185;0;15
122.39999999999999;188;0;12
123.0;186;0;14
123.6;185;0;15
124.19999999999999;188;0;12
124.8;185;0;15
125.39999999999999;177;0;23
126.0;190;0;10
126.6;192;0;8
127.19999999999999;193;0;7
127.8;192;0;8
128.4;183;0;17
129.0;183;0;17
129.6;186;0;14
130.2;189;0;11
130.79999999999998;194;0;6
131.4;189;0;11
132.0;186;0;14
132.6;192;0;8
133.2;195;0;5
133.79999999999998;188;0;12
134.4;184;0;16
135.0;188;0;12
135.6;186;0;14
136.2;185;0;15
136.79999999999998;185;0;15
137.4;183;0;17
138.0;188;0;12
138.6;185;0;15
139.2;185;0;15
139.79999999999998;187;0;13
140.4;185;0;15
141.0;186;0;14
141.6;182;0;18
142.2;180;0;20
142.79999999999998;190;0;10
143.4;191;0;9
144.0;192;0;8
144.6;193;0;7
145.2;191;0;9
145.79999999999998;185;0;15
146.4;185;0;15
147.0;183;0;17
147.6;190;0;10
148.2;191;0;9
148.79999999999998;192;0;8
149.4;189;0;11
150.0;190;0;10
150.6;187;0;13
151.2;187;0;13
151.79999999999998;185;0;15
152.4;188;0;12
153.0;190;0;10
153.6;189;0;11
154.2;194;0;6
154.79999999999998;188;0;12
155.4;188;0;12
156.0;189;0;11
156.6;189;0;11
157.2;186;0;14
157.79999999999998;191;0;9
158.4;191;0;9
159.0;184;0;16
159.6;185;0;15
160.2;186;0;14
160.79999999999998;190;0;10
161.4;187;0;13
162.0;184;0;16
162.6;186;0;14
163.2;187;0;13
163.79999999999998;189;0;11
164.4;188;0;12
165.0;186;0;14
165.6;189;0;11
166.2;184;0;16
166.79999999999998;188;0;12
167.4;186;0;14
168.0;186;0;14
168.6;190;0;10
169.2;186;0;14
169.79999999999998;187;0;13
170.4;191;0;9
171.0;188;0;12
171.6;187;0;13
172.2;184;0;16
172.79999999999998;181;0;19
173.4;184;0;16
174.0;186;0;14
174.6;188;0;12
175.2;186;0;14
175.79999999999998;187;0;13
176.4;188;0;12
177.0;185;0;15
177.6;182;0;18
178.2;181;0;19
178.79999999999998;186;0;14
179.4;184;0;16
180.0;184;0;16
180.6;182;0;18
181.2;186;0;14
181.79999999999998;189;0;11
182.4;190;0;10
183.0;186;0;14
183.6;181;0;19
184.2;183;0;17
184.79999999999998;184;0;16
185.4;185;0;15
186.0;181;0;19
186.6;185;0;15
187.2;188;0;12
187.79999999999998;185;0;15
188.4;183;0;17
189.0;179;0;21
189.6;176;0;24
190.2;177;0;23
190.79999999999998;178;0;22
191.4;182;0;18
192.0;186;0;14
192.6;185;0;15
193.2;178;0;22
193.79999999999998;183;0;17
194.4;186;0;14
195.0;185;0;15
195.6;185;0;15
196.2;182;0;18
196.79999999999998;188;0;12
197.4;184;0;16
198.0;183;0;17
198.6;184;0;16
199.2;184;0;16
199.79999999999998;187;0;13
200.4;188;0;12
201.0;184;0;16
201.6;187;0;13
202.2;187;0;13
202.79999999999998;185;0;15
203.4;189;0;11
204.0;189;0;11
204.6;187;0;13
205.2;190;0;10
205.79999999999998;192;0;8
206.4;190;0;10
207.0;182;0;18
207.6;180;0;20
208.2;184;0;16
208.79999999999998;185;0;15
209.4;184;0;16
210.0;185;0;15
210.6;181;0;19
211.2;176;0;24
211.79999999999998;181;0;19
212.4;181;0;19
213.0;185;0;15
213.6;188;0;12
214.2;188;0;12
214.79999999999998;187;0;13
215.4;184;0;16
216.0;183;0;17
216.6;185;0;15
217.2;178;0;22
217.79999999999998;181;0;19
218.4;184;0;16
219.0;183;0;17
219.6;183;0;17
220.2;182;0;18
220.79999999999998;187;0;13
221.4;185;0;15
222.0;187;0;13
222.6;176;0;24
223.2;182;0;18
223.79999999999998;187;0;13
224.4;187;0;13
225.0;183;0;17
225.6;188;0;12
226.2;187;0;13
226.79999999999998;189;0;11
227.4;188;0;12
228.0;186;0;14
228.6;186;0;14
229.2;195;0;5
229.79999999999998;191;0;9
230.39999999999998;185;0;15
231.0;188;0;12
231.6;187;0;13
232.2;185;0;15
232.79999999999998;191;0;9
233.39999999999998;192;0;8
234.0;189;0;11
234.6;190;0;10
235.2;189;0;11
235.79999999999998;180;0;20
236.39999999999998;186;0;14
237.0;189;0;11
237.6;191;0;9
238.2;187;0;13
238.79999999999998;189;0;11
239.39999999999998;186;0;14
240.0;183;0;17
240.6;189;0;11
241.2;186;0;14
241.79999999999998;182;0;18
242.39999999999998;184;0;16
243.0;181;0;19
243.6;184;0;16
244.2;185;0;15
244.79999999999998;186;0;14
245.39999999999998;186;0;14
246.0;180;0;20
246.6;187;0;13
247.2;188;0;12
247.79999999999998;187;0;13
248.39999999999998;185;0;15
249.0;188;0;12
249.6;185;0;15
250.2;183;0;17
250.79999999999998;184;0;16
251.39999999999998;188;0;12
252.0;183;0;17
252.6;184;0;16
253.2;187;0;13
253.79999999999998;184;0;16
254.39999999999998;181;0;19
255.0;182;0;18
255.6;189;0;11
256.2;187;0;13
256.8;189;0;11
257.4;188;0;12
258.0;187;0;13
258.59999999999997;187;0;13
259.2;183;0;17
259.8;180;0;20
260.4;181;0;19
261.0;184;0;16
261.59999999999997;182;0;18
262.2;180;0;20
262.8;185;0;15
263.4;182;0;18
264.0;186;0;14
264.59999999999997;191;0;9
265.2;187;0;13
265.8;187;0;13
266.4;184;0;16
267.0;178;0;22
267.59999999999997;181;0;19
268.2;185;0;15
268.8;189;0;11
269.4;190;0;10
270.0;192;0;8
270.59999999999997;185;0;15
271.2;184;0;16
271.8;183;0;17
272.4;188;0;12
273.0;188;0;12
273.59999999999997;185;0;15
274.2;184;0;16
274.8;185;0;15
275.4;188;0;12
276.0;188;0;12
276.59999999999997;191;0;9
277.2;190;0;10
277.8;189;0;11
278.4;189;0;11
279.0;185;0;15
279.59999999999997;184;0;16
280.2;182;0;18
280.8;181;0;19
281.4;180;0;20
282.0;183;0;17
282.59999999999997;188;0;12
283.2;188;0;12
283.8;185;0;15
284.4;182;0;18
285.0;186;0;14
285.59999999999997;183;0;17
286.2;189;0;11
286.8;186;0;14
287.4;187;0;13
288.0;187;0;13
288.59999999999997;189;0;11
289.2;184;0;16
289.8;181;0;19
290.4;181;0;19
291.0;180;0;20
291.59999999999997;183;0;17
292.2;177;0;23
292.8;184;0;16
293.4;188;0;12
294.0;184;0;16
294.59999999999997;192;0;8
295.2;192;0;8
295.8;193;0;7
296.4;189;0;11
297.0;190;0;10
297.59999999999997;192;0;8
298.2;187;0;13
298.8;189;0;11
299.4;188;0;12
#auto generated file!
60.0;184;0;16
60.599999999999994;184;0;16
61.199999999999996;182;0;18
61.8;185;0;15
62.4;185;0;15
63.0;184;0;16
63.599999999999994;185;0;15
64.2;184;0;16
64.8;187;0;13
65.39999999999999;192;0;8
66.0;187;0;13
66.6;187;0;13
67.2;179;0;21
67.8;187;0;13
68.39999999999999;188;0;12
69.0;187;0;13
69.6;187;0;13
70.2;188;0;12
70.8;186;0;14
71.39999999999999;181;0;19
72.0;187;0;13
72.6;180;0;20
73.2;183;0;17
73.8;186;0;14
74.39999999999999;189;0;11
75.0;188;0;12
75.6;179;0;21
76.2;182;0;18
76.8;181;0;19
77.39999999999999;183;0;17
78.0;186;0;14
78.6;186;0;14
79.2;185;0;15
79.8;185;0;15
80.39999999999999;186;0;14
81.0;189;0;11
81.6;190;0;10
82.2;189;0;11
82.8;189;0;11
83.39999999999999;189;0;11
84.0;190;0;10
84.6;191;0;9
85.2;185;0;15
85.8;189;0;11
86.39999999999999;188;0;12
87.0;183;0;17
87.6;187;0;13
88.2;187;0;13
88.8;186;0;14
89.39999999999999;191;0;9
90.0;187;0;13
90.6;187;0;13
91.2;185;0;15
91.8;189;0;11
92.39999999999999;191;0;9
93.0;183;0;17
93.6;191;0;9
94.2;187;0;13
94.8;186;0;14
95.39999999999999;186;0;14
96.0;185;0;15
96.6;183;0;17
97.2;187;0;13
97.8;188;0;12
98.39999999999999;187;0;13
99.0;186;0;14
99.6;187;0;13
100.2;185;0;15
100.8;186;0;14
101.39999999999999;189;0;11
102.0;191;0;9
102.6;184;0;16
103.2;183;0;17
103.8;183;0;17
104.39999999999999;189;0;11
105.0;186;0;14
105.6;186;0;14
106.2;183;0;17
106.8;185;0;15
107.39999999999999;186;0;14
108.0;185;0;15
108.6;185;0;15
109.2;188;0;12
109.8;187;0;13
110.39999999999999;185;0;15
111.0;183;0;17
111.6;185;0;15
112.2;186;0;14
112.8;187;0;13
113.39999999999999;189;0;11
114.0;181;0;19
114.6;181;0;19
115.19999999999999;182;0;18
115.8;179;0;21
116.39999999999999;186;0;14
117.0;190;0;10
117.6;182;0;18
118.19999999999999;182;0;18
118.8;184;0;16
119.39999999999999;179;0;21
120.0;183;0;17
120.6;179;0;21
121.19999999999999;181;0;19
121.8;186;0;14
122.39999999999999;178;0;22
123.0;181;0;19
123.6;181;0;19
124.19999999999999;179;0;21
124.8;185;0;15
125.39999999999999;183;0;17
126.0;181;0;19
126.6;182;0;18
127.19999999999999;178;0;22
127.8;187;0;13
128.4;186;0;14
129.0;188;0;12
129.6;186;0;14
130.2;185;0;15
130.79999999999998;183;0;17
131.4;184;0;16
132.0;184;0;16
132.6;181;0;19
133.2;185;0;15
133.79999999999998;184;0;16
134.4;182;0;18
135.0;190;0;10
135.6;189;0;11
136.2;190;0;10
136.79999999999998;189;0;11
137.4;188;0;12
138.0;188;0;12
138.6;188;0;12
139.2;187;0;13
139.79999999999998;185;0;15
140.4;189;0;11
141.0;188;0;12
141.6;183;0;17
142.2;186;0;14
142.79999999999998;184;0;16
143.4;187;0;13
144.0;189;0;11
144.6;189;0;11
145.2;186;0;14
145.79999999999998;183;0;17
146.4;182;0;18
147.0;190;0;10
147.6;189;0;11
148.2;188;0;12
148.79999999999998;185;0;15
149.4;185;0;15
150.0;180;0;20
150.6;181;0;19
151.2;189;0;11
151.79999999999998;189;0;11
152.4;189;0;11
153.0;189;0;11
153.6;180;0;20
154.2;178;0;22
154.79999999999998;186;0;14
155.4;182;0;18
156.0;185;0;15
156.6;187;0;13
157.2;186;0;14
157.79999999999998;189;0;11
158.4;188;0;12
159.0;190;0;10
159.6;191;0;9
160.2;189;0;11
160.79999999999998;190;0;10
161.4;192;0;8
162.0;191;0;9
162.6;189;0;11
163.2;188;0;12
163.79999999999998;187;0;13
164.4;183;0;17
165.0;182;0;18
165.6;184;0;16
166.2;180;0;20
166.79999999999998;179;0;21
167.4;181;0;19
168.0;183;0;17
168.6;183;0;17
169.2;181;0;19
169.79999999999998;186;0;14
170.4;184;0;16
171.0;185;0;15
171.6;182;0;18
172.2;189;0;11
172.79999999999998;186;0;14
173.4;187;0;13
174.0;183;0;17
174.6;186;0;14
175.2;190;0;10
175.79999999999998;191;0;9
176.4;194;0;6
177.0;196;0;4
177.6;192;0;8
178.2;194;0;6
178.79999999999998;190;0;10
179.4;189;0;11
180.0;189;0;11
180.6;185;0;15
181.2;184;0;16
181.79999999999998;179;0;21
182.4;185;0;15
183.0;190;0;10
183.6;186;0;14
184.2;187;0;13
184.79999999999998;191;0;9
185.4;191;0;9
186.0;187;0;13
186.6;189;0;11
187.2;185;0;15
187.79999999999998;187;0;13
188.4;185;0;15
189.0;188;0;12
189.6;187;0;13
190.2;184;0;16
190.79999999999998;189;0;11
191.4;190;0;10
192.0;183;0;17
192.6;180;0;20
193.2;181;0;19
193.79999999999998;182;0;18
194.4;182;0;18
195.0;192;0;8
195.6;187;0;13
196.2;186;0;14
196.79999999999998;180;0;20
197.4;179;0;21
198.0;183;0;17
198.6;185;0;15
199.2;181;0;19
199.79999999999998;177;0;23
200.4;182;0;18
201.0;186;0;14
201.6;186;0;14
202.2;177;0;23
202.79999999999998;179;0;21
203.4;181;0;19
204.0;182;0;18
204.6;184;0;16
205.2;186;0;14
205.79999999999998;185;0;15
206.4;185;0;15
207.0;186;0;14
207.6;189;0;11
208.2;189;0;11
208.79999999999998;188;0;12
209.4;190;0;10
210.0;182;0;18
210.6;187;0;13
211.2;190;0;10
211.79999999999998;186;0;14
212.4;191;0;9
213.0;191;0;9
213.6;187;0;13
214.2;188;0;12
214.79999999999998;188;0;12
215.4;183;0;17
216.0;185;0;15
216.6;187;0;13
217.2;183;0;17
217.79999999999998;184;0;16
218.4;185;0;15
219.0;184;0;16
219.6;186;0;14
220.2;189;0;11
220.79999999999998;190;0;10
221.4;184;0;16
222.0;186;0;14
222.6;184;0;16
223.2;190;0;10
223.79999999999998;187;0;13
224.4;190;0;10
225.0;190;0;10
225.6;186;0;14
226.2;184;0;16
226.79999999999998;186;0;14
227.4;182;0;18
228.0;183;0;17
228.6;184;0;16
229.2;179;0;21
229.79999999999998;181;0;19
230.39999999999998;181;0;19
231.0;185;0;15
231.6;179;0;21
232.2;185;0;15
232.79999999999998;183;0;17
233.39999999999998;186;0;14
234.0;182;0;18
234.6;182;0;18
235.2;187;0;13
235.79999999999998;187;0;13
236.39999999999998;188;0;12
237.0;188;0;12
237.6;186;0;14
238.2;183;0;17
238.79999999999998;185;0;15
239.39999999999998;184;0;16
240.0;186;0;14
240.6;184;0;16
241.2;180;0;20
241.79999999999998;182;0;18
242.39999999999998;185;0;15
243.0;191;0;9
243.6;188;0;12
244.2;183;0;17
244.79999999999998;188;0;12
245.39999999999998;186;0;14
246.0;186;0;14
246.6;184;0;16
247.2;187;0;13
247.79999999999998;185;0;15
248.39999999999998;185;0;15
249.0;184;0;16
249.6;175;0;25
250.2;180;0;20
250.79999999999998;184;0;16
251.39999999999998;185;0;15
252.0;183;0;17
252.6;186;0;14
253.2;180;0;20
253.79999999999998;180;0;20
254.39999999999998;178;0;22
255.0;180;0;20
255.6;184;0;16
256.2;187;0;13
256.8;185;0;15
257.4;187;0;13
258.0;190;0;10
258.59999999999997;189;0;11
259.2;190;0;10
259.8;193;0;7
260.4;189;0;11
261.0;185;0;15
261.59999999999997;182;0;18
262.2;182;0;18
262.8;180;0;20
263.4;183;0;17
264.0;178;0;22
264.59999999999997;179;0;21
265.2;187;0;13
265.8;184;0;16
266.4;187;0;13
267.0;185;0;15
267.59999999999997;184;0;16
268.2;187;0;13
268.8;184;0;16
269.4;187;0;13
270.0;187;0;13
270.59999999999997;191;0;9
271.2;193;0;7
271.8;190;0;10
272.4;191;0;9
273.0;183;0;17
273.59999999999997;185;0;15
274.2;184;0;16
274.8;185;0;15
275.4;183;0;17
276.0;185;0;15
276.59999999999997;182;0;18
277.2;186;0;14
277.8;189;0;11
278.4;188;0;12
279.0;189;0;11
279.59999999999997;193;0;7
280.2;193;0;7
280.8;193;0;7
281.4;191;0;9
282.0;187;0;13
282.59999999999997;189;0;11
283.2;190;0;10
283.8;187;0;13
284.4;187;0;13
285.0;184;0;16
285.59999999999997;181;0;19
286.2;191;0;9
286.8;193;0;7
287.4;189;0;11
288.0;187;0;13
288.59999999999997;183;0;17
289.2;185;0;15
289.8;185;0;15
290.4;186;0;14
291.0;178;0;22
291.59999999999997;185;0;15
292.2;188;0;12
292.8;185;0;15
293.4;183;0;17
294.0;182;0;18
294.59999999999997;191;0;9
295.2;192;0;8
295.8;185;0;15
296.4;183;0;17
297.0;184;0;16
297.59999999999997;186;0;14
298.2;189;0;11
298.8;189;0;11
299.4;190;0;10
#auto generated file!
60.0;183;0;17
60.599999999999994;184;0;16
61.199999999999996;186;0;14
61.8;192;0;8
62.4;186;0;14
63.0;188;0;12
63.599999999999994;188;0;12
64.2;182;0;18
64.8;182;0;18
65.39999999999999;177;0;23
66.0;185;0;15
66.6;180;0;20
67.2;183;0;17
67.8;184;0;16
68.39999999999999;180;0;20
69.0;182;0;18
69.6;183;0;17
70.2;180;0;20
70.8;174;0;26
71.39999999999999;181;0;19
72.0;186;0;14
72.6;182;0;18
73.2;189;0;11
73.8;193;0;7
74.39999999999999;192;0;8
75.0;191;0;9
75.6;187;0;13
76.2;183;0;17
76.8;186;0;14
77.39999999999999;189;0;11
78.0;182;0;18
78.6;191;0;9
79.2;190;0;10
79.8;184;0;16
80.39999999999999;183;0;17
81.0;185;0;15
81.6;188;0;12
82.2;186;0;14
82.8;191;0;9
83.39999999999999;192;0;8
84.0;186;0;14
84.6;185;0;15
85.2;185;0;15
85.8;189;0;11
86.39999999999999;185;0;15
87.0;187;0;13
87.6;186;0;14
88.2;189;0;11
88.8;185;0;15
89.39999999999999;188;0;12
90.0;189;0;11
90.6;189;0;11
91.2;185;0;15
91.8;186;0;14
92.39999999999999;183;0;17
93.0;179;0;21
93.6;189;0;11
94.2;189;0;11
94.8;191;0;9
95.39999999999999;187;0;13
96.0;193;0;7
96.6;192;0;8
97.2;185;0;15
97.8;188;0;12
98.39999999999999;187;0;13
99.0;185;0;15
99.6;183;0;17
100.2;181;0;19
100.8;185;0;15
101.39999999999999;184;0;16
102.0;190;0;10
102.6;188;0;12
103.2;186;0;14
103.8;190;0;10
104.39999999999999;185;0;15
105.0;189;0;11
105.6;191;0;9
106.2;191;0;9
106.8;189;0;11
107.39999999999999;190;0;10
108.0;187;0;13
108.6;182;0;18
109.2;187;0;13
109.8;180;0;20
110.39999999999999;185;0;15
111.0;188;0;12
111.6;188;0;12
112.2;185;0;15
112.8;189;0;11
113.39999999999999;193;0;7
114.0;187;0;13
114.6;190;0;10
115.19999999999999;188;0;12
115.8;191;0;9
116.39999999999999;189;0;11
117.0;187;0;13
117.6;188;0;12
118.19999999999999;187;0;13
118.8;182;0;18
119.39999999999999;187;0;13
120.0;186;0;14
120.6;188;0;12
121.19999999999999;184;0;16
121.8;192;0;8
122.39999999999999;194;0;6
123.0;188;0;12
123.6;183;0;17
124.19999999999999;185;0;15
124.8;183;0;17
125.39999999999999;187;0;13
126.0;189;0;11
126.6;190;0;10
127.19999999999999;186;0;14
127.8;189;0;11
128.4;189;0;11
129.0;185;0;15
129.6;191;0;9
130.2;189;0;11
130.79999999999998;189;0;11
131.4;187;0;13
132.0;184;0;16
132.6;191;0;9
133.2;190;0;10
133.79999999999998;185;0;15
134.4;190;0;10
135.0;187;0;13
135.6;194;0;6
136.2;192;0;8
136.79999999999998;193;0;7
137.4;189;0;11
138.0;187;0;13
138.6;185;0;15
139.2;183;0;17
139.79999999999998;182;0;18
140.4;187;0;13
141.0;185;0;15
141.6;183;0;17
142.2;191;0;9
142.79999999999998;191;0;9
143.4;192;0;8
144.0;189;0;11
144.6;188;0;12
145.2;185;0;15
145.79999999999998;191;0;9
146.4;185;0;15
147.0;183;0;17
147.6;190;0;10
148.2;184;0;16
148.79999999999998;183;0;17
149.4;182;0;18
150.0;182;0;18
150.6;183;0;17
151.2;180;0;20
151.79999999999998;189;0;11
152.4;188;0;12
153.0;190;0;10
153.6;184;0;16
154.2;187;0;13
154.79999999999998;184;0;16
155.4;183;0;17
156.0;184;0;16
156.6;182;0;18
157.2;183;0;17
157.79999999999998;184;0;16
158.4;185;0;15
159.0;186;0;14
159.6;182;0;18
160.2;185;0;15
160.79999999999998;180;0;20
161.4;188;0;12
162.0;182;0;18
162.6;187;0;13
163.2;182;0;18
163.79999999999998;189;0;11
164.4;188;0;12
165.0;181;0;19
165.6;183;0;17
166.2;188;0;12
166.79999999999998;187;0;13
167.4;187;0;13
168.0;187;0;13
168.6;185;0;15
169.2;182;0;18
169.79999999999998;183;0;17
170.4;179;0;21
171.0;182;0;18
171.6;182;0;18
172.2;182;0;18
172.79999999999998;186;0;14
173.4;190;0;10
174.0;187;0;13
174.6;184;0;16
175.2;186;0;14
175.79999999999998;191;0;9
176.4;186;0;14
177.0;182;0;18
177.6;184;0;16
178.2;188;0;12
178.79999999999998;191;0;9
179.4;184;0;16
180.0;186;0;14
180.6;186;0;14
181.2;183;0;17
181.79999999999998;184;0;16
182.4;185;0;15
183.0;185;0;15
183.6;187;0;13
184.2;189;0;11
184.79999999999998;190;0;10
185.4;183;0;17
186.0;183;0;17
186.6;183;0;17
187.2;186;0;14
187.79999999999998;181;0;19
188.4;185;0;15
189.0;186;0;14
189.6;183;0;17
190.2;188;0;12
190.79999999999998;189;0;11
191.4;185;0;15
192.0;186;0;14
192.6;186;0;14
193.2;182;0;18
193.79999999999998;177;0;23
194.4;183;0;17
195.0;187;0;13
195.6;186;0;14
196.2;188;0;12
196.79999999999998;184;0;16
197.4;175;0;25
198.0;182;0;18
198.6;184;0;16
199.2;187;0;13
199.79999999999998;190;0;10
200.4;190;0;10
201.0;185;0;15
201.6;187;0;13
202.2;187;0;13
202.79999999999998;189;0;11
203.4;194;0;6
204.0;194;0;6
204.6;190;0;10
205.2;184;0;16
205.79999999999998;186;0;14
206.4;184;0;16
207.0;186;0;14
207.6;183;0;17
208.2;189;0;11
208.79999999999998;188;0;12
209.4;189;0;11
210.0;188;0;12
210.6;187;0;13
211.2;184;0;16
211.79999999999998;181;0;19
212.4;186;0;14
213.0;195;0;5
213.6;195;0;5
214.2;191;0;9
214.79999999999998;186;0;14
215.4;189;0;11
216.0;183;0;17
216.6;184;0;16
217.2;189;0;11
217.79999999999998;188;0;12
218.4;184;0;16
219.0;186;0;14
219.6;188;0;12
220.2;183;0;17
220.79999999999998;183;0;17
221.4;186;0;14
222.0;186;0;14
222.6;187;0;13
223.2;182;0;18
223.79999999999998;187;0;13
224.4;188;0;12
225.0;191;0;9
225.6;189;0;11
226.2;188;0;12
226.79999999999998;186;0;14
227.4;176;0;24
228.0;170;0;30
228.6;178;0;22
229.2;180;0;20
229.79999999999998;186;0;14
230.39999999999998;189;0;11
231.0;190;0;10
231.6;189;0;11
232.2;186;0;14
232.79999999999998;185;0;15
233.39999999999998;187;0;13
234.0;182;0;18
234.6;183;0;17
235.2;184;0;16
235.79999999999998;185;0;15
236.39999999999998;188;0;12
237.0;186;0;14
237.6;179;0;21
238.2;181;0;19
238.79999999999998;182;0;18
239.39999999999998;183;0;17
240.0;190;0;10
240.6;189;0;11
241.2;191;0;9
241.79999999999998;189;0;11
242.39999999999998;187;0;13
243.0;190;0;10
243.6;190;0;10
244.2;192;0;8
244.79999999999998;187;0;13
245.39999999999998;188;0;12
246.0;187;0;13
246.6;187;0;13
247.2;189;0;11
247.79999999999998;189;0;11
248.39999999999998;191;0;9
249.0;192;0;8
249.6;191;0;9
250.2;190;0;10
250.79999999999998;191;0;9
251.39999999999998;186;0;14
252.0;188;0;12
252.6;191;0;9
253.2;188;0;12
253.79999999999998;181;0;19
254.39999999999998;181;0;19
255.0;184;0;16
255.6;184;0;16
256.2;186;0;14
256.8;180;0;20
257.4;181;0;19
258.0;189;0;11
258.59999999999997;191;0;9
259.2;183;0;17
259.8;179;0;21
260.4;186;0;14
261.0;191;0;9
261.59999999999997;191;0;9
262.2;188;0;12
262.8;188;0;12
263.4;188;0;12
264.0;188;0;12
264.59999999999997;182;0;18
265.2;182;0;18
265.8;184;0;16
266.4;182;0;18
267.0;184;0;16
267.59999999999997;186;0;14
268.2;184;0;16
268.8;189;0;11
269.4;189;0;11
270.0;188;0;12
270.59999999999997;194;0;6
271.2;191;0;9
271.8;180;0;20
272.4;179;0;21
273.0;184;0;16
273.59999999999997;186;0;14
274.2;180;0;20
274.8;190;0;10
275.4;189;0;11
276.0;189;0;11
276.59999999999997;190;0;10
277.2;184;0;16
277.8;185;0;15
278.4;187;0;13
279.0;185;0;15
279.59999999999997;187;0;13
280.2;191;0;9
280.8;191;0;9
281.4;192;0;8
282.0;189;0;11
282.59999999999997;188;0;12
283.2;188;0;12
283.8;187;0;13
284.4;187;0;13
285.0;185;0;15
285.59999999999997;188;0;12
286.2;185;0;15
286.8;181;0;19
287.4;184;0;16
288.0;187;0;13
288.59999999999997;187;0;13
289.2;185;0;15
289.8;181;0;19
290.4;178;0;22
291.0;180;0;20
291.59999999999997;182;0;18
292.2;180;0;20
292.8;190;0;10
293.4;190;0;10
294.0;188;0;12
294.59999999999997;188;0;12
295.2;187;0;13
295.8;184;0;16
296.4;186;0;14
297.0;192;0;8
297.59999999999997;186;0;14
298.2;185;0;15
298.8;183;0;17
299.4;181;0;19
#auto generated file!
60.0;183;0;17
60.599999999999994;190;0;10
61.199999999999996;187;0;13
61.8;184;0;16
62.4;183;0;17
63.0;187;0;13
63.599999999999994;183;0;17
64.2;189;0;11
64.8;185;0;15
65.39999999999999;186;0;14
66.0;192;0;8
66.6;190;0;10
67.2;187;0;13
67.8;185;0;15
68.39999999999999;183;0;17
69.0;189;0;11
69.6;180;0;20
70.2;178;0;22
70.8;181;0;19
71.39999999999999;184;0;16
72.0;182;0;18
72.6;188;0;12
73.2;184;0;16
73.8;188;0;12
74.39999999999999;187;0;13
75.0;185;0;15
75.6;184;0;16
76.2;179;0;21
76.8;185;0;15
77.39999999999999;189;0;11
78.0;183;0;17
78.6;186;0;14
79.2;187;0;13
79.8;187;0;13
80.39999999999999;187;0;13
81.0;183;0;17
81.6;187;0;13
82.2;187;0;13
82.8;192;0;8
83.39999999999999;196;0;4
84.0;190;0;10
84.6;190;0;10
85.2;189;0;11
85.8;190;0;10
86.39999999999999;189;0;11
87.0;183;0;17
87.6;180;0;20
88.2;183;0;17
88.8;184;0;16
89.39999999999999;186;0;14
90.0;187;0;13
90.6;187;0;13
91.2;188;0;12
91.8;188;0;12
92.39999999999999;189;0;11
93.0;184;0;16
93.6;184;0;16
94.2;186;0;14
94.8;186;0;14
95.39999999999999;187;0;13
96.0;186;0;14
96.6;187;0;13
97.2;186;0;14
97.8;184;0;16
98.39999999999999;182;0;18
99.0;185;0;15
99.6;179;0;21
100.2;179;0;21
100.8;181;0;19
101.39999999999999;178;0;22
102.0;179;0;21
102.6;180;0;20
103.2;179;0;21
103.8;180;0;20
104.39999999999999;180;0;20
105.0;178;0;22
105.6;182;0;18
106.2;184;0;16
106.8;182;0;18
107.39999999999999;185;0;15
108.0;183;0;17
108.6;182;0;18
109.2;185;0;15
109.8;192;0;8
110.39999999999999;188;0;12
111.0;188;0;12
111.6;186;0;14
112.2;188;0;12
112.8;192;0;8
113.39999999999999;189;0;11
114.0;184;0;16
114.6;182;0;18
115.19999999999999;183;0;17
115.8;185;0;15
116.39999999999999;183;0;17
117.0;186;0;14
117.6;190;0;10
118.19999999999999;187;0;13
118.8;183;0;17
119.39999999999999;188;0;12
120.0;190;0;10
120.6;189;0;11
121.19999999999999;189;0;11
121.8;187;0;13
122.39999999999999;186;0;14
123.0;188;0;12
123.6;181;0;19
124.19999999999999;184;0;16
124.8;183;0;17
125.39999999999999;184;0;16
126.0;183;0;17
126.6;184;0;16
127.19999999999999;179;0;21
127.8;182;0;18
128.4;180;0;20
129.0;184;0;16
129.6;179;0;21
130.2;182;0;18
130.79999999999998;185;0;15
131.4;186;0;14
132.0;184;0;16
132.6;182;0;18
133.2;181;0;19
133.79999999999998;179;0;21
134.4;182;0;18
135.0;183;0;17
135.6;188;0;12
136.2;187;0;13
136.79999999999998;182;0;18
137.4;184;0;16
138.0;182;0;18
138.6;187;0;13
139.2;192;0;8
139.79999999999998;188;0;12
140.4;187;0;13
141.0;190;0;10
141.6;188;0;12
142.2;189;0;11
142.79999999999998;187;0;13
143.4;186;0;14
144.0;191;0;9
144.6;189;0;11
145.2;190;0;10
145.79999999999998;190;0;10
146.4;190;0;10
147.0;187;0;13
147.6;189;0;11
148.2;187;0;13
148.79999999999998;185;0;15
149.4;183;0;17
150.0;184;0;16
150.6;185;0;15
151.2;184;0;16
151.79999999999998;188;0;12
152.4;190;0;10
153.0;186;0;14
153.6;181;0;19
154.2;182;0;18
154.79999999999998;181;0;19
155.4;191;0;9
156.0;186;0;14
156.6;179;0;21
157.2;180;0;20
157.79999999999998;182;0;18
158.4;181;0;19
159.0;179;0;21
159.6;176;0;24
160.2;186;0;14
160.79999999999998;186;0;14
161.4;184;0;16
162.0;187;0;13
162.6;190;0;10
163.2;189;0;11
163.79999999999998;192;0;8
164.4;192;0;8
165.0;190;0;10
165.6;188;0;12
166.2;184;0;16
166.79999999999998;187;0;13
167.4;189;0;11
168.0;188;0;12
168.6;187;0;13
169.2;192;0;8
169.79999999999998;187;0;13
170.4;186;0;14
171.0;185;0;15
171.6;187;0;13
172.2;188;0;12
172.79999999999998;183;0;17
173.4;183;0;17
174.0;189;0;11
174.6;191;0;9
175.2;191;0;9
175.79999999999998;183;0;17
176.4;182;0;18
177.0;182;0;18
177.6;182;0;18
178.2;182;0;18
178.79999999999998;188;0;12
179.4;187;0;13
180.0;186;0;14
180.6;189;0;11
181.2;187;0;13
181.79999999999998;188;0;12
182.4;187;0;13
183.0;187;0;13
183.6;183;0;17
184.2;186;0;14
184.79999999999998;181;0;19
185.4;182;0;18
186.0;184;0;16
186.6;179;0;21
187.2;184;0;16
187.79999999999998;189;0;11
188.4;183;0;17
189.0;188;0;12
189.6;189;0;11
190.2;189;0;11
190.79999999999998;186;0;14
191.4;185;0;15
192.0;186;0;14
192.6;188;0;12
193.2;182;0;18
193.79999999999998;182;0;18
194.4;182;0;18
195.0;187;0;13
195.6;191;0;9
196.2;185;0;15
196.79999999999998;188;0;12
197.4;188;0;12
198.0;192;0;8
198.6;190;0;10
199.2;189;0;11
199.79999999999998;187;0;13
200.4;189;0;11
201.0;188;0;12
201.6;189;0;11
202.2;186;0;14
202.79999999999998;182;0;18
203.4;187;0;13
204.0;187;0;13
204.6;178;0;22
205.2;184;0;16
205.79999999999998;184;0;16
206.4;182;0;18
207.0;186;0;14
207.6;187;0;13
208.2;182;0;18
208.79999999999998;183;0;17
209.4;181;0;19
210.0;182;0;18
210.6;188;0;12
211.2;190;0;10
211.79999999999998;189;0;11
212.4;188;0;12
213.0;188;0;12
213.6;184;0;16
214.2;188;0;12
214.79999999999998;189;0;11
215.4;189;0;11
216.0;183;0;17
216.6;185;0;15
217.2;182;0;18
217.79999999999998;183;0;17
218.4;183;0;17
219.0;183;0;17
219.6;181;0;19
220.2;185;0;15
220.79999999999998;186;0;14
221.4;188;0;12
222.0;188;0;12
222.6;186;0;14
223.2;189;0;11
223.79999999999998;192;0;8
224.4;191;0;9
225.0;188;0;12
225.6;182;0;18
226.2;182;0;18
226.79999999999998;187;0;13
227.4;183;0;17
228.0;188;0;12
228.6;188;0;12
229.2;187;0;13
229.79999999999998;186;0;14
230.39999999999998;184;0;16
231.0;185;0;15
231.6;188;0;12
232.2;185;0;15
232.79999999999998;190;0;10
233.39999999999998;187;0;13
234.0;185;0;15
234.6;183;0;17
235.2;185;0;15
235.79999999999998;185;0;15
236.39999999999998;189;0;11
237.0;189;0;11
237.6;187;0;13
238.2;187;0;13
238.79999999999998;181;0;19
239.39999999999998;186;0;14
240.0;192;0;8
240.6;186;0;14
241.2;191;0;9
241.79999999999998;187;0;13
242.39999999999998;181;0;19
243.0;186;0;14
243.6;190;0;10
244.2;186;0;14
244.79999999999998;175;0;25
245.39999999999998;179;0;21
246.0;185;0;15
246.6;189;0;11
247.2;192;0;8
247.79999999999998;189;0;11
248.39999999999998;189;0;11
249.0;190;0;10
249.6;186;0;14
250.2;180;0;20
250.79999999999998;183;0;17
251.39999999999998;184;0;16
252.0;186;0;14
252.6;189;0;11
253.2;189;0;11
253.79999999999998;190;0;10
254.39999999999998;191;0;9
255.0;188;0;12
255.6;186;0;14
256.2;187;0;13
256.8;188;0;12
257.4;190;0;10
258.0;189;0;11
258.59999999999997;189;0;11
259.2;183;0;17
259.8;182;0;18
260.4;190;0;10
261.0;187;0;13
261.59999999999997;186;0;14
262.2;186;0;14
262.8;183;0;17
263.4;176;0;24
264.0;182;0;18
264.59999999999997;185;0;15
265.2;185;0;15
265.8;188;0;12
266.4;190;0;10
267.0;186;0;14
267.59999999999997;185;0;15
268.2;183;0;17
268.8;184;0;16
269.4;186;0;14
270.0;183;0;17
270.59999999999997;185;0;15
271.2;190;0;10
271.8;188;0;12
272.4;188;0;12
273.0;189;0;11
273.59999999999997;188;0;12
274.2;193;0;7
274.8;188;0;12
275.4;183;0;17
276.0;183;0;17
276.59999999999997;183;0;17
277.2;190;0;10
277.8;185;0;15
278.4;189;0;11
279.0;190;0;10
279.59999999999997;185;0;15
280.2;189;0;11
280.8;181;0;19
281.4;182;0;18
282.0;185;0;15
282.59999999999997;184;0;16
283.2;185;0;15
283.8;185;0;15
284.4;191;0;9
285.0;188;0;12
285.59999999999997;186;0;14
286.2;180;0;20
286.8;184;0;16
287.4;183;0;17
288.0;185;0;15
288.59999999999997;185;0;15
289.2;190;0;10
289.8;184;0;16
290.4;189;0;11
291.0;189;0;11
291.59999999999997;191;0;9
292.2;183;0;17
292.8;184;0;16
293.4;186;0;14
294.0;190;0;10
294.59999999999997;189;0;11
295.2;190;0;10
295.8;181;0;19
296.4;183;0;17
297.0;189;0;11
297.59999999999997;189;0;11
298.2;184;0;16
298.8;185;0;15
299.4;187;0;13
#auto generated file!
60.0;185;0;15
60.599999999999994;184;0;16
61.199999999999996;186;0;14
61.8;185;0;15
62.4;187;0;13
63.0;190;0;10
63.599999999999994;186;0;14
64.2;188;0;12
64.8;187;0;13
65.39999999999999;185;0;15
66.0;186;0;14
66.6;181;0;19
67.2;183;0;17
67.8;180;0;20
68.39999999999999;184;0;16
69.0;190;0;10
69.6;187;0;13
70.2;183;0;17
70.8;183;0;17
71.39999999999999;185;0;15
72.0;183;0;17
72.6;183;0;17
73.2;181;0;19
73.8;187;0;13
74.39999999999999;182;0;18
75.0;185;0;15
75.6;175;0;25
76.2;179;0;21
76.8;188;0;12
77.39999999999999;187;0;13
78.0;184;0;16
78.6;186;0;14
79.2;189;0;11
79.8;189;0;11
80.39999999999999;185;0;15
81.0;178;0;22
81.6;183;0;17
82.2;186;0;14
82.8;188;0;12
83.39999999999999;189;0;11
84.0;190;0;10
84.6;183;0;17
85.2;185;0;15
85.8;189;0;11
86.39999999999999;183;0;17
87.0;188;0;12
87.6;184;0;16
88.2;188;0;12
88.8;187;0;13
89.39999999999999;189;0;11
90.0;184;0;16
90.6;187;0;13
91.2;183;0;17
91.8;184;0;16
92.39999999999999;184;0;16
93.0;187;0;13
93.6;184;0;16
94.2;184;0;16
94.8;189;0;11
95.39999999999999;190;0;10
96.0;186;0;14
96.6;187;0;13
97.2;187;0;13
97.8;184;0;16
98.39999999999999;181;0;19
99.0;186;0;14
99.6;182;0;18
100.2;187;0;13
100.8;189;0;11
101.39999999999999;188;0;12
102.0;186;0;14
102.6;184;0;16
103.2;184;0;16
103.8;187;0;13
104.39999999999999;188;0;12
105.0;188;0;12
105.6;187;0;13
106.2;188;0;12
106.8;189;0;11
107.39999999999999;189;0;11
108.0;189;0;11
108.6;191;0;9
109.2;186;0;14
109.8;181;0;19
110.39999999999999;180;0;20
111.0;184;0;16
111.6;183;0;17
112.2;178;0;22
112.8;184;0;16
113.39999999999999;188;0;12
114.0;193;0;7
114.6;190;0;10
115.19999999999999;188;0;12
115.8;189;0;11
116.39999999999999;189;0;11
117.0;190;0;10
117.6;185;0;15
118.19999999999999;184;0;16
118.8;193;0;7
119.39999999999999;188;0;12
120.0;187;0;13
120.6;184;0;16
121.19999999999999;187;0;13
121.8;186;0;14
122.39999999999999;187;0;13
123.0;178;0;22
123.6;187;0;13
124.19999999999999;187;0;13
124.8;191;0;9
125.39999999999999;192;0;8
126.0;190;0;10
126.6;187;0;13
127.19999999999999;181;0;19
127.8;183;0;17
128.4;186;0;14
129.0;186;0;14
129.6;183;0;17
130.2;181;0;19
130.79999999999998;181;0;19
131.4;182;0;18
132.0;180;0;20
132.6;184;0;16
133.2;190;0;10
133.79999999999998;184;0;16
134.4;184;0;16
135.0;185;0;15
135.6;183;0;17
136.2;187;0;13
136.79999999999998;188;0;12
137.4;182;0;18
138.0;184;0;16
138.6;187;0;13
139.2;185;0;15
139.79999999999998;185;0;15
140.4;183;0;17
141.0;181;0;19
141.6;191;0;9
142.2;187;0;13
142.79999999999998;184;0;16
143.4;191;0;9
144.0;190;0;10
144.6;186;0;14
145.2;186;0;14
145.79999999999998;186;0;14
146.4;191;0;9
147.0;182;0;18
147.6;179;0;21
148.2;182;0;18
148.79999999999998;181;0;19
149.4;183;0;17
150.0;186;0;14
150.6;177;0;23
151.2;178;0;22
151.79999999999998;184;0;16
152.4;186;0;14
153.0;191;0;9
153.6;185;0;15
154.2;187;0;13
154.79999999999998;186;0;14
155.4;182;0;18
156.0;180;0;20
156.6;182;0;18
157.2;185;0;15
157.79999999999998;185;0;15
158.4;183;0;17
159.0;188;0;12
159.6;188;0;12
160.2;185;0;15
160.79999999999998;189;0;11
161.4;189;0;11
162.0;184;0;16
162.6;186;0;14
163.2;189;0;11
163.79999999999998;181;0;19
164.4;182;0;18
165.0;184;0;16
165.6;184;0;16
166.2;179;0;21
166.79999999999998;179;0;21
167.4;180;0;20
168.0;182;0;18
168.6;189;0;11
169.2;184;0;16
169.79999999999998;184;0;16
170.4;192;0;8
171.0;190;0;10
171.6;194;0;6
172.2;192;0;8
172.79999999999998;186;0;14
173.4;178;0;22
174.0;182;0;18
174.6;182;0;18
175.2;178;0;22
175.79999999999998;179;0;21
176.4;179;0;21
177.0;184;0;16
177.6;189;0;11
178.2;188;0;12
178.79999999999998;186;0;14
179.4;182;0;18
180.0;186;0;14
180.6;182;0;18
181.2;180;0;20
181.79999999999998;183;0;17
182.4;186;0;14
183.0;186;0;14
183.6;184;0;16
184.2;189;0;11
184.79999999999998;191;0;9
185.4;184;0;16
186.0;186;0;14
186.6;187;0;13
187.2;184;0;16
187.79999999999998;185;0;15
188.4;185;0;15
189.0;179;0;21
189.6;188;0;12
190.2;189;0;11
190.79999999999998;191;0;9
191.4;185;0;15
192.0;182;0;18
192.6;182;0;18
193.2;189;0;11
193.79999999999998;191;0;9
194.4;190;0;10
195.0;187;0;13
195.6;186;0;14
196.2;186;0;14
196.79999999999998;183;0;17
197.4;184;0;16
198.0;191;0;9
198.6;191;0;9
199.2;188;0;12
199.79999999999998;184;0;16
200.4;184;0;16
201.0;182;0;18
201.6;186;0;14
202.2;188;0;12
202.79999999999998;191;0;9
203.4;185;0;15
204.0;182;0;18
204.6;186;0;14
205.2;183;0;17
205.79999999999998;189;0;11
206.4;184;0;16
207.0;181;0;19
207.6;185;0;15
208.2;191;0;9
208.79999999999998;187;0;13
209.4;190;0;10
210.0;191;0;9
210.6;191;0;9
211.2;192;0;8
211.79999999999998;191;0;9
212.4;190;0;10
213.0;188;0;12
213.6;185;0;15
214.2;185;0;15
214.79999999999998;178;0;22
215.4;186;0;14
216.0;182;0;18
216.6;187;0;13
217.2;192;0;8
217.79999999999998;193;0;7
218.4;187;0;13
219.0;184;0;16
219.6;186;0;14
220.2;180;0;20
220.79999999999998;183;0;17
221.4;187;0;13
222.0;183;0;17
222.6;186;0;14
223.2;186;0;14
223.79999999999998;186;0;14
224.4;186;0;14
225.0;191;0;9
225.6;192;0;8
226.2;193;0;7
226.79999999999998;189;0;11
227.4;186;0;14
228.0;187;0;13
228.6;189;0;11
229.2;191;0;9
229.79999999999998;186;0;14
230.39999999999998;191;0;9
231.0;184;0;16
231.6;184;0;16
232.2;184;0;16
232.79999999999998;182;0;18
233.39999999999998;187;0;13
234.0;191;0;9
234.6;194;0;6
235.2;192;0;8
235.79999999999998;188;0;12
236.39999999999998;187;0;13
237.0;193;0;7
237.6;188;0;12
238.2;188;0;12
238.79999999999998;189;0;11
239.39999999999998;183;0;17
240.0;187;0;13
240.6;187;0;13
241.2;183;0;17
241.79999999999998;183;0;17
242.39999999999998;183;0;17
243.0;184;0;16
243.6;186;0;14
244.2;183;0;17
244.79999999999998;188;0;12
245.39999999999998;186;0;14
246.0;185;0;15
246.6;183;0;17
247.2;182;0;18
247.79999999999998;183;0;17
248.39999999999998;177;0;23
249.0;177;0;23
249.6;179;0;21
250.2;177;0;23
250.79999999999998;177;0;23
251.39999999999998;176;0;24
252.0;186;0;14
252.6;182;0;18
253.2;180;0;20
253.79999999999998;187;0;13
254.39999999999998;185;0;15
255.0;184;0;16
255.6;186;0;14
256.2;186;0;14
256.8;181;0;19
257.4;181;0;19
258.0;180;0;20
258.59999999999997;183;0;17
259.2;181;0;19
259.8;174;0;26
260.4;172;0;28
261.0;178;0;22
261.59999999999997;183;0;17
262.2;186;0;14
262.8;188;0;12
263.4;189;0;11
264.0;187;0;13
264.59999999999997;184;0;16
265.2;192;0;8
265.8;190;0;10
266.4;191;0;9
267.0;190;0;10
267.59999999999997;185;0;15
268.2;184;0;16
268.8;188;0;12
269.4;189;0;11
270.0;192;0;8
270.59999999999997;186;0;14
271.2;182;0;18
271.8;183;0;17
272.4;178;0;22
273.0;185;0;15
273.59999999999997;185;0;15
274.2;188;0;12
274.8;188;0;12
275.4;188;0;12
276.0;194;0;6
276.59999999999997;187;0;13
277.2;186;0;14
277.8;188;0;12
278.4;183;0;17
279.0;184;0;16
279.59999999999997;182;0;18
280.2;183;0;17
280.8;185;0;15
281.4;185;0;15
282.0;188;0;12
282.59999999999997;187;0;13
283.2;189;0;11
283.8;186;0;14
284.4;186;0;14
285.0;186;0;14
285.59999999999997;183;0;17
286.2;179;0;21
286.8;186;0;14
287.4;189;0;11
288.0;186;0;14
288.59999999999997;189;0;11
289.2;185;0;15
289.8;188;0;12
290.4;179;0;21
291.0;180;0;20
291.59999999999997;175;0;25
292.2;182;0;18
292.8;183;0;17
293.4;184;0;16
294.0;185;0;15
294.59999999999997;188;0;12
295.2;184;0;16
295.8;182;0;18
296.4;181;0;19
297.0;182;0;18
297.59999999999997;184;0;16
298.2;186;0;14
298.8;185;0;15
299.4;186;0;14
#auto generated file!
60.0;186;0;14
60.599999999999994;183;0;17
61.199999999999996;179;0;21
61.8;183;0;17
62.4;182;0;18
63.0;182;0;18
63.599999999999994;180;0;20
64.2;184;0;16
64.8;177;0;23
65.39999999999999;182;0;18
66.0;187;0;13
66.6;188;0;12
67.2;190;0;10
67.8;183;0;17
68.39999999999999;185;0;15
69.0;183;0;17
69.6;183;0;17
70.2;190;0;10
70.8;191;0;9
71.39999999999999;190;0;10
72.0;188;0;12
72.6;184;0;16
73.2;179;0;21
73.8;182;0;18
74.39999999999999;187;0;13
75.0;188;0;12
75.6;190;0;10
76.2;185;0;15
76.8;189;0;11
77.39999999999999;190;0;10
78.0;188;0;12
78.6;191;0;9
79.2;188;0;12
79.8;187;0;13
80.39999999999999;188;0;12
81.0;186;0;14
81.6;187;0;13
82.2;183;0;17
82.8;183;0;17
83.39999999999999;184;0;16
84.0;181;0;19
84.6;183;0;17
85.2;182;0;18
85.8;183;0;17
86.39999999999999;183;0;17
87.0;181;0;19
87.6;192;0;8
88.2;189;0;11
88.8;185;0;15
89.39999999999999;184;0;16
90.0;189;0;11
90.6;180;0;20
91.2;186;0;14
91.8;185;0;15
92.39999999999999;186;0;14
93.0;181;0;19
93.6;183;0;17
94.2;178;0;22
94.8;182;0;18
95.39999999999999;182;0;18
96.0;182;0;18
96.6;180;0;20
97.2;183;0;17
97.8;190;0;10
98.39999999999999;188;0;12
99.0;188;0;12
99.6;187;0;13
100.2;184;0;16
100.8;186;0;14
101.39999999999999;182;0;18
102.0;184;0;16
102.6;187;0;13
103.2;188;0;12
103.8;182;0;18
104.39999999999999;183;0;17
105.0;183;0;17
105.6;187;0;13
106.2;188;0;12
106.8;191;0;9
107.39999999999999;192;0;8
108.0;193;0;7
108.6;192;0;8
109.2;189;0;11
109.8;189;0;11
110.39999999999999;184;0;16
111.0;185;0;15
111.6;187;0;13
112.2;194;0;6
112.8;191;0;9
113.39999999999999;186;0;14
114.0;186;0;14
114.6;187;0;13
115.19999999999999;190;0;10
115.8;188;0;12
116.39999999999999;184;0;16
117.0;189;0;11
117.6;188;0;12
118.19999999999999;188;0;12
118.8;179;0;21
119.39999999999999;187;0;13
120.0;185;0;15
120.6;185;0;15
121.19999999999999;188;0;12
121.8;187;0;13
122.39999999999999;184;0;16
123.0;186;0;14
123.6;187;0;13
124.19999999999999;190;0;10
124.8;187;0;13
125.39999999999999;182;0;18
126.0;190;0;10
126.6;185;0;15
127.19999999999999;190;0;10
127.8;189;0;11
128.4;189;0;11
129.0;187;0;13
129.6;185;0;15
130.2;188;0;12
130.79999999999998;188;0;12
131.4;187;0;13
132.0;185;0;15
132.6;186;0;14
133.2;180;0;20
133.79999999999998;182;0;18
134.4;184;0;16
135.0;188;0;12
135.6;185;0;15
136.2;184;0;16
136.79999999999998;188;0;12
137.4;185;0;15
138.0;187;0;13
138.6;185;0;15
139.2;188;0;12
139.79999999999998;190;0;10
140.4;186;0;14
141.0;180;0;20
141.6;182;0;18
142.2;186;0;14
142.79999999999998;184;0;16
143.4;186;0;14
144.0;181;0;19
144.6;185;0;15
145.2;189;0;11
145.79999999999998;191;0;9
146.4;188;0;12
147.0;183;0;17
147.6;176;0;24
148.2;178;0;22
148.79999999999998;175;0;25
149.4;181;0;19
150.0;185;0;15
150.6;183;0;17
151.2;184;0;16
151.79999999999998;188;0;12
152.4;182;0;18
153.0;172;0;28
153.6;174;0;26
154.2;176;0;24
154.79999999999998;181;0;19
155.4;183;0;17
156.0;181;0;19
156.6;187;0;13
157.2;186;0;14
157.79999999999998;187;0;13
158.4;182;0;18
159.0;183;0;17
159.6;180;0;20
160.2;181;0;19
160.79999999999998;181;0;19
161.4;183;0;17
162.0;182;0;18
162.6;183;0;17
163.2;187;0;13
163.79999999999998;187;0;13
164.4;182;0;18
165.0;188;0;12
165.6;185;0;15
166.2;186;0;14
166.79999999999998;193;0;7
167.4;185;0;15
168.0;186;0;14
168.6;182;0;18
169.2;181;0;19
169.79999999999998;177;0;23
170.4;182;0;18
171.0;183;0;17
171.6;185;0;15
172.2;184;0;16
172.79999999999998;185;0;15
173.4;187;0;13
174.0;186;0;14
174.6;188;0;12
175.2;183;0;17
175.79999999999998;187;0;13
176.4;185;0;15
177.0;190;0;10
177.6;189;0;11
178.2;189;0;11
178.79999999999998;188;0;12
179.4;188;0;12
180.0;187;0;13
180.6;193;0;7
181.2;188;0;12
181.79999999999998;186;0;14
182.4;185;0;15
183.0;184;0;16
183.6;188;0;12
184.2;188;0;12
184.79999999999998;189;0;11
185.4;186;0;14
186.0;186;0;14
186.6;186;0;14
187.2;188;0;12
187.79999999999998;182;0;18
188.4;179;0;21
189.0;187;0;13
189.6;190;0;10
190.2;187;0;13
190.79999999999998;188;0;12
191.4;192;0;8
192.0;188;0;12
192.6;184;0;16
193.2;192;0;8
193.79999999999998;184;0;16
194.4;186;0;14
195.0;189;0;11
195.6;182;0;18
196.2;186;0;14
196.79999999999998;186;0;14
197.4;189;0;11
198.0;191;0;9
198.6;188;0;12
199.2;185;0;15
199.79999999999998;186;0;14
200.4;181;0;19
201.0;184;0;16
201.6;188;0;12
202.2;184;0;16
202.79999999999998;182;0;18
203.4;184;0;16
204.0;188;0;12
204.6;187;0;13
205.2;187;0;13
205.79999999999998;191;0;9
206.4;190;0;10
207.0;188;0;12
207.6;189;0;11
208.2;189;0;11
208.79999999999998;182;0;18
209.4;186;0;14
210.0;187;0;13
210.6;192;0;8
211.2;186;0;14
211.79999999999998;185;0;15
212.4;187;0;13
213.0;185;0;15
213.6;181;0;19
214.2;181;0;19
214.79999999999998;184;0;16
215.4;187;0;13
216.0;185;0;15
216.6;185;0;15
217.2;179;0;21
217.79999999999998;182;0;18
218.4;186;0;14
219.0;187;0;13
219.6;188;0;12
220.2;187;0;13
220.79999999999998;185;0;15
221.4;182;0;18
222.0;186;0;14
222.6;189;0;11
223.2;185;0;15
223.79999999999998;190;0;10
224.4;186;0;14
225.0;188;0;12
225.6;182;0;18
226.2;185;0;15
226.79999999999998;187;0;13
227.4;186;0;14
228.0;187;0;13
228.6;189;0;11
229.2;189;0;11
229.79999999999998;189;0;11
230.39999999999998;187;0;13
231.0;187;0;13
231.6;185;0;15
232.2;187;0;13
232.79999999999998;190;0;10
233.39999999999998;181;0;19
234.0;182;0;18
234.6;182;0;18
235.2;176;0;24
235.79999999999998;180;0;20
236.39999999999998;180;0;20
237.0;176;0;24
237.6;182;0;18
238.2;181;0;19
238.79999999999998;188;0;12
239.39999999999998;189;0;11
240.0;188;0;12
240.6;184;0;16
241.2;185;0;15
241.79999999999998;184;0;16
242.39999999999998;183;0;17
243.0;182;0;18
243.6;187;0;13
244.2;189;0;11
244.79999999999998;190;0;10
245.39999999999998;190;0;10
246.0;189;0;11
246.6;189;0;11
247.2;186;0;14
247.79999999999998;186;0;14
248.39999999999998;181;0;19
249.0;180;0;20
249.6;179;0;21
250.2;178;0;22
250.79999999999998;181;0;19
251.39999999999998;185;0;15
252.0;181;0;19
252.6;188;0;12
253.2;189;0;11
253.79999999999998;184;0;16
254.39999999999998;179;0;21
255.0;183;0;17
255.6;180;0;20
256.2;185;0;15
256.8;183;0;17
257.4;189;0;11
258.0;191;0;9
258.59999999999997;186;0;14
259.2;189;0;11
259.8;188;0;12
260.4;185;0;15
261.0;185;0;15
261.59999999999997;180;0;20
262.2;184;0;16
262.8;180;0;20
263.4;186;0;14
264.0;188;0;12
264.59999999999997;188;0;12
265.2;187;0;13
265.8;185;0;15
266.4;187;0;13
267.0;191;0;9
267.59999999999997;192;0;8
268.2;192;0;8
268.8;187;0;13
269.4;185;0;15
270.0;184;0;16
270.59999999999997;187;0;13
271.2;189;0;11
271.8;187;0;13
272.4;188;0;12
273.0;186;0;14
273.59999999999997;186;0;14
274.2;185;0;15
274.8;189;0;11
275.4;190;0;10
276.0;189;0;11
276.59999999999997;186;0;14
277.2;181;0;19
277.8;184;0;16
278.4;187;0;13
279.0;181;0;19
279.59999999999997;184;0;16
280.2;181;0;19
280.8;182;0;18
281.4;186;0;14
282.0;186;0;14
282.59999999999997;186;0;14
283.2;185;0;15
283.8;184;0;16
284.4;186;0;14
285.0;183;0;17
285.59999999999997;185;0;15
286.2;190;0;10
286.8;186;0;14
287.4;186;0;14
288.0;185;0;15
288.59999999999997;190;0;10
289.2;192;0;8
289.8;189;0;11
290.4;186;0;14
291.0;189;0;11
291.59999999999997;188;0;12
292.2;193;0;7
292.8;192;0;8
293.4;186;0;14
294.0;185;0;15
294.59999999999997;191;0;9
295.2;188;0;12
295.8;190;0;10
296.4;181;0;19
297.0;183;0;17
297.59999999999997;187;0;13
298.2;186;0;14
298.8;191;0;9
299.4;190;0;10
#auto generated file!
60.0;188;0;12
60.599999999999994;193;0;7
61.199999999999996;192;0;8
61.8;189;0;11
62.4;186;0;14
63.0;185;0;15
63.599999999999994;188;0;12
64.2;187;0;13
64.8;185;0;15
65.39999999999999;182;0;18
66.0;188;0;12
66.6;189;0;11
67.2;191;0;9
67.8;185;0;15
68.39999999999999;186;0;14
69.0;187;0;13
69.6;187;0;13
70.2;195;0;5
70.8;193;0;7
71.39999999999999;193;0;7
72.0;186;0;14
72.6;185;0;15
73.2;185;0;15
73.8;179;0;21
74.39999999999999;190;0;10
75.0;186;0;14
75.6;187;0;13
76.2;189;0;11
76.8;184;0;16
77.39999999999999;190;0;10
78.0;189;0;11
78.6;188;0;12
79.2;183;0;17
79.8;184;0;16
80.39999999999999;183;0;17
81.0;187;0;13
81.6;189;0;11
82.2;187;0;13
82.8;183;0;17
83.39999999999999;182;0;18
84.0;182;0;18
84.6;182;0;18
85.2;184;0;16
85.8;179;0;21
86.39999999999999;184;0;16
87.0;186;0;14
87.6;181;0;19
88.2;182;0;18
88.8;184;0;16
89.39999999999999;187;0;13
90.0;186;0;14
90.6;183;0;17
91.2;183;0;17
91.8;192;0;8
92.39999999999999;187;0;13
93.0;184;0;16
93.6;184;0;16
94.2;183;0;17
94.8;184;0;16
95.39999999999999;185;0;15
96.0;182;0;18
96.6;181;0;19
97.2;186;0;14
97.8;185;0;15
98.39999999999999;189;0;11
99.0;191;0;9
99.6;188;0;12
100.2;178;0;22
100.8;182;0;18
101.39999999999999;186;0;14
102.0;181;0;19
102.6;186;0;14
103.2;182;0;18
103.8;184;0;16
104.39999999999999;188;0;12
105.0;190;0;10
105.6;190;0;10
106.2;188;0;12
106.8;183;0;17
107.39999999999999;184;0;16
108.0;185;0;15
108.6;188;0;12
109.2;185;0;15
109.8;190;0;10
110.39999999999999;191;0;9
111.0;188;0;12
111.6;187;0;13
112.2;180;0;20
112.8;183;0;17
113.39999999999999;185;0;15
114.0;183;0;17
114.6;180;0;20
115.19999999999999;184;0;16
115.8;183;0;17
116.39999999999999;184;0;16
117.0;182;0;18
117.6;188;0;12
118.19999999999999;189;0;11
118.8;187;0;13
119.39999999999999;186;0;14
120.0;188;0;12
120.6;188;0;12
121.19999999999999;184;0;16
121.8;182;0;18
122.39999999999999;183;0;17
123.0;186;0;14
123.6;184;0;16
124.19999999999999;184;0;16
124.8;185;0;15
125.39999999999999;187;0;13
126.0;185;0;15
126.6;185;0;15
127.19999999999999;186;0;14
127.8;188;0;12
128.4;190;0;10
129.0;190;0;10
129.6;184;0;16
130.2;182;0;18
130.79999999999998;185;0;15
131.4;181;0;19
132.0;185;0;15
132.6;188;0;12
133.2;182;0;18
133.79999999999998;185;0;15
134.4;182;0;18
135.0;182;0;18
135.6;184;0;16
136.2;181;0;19
136.79999999999998;182;0;18
137.4;179;0;21
138.0;183;0;17
138.6;181;0;19
139.2;182;0;18
139.79999999999998;186;0;14
140.4;184;0;16
141.0;180;0;20
141.6;183;0;17
142.2;187;0;13
142.79999999999998;184;0;16
143.4;186;0;14
144.0;181;0;19
144.6;187;0;13
145.2;186;0;14
145.79999999999998;185;0;15
146.4;186;0;14
147.0;188;0;12
147.6;188;0;12
148.2;185;0;15
148.79999999999998;192;0;8
149.4;188;0;12
150.0;190;0;10
150.6;190;0;10
151.2;191;0;9
151.79999999999998;190;0;10
152.4;192;0;8
153.0;193;0;7
153.6;186;0;14
154.2;181;0;19
154.79999999999998;182;0;18
155.4;178;0;22
156.0;175;0;25
156.6;177;0;23
157.2;185;0;15
157.79999999999998;183;0;17
158.4;183;0;17
159.0;189;0;11
159.6;189;0;11
160.2;192;0;8
160.79999999999998;186;0;14
161.4;185;0;15
162.0;185;0;15
162.6;185;0;15
163.2;189;0;11
163.79999999999998;192;0;8
164.4;192;0;8
165.0;189;0;11
165.6;187;0;13
166.2;186;0;14
166.79999999999998;187;0;13
167.4;184;0;16
168.0;184;0;16
168.6;182;0;18
169.2;184;0;16
169.79999999999998;187;0;13
170.4;187;0;13
171.0;190;0;10
171.6;192;0;8
172.2;193;0;7
172.79999999999998;194;0;6
173.4;191;0;9
174.0;187;0;13
174.6;189;0;11
175.2;185;0;15
175.79999999999998;178;0;22
176.4;182;0;18
177.0;187;0;13
177.6;188;0;12
178.2;185;0;15
178.79999999999998;185;0;15
179.4;183;0;17
180.0;185;0;15
180.6;188;0;12
181.2;191;0;9
181.79999999999998;186;0;14
182.4;188;0;12
183.0;183;0;17
183.6;189;0;11
184.2;186;0;14
184.79999999999998;185;0;15
185.4;187;0;13
186.0;184;0;16
186.6;183;0;17
187.2;186;0;14
187.79999999999998;187;0;13
188.4;187;0;13
189.0;190;0;10
189.6;190;0;10
190.2;182;0;18
190.79999999999998;182;0;18
191.4;186;0;14
192.0;187;0;13
192.6;182;0;18
193.2;184;0;16
193.79999999999998;185;0;15
194.4;183;0;17
195.0;187;0;13
195.6;186;0;14
196.2;186;0;14
196.79999999999998;183;0;17
197.4;186;0;14
198.0;189;0;11
198.6;195;0;5
199.2;190;0;10
199.79999999999998;191;0;9
200.4;191;0;9
201.0;189;0;11
201.6;186;0;14
202.2;184;0;16
202.79999999999998;184;0;16
203.4;187;0;13
204.0;186;0;14
204.6;191;0;9
205.2;192;0;8
205.79999999999998;186;0;14
206.4;186;0;14
207.0;189;0;11
207.6;191;0;9
208.2;187;0;13
208.79999999999998;189;0;11
209.4;183;0;17
210.0;179;0;21
210.6;179;0;21
211.2;186;0;14
211.79999999999998;180;0;20
212.4;179;0;21
213.0;178;0;22
213.6;178;0;22
214.2;187;0;13
214.79999999999998;180;0;20
215.4;179;0;21
216.0;176;0;24
216.6;176;0;24
217.2;182;0;18
217.79999999999998;185;0;15
218.4;186;0;14
219.0;181;0;19
219.6;182;0;18
220.2;189;0;11
220.79999999999998;188;0;12
221.4;184;0;16
222.0;184;0;16
222.6;186;0;14
223.2;182;0;18
223.79999999999998;186;0;14
224.4;182;0;18
225.0;186;0;14
225.6;186;0;14
226.2;186;0;14
226.79999999999998;189;0;11
227.4;186;0;14
228.0;184;0;16
228.6;190;0;10
229.2;184;0;16
229.79999999999998;183;0;17
230.39999999999998;184;0;16
231.0;185;0;15
231.6;184;0;16
232.2;189;0;11
232.79999999999998;183;0;17
233.39999999999998;178;0;22
234.0;182;0;18
234.6;186;0;14
235.2;184;0;16
235.79999999999998;182;0;18
236.39999999999998;185;0;15
237.0;176;0;24
237.6;183;0;17
238.2;183;0;17
238.79999999999998;189;0;11
239.39999999999998;191;0;9
240.0;186;0;14
240.6;187;0;13
241.2;189;0;11
241.79999999999998;186;0;14
242.39999999999998;189;0;11
243.0;191;0;9
243.6;188;0;12
244.2;187;0;13
244.79999999999998;183;0;17
245.39999999999998;185;0;15
246.0;186;0;14
246.6;185;0;15
247.2;183;0;17
247.79999999999998;186;0;14
248.39999999999998;187;0;13
249.0;187;0;13
249.6;186;0;14
250.2;188;0;12
250.79999999999998;186;0;14
251.39999999999998;183;0;17
252.0;187;0;13
252.6;184;0;16
253.2;185;0;15
253.79999999999998;187;0;13
254.39999999999998;189;0;11
255.0;186;0;14
255.6;188;0;12
256.2;188;0;12
256.8;189;0;11
257.4;183;0;17
258.0;187;0;13
258.59999999999997;182;0;18
259.2;186;0;14
259.8;189;0;11
260.4;186;0;14
261.0;179;0;21
261.59999999999997;182;0;18
262.2;188;0;12
262.8;192;0;8
263.4;191;0;9
264.0;186;0;14
264.59999999999997;188;0;12
265.2;190;0;10
265.8;186;0;14
266.4;183;0;17
267.0;182;0;18
267.59999999999997;182;0;18
268.2;186;0;14
268.8;183;0;17
269.4;186;0;14
270.0;179;0;21
270.59999999999997;181;0;19
271.2;187;0;13
271.8;183;0;17
272.4;186;0;14
273.0;182;0;18
273.59999999999997;179;0;21
274.2;181;0;19
274.8;177;0;23
275.4;181;0;19
276.0;180;0;20
276.59999999999997;183;0;17
277.2;192;0;8
277.8;191;0;9
278.4;192;0;8
279.0;189;0;11
279.59999999999997;192;0;8
280.2;186;0;14
280.8;188;0;12
281.4;190;0;10
282.0;193;0;7
282.59999999999997;190;0;10
283.2;191;0;9
283.8;193;0;7
284.4;197;0;3
285.0;192;0;8
285.59999999999997;193;0;7
286.2;188;0;12
286.8;187;0;13
287.4;193;0;7
288.0;186;0;14
288.59999999999997;185;0;15
289.2;187;0;13
289.8;184;0;16
290.4;188;0;12
291.0;192;0;8
291.59999999999997;191;0;9
292.2;190;0;10
292.8;187;0;13
293.4;183;0;17
294.0;185;0;15
294.59999999999997;187;0;13
295.2;188;0;12
295.8;187;0;13
296.4;189;0;11
297.0;188;0;12
297.59999999999997;186;0;14
298.2;185;0;15
298.8;183;0;17
299.4;188;0;12
#auto generated file!
60.0;188;0;12
60.599999999999994;190;0;10
61.199999999999996;188;0;12
61.8;187;0;13
62.4;189;0;11
63.0;184;0;16
63.599999999999994;188;0;12
64.2;193;0;7
64.8;192;0;8
65.39999999999999;188;0;12
66.0;188;0;12
66.6;183;0;17
67.2;184;0;16
67.8;181;0;19
68.39999999999999;183;0;17
69.0;184;0;16
69.6;183;0;17
70.2;182;0;18
70.8;186;0;14
71.39999999999999;187;0;13
72.0;186;0;14
72.6;180;0;20
73.2;185;0;15
73.8;182;0;18
74.39999999999999;181;0;19
75.0;185;0;15
75.6;178;0;22
76.2;182;0;18
76.8;177;0;23
77.39999999999999;186;0;14
78.0;182;0;18
78.6;183;0;17
79.2;185;0;15
79.8;186;0;14
80.39999999999999;189;0;11
81.0;189;0;11
81.6;184;0;16
82.2;190;0;10
82.8;193;0;7
83.39999999999999;191;0;9
84.0;185;0;15
84.6;182;0;18
85.2;185;0;15
85.8;184;0;16
86.39999999999999;187;0;13
87.0;192;0;8
87.6;187;0;13
88.2;183;0;17
88.8;188;0;12
89.39999999999999;190;0;10
90.0;192;0;8
90.6;190;0;10
91.2;187;0;13
91.8;185;0;15
92.39999999999999;188;0;12
93.0;192;0;8
93.6;189;0;11
94.2;191;0;9
94.8;191;0;9
95.39999999999999;191;0;9
96.0;190;0;10
96.6;186;0;14
97.2;183;0;17
97.8;187;0;13
98.39999999999999;188;0;12
99.0;184;0;16
99.6;187;0;13
100.2;182;0;18
100.8;185;0;15
101.39999999999999;182;0;18
102.0;181;0;19
102.6;186;0;14
103.2;189;0;11
103.8;192;0;8
104.39999999999999;184;0;16
105.0;185;0;15
105.6;183;0;17
106.2;183;0;17
106.8;187;0;13
107.39999999999999;184;0;16
108.0;182;0;18
108.6;183;0;17
109.2;183;0;17
109.8;176;0;24
110.39999999999999;171;0;29
111.0;180;0;20
111.6;191;0;9
112.2;187;0;13
112.8;186;0;14
113.39999999999999;184;0;16
114.0;188;0;12
114.6;183;0;17
115.19999999999999;183;0;17
115.8;188;0;12
116.39999999999999;190;0;10
117.0;187;0;13
117.6;178;0;22
118.19999999999999;183;0;17
118.8;187;0;13
119.39999999999999;184;0;16
120.0;181;0;19
120.6;183;0;17
121.19999999999999;184;0;16
121.8;188;0;12
122.39999999999999;187;0;13
123.0;185;0;15
123.6;185;0;15
124.19999999999999;187;0;13
124.8;190;0;10
125.39999999999999;194;0;6
126.0;182;0;18
126.6;179;0;21
127.19999999999999;181;0;19
127.8;179;0;21
128.4;185;0;15
129.0;185;0;15
129.6;185;0;15
130.2;186;0;14
130.79999999999998;192;0;8
131.4;193;0;7
132.0;191;0;9
132.6;187;0;13
133.2;180;0;20
133.79999999999998;187;0;13
134.4;192;0;8
135.0;189;0;11
135.6;185;0;15
136.2;182;0;18
136.79999999999998;182;0;18
137.4;189;0;11
138.0;192;0;8
138.6;188;0;12
139.2;185;0;15
139.79999999999998;183;0;17
140.4;181;0;19
141.0;179;0;21
141.6;184;0;16
142.2;183;0;17
142.79999999999998;185;0;15
143.4;186;0;14
144.0;185;0;15
144.6;183;0;17
145.2;182;0;18
145.79999999999998;183;0;17
146.4;180;0;20
147.0;181;0;19
147.6;186;0;14
148.2;187;0;13
148.79999999999998;187;0;13
149.4;182;0;18
150.0;183;0;17
150.6;187;0;13
151.2;185;0;15
151.79999999999998;191;0;9
152.4;184;0;16
153.0;189;0;11
153.6;186;0;14
154.2;187;0;13
154.79999999999998;187;0;13
155.4;187;0;13
156.0;191;0;9
156.6;187;0;13
157.2;186;0;14
157.79999999999998;187;0;13
158.4;186;0;14
159.0;189;0;11
159.6;188;0;12
160.2;189;0;11
160.79999999999998;185;0;15
161.4;189;0;11
162.0;185;0;15
162.6;183;0;17
163.2;190;0;10
163.79999999999998;187;0;13
164.4;187;0;13
165.0;191;0;9
165.6;190;0;10
166.2;190;0;10
166.79999999999998;181;0;19
167.4;185;0;15
168.0;183;0;17
168.6;182;0;18
169.2;183;0;17
169.79999999999998;183;0;17
170.4;185;0;15
171.0;181;0;19
171.6;183;0;17
172.2;182;0;18
172.79999999999998;179;0;21
173.4;183;0;17
174.0;186;0;14
174.6;187;0;13
175.2;191;0;9
175.79999999999998;188;0;12
176.4;190;0;10
177.0;188;0;12
177.6;184;0;16
178.2;187;0;13
178.79999999999998;186;0;14
179.4;185;0;15
180.0;187;0;13
180.6;188;0;12
181.2;186;0;14
181.79999999999998;189;0;11
182.4;187;0;13
183.0;190;0;10
183.6;188;0;12
184.2;185;0;15
184.79999999999998;183;0;17
185.4;183;0;17
186.0;186;0;14
186.6;186;0;14
187.2;183;0;17
187.79999999999998;186;0;14
188.4;184;0;16
189.0;187;0;13
189.6;185;0;15
190.2;188;0;12
190.79999999999998;191;0;9
191.4;190;0;10
192.0;186;0;14
192.6;185;0;15
193.2;182;0;18
193.79999999999998;188;0;12
194.4;190;0;10
195.0;190;0;10
195.6;187;0;13
196.2;184;0;16
196.79999999999998;182;0;18
197.4;186;0;14
198.0;188;0;12
198.6;187;0;13
199.2;188;0;12
199.79999999999998;187;0;13
200.4;190;0;10
201.0;186;0;14
201.6;188;0;12
202.2;193;0;7
202.79999999999998;186;0;14
203.4;181;0;19
204.0;190;0;10
204.6;189;0;11
205.2;186;0;14
205.79999999999998;183;0;17
206.4;183;0;17
207.0;185;0;15
207.6;191;0;9
208.2;185;0;15
208.79999999999998;192;0;8
209.4;191;0;9
210.0;182;0;18
210.6;179;0;21
211.2;185;0;15
211.79999999999998;186;0;14
212.4;183;0;17
213.0;186;0;14
213.6;190;0;10
214.2;189;0;11
214.79999999999998;181;0;19
215.4;186;0;14
216.0;183;0;17
216.6;183;0;17
217.2;187;0;13
217.79999999999998;185;0;15
218.4;184;0;16
219.0;182;0;18
219.6;186;0;14
220.2;190;0;10
220.79999999999998;185;0;15
221.4;188;0;12
222.0;193;0;7
222.6;191;0;9
223.2;188;0;12
223.79999999999998;187;0;13
224.4;188;0;12
225.0;190;0;10
225.6;190;0;10
226.2;189;0;11
226.79999999999998;185;0;15
227.4;184;0;16
228.0;185;0;15
228.6;188;0;12
229.2;181;0;19
229.79999999999998;176;0;24
230.39999999999998;184;0;16
231.0;186;0;14
231.6;180;0;20
232.2;182;0;18
232.79999999999998;183;0;17
233.39999999999998;183;0;17
234.0;184;0;16
234.6;192;0;8
235.2;186;0;14
235.79999999999998;183;0;17
236.39999999999998;188;0;12
237.0;186;0;14
237.6;186;0;14
238.2;189;0;11
238.79999999999998;184;0;16
239.39999999999998;185;0;15
240.0;187;0;13
240.6;188;0;12
241.2;190;0;10
241.79999999999998;184;0;16
242.39999999999998;185;0;15
243.0;180;0;20
243.6;178;0;22
244.2;179;0;21
244.79999999999998;186;0;14
245.39999999999998;189;0;11
246.0;190;0;10
246.6;186;0;14
247.2;184;0;16
247.79999999999998;183;0;17
248.39999999999998;184;0;16
249.0;186;0;14
249.6;186;0;14
250.2;186;0;14
250.79999999999998;189;0;11
251.39999999999998;185;0;15
252.0;184;0;16
252.6;184;0;16
253.2;188;0;12
253.79999999999998;188;0;12
254.39999999999998;185;0;15
255.0;184;0;16
255.6;182;0;18
256.2;187;0;13
256.8;187;0;13
257.4;183;0;17
258.0;187;0;13
258.59999999999997;186;0;14
259.2;192;0;8
259.8;186;0;14
260.4;187;0;13
261.0;191;0;9
261.59999999999997;189;0;11
262.2;189;0;11
262.8;185;0;15
263.4;185;0;15
264.0;189;0;11
264.59999999999997;193;0;7
265.2;189;0;11
265.8;186;0;14
266.4;189;0;11
267.0;194;0;6
267.59999999999997;194;0;6
268.2;186;0;14
268.8;186;0;14
269.4;189;0;11
270.0;187;0;13
270.59999999999997;182;0;18
271.2;181;0;19
271.8;180;0;20
272.4;185;0;15
273.0;185;0;15
273.59999999999997;182;0;18
274.2;186;0;14
274.8;187;0;13
275.4;185;0;15
276.0;187;0;13
276.59999999999997;184;0;16
277.2;189;0;11
277.8;188;0;12
278.4;187;0;13
279.0;186;0;14
279.59999999999997;187;0;13
280.2;185;0;15
280.8;182;0;18
281.4;181;0;19
282.0;184;0;16
282.59999999999997;184;0;16
283.2;184;0;16
283.8;188;0;12
284.4;191;0;9
285.0;185;0;15
285.59999999999997;183;0;17
286.2;181;0;19
286.8;183;0;17
287.4;180;0;20
288.0;190;0;10
288.59999999999997;187;0;13
289.2;177;0;23
289.8;178;0;22
290.4;181;0;19
291.0;182;0;18
291.59999999999997;188;0;12
292.2;185;0;15
292.8;192;0;8
293.4;187;0;13
294.0;181;0;19
294.59999999999997;179;0;21
295.2;177;0;23
295.8;182;0;18
296.4;181;0;19
297.0;179;0;21
297.59999999999997;173;0;27
298.2;178;0;22
298.8;183;0;17
299.4;187;0;13
#auto generated file!
60.0;181;0;19
60.599999999999994;182;0;18
61.199999999999996;181;0;19
61.8;184;0;16
62.4;187;0;13
63.0;188;0;12
63.599999999999994;190;0;10
64.2;193;0;7
64.8;194;0;6
65.39999999999999;187;0;13
66.0;184;0;16
66.6;180;0;20
67.2;179;0;21
67.8;180;0;20
68.39999999999999;180;0;20
69.0;179;0;21
69.6;177;0;23
70.2;183;0;17
70.8;182;0;18
71.39999999999999;185;0;15
72.0;179;0;21
72.6;178;0;22
73.2;180;0;20
73.8;181;0;19
74.39999999999999;182;0;18
75.0;179;0;21
75.6;181;0;19
76.2;186;0;14
76.8;188;0;12
77.39999999999999;185;0;15
78.0;183;0;17
78.6;186;0;14
79.2;190;0;10
79.8;189;0;11
80.39999999999999;189;0;11
81.0;189;0;11
81.6;185;0;15
82.2;186;0;14
82.8;185;0;15
83.39999999999999;189;0;11
84.0;185;0;15
84.6;185;0;15
85.2;187;0;13
85.8;186;0;14
86.39999999999999;183;0;17
87.0;181;0;19
87.6;181;0;19
88.2;185;0;15
88.8;190;0;10
89.39999999999999;191;0;9
90.0;188;0;12
90.6;183;0;17
91.2;187;0;13
91.8;188;0;12
92.39999999999999;187;0;13
93.0;191;0;9
93.6;186;0;14
94.2;183;0;17
94.8;190;0;10
95.39999999999999;187;0;13
96.0;191;0;9
96.6;191;0;9
97.2;190;0;10
97.8;190;0;10
98.39999999999999;191;0;9
99.0;189;0;11
99.6;183;0;17
100.2;183;0;17
100.8;187;0;13
101.39999999999999;188;0;12
102.0;187;0;13
102.6;188;0;12
103.2;185;0;15
103.8;184;0;16
104.39999999999999;188;0;12
105.0;191;0;9
105.6;184;0;16
106.2;184;0;16
106.8;189;0;11
107.39999999999999;183;0;17
108.0;186;0;14
108.6;183;0;17
109.2;183;0;17
109.8;186;0;14
110.39999999999999;186;0;14
111.0;188;0;12
111.6;183;0;17
112.2;181;0;19
112.8;178;0;22
113.39999999999999;183;0;17
114.0;187;0;13
114.6;188;0;12
115.19999999999999;187;0;13
115.8;182;0;18
116.39999999999999;184;0;16
117.0;184;0;16
117.6;184;0;16
118.19999999999999;188;0;12
118.8;186;0;14
119.39999999999999;189;0;11
120.0;183;0;17
120.6;191;0;9
121.19999999999999;190;0;10
121.8;185;0;15
122.39999999999999;186;0;14
123.0;179;0;21
123.6;184;0;16
124.19999999999999;181;0;19
124.8;182;0;18
125.39999999999999;181;0;19
126.0;182;0;18
126.6;187;0;13
127.19999999999999;190;0;10
127.8;188;0;12
128.4;191;0;9
129.0;188;0;12
129.6;189;0;11
130.2;190;0;10
130.79999999999998;188;0;12
131.4;190;0;10
132.0;190;0;10
132.6;189;0;11
133.2;193;0;7
133.79999999999998;192;0;8
134.4;188;0;12
135.0;183;0;17
135.6;194;0;6
136.2;191;0;9
136.79999999999998;186;0;14
137.4;184;0;16
138.0;185;0;15
138.6;184;0;16
139.2;182;0;18
139.79999999999998;180;0;20
140.4;180;0;20
141.0;179;0;21
141.6;181;0;19
142.2;183;0;17
142.79999999999998;189;0;11
143.4;184;0;16
144.0;187;0;13
144.6;185;0;15
145.2;187;0;13
145.79999999999998;184;0;16
146.4;184;0;16
147.0;187;0;13
147.6;185;0;15
148.2;181;0;19
148.79999999999998;187;0;13
149.4;185;0;15
150.0;181;0;19
150.6;179;0;21
151.2;180;0;20
151.79999999999998;185;0;15
152.4;183;0;17
153.0;176;0;24
153.6;182;0;18
154.2;180;0;20
154.79999999999998;183;0;17
155.4;185;0;15
156.0;181;0;19
156.6;186;0;14
157.2;187;0;13
157.79999999999998;186;0;14
158.4;183;0;17
159.0;184;0;16
159.6;184;0;16
160.2;184;0;16
160.79999999999998;187;0;13
161.4;183;0;17
162.0;189;0;11
162.6;190;0;10
163.2;183;0;17
163.79999999999998;181;0;19
164.4;181;0;19
165.0;182;0;18
165.6;185;0;15
166.2;186;0;14
166.79999999999998;187;0;13
167.4;181;0;19
168.0;188;0;12
168.6;186;0;14
169.2;186;0;14
169.79999999999998;186;0;14
170.4;187;0;13
171.0;185;0;15
171.6;184;0;16
172.2;188;0;12
172.79999999999998;189;0;11
173.4;187;0;13
174.0;186;0;14
174.6;185;0;15
175.2;187;0;13
175.79999999999998;189;0;11
176.4;191;0;9
177.0;184;0;16
177.6;184;0;16
178.2;185;0;15
178.79999999999998;185;0;15
179.4;188;0;12
180.0;184;0;16
180.6;181;0;19
181.2;183;0;17
181.79999999999998;182;0;18
182.4;187;0;13
183.0;183;0;17
183.6;177;0;23
184.2;180;0;20
184.79999999999998;191;0;9
185.4;186;0;14
186.0;179;0;21
186.6;181;0;19
187.2;190;0;10
187.79999999999998;188;0;12
188.4;190;0;10
189.0;191;0;9
189.6;185;0;15
190.2;192;0;8
190.79999999999998;191;0;9
191.4;186;0;14
192.0;187;0;13
192.6;187;0;13
193.2;185;0;15
193.79999999999998;180;0;20
194.4;181;0;19
195.0;185;0;15
195.6;183;0;17
196.2;187;0;13
196.79999999999998;187;0;13
197.4;189;0;11
198.0;187;0;13
198.6;186;0;14
199.2;187;0;13
199.79999999999998;194;0;6
200.4;187;0;13
201.0;183;0;17
201.6;192;0;8
202.2;189;0;11
202.79999999999998;183;0;17
203.4;185;0;15
204.0;185;0;15
204.6;182;0;18
205.2;180;0;20
205.79999999999998;189;0;11
206.4;186;0;14
207.0;182;0;18
207.6;183;0;17
208.2;187;0;13
208.79999999999998;191;0;9
209.4;193;0;7
210.0;188;0;12
210.6;190;0;10
211.2;187;0;13
211.79999999999998;188;0;12
212.4;184;0;16
213.0;185;0;15
213.6;185;0;15
214.2;184;0;16
214.79999999999998;187;0;13
215.4;191;0;9
216.0;186;0;14
216.6;188;0;12
217.2;190;0;10
217.79999999999998;187;0;13
218.4;188;0;12
219.0;182;0;18
219.6;187;0;13
220.2;191;0;9
220.79999999999998;189;0;11
221.4;183;0;17
222.0;183;0;17
222.6;183;0;17
223.2;186;0;14
223.79999999999998;191;0;9
224.4;191;0;9
225.0;190;0;10
225.6;186;0;14
226.2;187;0;13
226.79999999999998;183;0;17
227.4;187;0;13
228.0;187;0;13
228.6;188;0;12
229.2;186;0;14
229.79999999999998;187;0;13
230.39999999999998;186;0;14
231.0;187;0;13
231.6;179;0;21
232.2;184;0;16
232.79999999999998;182;0;18
233.39999999999998;183;0;17
234.0;186;0;14
234.6;186;0;14
235.2;183;0;17
235.79999999999998;189;0;11
236.39999999999998;185;0;15
237.0;183;0;17
237.6;182;0;18
238.2;181;0;19
238.79999999999998;188;0;12
239.39999999999998;187;0;13
240.0;185;0;15
240.6;182;0;18
241.2;178;0;22
241.79999999999998;182;0;18
242.39999999999998;185;0;15
243.0;186;0;14
243.6;184;0;16
244.2;186;0;14
244.79999999999998;190;0;10
245.39999999999998;183;0;17
246.0;183;0;17
246.6;188;0;12
247.2;187;0;13
247.79999999999998;184;0;16
248.39999999999998;183;0;17
249.0;187;0;13
249.6;189;0;11
250.2;186;0;14
250.79999999999998;188;0;12
251.39999999999998;185;0;15
252.0;185;0;15
252.6;188;0;12
253.2;188;0;12
253.79999999999998;181;0;19
254.39999999999998;188;0;12
255.0;188;0;12
255.6;187;0;13
256.2;192;0;8
256.8;189;0;11
257.4;191;0;9
258.0;193;0;7
258.59999999999997;189;0;11
259.2;189;0;11
259.8;190;0;10
260.4;188;0;12
261.0;191;0;9
261.59999999999997;192;0;8
262.2;189;0;11
262.8;187;0;13
263.4;188;0;12
264.0;189;0;11
264.59999999999997;185;0;15
265.2;183;0;17
265.8;185;0;15
266.4;185;0;15
267.0;185;0;15
267.59999999999997;190;0;10
268.2;183;0;17
268.8;185;0;15
269.4;184;0;16
270.0;187;0;13
270.59999999999997;189;0;11
271.2;183;0;17
271.8;181;0;19
272.4;181;0;19
273.0;181;0;19
273.59999999999997;186;0;14
274.2;187;0;13
274.8;190;0;10
275.4;187;0;13
276.0;181;0;19
276.59999999999997;180;0;20
277.2;186;0;14
277.8;186;0;14
278.4;186;0;14
279.0;182;0;18
279.59999999999997;186;0;14
280.2;187;0;13
280.8;186;0;14
281.4;189;0;11
282.0;189;0;11
282.59999999999997;189;0;11
283.2;185;0;15
283.8;194;0;6
284.4;192;0;8
285.0;187;0;13
285.59999999999997;186;0;14
286.2;188;0;12
286.8;187;0;13
287.4;189;0;11
288.0;189;0;11
288.59999999999997;183;0;17
289.2;181;0;19
289.8;180;0;20
290.4;183;0;17
291.0;192;0;8
291.59999999999997;187;0;13
292.2;185;0;15
292.8;176;0;24
293.4;179;0;21
294.0;187;0;13
294.59999999999997;188;0;12
295.2;183;0;17
295.8;181;0;19
296.4;185;0;15
297.0;182;0;18
297.59999999999997;190;0;10
298.2;183;0;17
298.8;188;0;12
299.4;185;0;15
