#auto generated file!
60.0;224;0;76
60.599999999999994;232;0;68
61.199999999999996;222;0;78
61.8;228;0;72
62.4;218;0;82
63.0;219;0;81
63.599999999999994;218;0;82
64.2;233;0;67
64.8;226;0;74
65.39999999999999;235;0;65
66.0;237;0;63
66.6;234;0;66
67.2;242;0;58
67.8;238;0;62
68.39999999999999;241;0;59
69.0;237;0;63
69.6;236;0;64
70.2;235;0;65
70.8;237;0;63
71.39999999999999;224;0;76
72.0;223;0;77
72.6;219;0;81
73.2;229;0;71
73.8;229;0;71
74.39999999999999;228;0;72
75.0;228;0;72
75.6;230;0;70
76.2;224;0;76
76.8;229;0;71
77.39999999999999;234;0;66
78.0;239;0;61
78.6;231;0;69
79.2;238;0;62
79.8;234;0;66
80.39999999999999;226;0;74
81.0;232;0;68
81.6;221;0;79
82.2;221;0;79
82.8;218;0;82
83.39999999999999;231;0;69
84.0;216;0;84
84.6;215;0;85
85.2;227;0;73
85.8;226;0;74
86.39999999999999;223;0;77
87.0;224;0;76
87.6;220;0;80
88.2;224;0;76
88.8;216;0;84
89.39999999999999;218;0;82
90.0;217;0;83
90.6;231;0;69
91.2;224;0;76
91.8;214;0;86
92.39999999999999;224;0;76
93.0;225;0;75
93.6;223;0;77
94.2;230;0;70
94.8;235;0;65
95.39999999999999;232;0;68
96.0;228;0;72
96.6;216;0;84
97.2;229;0;71
97.8;231;0;69
98.39999999999999;226;0;74
99.0;225;0;75
99.6;215;0;85
100.2;226;0;74
100.8;216;0;84
101.39999999999999;221;0;79
102.0;235;0;65
102.6;236;0;64
103.2;238;0;62
103.8;229;0;71
104.39999999999999;229;0;71
105.0;218;0;82
105.6;211;0;89
106.2;222;0;78
106.8;222;0;78
107.39999999999999;221;0;79
108.0;224;0;76
108.6;221;0;79
109.2;240;0;60
109.8;230;0;70
110.39999999999999;224;0;76
111.0;228;0;72
111.6;215;0;85
112.2;226;0;74
112.8;226;0;74
113.39999999999999;228;0;72
114.0;239;0;61
114.6;236;0;64
115.19999999999999;224;0;76
115.8;227;0;73
116.39999999999999;221;0;79
117.0;229;0;71
117.6;231;0;69
118.19999999999999;227;0;73
118.8;232;0;68
119.39999999999999;233;0;67
120.0;232;0;68
120.6;239;0;61
121.19999999999999;235;0;65
121.8;220;0;80
122.39999999999999;225;0;75
123.0;233;0;67
123.6;226;0;74
124.19999999999999;228;0;72
124.8;227;0;73
125.39999999999999;224;0;76
126.0;227;0;73
126.6;219;0;81
127.19999999999999;239;0;61
127.8;240;0;60
128.4;228;0;72
129.0;236;0;64
129.6;221;0;79
130.2;232;0;68
130.79999999999998;241;0;59
131.4;228;0;72
132.0;236;0;64
132.6;227;0;73
133.2;226;0;74
133.79999999999998;217;0;83
134.4;223;0;77
135.0;219;0;81
135.6;217;0;83
136.2;220;0;80
136.79999999999998;227;0;73
137.4;227;0;73
138.0;226;0;74
138.6;229;0;71
139.2;227;0;73
139.79999999999998;230;0;70
140.4;223;0;77
141.0;215;0;85
141.6;215;0;85
142.2;216;0;84
142.79999999999998;226;0;74
143.4;219;0;81
144.0;226;0;74
144.6;221;0;79
145.2;214;0;86
145.79999999999998;220;0;80
146.4;220;0;80
147.0;218;0;82
147.6;225;0;75
148.2;229;0;71
148.79999999999998;232;0;68
149.4;234;0;66
150.0;218;0;82
150.6;225;0;75
151.2;233;0;67
151.79999999999998;227;0;73
152.4;233;0;67
153.0;222;0;78
153.6;234;0;66
154.2;232;0;68
154.79999999999998;237;0;63
155.4;226;0;74
156.0;216;0;84
156.6;226;0;74
157.2;215;0;85
157.79999999999998;218;0;82
158.4;221;0;79
159.0;223;0;77
159.6;227;0;73
160.2;227;0;73
160.79999999999998;233;0;67
161.4;221;0;79
162.0;217;0;83
162.6;227;0;73
163.2;229;0;71
163.79999999999998;217;0;83
164.4;218;0;82
165.0;231;0;69
165.6;218;0;82
166.2;228;0;72
166.79999999999998;222;0;78
167.4;228;0;72
168.0;228;0;72
168.6;213;0;87
169.2;231;0;69
169.79999999999998;226;0;74
170.4;213;0;87
171.0;224;0;76
171.6;226;0;74
172.2;218;0;82
172.79999999999998;231;0;69
173.4;232;0;68
174.0;227;0;73
174.6;218;0;82
175.2;228;0;72
175.79999999999998;223;0;77
176.4;218;0;82
177.0;218;0;82
177.6;227;0;73
178.2;226;0;74
178.79999999999998;227;0;73
179.4;226;0;74
180.0;231;0;69
180.6;223;0;77
181.2;225;0;75
181.79999999999998;217;0;83
182.4;223;0;77
183.0;223;0;77
183.6;217;0;83
184.2;226;0;74
184.79999999999998;215;0;85
185.4;211;0;89
186.0;222;0;78
186.6;218;0;82
187.2;224;0;76
187.79999999999998;221;0;79
188.4;238;0;62
189.0;219;0;81
189.6;220;0;80
190.2;210;0;90
190.79999999999998;224;0;76
191.4;234;0;66
192.0;230;0;70
192.6;232;0;68
193.2;231;0;69
193.79999999999998;222;0;78
194.4;227;0;73
195.0;216;0;84
195.6;212;0;88
196.2;215;0;85
196.79999999999998;216;0;84
197.4;217;0;83
198.0;227;0;73
198.6;233;0;67
199.2;224;0;76
199.79999999999998;223;0;77
200.4;225;0;75
201.0;222;0;78
201.6;241;0;59
202.2;235;0;65
202.79999999999998;238;0;62
203.4;245;0;55
204.0;236;0;64
204.6;240;0;60
205.2;230;0;70
205.79999999999998;224;0;76
206.4;222;0;78
207.0;230;0;70
207.6;219;0;81
208.2;212;0;88
208.79999999999998;216;0;84
209.4;217;0;83
210.0;224;0;76
210.6;225;0;75
211.2;221;0;79
211.79999999999998;227;0;73
212.4;231;0;69
213.0;222;0;78
213.6;213;0;87
214.2;215;0;85
214.79999999999998;212;0;88
215.4;228;0;72
216.0;222;0;78
216.6;231;0;69
217.2;233;0;67
217.79999999999998;229;0;71
218.4;232;0;68
219.0;243;0;57
219.6;226;0;74
220.2;231;0;69
220.79999999999998;226;0;74
221.4;233;0;67
222.0;244;0;56
222.6;228;0;72
223.2;230;0;70
223.79999999999998;228;0;72
224.4;223;0;77
225.0;205;0;95
225.6;212;0;88
226.2;220;0;80
226.79999999999998;231;0;69
227.4;224;0;76
228.0;223;0;77
228.6;210;0;90
229.2;217;0;83
229.79999999999998;229;0;71
230.39999999999998;231;0;69
231.0;218;0;82
231.6;234;0;66
232.2;232;0;68
232.79999999999998;229;0;71
233.39999999999998;235;0;65
234.0;227;0;73
234.6;230;0;70
235.2;235;0;65
235.79999999999998;231;0;69
236.39999999999998;231;0;69
237.0;228;0;72
237.6;241;0;59
238.2;225;0;75
238.79999999999998;230;0;70
239.39999999999998;237;0;63
240.0;226;0;74
240.6;223;0;77
241.2;229;0;71
241.79999999999998;232;0;68
242.39999999999998;223;0;77
243.0;233;0;67
243.6;226;0;74
244.2;233;0;67
244.79999999999998;227;0;73
245.39999999999998;229;0;71
246.0;228;0;72
246.6;225;0;75
247.2;212;0;88
247.79999999999998;212;0;88
248.39999999999998;212;0;88
249.0;219;0;81
249.6;232;0;68
250.2;224;0;76
250.79999999999998;225;0;75
251.39999999999998;217;0;83
252.0;212;0;88
252.6;232;0;68
253.2;224;0;76
253.79999999999998;230;0;70
254.39999999999998;229;0;71
255.0;224;0;76
255.6;226;0;74
256.2;211;0;89
256.8;229;0;71
257.4;229;0;71
258.0;219;0;81
258.59999999999997;234;0;66
259.2;214;0;86
259.8;221;0;79
260.4;227;0;73
261.0;235;0;65
261.59999999999997;222;0;78
262.2;234;0;66
262.8;226;0;74
263.4;218;0;82
264.0;229;0;71
264.59999999999997;229;0;71
265.2;222;0;78
265.8;205;0;95
266.4;224;0;76
267.0;220;0;80
267.59999999999997;214;0;86
268.2;220;0;80
268.8;221;0;79
269.4;228;0;72
270.0;217;0;83
270.59999999999997;215;0;85
271.2;224;0;76
271.8;223;0;77
272.4;221;0;79
273.0;207;0;93
273.59999999999997;215;0;85
274.2;225;0;75
274.8;223;0;77
275.4;229;0;71
276.0;228;0;72
276.59999999999997;225;0;75
277.2;213;0;87
277.8;213;0;87
278.4;225;0;75
279.0;222;0;78
279.59999999999997;220;0;80
280.2;212;0;88
280.8;218;0;82
281.4;221;0;79
282.0;213;0;87
282.59999999999997;214;0;86
283.2;226;0;74
283.8;220;0;80
284.4;219;0;81
285.0;213;0;87
285.59999999999997;206;0;94
286.2;220;0;80
286.8;219;0;81
287.4;227;0;73
288.0;218;0;82
288.59999999999997;230;0;70
289.2;228;0;72
289.8;221;0;79
290.4;224;0;76
291.0;230;0;70
291.59999999999997;216;0;84
292.2;216;0;84
292.8;229;0;71
293.4;229;0;71
294.0;230;0;70
294.59999999999997;219;0;81
295.2;224;0;76
295.8;231;0;69
296.4;228;0;72
297.0;212;0;88
297.59999999999997;205;0;95
298.2;209;0;91
298.8;204;0;96
299.4;211;0;89
#auto generated file!
60.0;216;0;84
60.599999999999994;218;0;82
61.199999999999996;217;0;83
61.8;218;0;82
62.4;222;0;78
63.0;226;0;74
63.599999999999994;220;0;80
64.2;214;0;86
64.8;227;0;73
65.39999999999999;237;0;63
66.0;229;0;71
66.6;228;0;72
67.2;227;0;73
67.8;220;0;80
68.39999999999999;207;0;93
69.0;207;0;93
69.6;203;0;97
70.2;213;0;87
70.8;207;0;93
71.39999999999999;214;0;86
72.0;212;0;88
72.6;222;0;78
73.2;227;0;73
73.8;219;0;81
74.39999999999999;228;0;72
75.0;218;0;82
75.6;226;0;74
76.2;216;0;84
76.8;225;0;75
77.39999999999999;220;0;80
78.0;225;0;75
78.6;231;0;69
79.2;228;0;72
79.8;228;0;72
80.39999999999999;230;0;70
81.0;219;0;81
81.6;221;0;79
82.2;237;0;63
82.8;237;0;63
83.39999999999999;232;0;68
84.0;226;0;74
84.6;229;0;71
85.2;218;0;82
85.8;219;0;81
86.39999999999999;221;0;79
87.0;224;0;76
87.6;232;0;68
88.2;225;0;75
88.8;236;0;64
89.39999999999999;228;0;72
90.0;233;0;67
90.6;228;0;72
91.2;227;0;73
91.8;223;0;77
92.39999999999999;218;0;82
93.0;217;0;83
93.6;215;0;85
94.2;212;0;88
94.8;210;0;90
95.39999999999999;216;0;84
96.0;213;0;87
96.6;207;0;93
97.2;226;0;74
97.8;226;0;74
98.39999999999999;226;0;74
99.0;221;0;79
99.6;229;0;71
100.2;226;0;74
100.8;228;0;72
101.39999999999999;234;0;66
102.0;234;0;66
102.6;233;0;67
103.2;231;0;69
103.8;218;0;82
104.39999999999999;226;0;74
105.0;217;0;83
105.6;226;0;74
106.2;232;0;68
106.8;222;0;78
107.39999999999999;227;0;73
108.0;225;0;75
108.6;220;0;80
109.2;223;0;77
109.8;218;0;82
110.39999999999999;232;0;68
111.0;221;0;79
111.6;211;0;89
112.2;211;0;89
112.8;213;0;87
113.39999999999999;223;0;77
114.0;218;0;82
114.6;223;0;77
115.19999999999999;210;0;90
115.8;209;0;91
116.39999999999999;218;0;82
117.0;227;0;73
117.6;231;0;69
118.19999999999999;219;0;81
118.8;213;0;87
119.39999999999999;211;0;89
120.0;225;0;75
120.6;231;0;69
121.19999999999999;234;0;66
121.8;220;0;80
122.39999999999999;224;0;76
123.0;223;0;77
123.6;218;0;82
124.19999999999999;223;0;77
124.8;229;0;71
125.39999999999999;228;0;72
126.0;219;0;81
126.6;227;0;73
127.19999999999999;221;0;79
127.8;227;0;73
128.4;230;0;70
129.0;222;0;78
129.6;213;0;87
130.2;217;0;83
130.79999999999998;221;0;79
131.4;215;0;85
132.0;215;0;85
132.6;226;0;74
133.2;219;0;81
133.79999999999998;217;0;83
134.4;220;0;80
135.0;215;0;85
135.6;222;0;78
136.2;225;0;75
136.79999999999998;217;0;83
137.4;220;0;80
138.0;234;0;66
138.6;236;0;64
139.2;227;0;73
139.79999999999998;225;0;75
140.4;225;0;75
141.0;224;0;76
141.6;228;0;72
142.2;212;0;88
142.79999999999998;217;0;83
143.4;219;0;81
144.0;213;0;87
144.6;217;0;83
145.2;227;0;73
145.79999999999998;224;0;76
146.4;231;0;69
147.0;230;0;70
147.6;222;0;78
148.2;222;0;78
148.79999999999998;226;0;74
149.4;223;0;77
150.0;227;0;73
150.6;225;0;75
151.2;219;0;81
151.79999999999998;221;0;79
152.4;224;0;76
153.0;228;0;72
153.6;230;0;70
154.2;227;0;73
154.79999999999998;241;0;59
155.4;232;0;68
156.0;229;0;71
156.6;234;0;66
157.2;217;0;83
157.79999999999998;219;0;81
158.4;223;0;77
159.0;214;0;86
159.6;226;0;74
160.2;228;0;72
160.79999999999998;235;0;65
161.4;226;0;74
162.0;222;0;78
162.6;209;0;91
163.2;220;0;80
163.79999999999998;217;0;83
164.4;223;0;77
165.0;222;0;78
165.6;226;0;74
166.2;234;0;66
166.79999999999998;223;0;77
167.4;226;0;74
168.0;228;0;72
168.6;239;0;61
169.2;236;0;64
169.79999999999998;228;0;72
170.4;218;0;82
171.0;220;0;80
171.6;223;0;77
172.2;224;0;76
172.79999999999998;224;0;76
173.4;229;0;71
174.0;234;0;66
174.6;227;0;73
175.2;233;0;67
175.79999999999998;224;0;76
176.4;228;0;72
177.0;233;0;67
177.6;222;0;78
178.2;223;0;77
178.79999999999998;217;0;83
179.4;223;0;77
180.0;207;0;93
180.6;216;0;84
181.2;231;0;69
181.79999999999998;228;0;72
182.4;223;0;77
183.0;224;0;76
183.6;235;0;65
184.2;236;0;64
184.79999999999998;237;0;63
185.4;228;0;72
186.0;220;0;80
186.6;226;0;74
187.2;224;0;76
187.79999999999998;230;0;70
188.4;232;0;68
189.0;239;0;61
189.6;230;0;70
190.2;232;0;68
190.79999999999998;231;0;69
191.4;215;0;85
192.0;218;0;82
192.6;215;0;85
193.2;220;0;80
193.79999999999998;228;0;72
194.4;235;0;65
195.0;240;0;60
195.6;228;0;72
196.2;230;0;70
196.79999999999998;224;0;76
197.4;230;0;70
198.0;226;0;74
198.6;222;0;78
199.2;222;0;78
199.79999999999998;232;0;68
200.4;228;0;72
201.0;223;0;77
201.6;212;0;88
202.2;221;0;79
202.79999999999998;227;0;73
203.4;220;0;80
204.0;223;0;77
204.6;232;0;68
205.2;233;0;67
205.79999999999998;238;0;62
206.4;222;0;78
207.0;230;0;70
207.6;233;0;67
208.2;230;0;70
208.79999999999998;224;0;76
209.4;232;0;68
210.0;224;0;76
210.6;223;0;77
211.2;221;0;79
211.79999999999998;212;0;88
212.4;219;0;81
213.0;224;0;76
213.6;232;0;68
214.2;224;0;76
214.79999999999998;217;0;83
215.4;222;0;78
216.0;227;0;73
216.6;222;0;78
217.2;229;0;71
217.79999999999998;236;0;64
218.4;225;0;75
219.0;223;0;77
219.6;228;0;72
220.2;229;0;71
220.79999999999998;227;0;73
221.4;214;0;86
222.0;221;0;79
222.6;226;0;74
223.2;233;0;67
223.79999999999998;225;0;75
224.4;228;0;72
225.0;232;0;68
225.6;229;0;71
226.2;232;0;68
226.79999999999998;225;0;75
227.4;229;0;71
228.0;226;0;74
228.6;222;0;78
229.2;235;0;65
229.79999999999998;222;0;78
230.39999999999998;223;0;77
231.0;230;0;70
231.6;226;0;74
232.2;217;0;83
232.79999999999998;227;0;73
233.39999999999998;224;0;76
234.0;234;0;66
234.6;222;0;78
235.2;223;0;77
235.79999999999998;227;0;73
236.39999999999998;243;0;57
237.0;237;0;63
237.6;230;0;70
238.2;234;0;66
238.79999999999998;226;0;74
239.39999999999998;233;0;67
240.0;229;0;71
240.6;212;0;88
241.2;225;0;75
241.79999999999998;232;0;68
242.39999999999998;231;0;69
243.0;227;0;73
243.6;221;0;79
244.2;233;0;67
244.79999999999998;226;0;74
245.39999999999998;220;0;80
246.0;222;0;78
246.6;229;0;71
247.2;230;0;70
247.79999999999998;232;0;68
248.39999999999998;234;0;66
249.0;216;0;84
249.6;214;0;86
250.2;226;0;74
250.79999999999998;221;0;79
251.39999999999998;203;0;97
252.0;214;0;86
252.6;226;0;74
253.2;225;0;75
253.79999999999998;224;0;76
254.39999999999998;222;0;78
255.0;231;0;69
255.6;226;0;74
256.2;225;0;75
256.8;241;0;59
257.4;222;0;78
258.0;228;0;72
258.59999999999997;221;0;79
259.2;225;0;75
259.8;228;0;72
260.4;233;0;67
261.0;225;0;75
261.59999999999997;222;0;78
262.2;219;0;81
262.8;225;0;75
263.4;230;0;70
264.0;225;0;75
264.59999999999997;229;0;71
265.2;223;0;77
265.8;231;0;69
266.4;236;0;64
267.0;240;0;60
267.59999999999997;241;0;59
268.2;230;0;70
268.8;230;0;70
269.4;222;0;78
270.0;227;0;73
270.59999999999997;223;0;77
271.2;231;0;69
271.8;235;0;65
272.4;223;0;77
273.0;227;0;73
273.59999999999997;229;0;71
274.2;233;0;67
274.8;237;0;63
275.4;226;0;74
276.0;227;0;73
276.59999999999997;213;0;87
277.2;234;0;66
277.8;234;0;66
278.4;227;0;73
279.0;222;0;78
279.59999999999997;232;0;68
280.2;233;0;67
280.8;216;0;84
281.4;216;0;84
282.0;223;0;77
282.59999999999997;221;0;79
283.2;212;0;88
283.8;209;0;91
284.4;223;0;77
285.0;223;0;77
285.59999999999997;211;0;89
286.2;223;0;77
286.8;220;0;80
287.4;219;0;81
288.0;214;0;86
288.59999999999997;214;0;86
289.2;220;0;80
289.8;217;0;83
290.4;222;0;78
291.0;221;0;79
291.59999999999997;233;0;67
292.2;233;0;67
292.8;228;0;72
293.4;225;0;75
294.0;248;0;52
294.59999999999997;236;0;64
295.2;225;0;75
295.8;218;0;82
296.4;223;0;77
297.0;216;0;84
297.59999999999997;214;0;86
298.2;214;0;86
298.8;220;0;80
299.4;222;0;78
#auto generated file!
60.0;235;0;65
60.599999999999994;226;0;74
61.199999999999996;223;0;77
61.8;223;0;77
62.4;219;0;81
63.0;211;0;89
63.599999999999994;225;0;75
64.2;223;0;77
64.8;216;0;84
65.39999999999999;217;0;83
66.0;229;0;71
66.6;219;0;81
67.2;223;0;77
67.8;218;0;82
68.39999999999999;231;0;69
69.0;235;0;65
69.6;241;0;59
70.2;229;0;71
70.8;217;0;83
71.39999999999999;219;0;81
72.0;213;0;87
72.6;221;0;79
73.2;224;0;76
73.8;230;0;70
74.39999999999999;233;0;67
75.0;225;0;75
75.6;224;0;76
76.2;222;0;78
76.8;227;0;73
77.39999999999999;232;0;68
78.0;228;0;72
78.6;225;0;75
79.2;226;0;74
79.8;232;0;68
80.39999999999999;220;0;80
81.0;212;0;88
81.6;227;0;73
82.2;225;0;75
82.8;229;0;71
83.39999999999999;227;0;73
84.0;231;0;69
84.6;226;0;74
85.2;228;0;72
85.8;221;0;79
86.39999999999999;220;0;80
87.0;222;0;78
87.6;215;0;85
88.2;229;0;71
88.8;222;0;78
89.39999999999999;221;0;79
90.0;221;0;79
90.6;225;0;75
91.2;229;0;71
91.8;219;0;81
92.39999999999999;239;0;61
93.0;233;0;67
93.6;231;0;69
94.2;224;0;76
94.8;219;0;81
95.39999999999999;222;0;78
96.0;222;0;78
96.6;230;0;70
97.2;231;0;69
97.8;231;0;69
98.39999999999999;217;0;83
99.0;213;0;87
99.6;219;0;81
100.2;229;0;71
100.8;217;0;83
101.39999999999999;215;0;85
102.0;218;0;82
102.6;230;0;70
103.2;216;0;84
103.8;219;0;81
104.39999999999999;218;0;82
105.0;213;0;87
105.6;214;0;86
106.2;211;0;89
106.8;213;0;87
107.39999999999999;227;0;73
108.0;227;0;73
108.6;223;0;77
109.2;224;0;76
109.8;216;0;84
110.39999999999999;216;0;84
111.0;222;0;78
111.6;223;0;77
112.2;227;0;73
112.8;228;0;72
113.39999999999999;224;0;76
114.0;222;0;78
114.6;225;0;75
115.19999999999999;221;0;79
115.8;219;0;81
116.39999999999999;230;0;70
117.0;236;0;64
117.6;233;0;67
118.19999999999999;225;0;75
118.8;225;0;75
119.39999999999999;221;0;79
120.0;231;0;69
120.6;231;0;69
121.19999999999999;230;0;70
121.8;235;0;65
122.39999999999999;243;0;57
123.0;233;0;67
123.6;220;0;80
124.19999999999999;223;0;77
124.8;225;0;75
125.39999999999999;223;0;77
126.0;228;0;72
126.6;224;0;76
127.19999999999999;218;0;82
127.8;216;0;84
128.4;215;0;85
129.0;232;0;68
129.6;233;0;67
130.2;231;0;69
130.79999999999998;235;0;65
131.4;216;0;84
132.0;230;0;70
132.6;220;0;80
133.2;223;0;77
133.79999999999998;225;0;75
134.4;227;0;73
135.0;232;0;68
135.6;221;0;79
136.2;226;0;74
136.79999999999998;217;0;83
137.4;216;0;84
138.0;219;0;81
138.6;206;0;94
139.2;212;0;88
139.79999999999998;223;0;77
140.4;221;0;79
141.0;233;0;67
141.6;221;0;79
142.2;228;0;72
142.79999999999998;221;0;79
143.4;212;0;88
144.0;223;0;77
144.6;244;0;56
145.2;221;0;79
145.79999999999998;223;0;77
146.4;228;0;72
147.0;220;0;80
147.6;230;0;70
148.2;227;0;73
148.79999999999998;219;0;81
149.4;216;0;84
150.0;219;0;81
150.6;220;0;80
151.2;224;0;76
151.79999999999998;223;0;77
152.4;221;0;79
153.0;208;0;92
153.6;221;0;79
154.2;218;0;82
154.79999999999998;228;0;72
155.4;229;0;71
156.0;233;0;67
156.6;235;0;65
157.2;228;0;72
157.79999999999998;233;0;67
158.4;223;0;77
159.0;224;0;76
159.6;237;0;63
160.2;237;0;63
160.79999999999998;228;0;72
161.4;223;0;77
162.0;228;0;72
162.6;235;0;65
163.2;229;0;71
163.79999999999998;218;0;82
164.4;231;0;69
165.0;233;0;67
165.6;225;0;75
166.2;230;0;70
166.79999999999998;224;0;76
167.4;224;0;76
168.0;221;0;79
168.6;234;0;66
169.2;214;0;86
169.79999999999998;212;0;88
170.4;226;0;74
171.0;234;0;66
171.6;228;0;72
172.2;243;0;57
172.79999999999998;228;0;72
173.4;231;0;69
174.0;237;0;63
174.6;224;0;76
175.2;229;0;71
175.79999999999998;216;0;84
176.4;214;0;86
177.0;222;0;78
177.6;230;0;70
178.2;220;0;80
178.79999999999998;235;0;65
179.4;238;0;62
180.0;240;0;60
180.6;226;0;74
181.2;227;0;73
181.79999999999998;226;0;74
182.4;225;0;75
183.0;225;0;75
183.6;226;0;74
184.2;232;0;68
184.79999999999998;227;0;73
185.4;234;0;66
186.0;231;0;69
186.6;235;0;65
187.2;236;0;64
187.79999999999998;233;0;67
188.4;233;0;67
189.0;229;0;71
189.6;217;0;83
190.2;223;0;77
190.79999999999998;216;0;84
191.4;212;0;88
192.0;213;0;87
192.6;221;0;79
193.2;227;0;73
193.79999999999998;225;0;75
194.4;233;0;67
195.0;227;0;73
195.6;221;0;79
196.2;230;0;70
196.79999999999998;228;0;72
197.4;229;0;71
198.0;220;0;80
198.6;214;0;86
199.2;217;0;83
199.79999999999998;216;0;84
200.4;222;0;78
201.0;219;0;81
201.6;221;0;79
202.2;232;0;68
202.79999999999998;221;0;79
203.4;220;0;80
204.0;223;0;77
204.6;222;0;78
205.2;226;0;74
205.79999999999998;225;0;75
206.4;222;0;78
207.0;216;0;84
207.6;211;0;89
208.2;225;0;75
208.79999999999998;212;0;88
209.4;213;0;87
210.0;224;0;76
210.6;227;0;73
211.2;239;0;61
211.79999999999998;222;0;78
212.4;219;0;81
213.0;218;0;82
213.6;224;0;76
214.2;234;0;66
214.79999999999998;234;0;66
215.4;229;0;71
216.0;216;0;84
216.6;226;0;74
217.2;224;0;76
217.79999999999998;220;0;80
218.4;225;0;75
219.0;220;0;80
219.6;224;0;76
220.2;220;0;80
220.79999999999998;224;0;76
221.4;225;0;75
222.0;230;0;70
222.6;238;0;62
223.2;237;0;63
223.79999999999998;231;0;69
224.4;239;0;61
225.0;236;0;64
225.6;230;0;70
226.2;232;0;68
226.79999999999998;214;0;86
227.4;220;0;80
228.0;215;0;85
228.6;220;0;80
229.2;231;0;69
229.79999999999998;234;0;66
230.39999999999998;232;0;68
231.0;232;0;68
231.6;230;0;70
232.2;230;0;70
232.79999999999998;231;0;69
233.39999999999998;226;0;74
234.0;219;0;81
234.6;219;0;81
235.2;231;0;69
235.79999999999998;231;0;69
236.39999999999998;233;0;67
237.0;242;0;58
237.6;233;0;67
238.2;224;0;76
238.79999999999998;228;0;72
239.39999999999998;224;0;76
240.0;213;0;87
240.6;217;0;83
241.2;210;0;90
241.79999999999998;212;0;88
242.39999999999998;217;0;83
243.0;221;0;79
243.6;217;0;83
244.2;223;0;77
244.79999999999998;218;0;82
245.39999999999998;223;0;77
246.0;220;0;80
246.6;222;0;78
247.2;233;0;67
247.79999999999998;224;0;76
248.39999999999998;223;0;77
249.0;230;0;70
249.6;232;0;68
250.2;232;0;68
250.79999999999998;227;0;73
251.39999999999998;226;0;74
252.0;224;0;76
252.6;237;0;63
253.2;234;0;66
253.79999999999998;226;0;74
254.39999999999998;241;0;59
255.0;232;0;68
255.6;219;0;81
256.2;223;0;77
256.8;222;0;78
257.4;219;0;81
258.0;212;0;88
258.59999999999997;224;0;76
259.2;232;0;68
259.8;235;0;65
260.4;228;0;72
261.0;221;0;79
261.59999999999997;223;0;77
262.2;227;0;73
262.8;225;0;75
263.4;220;0;80
264.0;211;0;89
264.59999999999997;220;0;80
265.2;230;0;70
265.8;225;0;75
266.4;217;0;83
267.0;218;0;82
267.59999999999997;222;0;78
268.2;232;0;68
268.8;219;0;81
269.4;217;0;83
270.0;223;0;77
270.59999999999997;220;0;80
271.2;211;0;89
271.8;218;0;82
272.4;218;0;82
273.0;217;0;83
273.59999999999997;228;0;72
274.2;231;0;69
274.8;225;0;75
275.4;220;0;80
276.0;222;0;78
276.59999999999997;223;0;77
277.2;222;0;78
277.8;221;0;79
278.4;229;0;71
279.0;225;0;75
279.59999999999997;234;0;66
280.2;226;0;74
280.8;218;0;82
281.4;221;0;79
282.0;223;0;77
282.59999999999997;221;0;79
283.2;224;0;76
283.8;232;0;68
284.4;226;0;74
285.0;217;0;83
285.59999999999997;206;0;94
286.2;204;0;96
286.8;222;0;78
287.4;216;0;84
288.0;228;0;72
288.59999999999997;219;0;81
289.2;220;0;80
289.8;236;0;64
290.4;239;0;61
291.0;227;0;73
291.59999999999997;235;0;65
292.2;234;0;66
292.8;227;0;73
293.4;227;0;73
294.0;233;0;67
294.59999999999997;236;0;64
295.2;228;0;72
295.8;236;0;64
296.4;236;0;64
297.0;220;0;80
297.59999999999997;217;0;83
298.2;223;0;77
298.8;214;0;86
299.4;217;0;83
#auto generated file!
60.0;216;0;84
60.599999999999994;223;0;77
61.199999999999996;219;0;81
61.8;209;0;91
62.4;228;0;72
63.0;243;0;57
63.599999999999994;236;0;64
64.2;219;0;81
64.8;228;0;72
65.39999999999999;225;0;75
66.0;217;0;83
66.6;211;0;89
67.2;216;0;84
67.8;220;0;80
68.39999999999999;218;0;82
69.0;229;0;71
69.6;229;0;71
70.2;232;0;68
70.8;231;0;69
71.39999999999999;231;0;69
72.0;227;0;73
72.6;215;0;85
73.2;216;0;84
73.8;225;0;75
74.39999999999999;214;0;86
75.0;216;0;84
75.6;217;0;83
76.2;218;0;82
76.8;215;0;85
77.39999999999999;212;0;88
78.0;211;0;89
78.6;221;0;79
79.2;216;0;84
79.8;223;0;77
80.39999999999999;223;0;77
81.0;222;0;78
81.6;215;0;85
82.2;224;0;76
82.8;224;0;76
83.39999999999999;231;0;69
84.0;229;0;71
84.6;227;0;73
85.2;228;0;72
85.8;226;0;74
86.39999999999999;219;0;81
87.0;218;0;82
87.6;222;0;78
88.2;230;0;70
88.8;224;0;76
89.39999999999999;230;0;70
90.0;229;0;71
90.6;220;0;80
91.2;224;0;76
91.8;228;0;72
92.39999999999999;216;0;84
93.0;218;0;82
93.6;223;0;77
94.2;228;0;72
94.8;228;0;72
95.39999999999999;232;0;68
96.0;231;0;69
96.6;224;0;76
97.2;233;0;67
97.8;226;0;74
98.39999999999999;219;0;81
99.0;221;0;79
99.6;220;0;80
100.2;213;0;87
100.8;220;0;80
101.39999999999999;221;0;79
102.0;213;0;87
102.6;216;0;84
103.2;212;0;88
103.8;217;0;83
104.39999999999999;222;0;78
105.0;218;0;82
105.6;229;0;71
106.2;221;0;79
106.8;212;0;88
107.39999999999999;232;0;68
108.0;227;0;73
108.6;226;0;74
109.2;230;0;70
109.8;222;0;78
110.39999999999999;225;0;75
111.0;227;0;73
111.6;225;0;75
112.2;221;0;79
112.8;218;0;82
113.39999999999999;227;0;73
114.0;224;0;76
114.6;231;0;69
115.19999999999999;230;0;70
115.8;228;0;72
116.39999999999999;223;0;77
117.0;232;0;68
117.6;224;0;76
118.19999999999999;219;0;81
118.8;236;0;64
119.39999999999999;236;0;64
120.0;233;0;67
120.6;232;0;68
121.19999999999999;220;0;80
121.8;226;0;74
122.39999999999999;224;0;76
123.0;224;0;76
123.6;229;0;71
124.19999999999999;233;0;67
124.8;224;0;76
125.39999999999999;230;0;70
126.0;227;0;73
126.6;223;0;77
127.19999999999999;223;0;77
127.8;224;0;76
128.4;226;0;74
129.0;227;0;73
129.6;231;0;69
130.2;230;0;70
130.79999999999998;213;0;87
131.4;210;0;90
132.0;217;0;83
132.6;212;0;88
133.2;211;0;89
133.79999999999998;212;0;88
134.4;212;0;88
135.0;215;0;85
135.6;224;0;76
136.2;236;0;64
136.79999999999998;225;0;75
137.4;224;0;76
138.0;229;0;71
138.6;228;0;72
139.2;212;0;88
139.79999999999998;217;0;83
140.4;212;0;88
141.0;214;0;86
141.6;221;0;79
142.2;233;0;67
142.79999999999998;223;0;77
143.4;228;0;72
144.0;234;0;66
144.6;226;0;74
145.2;216;0;84
145.79999999999998;220;0;80
146.4;223;0;77
147.0;231;0;69
147.6;223;0;77
148.2;223;0;77
148.79999999999998;214;0;86
149.4;230;0;70
150.0;234;0;66
150.6;226;0;74
151.2;239;0;61
151.79999999999998;227;0;73
152.4;232;0;68
153.0;226;0;74
153.6;234;0;66
154.2;228;0;72
154.79999999999998;222;0;78
155.4;232;0;68
156.0;226;0;74
156.6;226;0;74
157.2;225;0;75
157.79999999999998;221;0;79
158.4;222;0;78
159.0;231;0;69
159.6;222;0;78
160.2;223;0;77
160.79999999999998;235;0;65
161.4;240;0;60
162.0;225;0;75
162.6;232;0;68
163.2;234;0;66
163.79999999999998;227;0;73
164.4;229;0;71
165.0;233;0;67
165.6;229;0;71
166.2;227;0;73
166.79999999999998;222;0;78
167.4;228;0;72
168.0;226;0;74
168.6;232;0;68
169.2;229;0;71
169.79999999999998;226;0;74
170.4;228;0;72
171.0;221;0;79
171.6;221;0;79
172.2;215;0;85
172.79999999999998;217;0;83
173.4;219;0;81
174.0;241;0;59
174.6;225;0;75
175.2;237;0;63
175.79999999999998;240;0;60
176.4;240;0;60
177.0;246;0;54
177.6;232;0;68
178.2;228;0;72
178.79999999999998;218;0;82
179.4;229;0;71
180.0;237;0;63
180.6;234;0;66
181.2;226;0;74
181.79999999999998;217;0;83
182.4;233;0;67
183.0;232;0;68
183.6;231;0;69
184.2;228;0;72
184.79999999999998;225;0;75
185.4;225;0;75
186.0;233;0;67
186.6;236;0;64
187.2;241;0;59
187.79999999999998;232;0;68
188.4;234;0;66
189.0;223;0;77
189.6;220;0;80
190.2;236;0;64
190.79999999999998;229;0;71
191.4;230;0;70
192.0;228;0;72
192.6;227;0;73
193.2;234;0;66
193.79999999999998;228;0;72
194.4;225;0;75
195.0;218;0;82
195.6;232;0;68
196.2;234;0;66
196.79999999999998;225;0;75
197.4;223;0;77
198.0;229;0;71
198.6;229;0;71
199.2;232;0;68
199.79999999999998;230;0;70
200.4;232;0;68
201.0;224;0;76
201.6;228;0;72
202.2;243;0;57
202.79999999999998;236;0;64
203.4;218;0;82
204.0;226;0;74
204.6;229;0;71
205.2;231;0;69
205.79999999999998;229;0;71
206.4;235;0;65
207.0;234;0;66
207.6;221;0;79
208.2;227;0;73
208.79999999999998;231;0;69
209.4;224;0;76
210.0;225;0;75
210.6;227;0;73
211.2;221;0;79
211.79999999999998;220;0;80
212.4;223;0;77
213.0;237;0;63
213.6;232;0;68
214.2;226;0;74
214.79999999999998;219;0;81
215.4;229;0;71
216.0;223;0;77
216.6;222;0;78
217.2;227;0;73
217.79999999999998;234;0;66
218.4;222;0;78
219.0;228;0;72
219.6;233;0;67
220.2;239;0;61
220.79999999999998;248;0;52
221.4;240;0;60
222.0;236;0;64
222.6;228;0;72
223.2;224;0;76
223.79999999999998;230;0;70
224.4;223;0;77
225.0;219;0;81
225.6;221;0;79
226.2;208;0;92
226.79999999999998;230;0;70
227.4;240;0;60
228.0;240;0;60
228.6;242;0;58
229.2;231;0;69
229.79999999999998;230;0;70
230.39999999999998;238;0;62
231.0;217;0;83
231.6;224;0;76
232.2;222;0;78
232.79999999999998;227;0;73
233.39999999999998;236;0;64
234.0;231;0;69
234.6;240;0;60
235.2;239;0;61
235.79999999999998;234;0;66
236.39999999999998;218;0;82
237.0;217;0;83
237.6;224;0;76
238.2;236;0;64
238.79999999999998;225;0;75
239.39999999999998;217;0;83
240.0;214;0;86
240.6;220;0;80
241.2;225;0;75
241.79999999999998;225;0;75
242.39999999999998;230;0;70
243.0;218;0;82
243.6;215;0;85
244.2;208;0;92
244.79999999999998;217;0;83
245.39999999999998;227;0;73
246.0;225;0;75
246.6;225;0;75
247.2;230;0;70
247.79999999999998;236;0;64
248.39999999999998;236;0;64
249.0;229;0;71
249.6;233;0;67
250.2;230;0;70
250.79999999999998;229;0;71
251.39999999999998;228;0;72
252.0;223;0;77
252.6;224;0;76
253.2;232;0;68
253.79999999999998;222;0;78
254.39999999999998;240;0;60
255.0;239;0;61
255.6;221;0;79
256.2;229;0;71
256.8;230;0;70
257.4;227;0;73
258.0;218;0;82
258.59999999999997;217;0;83
259.2;224;0;76
259.8;217;0;83
260.4;222;0;78
261.0;222;0;78
261.59999999999997;225;0;75
262.2;217;0;83
262.8;224;0;76
263.4;228;0;72
264.0;218;0;82
264.59999999999997;221;0;79
265.2;224;0;76
265.8;235;0;65
266.4;235;0;65
267.0;232;0;68
267.59999999999997;231;0;69
268.2;221;0;79
268.8;216;0;84
269.4;232;0;68
270.0;231;0;69
270.59999999999997;241;0;59
271.2;226;0;74
271.8;232;0;68
272.4;232;0;68
273.0;235;0;65
273.59999999999997;236;0;64
274.2;230;0;70
274.8;224;0;76
275.4;229;0;71
276.0;227;0;73
276.59999999999997;235;0;65
277.2;236;0;64
277.8;225;0;75
278.4;225;0;75
279.0;225;0;75
279.59999999999997;232;0;68
280.2;229;0;71
280.8;232;0;68
281.4;236;0;64
282.0;230;0;70
282.59999999999997;220;0;80
283.2;227;0;73
283.8;228;0;72
284.4;234;0;66
285.0;223;0;77
285.59999999999997;232;0;68
286.2;233;0;67
286.8;233;0;67
287.4;234;0;66
288.0;223;0;77
288.59999999999997;228;0;72
289.2;215;0;85
289.8;204;0;96
290.4;209;0;91
291.0;203;0;97
291.59999999999997;210;0;90
292.2;222;0;78
292.8;224;0;76
293.4;213;0;87
294.0;225;0;75
294.59999999999997;215;0;85
295.2;220;0;80
295.8;220;0;80
296.4;225;0;75
297.0;225;0;75
297.59999999999997;229;0;71
298.2;224;0;76
298.8;231;0;69
299.4;226;0;74
#auto generated file!
60.0;225;0;75
60.599999999999994;226;0;74
61.199999999999996;216;0;84
61.8;215;0;85
62.4;222;0;78
63.0;224;0;76
63.599999999999994;217;0;83
64.2;229;0;71
64.8;231;0;69
65.39999999999999;214;0;86
66.0;224;0;76
66.6;218;0;82
67.2;217;0;83
67.8;224;0;76
68.39999999999999;236;0;64
69.0;223;0;77
69.6;228;0;72
70.2;225;0;75
70.8;221;0;79
71.39999999999999;212;0;88
72.0;221;0;79
72.6;213;0;87
73.2;222;0;78
73.8;220;0;80
74.39999999999999;225;0;75
75.0;215;0;85
75.6;211;0;89
76.2;225;0;75
76.8;235;0;65
77.39999999999999;233;0;67
78.0;222;0;78
78.6;218;0;82
79.2;231;0;69
79.8;226;0;74
80.39999999999999;227;0;73
81.0;239;0;61
81.6;234;0;66
82.2;230;0;70
82.8;225;0;75
83.39999999999999;222;0;78
84.0;220;0;80
84.6;225;0;75
85.2;229;0;71
85.8;228;0;72
86.39999999999999;222;0;78
87.0;230;0;70
87.6;238;0;62
88.2;237;0;63
88.8;229;0;71
89.39999999999999;212;0;88
90.0;230;0;70
90.6;231;0;69
91.2;220;0;80
91.8;231;0;69
92.39999999999999;245;0;55
93.0;232;0;68
93.6;225;0;75
94.2;235;0;65
94.8;235;0;65
95.39999999999999;230;0;70
96.0;230;0;70
96.6;226;0;74
97.2;225;0;75
97.8;227;0;73
98.39999999999999;227;0;73
99.0;238;0;62
99.6;225;0;75
100.2;218;0;82
100.8;212;0;88
101.39999999999999;209;0;91
102.0;226;0;74
102.6;221;0;79
103.2;224;0;76
103.8;220;0;80
104.39999999999999;223;0;77
105.0;227;0;73
105.6;226;0;74
106.2;220;0;80
106.8;225;0;75
107.39999999999999;236;0;64
108.0;216;0;84
108.6;228;0;72
109.2;233;0;67
109.8;233;0;67
110.39999999999999;238;0;62
111.0;229;0;71
111.6;227;0;73
112.2;222;0;78
112.8;231;0;69
113.39999999999999;224;0;76
114.0;233;0;67
114.6;232;0;68
115.19999999999999;233;0;67
115.8;230;0;70
116.39999999999999;234;0;66
117.0;235;0;65
117.6;226;0;74
118.19999999999999;230;0;70
118.8;229;0;71
119.39999999999999;242;0;58
120.0;224;0;76
120.6;222;0;78
121.19999999999999;238;0;62
121.8;238;0;62
122.39999999999999;238;0;62
123.0;233;0;67
123.6;222;0;78
124.19999999999999;221;0;79
124.8;221;0;79
125.39999999999999;217;0;83
126.0;217;0;83
126.6;226;0;74
127.19999999999999;228;0;72
127.8;228;0;72
128.4;215;0;85
129.0;227;0;73
129.6;219;0;81
130.2;227;0;73
130.79999999999998;231;0;69
131.4;213;0;87
132.0;223;0;77
132.6;223;0;77
133.2;229;0;71
133.79999999999998;238;0;62
134.4;226;0;74
135.0;223;0;77
135.6;216;0;84
136.2;221;0;79
136.79999999999998;225;0;75
137.4;221;0;79
138.0;223;0;77
138.6;226;0;74
139.2;237;0;63
139.79999999999998;227;0;73
140.4;234;0;66
141.0;229;0;71
141.6;223;0;77
142.2;226;0;74
142.79999999999998;210;0;90
143.4;218;0;82
144.0;213;0;87
144.6;211;0;89
145.2;215;0;85
145.79999999999998;218;0;82
146.4;217;0;83
147.0;207;0;93
147.6;233;0;67
148.2;217;0;83
148.79999999999998;213;0;87
149.4;215;0;85
150.0;222;0;78
150.6;223;0;77
151.2;217;0;83
151.79999999999998;225;0;75
152.4;220;0;80
153.0;214;0;86
153.6;220;0;80
154.2;219;0;81
154.79999999999998;228;0;72
155.4;213;0;87
156.0;226;0;74
156.6;227;0;73
157.2;226;0;74
157.79999999999998;229;0;71
158.4;222;0;78
159.0;223;0;77
159.6;219;0;81
160.2;228;0;72
160.79999999999998;232;0;68
161.4;233;0;67
162.0;229;0;71
162.6;228;0;72
163.2;209;0;91
163.79999999999998;214;0;86
164.4;234;0;66
165.0;224;0;76
165.6;218;0;82
166.2;228;0;72
166.79999999999998;223;0;77
167.4;225;0;75
168.0;218;0;82
168.6;227;0;73
169.2;231;0;69
169.79999999999998;232;0;68
170.4;228;0;72
171.0;237;0;63
171.6;228;0;72
172.2;219;0;81
172.79999999999998;212;0;88
173.4;211;0;89
174.0;226;0;74
174.6;231;0;69
175.2;223;0;77
175.79999999999998;227;0;73
176.4;224;0;76
177.0;219;0;81
177.6;217;0;83
178.2;218;0;82
178.79999999999998;225;0;75
179.4;233;0;67
180.0;246;0;54
180.6;226;0;74
181.2;231;0;69
181.79999999999998;226;0;74
182.4;213;0;87
183.0;222;0;78
183.6;234;0;66
184.2;214;0;86
184.79999999999998;210;0;90
185.4;218;0;82
186.0;222;0;78
186.6;221;0;79
187.2;234;0;66
187.79999999999998;235;0;65
188.4;221;0;79
189.0;227;0;73
189.6;228;0;72
190.2;223;0;77
190.79999999999998;225;0;75
191.4;228;0;72
192.0;228;0;72
192.6;218;0;82
193.2;228;0;72
193.79999999999998;237;0;63
194.4;229;0;71
195.0;235;0;65
195.6;226;0;74
196.2;228;0;72
196.79999999999998;225;0;75
197.4;230;0;70
198.0;226;0;74
198.6;226;0;74
199.2;220;0;80
199.79999999999998;228;0;72
200.4;238;0;62
201.0;238;0;62
201.6;226;0;74
202.2;214;0;86
202.79999999999998;216;0;84
203.4;221;0;79
204.0;219;0;81
204.6;224;0;76
205.2;222;0;78
205.79999999999998;219;0;81
206.4;222;0;78
207.0;235;0;65
207.6;229;0;71
208.2;214;0;86
208.79999999999998;221;0;79
209.4;228;0;72
210.0;223;0;77
210.6;218;0;82
211.2;231;0;69
211.79999999999998;232;0;68
212.4;220;0;80
213.0;224;0;76
213.6;228;0;72
214.2;227;0;73
214.79999999999998;216;0;84
215.4;227;0;73
216.0;224;0;76
216.6;223;0;77
217.2;226;0;74
217.79999999999998;227;0;73
218.4;224;0;76
219.0;219;0;81
219.6;218;0;82
220.2;224;0;76
220.79999999999998;221;0;79
221.4;214;0;86
222.0;216;0;84
222.6;225;0;75
223.2;210;0;90
223.79999999999998;207;0;93
224.4;211;0;89
225.0;217;0;83
225.6;222;0;78
226.2;227;0;73
226.79999999999998;225;0;75
227.4;237;0;63
228.0;239;0;61
228.6;236;0;64
229.2;228;0;72
229.79999999999998;214;0;86
230.39999999999998;216;0;84
231.0;226;0;74
231.6;226;0;74
232.2;224;0;76
232.79999999999998;216;0;84
233.39999999999998;220;0;80
234.0;221;0;79
234.6;216;0;84
235.2;226;0;74
235.79999999999998;218;0;82
236.39999999999998;219;0;81
237.0;213;0;87
237.6;217;0;83
238.2;228;0;72
238.79999999999998;226;0;74
239.39999999999998;236;0;64
240.0;233;0;67
240.6;224;0;76
241.2;220;0;80
241.79999999999998;232;0;68
242.39999999999998;238;0;62
243.0;230;0;70
243.6;215;0;85
244.2;229;0;71
244.79999999999998;221;0;79
245.39999999999998;217;0;83
246.0;232;0;68
246.6;231;0;69
247.2;231;0;69
247.79999999999998;227;0;73
248.39999999999998;230;0;70
249.0;229;0;71
249.6;229;0;71
250.2;221;0;79
250.79999999999998;224;0;76
251.39999999999998;224;0;76
252.0;228;0;72
252.6;226;0;74
253.2;229;0;71
253.79999999999998;235;0;65
254.39999999999998;220;0;80
255.0;223;0;77
255.6;212;0;88
256.2;211;0;89
256.8;214;0;86
257.4;214;0;86
258.0;218;0;82
258.59999999999997;216;0;84
259.2;228;0;72
259.8;228;0;72
260.4;230;0;70
261.0;233;0;67
261.59999999999997;225;0;75
262.2;235;0;65
262.8;227;0;73
263.4;222;0;78
264.0;215;0;85
264.59999999999997;228;0;72
265.2;228;0;72
265.8;226;0;74
266.4;231;0;69
267.0;222;0;78
267.59999999999997;230;0;70
268.2;229;0;71
268.8;228;0;72
269.4;216;0;84
270.0;222;0;78
270.59999999999997;222;0;78
271.2;220;0;80
271.8;225;0;75
272.4;222;0;78
273.0;213;0;87
273.59999999999997;223;0;77
274.2;224;0;76
274.8;230;0;70
275.4;223;0;77
276.0;222;0;78
276.59999999999997;217;0;83
277.2;218;0;82
277.8;210;0;90
278.4;227;0;73
279.0;228;0;72
279.59999999999997;220;0;80
280.2;215;0;85
280.8;210;0;90
281.4;226;0;74
282.0;231;0;69
282.59999999999997;220;0;80
283.2;219;0;81
283.8;217;0;83
284.4;214;0;86
285.0;217;0;83
285.59999999999997;225;0;75
286.2;230;0;70
286.8;232;0;68
287.4;241;0;59
288.0;228;0;72
288.59999999999997;242;0;58
289.2;243;0;57
289.8;229;0;71
290.4;246;0;54
291.0;226;0;74
291.59999999999997;225;0;75
292.2;222;0;78
292.8;214;0;86
293.4;222;0;78
294.0;225;0;75
294.59999999999997;225;0;75
295.2;210;0;90
295.8;221;0;79
296.4;234;0;66
297.0;230;0;70
297.59999999999997;234;0;66
298.2;235;0;65
298.8;229;0;71
299.4;229;0;71
#auto generated file!
60.0;216;0;84
60.599999999999994;212;0;88
61.199999999999996;213;0;87
61.8;212;0;88
62.4;212;0;88
63.0;224;0;76
63.599999999999994;230;0;70
64.2;226;0;74
64.8;231;0;69
65.39999999999999;228;0;72
66.0;222;0;78
66.6;222;0;78
67.2;231;0;69
67.8;221;0;79
68.39999999999999;229;0;71
69.0;229;0;71
69.6;236;0;64
70.2;233;0;67
70.8;228;0;72
71.39999999999999;233;0;67
72.0;227;0;73
72.6;233;0;67
73.2;219;0;81
73.8;211;0;89
74.39999999999999;214;0;86
75.0;209;0;91
75.6;217;0;83
76.2;222;0;78
76.8;234;0;66
77.39999999999999;227;0;73
78.0;232;0;68
78.6;222;0;78
79.2;223;0;77
79.8;222;0;78
80.39999999999999;224;0;76
81.0;225;0;75
81.6;220;0;80
82.2;221;0;79
82.8;214;0;86
83.39999999999999;220;0;80
84.0;232;0;68
84.6;209;0;91
85.2;224;0;76
85.8;225;0;75
86.39999999999999;238;0;62
87.0;245;0;55
87.6;242;0;58
88.2;241;0;59
88.8;241;0;59
89.39999999999999;224;0;76
90.0;222;0;78
90.6;232;0;68
91.2;250;0;50
91.8;237;0;63
92.39999999999999;227;0;73
93.0;239;0;61
93.6;222;0;78
94.2;223;0;77
94.8;215;0;85
95.39999999999999;213;0;87
96.0;217;0;83
96.6;214;0;86
97.2;217;0;83
97.8;235;0;65
98.39999999999999;228;0;72
99.0;234;0;66
99.6;229;0;71
100.2;231;0;69
100.8;229;0;71
101.39999999999999;228;0;72
102.0;218;0;82
102.6;221;0;79
103.2;231;0;69
103.8;219;0;81
104.39999999999999;208;0;92
105.0;225;0;75
105.6;233;0;67
106.2;223;0;77
106.8;222;0;78
107.39999999999999;221;0;79
108.0;218;0;82
108.6;209;0;91
109.2;201;0;99
109.8;198;0;102
110.39999999999999;204;0;96
111.0;226;0;74
111.6;224;0;76
112.2;220;0;80
112.8;228;0;72
113.39999999999999;221;0;79
114.0;235;0;65
114.6;224;0;76
115.19999999999999;216;0;84
115.8;229;0;71
116.39999999999999;229;0;71
117.0;220;0;80
117.6;220;0;80
118.19999999999999;222;0;78
118.8;221;0;79
119.39999999999999;223;0;77
120.0;230;0;70
120.6;220;0;80
121.19999999999999;229;0;71
121.8;235;0;65
122.39999999999999;238;0;62
123.0;239;0;61
123.6;239;0;61
124.19999999999999;229;0;71
124.8;225;0;75
125.39999999999999;219;0;81
126.0;228;0;72
126.6;218;0;82
127.19999999999999;220;0;80
127.8;221;0;79
128.4;222;0;78
129.0;217;0;83
129.6;212;0;88
130.2;229;0;71
130.79999999999998;219;0;81
131.4;227;0;73
132.0;229;0;71
132.6;221;0;79
133.2;218;0;82
133.79999999999998;211;0;89
134.4;235;0;65
135.0;218;0;82
135.6;215;0;85
136.2;223;0;77
136.79999999999998;221;0;79
137.4;226;0;74
138.0;233;0;67
138.6;225;0;75
139.2;224;0;76
139.79999999999998;223;0;77
140.4;216;0;84
141.0;227;0;73
141.6;226;0;74
142.2;225;0;75
142.79999999999998;229;0;71
143.4;226;0;74
144.0;214;0;86
144.6;212;0;88
145.2;209;0;91
145.79999999999998;216;0;84
146.4;220;0;80
147.0;213;0;87
147.6;217;0;83
148.2;225;0;75
148.79999999999998;213;0;87
149.4;219;0;81
150.0;230;0;70
150.6;219;0;81
151.2;227;0;73
151.79999999999998;228;0;72
152.4;219;0;81
153.0;226;0;74
153.6;222;0;78
154.2;222;0;78
154.79999999999998;223;0;77
155.4;231;0;69
156.0;228;0;72
156.6;214;0;86
157.2;224;0;76
157.79999999999998;221;0;79
158.4;228;0;72
159.0;230;0;70
159.6;223;0;77
160.2;227;0;73
160.79999999999998;220;0;80
161.4;218;0;82
162.0;230;0;70
162.6;223;0;77
163.2;220;0;80
163.79999999999998;222;0;78
164.4;230;0;70
165.0;225;0;75
165.6;215;0;85
166.2;226;0;74
166.79999999999998;232;0;68
167.4;229;0;71
168.0;229;0;71
168.6;234;0;66
169.2;227;0;73
169.79999999999998;226;0;74
170.4;225;0;75
171.0;222;0;78
171.6;226;0;74
172.2;211;0;89
172.79999999999998;221;0;79
173.4;224;0;76
174.0;215;0;85
174.6;222;0;78
175.2;222;0;78
175.79999999999998;218;0;82
176.4;234;0;66
177.0;232;0;68
177.6;232;0;68
178.2;236;0;64
178.79999999999998;225;0;75
179.4;231;0;69
180.0;234;0;66
180.6;225;0;75
181.2;226;0;74
181.79999999999998;227;0;73
182.4;222;0;78
183.0;224;0;76
183.6;216;0;84
184.2;221;0;79
184.79999999999998;224;0;76
185.4;221;0;79
186.0;217;0;83
186.6;220;0;80
187.2;216;0;84
187.79999999999998;225;0;75
188.4;230;0;70
189.0;235;0;65
189.6;231;0;69
190.2;231;0;69
190.79999999999998;237;0;63
191.4;231;0;69
192.0;226;0;74
192.6;224;0;76
193.2;225;0;75
193.79999999999998;223;0;77
194.4;214;0;86
195.0;233;0;67
195.6;241;0;59
196.2;232;0;68
196.79999999999998;226;0;74
197.4;221;0;79
198.0;222;0;78
198.6;227;0;73
199.2;221;0;79
199.79999999999998;232;0;68
200.4;229;0;71
201.0;225;0;75
201.6;231;0;69
202.2;224;0;76
202.79999999999998;233;0;67
203.4;229;0;71
204.0;216;0;84
204.6;205;0;95
205.2;217;0;83
205.79999999999998;237;0;63
206.4;232;0;68
207.0;235;0;65
207.6;236;0;64
208.2;242;0;58
208.79999999999998;241;0;59
209.4;242;0;58
210.0;234;0;66
210.6;227;0;73
211.2;213;0;87
211.79999999999998;214;0;86
212.4;227;0;73
213.0;215;0;85
213.6;211;0;89
214.2;215;0;85
214.79999999999998;227;0;73
215.4;229;0;71
216.0;219;0;81
216.6;223;0;77
217.2;222;0;78
217.79999999999998;209;0;91
218.4;221;0;79
219.0;221;0;79
219.6;214;0;86
220.2;228;0;72
220.79999999999998;233;0;67
221.4;226;0;74
222.0;222;0;78
222.6;217;0;83
223.2;226;0;74
223.79999999999998;217;0;83
224.4;234;0;66
225.0;240;0;60
225.6;228;0;72
226.2;226;0;74
226.79999999999998;223;0;77
227.4;229;0;71
228.0;225;0;75
228.6;230;0;70
229.2;231;0;69
229.79999999999998;230;0;70
230.39999999999998;230;0;70
231.0;236;0;64
231.6;238;0;62
232.2;231;0;69
232.79999999999998;229;0;71
233.39999999999998;234;0;66
234.0;218;0;82
234.6;231;0;69
235.2;235;0;65
235.79999999999998;225;0;75
236.39999999999998;214;0;86
237.0;222;0;78
237.6;226;0;74
238.2;224;0;76
238.79999999999998;237;0;63
239.39999999999998;240;0;60
240.0;236;0;64
240.6;236;0;64
241.2;233;0;67
241.79999999999998;237;0;63
242.39999999999998;227;0;73
243.0;220;0;80
243.6;233;0;67
244.2;234;0;66
244.79999999999998;226;0;74
245.39999999999998;225;0;75
246.0;222;0;78
246.6;221;0;79
247.2;236;0;64
247.79999999999998;232;0;68
248.39999999999998;226;0;74
249.0;243;0;57
249.6;235;0;65
250.2;222;0;78
250.79999999999998;217;0;83
251.39999999999998;227;0;73
252.0;236;0;64
252.6;226;0;74
253.2;235;0;65
253.79999999999998;216;0;84
254.39999999999998;216;0;84
255.0;220;0;80
255.6;221;0;79
256.2;229;0;71
256.8;225;0;75
257.4;225;0;75
258.0;229;0;71
258.59999999999997;239;0;61
259.2;224;0;76
259.8;237;0;63
260.4;220;0;80
261.0;230;0;70
261.59999999999997;217;0;83
262.2;220;0;80
262.8;226;0;74
263.4;226;0;74
264.0;216;0;84
264.59999999999997;224;0;76
265.2;223;0;77
265.8;228;0;72
266.4;223;0;77
267.0;224;0;76
267.59999999999997;231;0;69
268.2;223;0;77
268.8;230;0;70
269.4;229;0;71
270.0;225;0;75
270.59999999999997;217;0;83
271.2;223;0;77
271.8;224;0;76
272.4;226;0;74
273.0;222;0;78
273.59999999999997;226;0;74
274.2;233;0;67
274.8;234;0;66
275.4;222;0;78
276.0;222;0;78
276.59999999999997;220;0;80
277.2;230;0;70
277.8;224;0;76
278.4;222;0;78
279.0;236;0;64
279.59999999999997;235;0;65
280.2;233;0;67
280.8;236;0;64
281.4;221;0;79
282.0;230;0;70
282.59999999999997;233;0;67
283.2;218;0;82
283.8;231;0;69
284.4;236;0;64
285.0;234;0;66
285.59999999999997;220;0;80
286.2;239;0;61
286.8;218;0;82
287.4;216;0;84
288.0;216;0;84
288.59999999999997;228;0;72
289.2;223;0;77
289.8;225;0;75
290.4;227;0;73
291.0;234;0;66
291.59999999999997;234;0;66
292.2;219;0;81
292.8;216;0;84
293.4;216;0;84
294.0;214;0;86
294.59999999999997;213;0;87
295.2;224;0;76
295.8;235;0;65
296.4;241;0;59
297.0;218;0;82
297.59999999999997;224;0;76
298.2;224;0;76
298.8;218;0;82
299.4;218;0;82
#auto generated file!
60.0;221;0;79
60.599999999999994;223;0;77
61.199999999999996;218;0;82
61.8;212;0;88
62.4;223;0;77
63.0;215;0;85
63.599999999999994;208;0;92
64.2;219;0;81
64.8;212;0;88
65.39999999999999;214;0;86
66.0;220;0;80
66.6;229;0;71
67.2;228;0;72
67.8;217;0;83
68.39999999999999;222;0;78
69.0;224;0;76
69.6;226;0;74
70.2;231;0;69
70.8;230;0;70
71.39999999999999;223;0;77
72.0;227;0;73
72.6;222;0;78
73.2;221;0;79
73.8;224;0;76
74.39999999999999;216;0;84
75.0;219;0;81
75.6;217;0;83
76.2;224;0;76
76.8;227;0;73
77.39999999999999;225;0;75
78.0;231;0;69
78.6;225;0;75
79.2;222;0;78
79.8;226;0;74
80.39999999999999;226;0;74
81.0;221;0;79
81.6;222;0;78
82.2;229;0;71
82.8;225;0;75
83.39999999999999;215;0;85
84.0;209;0;91
84.6;216;0;84
85.2;223;0;77
85.8;224;0;76
86.39999999999999;219;0;81
87.0;219;0;81
87.6;227;0;73
88.2;224;0;76
88.8;235;0;65
89.39999999999999;222;0;78
90.0;223;0;77
90.6;234;0;66
91.2;223;0;77
91.8;224;0;76
92.39999999999999;223;0;77
93.0;220;0;80
93.6;221;0;79
94.2;219;0;81
94.8;234;0;66
95.39999999999999;231;0;69
96.0;229;0;71
96.6;227;0;73
97.2;216;0;84
97.8;220;0;80
98.39999999999999;213;0;87
99.0;224;0;76
99.6;213;0;87
100.2;226;0;74
100.8;219;0;81
101.39999999999999;216;0;84
102.0;222;0;78
102.6;222;0;78
103.2;226;0;74
103.8;239;0;61
104.39999999999999;239;0;61
105.0;238;0;62
105.6;235;0;65
106.2;239;0;61
106.8;226;0;74
107.39999999999999;218;0;82
108.0;223;0;77
108.6;232;0;68
109.2;216;0;84
109.8;214;0;86
110.39999999999999;226;0;74
111.0;216;0;84
111.6;226;0;74
112.2;227;0;73
112.8;226;0;74
113.39999999999999;223;0;77
114.0;222;0;78
114.6;213;0;87
115.19999999999999;223;0;77
115.8;227;0;73
116.39999999999999;215;0;85
117.0;212;0;88
117.6;211;0;89
118.19999999999999;234;0;66
118.8;230;0;70
119.39999999999999;219;0;81
120.0;216;0;84
120.6;211;0;89
121.19999999999999;218;0;82
121.8;222;0;78
122.39999999999999;229;0;71
123.0;233;0;67
123.6;222;0;78
124.19999999999999;205;0;95
124.8;224;0;76
125.39999999999999;224;0;76
126.0;227;0;73
126.6;223;0;77
127.19999999999999;230;0;70
127.8;216;0;84
128.4;212;0;88
129.0;219;0;81
129.6;221;0;79
130.2;216;0;84
130.79999999999998;222;0;78
131.4;220;0;80
132.0;225;0;75
132.6;229;0;71
133.2;231;0;69
133.79999999999998;230;0;70
134.4;228;0;72
135.0;221;0;79
135.6;219;0;81
136.2;223;0;77
136.79999999999998;233;0;67
137.4;234;0;66
138.0;227;0;73
138.6;220;0;80
139.2;228;0;72
139.79999999999998;222;0;78
140.4;218;0;82
141.0;224;0;76
141.6;228;0;72
142.2;224;0;76
142.79999999999998;226;0;74
143.4;228;0;72
144.0;235;0;65
144.6;239;0;61
145.2;225;0;75
145.79999999999998;223;0;77
146.4;230;0;70
147.0;227;0;73
147.6;233;0;67
148.2;236;0;64
148.79999999999998;223;0;77
149.4;232;0;68
150.0;229;0;71
150.6;230;0;70
151.2;222;0;78
151.79999999999998;218;0;82
152.4;230;0;70
153.0;222;0;78
153.6;222;0;78
154.2;219;0;81
154.79999999999998;224;0;76
155.4;226;0;74
156.0;221;0;79
156.6;234;0;66
157.2;226;0;74
157.79999999999998;220;0;80
158.4;228;0;72
159.0;227;0;73
159.6;233;0;67
160.2;231;0;69
160.79999999999998;228;0;72
161.4;229;0;71
162.0;221;0;79
162.6;213;0;87
163.2;215;0;85
163.79999999999998;210;0;90
164.4;219;0;81
165.0;232;0;68
165.6;224;0;76
166.2;223;0;77
166.79999999999998;214;0;86
167.4;215;0;85
168.0;226;0;74
168.6;228;0;72
169.2;228;0;72
169.79999999999998;220;0;80
170.4;225;0;75
171.0;221;0;79
171.6;219;0;81
172.2;218;0;82
172.79999999999998;215;0;85
173.4;229;0;71
174.0;223;0;77
174.6;227;0;73
175.2;226;0;74
175.79999999999998;233;0;67
176.4;220;0;80
177.0;216;0;84
177.6;229;0;71
178.2;225;0;75
178.79999999999998;230;0;70
179.4;231;0;69
180.0;228;0;72
180.6;220;0;80
181.2;226;0;74
181.79999999999998;231;0;69
182.4;223;0;77
183.0;228;0;72
183.6;232;0;68
184.2;229;0;71
184.79999999999998;230;0;70
185.4;228;0;72
186.0;214;0;86
186.6;231;0;69
187.2;231;0;69
187.79999999999998;207;0;93
188.4;220;0;80
189.0;221;0;79
189.6;221;0;79
190.2;215;0;85
190.79999999999998;228;0;72
191.4;225;0;75
192.0;215;0;85
192.6;219;0;81
193.2;224;0;76
193.79999999999998;222;0;78
194.4;223;0;77
195.0;236;0;64
195.6;235;0;65
196.2;233;0;67
196.79999999999998;233;0;67
197.4;219;0;81
198.0;217;0;83
198.6;215;0;85
199.2;221;0;79
199.79999999999998;233;0;67
200.4;218;0;82
201.0;229;0;71
201.6;228;0;72
202.2;228;0;72
202.79999999999998;219;0;81
203.4;225;0;75
204.0;232;0;68
204.6;233;0;67
205.2;219;0;81
205.79999999999998;221;0;79
206.4;215;0;85
207.0;204;0;96
207.6;219;0;81
208.2;217;0;83
208.79999999999998;222;0;78
209.4;219;0;81
210.0;218;0;82
210.6;233;0;67
211.2;225;0;75
211.79999999999998;219;0;81
212.4;227;0;73
213.0;213;0;87
213.6;232;0;68
214.2;229;0;71
214.79999999999998;216;0;84
215.4;226;0;74
216.0;221;0;79
216.6;219;0;81
217.2;225;0;75
217.79999999999998;221;0;79
218.4;220;0;80
219.0;220;0;80
219.6;228;0;72
220.2;243;0;57
220.79999999999998;230;0;70
221.4;228;0;72
222.0;227;0;73
222.6;226;0;74
223.2;218;0;82
223.79999999999998;220;0;80
224.4;240;0;60
225.0;234;0;66
225.6;222;0;78
226.2;218;0;82
226.79999999999998;206;0;94
227.4;220;0;80
228.0;226;0;74
228.6;218;0;82
229.2;221;0;79
229.79999999999998;227;0;73
230.39999999999998;237;0;63
231.0;236;0;64
231.6;226;0;74
232.2;244;0;56
232.79999999999998;233;0;67
233.39999999999998;225;0;75
234.0;216;0;84
234.6;216;0;84
235.2;230;0;70
235.79999999999998;236;0;64
236.39999999999998;228;0;72
237.0;230;0;70
237.6;222;0;78
238.2;227;0;73
238.79999999999998;227;0;73
239.39999999999998;237;0;63
240.0;231;0;69
240.6;232;0;68
241.2;231;0;69
241.79999999999998;233;0;67
242.39999999999998;233;0;67
243.0;226;0;74
243.6;231;0;69
244.2;230;0;70
244.79999999999998;226;0;74
245.39999999999998;220;0;80
246.0;218;0;82
246.6;221;0;79
247.2;219;0;81
247.79999999999998;222;0;78
248.39999999999998;221;0;79
249.0;229;0;71
249.6;229;0;71
250.2;242;0;58
250.79999999999998;223;0;77
251.39999999999998;226;0;74
252.0;223;0;77
252.6;228;0;72
253.2;236;0;64
253.79999999999998;235;0;65
254.39999999999998;228;0;72
255.0;223;0;77
255.6;225;0;75
256.2;230;0;70
256.8;215;0;85
257.4;224;0;76
258.0;220;0;80
258.59999999999997;217;0;83
259.2;208;0;92
259.8;223;0;77
260.4;228;0;72
261.0;230;0;70
261.59999999999997;221;0;79
262.2;221;0;79
262.8;223;0;77
263.4;220;0;80
264.0;225;0;75
264.59999999999997;220;0;80
265.2;213;0;87
265.8;216;0;84
266.4;228;0;72
267.0;221;0;79
267.59999999999997;230;0;70
268.2;216;0;84
268.8;218;0;82
269.4;210;0;90
270.0;235;0;65
270.59999999999997;215;0;85
271.2;215;0;85
271.8;224;0;76
272.4;233;0;67
273.0;231;0;69
273.59999999999997;219;0;81
274.2;229;0;71
274.8;234;0;66
275.4;240;0;60
276.0;237;0;63
276.59999999999997;221;0;79
277.2;220;0;80
277.8;223;0;77
278.4;221;0;79
279.0;223;0;77
279.59999999999997;236;0;64
280.2;231;0;69
280.8;217;0;83
281.4;226;0;74
282.0;226;0;74
282.59999999999997;225;0;75
283.2;207;0;93
283.8;213;0;87
284.4;224;0;76
285.0;227;0;73
285.59999999999997;216;0;84
286.2;223;0;77
286.8;219;0;81
287.4;228;0;72
288.0;220;0;80
288.59999999999997;220;0;80
289.2;221;0;79
289.8;236;0;64
290.4;239;0;61
291.0;224;0;76
291.59999999999997;214;0;86
292.2;224;0;76
292.8;211;0;89
293.4;224;0;76
294.0;219;0;81
294.59999999999997;236;0;64
295.2;224;0;76
295.8;223;0;77
296.4;228;0;72
297.0;231;0;69
297.59999999999997;232;0;68
298.2;234;0;66
298.8;220;0;80
299.4;224;0;76
#auto generated file!
60.0;232;0;68
60.599999999999994;227;0;73
61.199999999999996;218;0;82
61.8;217;0;83
62.4;220;0;80
63.0;216;0;84
63.599999999999994;218;0;82
64.2;221;0;79
64.8;217;0;83
65.39999999999999;228;0;72
66.0;227;0;73
66.6;221;0;79
67.2;221;0;79
67.8;231;0;69
68.39999999999999;231;0;69
69.0;234;0;66
69.6;220;0;80
70.2;230;0;70
70.8;216;0;84
71.39999999999999;207;0;93
72.0;216;0;84
72.6;224;0;76
73.2;227;0;73
73.8;215;0;85
74.39999999999999;229;0;71
75.0;235;0;65
75.6;232;0;68
76.2;233;0;67
76.8;217;0;83
77.39999999999999;222;0;78
78.0;221;0;79
78.6;223;0;77
79.2;231;0;69
79.8;226;0;74
80.39999999999999;221;0;79
81.0;225;0;75
81.6;218;0;82
82.2;226;0;74
82.8;231;0;69
83.39999999999999;221;0;79
84.0;213;0;87
84.6;220;0;80
85.2;229;0;71
85.8;235;0;65
86.39999999999999;231;0;69
87.0;220;0;80
87.6;226;0;74
88.2;232;0;68
88.8;229;0;71
89.39999999999999;226;0;74
90.0;229;0;71
90.6;220;0;80
91.2;221;0;79
91.8;225;0;75
92.39999999999999;226;0;74
93.0;221;0;79
93.6;221;0;79
94.2;219;0;81
94.8;226;0;74
95.39999999999999;234;0;66
96.0;237;0;63
96.6;235;0;65
97.2;231;0;69
97.8;224;0;76
98.39999999999999;222;0;78
99.0;220;0;80
99.6;218;0;82
100.2;219;0;81
100.8;216;0;84
101.39999999999999;217;0;83
102.0;211;0;89
102.6;205;0;95
103.2;216;0;84
103.8;232;0;68
104.39999999999999;235;0;65
105.0;232;0;68
105.6;238;0;62
106.2;238;0;62
106.8;224;0;76
107.39999999999999;217;0;83
108.0;235;0;65
108.6;235;0;65
109.2;232;0;68
109.8;226;0;74
110.39999999999999;231;0;69
111.0;221;0;79
111.6;221;0;79
112.2;228;0;72
112.8;223;0;77
113.39999999999999;218;0;82
114.0;220;0;80
114.6;240;0;60
115.19999999999999;241;0;59
115.8;238;0;62
116.39999999999999;220;0;80
117.0;222;0;78
117.6;226;0;74
118.19999999999999;215;0;85
118.8;222;0;78
119.39999999999999;228;0;72
120.0;226;0;74
120.6;218;0;82
121.19999999999999;228;0;72
121.8;217;0;83
122.39999999999999;226;0;74
123.0;217;0;83
123.6;218;0;82
124.19999999999999;236;0;64
124.8;229;0;71
125.39999999999999;239;0;61
126.0;223;0;77
126.6;212;0;88
127.19999999999999;217;0;83
127.8;220;0;80
128.4;221;0;79
129.0;226;0;74
129.6;228;0;72
130.2;222;0;78
130.79999999999998;219;0;81
131.4;225;0;75
132.0;226;0;74
132.6;237;0;63
133.2;226;0;74
133.79999999999998;229;0;71
134.4;231;0;69
135.0;232;0;68
135.6;236;0;64
136.2;221;0;79
136.79999999999998;223;0;77
137.4;228;0;72
138.0;223;0;77
138.6;232;0;68
139.2;225;0;75
139.79999999999998;222;0;78
140.4;218;0;82
141.0;223;0;77
141.6;225;0;75
142.2;231;0;69
142.79999999999998;230;0;70
143.4;237;0;63
144.0;233;0;67
144.6;239;0;61
145.2;218;0;82
145.79999999999998;220;0;80
146.4;230;0;70
147.0;243;0;57
147.6;237;0;63
148.2;220;0;80
148.79999999999998;224;0;76
149.4;222;0;78
150.0;243;0;57
150.6;231;0;69
151.2;229;0;71
151.79999999999998;230;0;70
152.4;217;0;83
153.0;220;0;80
153.6;232;0;68
154.2;229;0;71
154.79999999999998;235;0;65
155.4;241;0;59
156.0;243;0;57
156.6;239;0;61
157.2;235;0;65
157.79999999999998;226;0;74
158.4;220;0;80
159.0;214;0;86
159.6;220;0;80
160.2;228;0;72
160.79999999999998;228;0;72
161.4;221;0;79
162.0;226;0;74
162.6;225;0;75
163.2;236;0;64
163.79999999999998;222;0;78
164.4;214;0;86
165.0;224;0;76
165.6;232;0;68
166.2;231;0;69
166.79999999999998;230;0;70
167.4;230;0;70
168.0;218;0;82
168.6;208;0;92
169.2;223;0;77
169.79999999999998;236;0;64
170.4;232;0;68
171.0;224;0;76
171.6;211;0;89
172.2;217;0;83
172.79999999999998;218;0;82
173.4;214;0;86
174.0;223;0;77
174.6;229;0;71
175.2;230;0;70
175.79999999999998;237;0;63
176.4;214;0;86
177.0;212;0;88
177.6;219;0;81
178.2;215;0;85
178.79999999999998;219;0;81
179.4;221;0;79
180.0;217;0;83
180.6;224;0;76
181.2;226;0;74
181.79999999999998;222;0;78
182.4;217;0;83
183.0;227;0;73
183.6;226;0;74
184.2;217;0;83
184.79999999999998;228;0;72
185.4;223;0;77
186.0;228;0;72
186.6;225;0;75
187.2;226;0;74
187.79999999999998;227;0;73
188.4;218;0;82
189.0;210;0;90
189.6;218;0;82
190.2;227;0;73
190.79999999999998;226;0;74
191.4;224;0;76
192.0;218;0;82
192.6;224;0;76
193.2;228;0;72
193.79999999999998;223;0;77
194.4;220;0;80
195.0;222;0;78
195.6;234;0;66
196.2;225;0;75
196.79999999999998;238;0;62
197.4;234;0;66
198.0;230;0;70
198.6;232;0;68
199.2;215;0;85
199.79999999999998;219;0;81
200.4;228;0;72
201.0;224;0;76
201.6;222;0;78
202.2;206;0;94
202.79999999999998;218;0;82
203.4;216;0;84
204.0;210;0;90
204.6;215;0;85
205.2;225;0;75
205.79999999999998;214;0;86
206.4;224;0;76
207.0;233;0;67
207.6;227;0;73
208.2;223;0;77
208.79999999999998;226;0;74
209.4;224;0;76
210.0;226;0;74
210.6;222;0;78
211.2;225;0;75
211.79999999999998;233;0;67
212.4;223;0;77
213.0;230;0;70
213.6;227;0;73
214.2;218;0;82
214.79999999999998;213;0;87
215.4;223;0;77
216.0;217;0;83
216.6;216;0;84
217.2;230;0;70
217.79999999999998;234;0;66
218.4;226;0;74
219.0;224;0;76
219.6;220;0;80
220.2;214;0;86
220.79999999999998;223;0;77
221.4;224;0;76
222.0;225;0;75
222.6;224;0;76
223.2;216;0;84
223.79999999999998;219;0;81
224.4;221;0;79
225.0;228;0;72
225.6;225;0;75
226.2;226;0;74
226.79999999999998;235;0;65
227.4;232;0;68
228.0;228;0;72
228.6;232;0;68
229.2;232;0;68
229.79999999999998;227;0;73
230.39999999999998;224;0;76
231.0;239;0;61
231.6;235;0;65
232.2;237;0;63
232.79999999999998;238;0;62
233.39999999999998;234;0;66
234.0;242;0;58
234.6;239;0;61
235.2;236;0;64
235.79999999999998;236;0;64
236.39999999999998;231;0;69
237.0;234;0;66
237.6;238;0;62
238.2;233;0;67
238.79999999999998;225;0;75
239.39999999999998;220;0;80
240.0;223;0;77
240.6;215;0;85
241.2;218;0;82
241.79999999999998;225;0;75
242.39999999999998;225;0;75
243.0;226;0;74
243.6;232;0;68
244.2;226;0;74
244.79999999999998;223;0;77
245.39999999999998;220;0;80
246.0;231;0;69
246.6;220;0;80
247.2;214;0;86
247.79999999999998;215;0;85
248.39999999999998;226;0;74
249.0;225;0;75
249.6;230;0;70
250.2;224;0;76
250.79999999999998;219;0;81
251.39999999999998;220;0;80
252.0;221;0;79
252.6;214;0;86
253.2;225;0;75
253.79999999999998;219;0;81
254.39999999999998;224;0;76
255.0;224;0;76
255.6;224;0;76
256.2;224;0;76
256.8;220;0;80
257.4;229;0;71
258.0;221;0;79
258.59999999999997;218;0;82
259.2;230;0;70
259.8;227;0;73
260.4;219;0;81
261.0;230;0;70
261.59999999999997;224;0;76
262.2;226;0;74
262.8;227;0;73
263.4;237;0;63
264.0;232;0;68
264.59999999999997;233;0;67
265.2;221;0;79
265.8;214;0;86
266.4;223;0;77
267.0;227;0;73
267.59999999999997;237;0;63
268.2;229;0;71
268.8;231;0;69
269.4;230;0;70
270.0;243;0;57
270.59999999999997;225;0;75
271.2;222;0;78
271.8;217;0;83
272.4;234;0;66
273.0;224;0;76
273.59999999999997;221;0;79
274.2;231;0;69
274.8;224;0;76
275.4;230;0;70
276.0;224;0;76
276.59999999999997;228;0;72
277.2;227;0;73
277.8;220;0;80
278.4;225;0;75
279.0;227;0;73
279.59999999999997;228;0;72
280.2;228;0;72
280.8;220;0;80
281.4;216;0;84
282.0;220;0;80
282.59999999999997;238;0;62
283.2;237;0;63
283.8;235;0;65
284.4;226;0;74
285.0;225;0;75
285.59999999999997;225;0;75
286.2;209;0;91
286.8;196;0;104
287.4;205;0;95
288.0;211;0;89
288.59999999999997;227;0;73
289.2;228;0;72
289.8;220;0;80
290.4;227;0;73
291.0;227;0;73
291.59999999999997;222;0;78
292.2;228;0;72
292.8;229;0;71
293.4;222;0;78
294.0;218;0;82
294.59999999999997;226;0;74
295.2;234;0;66
295.8;228;0;72
296.4;228;0;72
297.0;221;0;79
297.59999999999997;231;0;69
298.2;241;0;59
298.8;232;0;68
299.4;219;0;81
#auto generated file!
60.0;210;0;90
60.599999999999994;207;0;93
61.199999999999996;221;0;79
61.8;219;0;81
62.4;228;0;72
63.0;223;0;77
63.599999999999994;222;0;78
64.2;223;0;77
64.8;227;0;73
65.39999999999999;219;0;81
66.0;219;0;81
66.6;224;0;76
67.2;236;0;64
67.8;226;0;74
68.39999999999999;216;0;84
69.0;219;0;81
69.6;224;0;76
70.2;233;0;67
70.8;234;0;66
71.39999999999999;230;0;70
72.0;229;0;71
72.6;234;0;66
73.2;236;0;64
73.8;230;0;70
74.39999999999999;236;0;64
75.0;229;0;71
75.6;211;0;89
76.2;219;0;81
76.8;226;0;74
77.39999999999999;236;0;64
78.0;235;0;65
78.6;229;0;71
79.2;226;0;74
79.8;237;0;63
80.39999999999999;224;0;76
81.0;227;0;73
81.6;234;0;66
82.2;232;0;68
82.8;229;0;71
83.39999999999999;233;0;67
84.0;228;0;72
84.6;224;0;76
85.2;225;0;75
85.8;226;0;74
86.39999999999999;220;0;80
87.0;217;0;83
87.6;218;0;82
88.2;210;0;90
88.8;215;0;85
89.39999999999999;222;0;78
90.0;222;0;78
90.6;225;0;75
91.2;230;0;70
91.8;222;0;78
92.39999999999999;230;0;70
93.0;229;0;71
93.6;225;0;75
94.2;226;0;74
94.8;216;0;84
95.39999999999999;226;0;74
96.0;226;0;74
96.6;223;0;77
97.2;227;0;73
97.8;224;0;76
98.39999999999999;225;0;75
99.0;221;0;79
99.6;210;0;90
100.2;219;0;81
100.8;225;0;75
101.39999999999999;226;0;74
102.0;224;0;76
102.6;227;0;73
103.2;229;0;71
103.8;227;0;73
104.39999999999999;225;0;75
105.0;216;0;84
105.6;228;0;72
106.2;239;0;61
106.8;245;0;55
107.39999999999999;220;0;80
108.0;221;0;79
108.6;231;0;69
109.2;239;0;61
109.8;221;0;79
110.39999999999999;214;0;86
111.0;222;0;78
111.6;222;0;78
112.2;224;0;76
112.8;226;0;74
113.39999999999999;225;0;75
114.0;218;0;82
114.6;231;0;69
115.19999999999999;225;0;75
115.8;229;0;71
116.39999999999999;235;0;65
117.0;232;0;68
117.6;230;0;70
118.19999999999999;228;0;72
118.8;220;0;80
119.39999999999999;226;0;74
120.0;235;0;65
120.6;234;0;66
121.19999999999999;228;0;72
121.8;234;0;66
122.39999999999999;228;0;72
123.0;224;0;76
123.6;207;0;93
124.19999999999999;215;0;85
124.8;222;0;78
125.39999999999999;227;0;73
126.0;226;0;74
126.6;217;0;83
127.19999999999999;223;0;77
127.8;239;0;61
128.4;227;0;73
129.0;226;0;74
129.6;228;0;72
130.2;228;0;72
130.79999999999998;227;0;73
131.4;231;0;69
132.0;233;0;67
132.6;229;0;71
133.2;229;0;71
133.79999999999998;225;0;75
134.4;226;0;74
135.0;228;0;72
135.6;225;0;75
136.2;225;0;75
136.79999999999998;215;0;85
137.4;228;0;72
138.0;221;0;79
138.6;220;0;80
139.2;220;0;80
139.79999999999998;214;0;86
140.4;223;0;77
141.0;212;0;88
141.6;217;0;83
142.2;235;0;65
142.79999999999998;224;0;76
143.4;227;0;73
144.0;237;0;63
144.6;240;0;60
145.2;237;0;63
145.79999999999998;223;0;77
146.4;225;0;75
147.0;227;0;73
147.6;238;0;62
148.2;230;0;70
148.79999999999998;235;0;65
149.4;235;0;65
150.0;232;0;68
150.6;215;0;85
151.2;206;0;94
151.79999999999998;208;0;92
152.4;208;0;92
153.0;215;0;85
153.6;228;0;72
154.2;230;0;70
154.79999999999998;233;0;67
155.4;233;0;67
156.0;230;0;70
156.6;220;0;80
157.2;216;0;84
157.79999999999998;222;0;78
158.4;220;0;80
159.0;236;0;64
159.6;233;0;67
160.2;229;0;71
160.79999999999998;225;0;75
161.4;223;0;77
162.0;215;0;85
162.6;221;0;79
163.2;233;0;67
163.79999999999998;233;0;67
164.4;224;0;76
165.0;215;0;85
165.6;229;0;71
166.2;235;0;65
166.79999999999998;232;0;68
167.4;236;0;64
168.0;219;0;81
168.6;227;0;73
169.2;222;0;78
169.79999999999998;213;0;87
170.4;212;0;88
171.0;214;0;86
171.6;215;0;85
172.2;241;0;59
172.79999999999998;244;0;56
173.4;227;0;73
174.0;223;0;77
174.6;232;0;68
175.2;231;0;69
175.79999999999998;232;0;68
176.4;235;0;65
177.0;232;0;68
177.6;227;0;73
178.2;232;0;68
178.79999999999998;223;0;77
179.4;224;0;76
180.0;222;0;78
180.6;222;0;78
181.2;218;0;82
181.79999999999998;221;0;79
182.4;212;0;88
183.0;218;0;82
183.6;211;0;89
184.2;214;0;86
184.79999999999998;218;0;82
185.4;226;0;74
186.0;219;0;81
186.6;226;0;74
187.2;221;0;79
187.79999999999998;213;0;87
188.4;226;0;74
189.0;231;0;69
189.6;222;0;78
190.2;224;0;76
190.79999999999998;231;0;69
191.4;214;0;86
192.0;215;0;85
192.6;223;0;77
193.2;221;0;79
193.79999999999998;218;0;82
194.4;225;0;75
195.0;224;0;76
195.6;232;0;68
196.2;232;0;68
196.79999999999998;226;0;74
197.4;222;0;78
198.0;221;0;79
198.6;233;0;67
199.2;223;0;77
199.79999999999998;228;0;72
200.4;225;0;75
201.0;226;0;74
201.6;227;0;73
202.2;222;0;78
202.79999999999998;223;0;77
203.4;218;0;82
204.0;211;0;89
204.6;213;0;87
205.2;222;0;78
205.79999999999998;232;0;68
206.4;224;0;76
207.0;227;0;73
207.6;227;0;73
208.2;223;0;77
208.79999999999998;226;0;74
209.4;228;0;72
210.0;220;0;80
210.6;222;0;78
211.2;227;0;73
211.79999999999998;228;0;72
212.4;222;0;78
213.0;227;0;73
213.6;226;0;74
214.2;221;0;79
214.79999999999998;220;0;80
215.4;228;0;72
216.0;221;0;79
216.6;221;0;79
217.2;230;0;70
217.79999999999998;230;0;70
218.4;217;0;83
219.0;216;0;84
219.6;210;0;90
220.2;218;0;82
220.79999999999998;223;0;77
221.4;231;0;69
222.0;225;0;75
222.6;223;0;77
223.2;223;0;77
223.79999999999998;219;0;81
224.4;231;0;69
225.0;234;0;66
225.6;230;0;70
226.2;239;0;61
226.79999999999998;236;0;64
227.4;233;0;67
228.0;225;0;75
228.6;219;0;81
229.2;216;0;84
229.79999999999998;221;0;79
230.39999999999998;223;0;77
231.0;233;0;67
231.6;224;0;76
232.2;226;0;74
232.79999999999998;230;0;70
233.39999999999998;235;0;65
234.0;228;0;72
234.6;230;0;70
235.2;232;0;68
235.79999999999998;232;0;68
236.39999999999998;229;0;71
237.0;231;0;69
237.6;233;0;67
238.2;232;0;68
238.79999999999998;240;0;60
239.39999999999998;239;0;61
240.0;221;0;79
240.6;224;0;76
241.2;226;0;74
241.79999999999998;223;0;77
242.39999999999998;215;0;85
243.0;221;0;79
243.6;232;0;68
244.2;221;0;79
244.79999999999998;221;0;79
245.39999999999998;228;0;72
246.0;241;0;59
246.6;234;0;66
247.2;237;0;63
247.79999999999998;233;0;67
248.39999999999998;234;0;66
249.0;233;0;67
249.6;222;0;78
250.2;236;0;64
250.79999999999998;237;0;63
251.39999999999998;227;0;73
252.0;222;0;78
252.6;221;0;79
253.2;227;0;73
253.79999999999998;226;0;74
254.39999999999998;225;0;75
255.0;229;0;71
255.6;224;0;76
256.2;220;0;80
256.8;215;0;85
257.4;231;0;69
258.0;228;0;72
258.59999999999997;227;0;73
259.2;240;0;60
259.8;227;0;73
260.4;224;0;76
261.0;223;0;77
261.59999999999997;224;0;76
262.2;227;0;73
262.8;229;0;71
263.4;229;0;71
264.0;230;0;70
264.59999999999997;238;0;62
265.2;234;0;66
265.8;234;0;66
266.4;225;0;75
267.0;219;0;81
267.59999999999997;229;0;71
268.2;220;0;80
268.8;221;0;79
269.4;225;0;75
270.0;226;0;74
270.59999999999997;234;0;66
271.2;222;0;78
271.8;224;0;76
272.4;231;0;69
273.0;227;0;73
273.59999999999997;228;0;72
274.2;218;0;82
274.8;216;0;84
275.4;229;0;71
276.0;234;0;66
276.59999999999997;230;0;70
277.2;228;0;72
277.8;227;0;73
278.4;236;0;64
279.0;222;0;78
279.59999999999997;206;0;94
280.2;218;0;82
280.8;222;0;78
281.4;228;0;72
282.0;228;0;72
282.59999999999997;234;0;66
283.2;237;0;63
283.8;228;0;72
284.4;219;0;81
285.0;216;0;84
285.59999999999997;226;0;74
286.2;224;0;76
286.8;217;0;83
287.4;221;0;79
288.0;231;0;69
288.59999999999997;223;0;77
289.2;211;0;89
289.8;221;0;79
290.4;223;0;77
291.0;226;0;74
291.59999999999997;227;0;73
292.2;233;0;67
292.8;230;0;70
293.4;227;0;73
294.0;229;0;71
294.59999999999997;222;0;78
295.2;223;0;77
295.8;226;0;74
296.4;233;0;67
297.0;221;0;79
297.59999999999997;231;0;69
298.2;227;0;73
298.8;224;0;76
299.4;215;0;85
#auto generated file!
60.0;229;0;71
60.599999999999994;227;0;73
61.199999999999996;234;0;66
61.8;225;0;75
62.4;226;0;74
63.0;223;0;77
63.599999999999994;217;0;83
64.2;228;0;72
64.8;223;0;77
65.39999999999999;218;0;82
66.0;216;0;84
66.6;217;0;83
67.2;222;0;78
67.8;223;0;77
68.39999999999999;214;0;86
69.0;214;0;86
69.6;209;0;91
70.2;215;0;85
70.8;216;0;84
71.39999999999999;217;0;83
72.0;208;0;92
72.6;213;0;87
73.2;218;0;82
73.8;235;0;65
74.39999999999999;224;0;76
75.0;215;0;85
75.6;230;0;70
76.2;235;0;65
76.8;228;0;72
77.39999999999999;227;0;73
78.0;234;0;66
78.6;234;0;66
79.2;239;0;61
79.8;229;0;71
80.39999999999999;217;0;83
81.0;220;0;80
81.6;203;0;97
82.2;216;0;84
82.8;226;0;74
83.39999999999999;214;0;86
84.0;209;0;91
84.6;207;0;93
85.2;207;0;93
85.8;217;0;83
86.39999999999999;222;0;78
87.0;228;0;72
87.6;230;0;70
88.2;224;0;76
88.8;219;0;81
89.39999999999999;222;0;78
90.0;226;0;74
90.6;228;0;72
91.2;227;0;73
91.8;229;0;71
92.39999999999999;220;0;80
93.0;223;0;77
93.6;222;0;78
94.2;227;0;73
94.8;229;0;71
95.39999999999999;219;0;81
96.0;223;0;77
96.6;225;0;75
97.2;222;0;78
97.8;216;0;84
98.39999999999999;219;0;81
99.0;222;0;78
99.6;229;0;71
100.2;239;0;61
100.8;242;0;58
101.39999999999999;228;0;72
102.0;233;0;67
102.6;214;0;86
103.2;225;0;75
103.8;210;0;90
104.39999999999999;221;0;79
105.0;236;0;64
105.6;234;0;66
106.2;223;0;77
106.8;232;0;68
107.39999999999999;230;0;70
108.0;231;0;69
108.6;218;0;82
109.2;221;0;79
109.8;240;0;60
110.39999999999999;224;0;76
111.0;229;0;71
111.6;215;0;85
112.2;222;0;78
112.8;208;0;92
113.39999999999999;214;0;86
114.0;218;0;82
114.6;219;0;81
115.19999999999999;221;0;79
115.8;219;0;81
116.39999999999999;221;0;79
117.0;222;0;78
117.6;230;0;70
118.19999999999999;235;0;65
118.8;233;0;67
119.39999999999999;228;0;72
120.0;219;0;81
120.6;234;0;66
121.19999999999999;227;0;73
121.8;227;0;73
122.39999999999999;220;0;80
123.0;224;0;76
123.6;228;0;72
124.19999999999999;233;0;67
124.8;230;0;70
125.39999999999999;217;0;83
126.0;229;0;71
126.6;226;0;74
127.19999999999999;243;0;57
127.8;223;0;77
128.4;225;0;75
129.0;223;0;77
129.6;215;0;85
130.2;228;0;72
130.79999999999998;228;0;72
131.4;218;0;82
132.0;214;0;86
132.6;216;0;84
133.2;224;0;76
133.79999999999998;229;0;71
134.4;223;0;77
135.0;229;0;71
135.6;228;0;72
136.2;218;0;82
136.79999999999998;225;0;75
137.4;225;0;75
138.0;230;0;70
138.6;228;0;72
139.2;233;0;67
139.79999999999998;223;0;77
140.4;219;0;81
141.0;226;0;74
141.6;219;0;81
142.2;209;0;91
142.79999999999998;218;0;82
143.4;210;0;90
144.0;226;0;74
144.6;229;0;71
145.2;233;0;67
145.79999999999998;228;0;72
146.4;225;0;75
147.0;230;0;70
147.6;227;0;73
148.2;215;0;85
148.79999999999998;218;0;82
149.4;220;0;80
150.0;222;0;78
150.6;222;0;78
151.2;216;0;84
151.79999999999998;216;0;84
152.4;225;0;75
153.0;224;0;76
153.6;214;0;86
154.2;228;0;72
154.79999999999998;218;0;82
155.4;231;0;69
156.0;243;0;57
156.6;236;0;64
157.2;226;0;74
157.79999999999998;217;0;83
158.4;226;0;74
159.0;222;0;78
159.6;223;0;77
160.2;220;0;80
160.79999999999998;234;0;66
161.4;229;0;71
162.0;229;0;71
162.6;230;0;70
163.2;223;0;77
163.79999999999998;222;0;78
164.4;213;0;87
165.0;215;0;85
165.6;225;0;75
166.2;222;0;78
166.79999999999998;235;0;65
167.4;240;0;60
168.0;219;0;81
168.6;230;0;70
169.2;228;0;72
169.79999999999998;221;0;79
170.4;214;0;86
171.0;219;0;81
171.6;231;0;69
172.2;222;0;78
172.79999999999998;230;0;70
173.4;227;0;73
174.0;221;0;79
174.6;219;0;81
175.2;214;0;86
175.79999999999998;222;0;78
176.4;231;0;69
177.0;222;0;78
177.6;214;0;86
178.2;212;0;88
178.79999999999998;227;0;73
179.4;225;0;75
180.0;219;0;81
180.6;228;0;72
181.2;219;0;81
181.79999999999998;223;0;77
182.4;219;0;81
183.0;220;0;80
183.6;218;0;82
184.2;223;0;77
184.79999999999998;220;0;80
185.4;217;0;83
186.0;215;0;85
186.6;238;0;62
187.2;239;0;61
187.79999999999998;246;0;54
188.4;227;0;73
189.0;232;0;68
189.6;223;0;77
190.2;221;0;79
190.79999999999998;222;0;78
191.4;228;0;72
192.0;240;0;60
192.6;238;0;62
193.2;216;0;84
193.79999999999998;220;0;80
194.4;220;0;80
195.0;223;0;77
195.6;228;0;72
196.2;226;0;74
196.79999999999998;230;0;70
197.4;216;0;84
198.0;220;0;80
198.6;222;0;78
199.2;222;0;78
199.79999999999998;231;0;69
200.4;228;0;72
201.0;235;0;65
201.6;244;0;56
202.2;248;0;52
202.79999999999998;235;0;65
203.4;225;0;75
204.0;227;0;73
204.6;226;0;74
205.2;229;0;71
205.79999999999998;227;0;73
206.4;225;0;75
207.0;225;0;75
207.6;216;0;84
208.2;227;0;73
208.79999999999998;232;0;68
209.4;226;0;74
210.0;222;0;78
210.6;221;0;79
211.2;217;0;83
211.79999999999998;215;0;85
212.4;231;0;69
213.0;224;0;76
213.6;220;0;80
214.2;212;0;88
214.79999999999998;229;0;71
215.4;234;0;66
216.0;235;0;65
216.6;233;0;67
217.2;231;0;69
217.79999999999998;232;0;68
218.4;224;0;76
219.0;217;0;83
219.6;215;0;85
220.2;219;0;81
220.79999999999998;214;0;86
221.4;207;0;93
222.0;220;0;80
222.6;214;0;86
223.2;235;0;65
223.79999999999998;233;0;67
224.4;237;0;63
225.0;233;0;67
225.6;225;0;75
226.2;215;0;85
226.79999999999998;215;0;85
227.4;220;0;80
228.0;224;0;76
228.6;226;0;74
229.2;220;0;80
229.79999999999998;233;0;67
230.39999999999998;234;0;66
231.0;236;0;64
231.6;223;0;77
232.2;222;0;78
232.79999999999998;222;0;78
233.39999999999998;217;0;83
234.0;226;0;74
234.6;221;0;79
235.2;220;0;80
235.79999999999998;213;0;87
236.39999999999998;216;0;84
237.0;205;0;95
237.6;222;0;78
238.2;223;0;77
238.79999999999998;220;0;80
239.39999999999998;217;0;83
240.0;224;0;76
240.6;231;0;69
241.2;229;0;71
241.79999999999998;207;0;93
242.39999999999998;217;0;83
243.0;226;0;74
243.6;213;0;87
244.2;221;0;79
244.79999999999998;223;0;77
245.39999999999998;224;0;76
246.0;228;0;72
246.6;231;0;69
247.2;218;0;82
247.79999999999998;227;0;73
248.39999999999998;231;0;69
249.0;221;0;79
249.6;226;0;74
250.2;230;0;70
250.79999999999998;228;0;72
251.39999999999998;228;0;72
252.0;230;0;70
252.6;231;0;69
253.2;220;0;80
253.79999999999998;220;0;80
254.39999999999998;210;0;90
255.0;223;0;77
255.6;231;0;69
256.2;226;0;74
256.8;227;0;73
257.4;228;0;72
258.0;238;0;62
258.59999999999997;233;0;67
259.2;227;0;73
259.8;220;0;80
260.4;216;0;84
261.0;213;0;87
261.59999999999997;218;0;82
262.2;222;0;78
262.8;215;0;85
263.4;224;0;76
264.0;212;0;88
264.59999999999997;222;0;78
265.2;233;0;67
265.8;228;0;72
266.4;224;0;76
267.0;232;0;68
267.59999999999997;219;0;81
268.2;238;0;62
268.8;224;0;76
269.4;225;0;75
270.0;232;0;68
270.59999999999997;227;0;73
271.2;227;0;73
271.8;234;0;66
272.4;230;0;70
273.0;215;0;85
273.59999999999997;225;0;75
274.2;226;0;74
274.8;238;0;62
275.4;225;0;75
276.0;236;0;64
276.59999999999997;236;0;64
277.2;222;0;78
277.8;221;0;79
278.4;231;0;69
279.0;224;0;76
279.59999999999997;226;0;74
280.2;217;0;83
280.8;224;0;76
281.4;224;0;76
282.0;209;0;91
282.59999999999997;206;0;94
283.2;214;0;86
283.8;212;0;88
284.4;219;0;81
285.0;215;0;85
285.59999999999997;226;0;74
286.2;222;0;78
286.8;234;0;66
287.4;227;0;73
288.0;217;0;83
288.59999999999997;225;0;75
289.2;225;0;75
289.8;226;0;74
290.4;229;0;71
291.0;228;0;72
291.59999999999997;229;0;71
292.2;220;0;80
292.8;215;0;85
293.4;221;0;79
294.0;223;0;77
294.59999999999997;225;0;75
295.2;240;0;60
295.8;233;0;67
296.4;228;0;72
297.0;220;0;80
297.59999999999997;223;0;77
298.2;224;0;76
298.8;230;0;70
299.4;212;0;88
