#auto generated file!
151;55;21;0;18.388668431363485;14.281734756472336;4.106933674891152;219.02952380952368;0.0;34;0
151;55;21;0;18.388668431363485;14.281734756472336;4.106933674891152
0;0;0;0;0.0;0.0;0.0
#auto generated file!
110;57;17;0;20.268831225304655;16.250105492554145;4.018725732750525;238.29285714285723;0.0;40;0
110;57;17;0;20.268831225304655;16.250105492554145;4.018725732750525
0;0;0;0;0.0;0.0;0.0
#auto generated file!
115;55;18;0;17.710150754273503;13.706300962486852;4.003849791786655;234.82142857142833;0.0;37;0
115;55;18;0;17.710150754273503;13.706300962486852;4.003849791786655
0;0;0;0;0.0;0.0;0.0
#auto generated file!
119;31;10;0;20.116937891014114;16.373704328890117;3.7432335621239847;233.44071428571425;0.0;21;0
119;31;10;0;20.116937891014114;16.373704328890117;3.7432335621239847
0;0;0;0;0.0;0.0;0.0
#auto generated file!
104;27;9;0;17.29777610492941;13.306263072064446;3.9915130328649746;221.58095238095243;0.0;18;0
104;27;9;0;17.29777610492941;13.306263072064446;3.9915130328649746
0;0;0;0;0.0;0.0;0.0
#auto generated file!
141;27;13;0;16.027064370649626;11.97026231408034;4.056802056569294;220.6054761904762;0.0;14;0
141;27;13;0;16.027064370649626;11.97026231408034;4.056802056569294
0;0;0;0;0.0;0.0;0.0
#auto generated file!
91;43;10;0;18.542354417095744;14.42786406374001;4.114490353355746;219.9776190476191;0.0;33;0
91;43;10;0;18.542354417095744;14.42786406374001;4.114490353355746
0;0;0;0;0.0;0.0;0.0
#auto generated file!
144;44;13;0;19.51793791173066;15.34115977272014;4.17677813901052;254.85309523809525;0.0;31;0
144;44;13;0;19.51793791173066;15.34115977272014;4.17677813901052
0;0;0;0;0.0;0.0;0.0
#auto generated file!
114;53;19;0;19.51207510576477;15.659128432498006;3.852946673266762;242.09047619047627;0.0;34;0
114;53;19;0;19.51207510576477;15.659128432498006;3.852946673266762
0;0;0;0;0.0;0.0;0.0
#auto generated file!
99;56;16;0;16.36140505582341;12.387509217490804;3.9738958383326075;232.22952380952378;0.0;40;0
99;56;16;0;16.36140505582341;12.387509217490804;3.9738958383326075
0;0;0;0;0.0;0.0;0.0
