#auto generated file!
77;5;5;0;7.717363274251021;3.890831013999587;3.8265322602514393;114.23690476190474;0.0;0;0
77;5;5;0;7.717363274251021;3.890831013999587;3.8265322602514393
0;0;0;0;0.0;0.0;0.0
#auto generated file!
69;6;6;0;13.157046999038274;9.028236893378272;4.128810105659996;116.92500000000004;0.0;0;0
69;6;6;0;13.157046999038274;9.028236893378272;4.128810105659996
0;0;0;0;0.0;0.0;0.0
#auto generated file!
55;2;2;0;11.628999737729748;7.892585877423319;3.7364138603064285;116.64333333333332;0.0;0;0
55;2;2;0;11.628999737729748;7.892585877423319;3.7364138603064285
0;0;0;0;0.0;0.0;0.0
#auto generated file!
73;3;3;0;10.177004300378606;6.207302167798793;3.9697021325798127;89.64095238095237;0.0;0;0
73;3;3;0;10.177004300378606;6.207302167798793;3.9697021325798127
0;0;0;0;0.0;0.0;0.0
#auto generated file!
64;1;1;0;12.300545387514772;8.43205552636843;3.8684898611463407;126.8078571428571;0.0;0;0
64;1;1;0;12.300545387514772;8.43205552636843;3.8684898611463407
0;0;0;0;0.0;0.0;0.0
#auto generated file!
61;8;8;0;9.065815688743301;5.1506944020572245;3.915121286686075;124.09190476190483;0.0;0;0
61;8;8;0;9.065815688743301;5.1506944020572245;3.915121286686075
0;0;0;0;0.0;0.0;0.0
#auto generated file!
91;13;13;0;13.943073441964302;10.095383865473446;3.847689576490852;123.67999999999992;0.0;0;0
91;13;13;0;13.943073441964302;10.095383865473446;3.847689576490852
0;0;0;0;0.0;0.0;0.0
#auto generated file!
71;3;3;0;11.63384904131664;7.670078526505212;3.963770514811432;119.93499999999997;0.0;0;0
71;3;3;0;11.63384904131664;7.670078526505212;3.963770514811432
0;0;0;0;0.0;0.0;0.0
#auto generated file!
82;4;4;0;10.342397267409057;6.5354214959315255;3.806975771477524;103.85023809523823;0.0;0;0
82;4;4;0;10.342397267409057;6.5354214959315255;3.806975771477524
0;0;0;0;0.0;0.0;0.0
#auto generated file!
82;5;5;0;10.1887550990357;6.436247180436742;3.7525079185989574;106.49404761904754;0.0;0;0
82;5;5;0;10.1887550990357;6.436247180436742;3.7525079185989574
0;0;0;0;0.0;0.0;0.0
