#auto generated file!
81;278;2168;306;67.69513454124947;63.463664814524236;4.231469726725237;268.2890476190476;0.0;2051;0
81;278;2168;306;0.0;0.0;0.0
0;0;0;0;0.0;0.0;0.0
#auto generated file!
57;337;2317;385;49.61523557876433;45.65823033327067;3.9570052454936744;288.8207142857142;0.0;2346;0
57;337;2317;385;0.0;0.0;0.0
0;0;0;0;0.0;0.0;0.0
#auto generated file!
63;263;2242;368;69.49656813888083;65.32991268749959;4.166655451381254;274.60095238095255;0.0;1918;0
63;263;2242;368;0.0;0.0;0.0
0;0;0;0;0.0;0.0;0.0
#auto generated file!
72;304;2258;309;50.577002508066144;46.26537547236449;4.311627035701658;278.41499999999996;0.0;2279;0
72;304;2258;309;0.0;0.0;0.0
0;0;0;0;0.0;0.0;0.0
#auto generated file!
69;262;2285;364;92.79934116155083;88.83306602544107;3.96627513610975;281.1573809523809;0.0;2105;0
69;262;2285;364;0.0;0.0;0.0
0;0;0;0;0.0;0.0;0.0
#auto generated file!
82;346;2276;409;42.91589384265829;38.85884498835513;4.0570488543031455;328.047380952381;0.0;2593;0
82;346;2276;409;0.0;0.0;0.0
0;0;0;0;0.0;0.0;0.0
#auto generated file!
84;288;2379;366;42.86737769897801;38.61563505781695;4.251742641161067;267.27404761904774;0.0;1914;0
84;288;2379;366;0.0;0.0;0.0
0;0;0;0;0.0;0.0;0.0
#auto generated file!
77;191;2277;295;77.3976492798323;73.67194157624887;3.725707703583398;244.51666666666674;0.0;1530;0
77;191;2277;295;0.0;0.0;0.0
0;0;0;0;0.0;0.0;0.0
#auto generated file!
67;340;2200;324;87.27581206317637;82.73192802045581;4.543884042720545;279.6319047619047;0.0;2319;0
67;340;2200;324;0.0;0.0;0.0
0;0;0;0;0.0;0.0;0.0
#auto generated file!
74;203;2299;365;51.42554573600943;47.45336348584712;3.972182250162308;266.1969047619046;0.0;1812;0
74;203;2299;365;0.0;0.0;0.0
0;0;0;0;0.0;0.0;0.0
