#auto generated file!
14;2;2;0;10.57098081724597;6.935397124703177;3.6355836925427925;19.39476190476188;0.0;0;0
14;2;2;0;10.57098081724597;6.935397124703177;3.6355836925427925
0;0;0;0;0.0;0.0;0.0
#auto generated file!
19;3;3;0;20.35537568889625;16.5715069832733;3.7838687056229556;34.02761904761903;0.0;0;0
19;3;3;0;20.35537568889625;16.5715069832733;3.7838687056229556
0;0;0;0;0.0;0.0;0.0
#auto generated file!
10;1;1;0;24.405413199815168;20.198898630119125;4.206514569696052;30.139999999999993;0.0;0;0
10;1;1;0;24.405413199815168;20.198898630119125;4.206514569696052
0;0;0;0;0.0;0.0;0.0
#auto generated file!
18;6;6;0;19.808242112241125;16.045917834001685;3.762324278239441;28.805952380952395;0.0;0;0
18;6;6;0;19.808242112241125;16.045917834001685;3.762324278239441
0;0;0;0;0.0;0.0;0.0
#auto generated file!
20;3;3;0;10.095681029589954;6.488402322881899;3.6072787067080556;19.835;0.0;0;0
20;3;3;0;10.095681029589954;6.488402322881899;3.6072787067080556
0;0;0;0;0.0;0.0;0.0
#auto generated file!
13;0;0;0;11.57604736603978;7.372831501078297;4.203215864961483;32.3457142857143;0.0;0;0
13;0;0;0;11.57604736603978;7.372831501078297;4.203215864961483
0;0;0;0;0.0;0.0;0.0
#auto generated file!
13;2;2;0;33.38668755997646;29.182865212951704;4.2038223470247535;23.658095238095218;0.0;0;0
13;2;2;0;33.38668755997646;29.182865212951704;4.2038223470247535
0;0;0;0;0.0;0.0;0.0
#auto generated file!
20;1;1;0;37.424656840464856;33.22022115540175;4.204435685063111;32.693333333333335;0.0;0;0
20;1;1;0;37.424656840464856;33.22022115540175;4.204435685063111
0;0;0;0;0.0;0.0;0.0
#auto generated file!
13;0;0;0;14.597260741856527;10.70186396134134;3.8953967805151857;14.187619047619044;0.0;0;0
13;0;0;0;14.597260741856527;10.70186396134134;3.8953967805151857
0;0;0;0;0.0;0.0;0.0
#auto generated file!
14;4;4;0;18.430513813426895;14.511904788277477;3.918609025149416;25.02690476190474;0.0;0;0
14;4;4;0;18.430513813426895;14.511904788277477;3.918609025149416
0;0;0;0;0.0;0.0;0.0
