#auto generated file!
1;3;50;0;15.41694909839211;11.07432857200788;4.342620526384229;253.4602380952383;0.0;13;0
1;3;50;0;0.0;0.0;0.0
0;0;0;0;0.0;0.0;0.0
#auto generated file!
0;4;33;1;0.0;0.0;0.0;264.7311904761905;0.0;20;0
0;4;33;1;0.0;0.0;0.0
0;0;0;0;0.0;0.0;0.0
#auto generated file!
2;3;50;3;21.893686665318185;17.278570730432556;4.615115934885631;242.17357142857145;0.0;13;0
2;3;50;3;0.0;0.0;0.0
0;0;0;0;0.0;0.0;0.0
#auto generated file!
0;3;59;1;0.0;0.0;0.0;270.3669047619049;0.0;15;0
0;3;59;1;0.0;0.0;0.0
0;0;0;0;0.0;0.0;0.0
#auto generated file!
0;1;59;1;0.0;0.0;0.0;246.81928571428583;0.0;3;0
0;1;59;1;0.0;0.0;0.0
0;0;0;0;0.0;0.0;0.0
#auto generated file!
1;1;50;1;10.284436416131669;9.571336151798484;0.713100264333186;253.87428571428575;0.0;5;0
1;1;50;1;0.0;0.0;0.0
0;0;0;0;0.0;0.0;0.0
#auto generated file!
4;0;52;1;9.35214854784283;6.008750630702707;3.3433979171401225;270.87952380952373;0.0;16;0
4;0;52;1;0.0;0.0;0.0
0;0;0;0;0.0;0.0;0.0
#auto generated file!
1;2;38;2;18.868795751228532;18.546068205074054;0.32272754615447985;240.72119047619057;0.0;11;0
1;2;38;2;0.0;0.0;0.0
0;0;0;0;0.0;0.0;0.0
#auto generated file!
4;3;34;1;10.783327492377339;6.381575418211685;4.401752074165654;272.0040476190479;0.0;19;0
4;3;34;1;0.0;0.0;0.0
0;0;0;0;0.0;0.0;0.0
#auto generated file!
0;0;64;1;0.0;0.0;0.0;223.99166666666642;0.0;8;0
0;0;64;1;0.0;0.0;0.0
0;0;0;0;0.0;0.0;0.0
