#auto generated file!
1448;1172;495;0;53.50020748199505;49.49971476506689;4.00049271692813;207.12047619047615;0.0;677;0
1448;1172;495;0;53.50020748199505;49.49971476506689;4.00049271692813
0;0;0;0;0.0;0.0;0.0
#auto generated file!
1390;1019;447;0;51.975489888726784;47.956787158262955;4.018702730463819;185.22476190476192;0.0;572;0
1390;1019;447;0;51.975489888726784;47.956787158262955;4.018702730463819
0;0;0;0;0.0;0.0;0.0
#auto generated file!
1482;1331;519;0;53.30954536680178;49.329809593204985;3.979735773596764;219.65214285714268;0.0;812;0
1482;1331;519;0;53.30954536680178;49.329809593204985;3.979735773596764
0;0;0;0;0.0;0.0;0.0
#auto generated file!
1356;989;502;0;50.75204332284417;46.74551456542779;4.006528757416358;188.77880952380943;0.0;487;0
1356;989;502;0;50.75204332284417;46.74551456542779;4.006528757416358
0;0;0;0;0.0;0.0;0.0
#auto generated file!
1371;1607;545;0;56.852556976787916;52.799573469867106;4.052983506920727;236.5926190476192;0.0;1062;0
1371;1607;545;0;56.852556976787916;52.799573469867106;4.052983506920727
0;0;0;0;0.0;0.0;0.0
#auto generated file!
1378;1232;525;0;52.50005697406959;48.4671973188444;4.032859655225174;205.4199999999999;0.0;707;0
1378;1232;525;0;52.50005697406959;48.4671973188444;4.032859655225174
0;0;0;0;0.0;0.0;0.0
#auto generated file!
1437;1691;524;0;54.72655584111213;50.74711386965079;3.979441971461245;224.40547619047618;0.0;1167;0
1437;1691;524;0;54.72655584111213;50.74711386965079;3.979441971461245
0;0;0;0;0.0;0.0;0.0
#auto generated file!
1405;1524;546;0;57.138563354903546;53.17285122778942;3.9657121271140188;218.06809523809528;0.0;978;0
1405;1524;546;0;57.138563354903546;53.17285122778942;3.9657121271140188
0;0;0;0;0.0;0.0;0.0
#auto generated file!
1479;1202;485;0;52.8233218957901;48.784262386433674;4.039059509356415;208.1428571428572;0.0;717;0
1479;1202;485;0;52.8233218957901;48.784262386433674;4.039059509356415
0;0;0;0;0.0;0.0;0.0
#auto generated file!
1371;1404;612;0;52.572706837294106;48.5506164485005;4.022090388793563;208.35404761904758;0.0;792;0
1371;1404;612;0;52.572706837294106;48.5506164485005;4.022090388793563
0;0;0;0;0.0;0.0;0.0
