#auto generated file!
5;0;29;0;16.466321228472037;13.01545419457915;3.450867033892888;123.5107142857143;0.0;0;0
5;0;29;0;0.0;0.0;0.0
0;0;0;0;0.0;0.0;0.0
#auto generated file!
0;0;21;0;0.0;0.0;0.0;115.87190476190477;0.0;0;0
0;0;21;0;0.0;0.0;0.0
0;0;0;0;0.0;0.0;0.0
#auto generated file!
0;0;28;0;0.0;0.0;0.0;114.83880952380952;0.0;0;0
0;0;28;0;0.0;0.0;0.0
0;0;0;0;0.0;0.0;0.0
#auto generated file!
0;0;37;0;0.0;0.0;0.0;80.17976190476182;0.0;0;0
0;0;37;0;0.0;0.0;0.0
0;0;0;0;0.0;0.0;0.0
#auto generated file!
0;0;29;0;0.0;0.0;0.0;84.0942857142858;0.0;0;0
0;0;29;0;0.0;0.0;0.0
0;0;0;0;0.0;0.0;0.0
#auto generated file!
0;0;31;0;0.0;0.0;0.0;68.28285714285711;0.0;0;0
0;0;31;0;0.0;0.0;0.0
0;0;0;0;0.0;0.0;0.0
#auto generated file!
0;0;30;0;0.0;0.0;0.0;83.08809523809529;0.0;0;0
0;0;30;0;0.0;0.0;0.0
0;0;0;0;0.0;0.0;0.0
#auto generated file!
0;0;28;0;0.0;0.0;0.0;105.2378571428572;0.0;0;0
0;0;28;0;0.0;0.0;0.0
0;0;0;0;0.0;0.0;0.0
#auto generated file!
0;0;34;0;0.0;0.0;0.0;99.50476190476184;0.0;0;0
0;0;34;0;0.0;0.0;0.0
0;0;0;0;0.0;0.0;0.0
#auto generated file!
0;0;19;0;0.0;0.0;0.0;65.84904761904762;0.0;0;0
0;0;19;0;0.0;0.0;0.0
0;0;0;0;0.0;0.0;0.0
