#auto generated file!
57;154;2124;45;59.34586524456875;55.442519385110415;3.903345859458325;253.4602380952383;0.0;1282;0
57;154;2124;45;0.0;0.0;0.0
0;0;0;0;0.0;0.0;0.0
#auto generated file!
49;281;1921;56;109.68791436016593;105.52666919914881;4.161245161017123;264.7311904761905;0.0;1871;0
49;281;1921;56;0.0;0.0;0.0
0;0;0;0;0.0;0.0;0.0
#auto generated file!
51;221;1967;38;64.55522362185049;60.55604147682211;3.9991821450284055;242.17357142857145;0.0;1269;0
51;221;1967;38;0.0;0.0;0.0
0;0;0;0;0.0;0.0;0.0
#auto generated file!
46;231;1981;50;104.20027692291175;100.05613958513216;4.144137337779519;270.3669047619049;0.0;1732;0
46;231;1981;50;0.0;0.0;0.0
0;0;0;0;0.0;0.0;0.0
#auto generated file!
39;202;2015;44;52.11368746336645;48.53469951417845;3.5789879491880083;246.81928571428583;0.0;1538;0
39;202;2015;44;0.0;0.0;0.0
0;0;0;0;0.0;0.0;0.0
#auto generated file!
46;196;1899;41;68.92100500449993;65.18343124880333;3.737573755696584;253.87428571428575;0.0;1602;0
46;196;1899;41;0.0;0.0;0.0
0;0;0;0;0.0;0.0;0.0
#auto generated file!
50;265;2078;52;75.6111830771588;71.89903530035276;3.7121477768060585;270.87952380952373;0.0;1833;0
50;265;2078;52;0.0;0.0;0.0
0;0;0;0;0.0;0.0;0.0
#auto generated file!
37;172;2062;45;56.822669147616296;53.14910133048397;3.673567817132313;240.72119047619057;0.0;1248;0
37;172;2062;45;0.0;0.0;0.0
0;0;0;0;0.0;0.0;0.0
#auto generated file!
41;262;2033;26;46.62187673926944;42.72990384411671;3.8919728951527155;272.0040476190479;0.0;1815;0
41;262;2033;26;0.0;0.0;0.0
0;0;0;0;0.0;0.0;0.0
#auto generated file!
40;161;1927;36;101.84428077934507;97.79243247298345;4.0518483063616255;223.99166666666642;0.0;1057;0
40;161;1927;36;0.0;0.0;0.0
0;0;0;0;0.0;0.0;0.0
