#auto generated file!
367;63;63;0;27.92243219803979;24.01228106552712;3.9101511325126954;19.39476190476188;0.0;0;0
367;63;63;0;27.92243219803979;24.01228106552712;3.9101511325126954
0;0;0;0;0.0;0.0;0.0
#auto generated file!
611;76;76;0;30.716960046427484;26.754771248647994;3.9621887977794152;34.02761904761903;0.0;0;0
611;76;76;0;30.716960046427484;26.754771248647994;3.9621887977794152
0;0;0;0;0.0;0.0;0.0
#auto generated file!
521;94;94;0;29.37861669809349;25.496525389798986;3.88209130829452;30.139999999999993;0.0;0;0
521;94;94;0;29.37861669809349;25.496525389798986;3.88209130829452
0;0;0;0;0.0;0.0;0.0
#auto generated file!
511;67;67;0;30.701424820770715;26.77105110948069;3.930373711290026;28.805952380952395;0.0;0;0
511;67;67;0;30.701424820770715;26.77105110948069;3.930373711290026
0;0;0;0;0.0;0.0;0.0
#auto generated file!
425;56;56;0;25.966660070773916;22.016070475534523;3.950589595239365;19.835;0.0;0;0
425;56;56;0;25.966660070773916;22.016070475534523;3.950589595239365
0;0;0;0;0.0;0.0;0.0
#auto generated file!
580;93;93;0;30.55610107492349;26.599730991434015;3.9563700834894617;32.3457142857143;0.0;0;0
580;93;93;0;30.55610107492349;26.599730991434015;3.9563700834894617
0;0;0;0;0.0;0.0;0.0
#auto generated file!
479;68;68;0;28.080391249596904;24.27695675828361;3.803434491313313;23.658095238095218;0.0;0;0
479;68;68;0;28.080391249596904;24.27695675828361;3.803434491313313
0;0;0;0;0.0;0.0;0.0
#auto generated file!
583;102;102;0;29.363130967951466;25.508347936160053;3.8547830317913916;32.693333333333335;0.0;0;0
583;102;102;0;29.363130967951466;25.508347936160053;3.8547830317913916
0;0;0;0;0.0;0.0;0.0
#auto generated file!
316;40;40;0;23.83258770144164;19.96936071017153;3.8632269912701114;14.187619047619044;0.0;0;0
316;40;40;0;23.83258770144164;19.96936071017153;3.8632269912701114
0;0;0;0;0.0;0.0;0.0
#auto generated file!
474;82;82;0;28.750999923766486;24.833120731638523;3.917879192127986;25.02690476190474;0.0;0;0
474;82;82;0;28.750999923766486;24.833120731638523;3.917879192127986
0;0;0;0;0.0;0.0;0.0
