#auto generated file!
57;106;2224;0;34.68932678874224;30.985862318834823;3.7034644699074235;200.06666666666675;0.0;642;0
57;106;2224;0;0.0;0.0;0.0
0;0;0;0;0.0;0.0;0.0
#auto generated file!
46;152;2258;0;68.3318369429694;64.75856883898987;3.57326810397954;225.31166666666678;0.0;1152;0
46;152;2258;0;0.0;0.0;0.0
0;0;0;0;0.0;0.0;0.0
#auto generated file!
48;77;2444;0;65.35499643971039;61.224023926605476;4.1309725131049175;190.6776190476191;0.0;424;0
48;77;2444;0;0.0;0.0;0.0
0;0;0;0;0.0;0.0;0.0
#auto generated file!
52;117;2261;0;70.75393175776564;66.88782020981165;3.866111547954005;209.47238095238086;0.0;870;0
52;117;2261;0;0.0;0.0;0.0
0;0;0;0;0.0;0.0;0.0
#auto generated file!
72;138;2364;0;56.9207513006844;53.06418985349238;3.8565614471920404;216.7350000000001;0.0;901;0
72;138;2364;0;0.0;0.0;0.0
0;0;0;0;0.0;0.0;0.0
#auto generated file!
73;151;2362;0;54.542120583945135;50.64815306000762;3.893967523937523;214.57119047619054;0.0;774;0
73;151;2362;0;0.0;0.0;0.0
0;0;0;0;0.0;0.0;0.0
#auto generated file!
104;140;2304;1;44.64438800804697;40.99754005761372;3.6468479504332723;220.92952380952372;0.0;843;0
104;140;2304;1;0.0;0.0;0.0
0;0;0;0;0.0;0.0;0.0
#auto generated file!
94;95;2272;1;35.729737924622675;31.647378162052956;4.0823597625697206;181.940476190476;0.0;545;0
94;95;2272;1;0.0;0.0;0.0
0;0;0;0;0.0;0.0;0.0
#auto generated file!
75;140;2350;2;47.423845577655214;43.34301607978864;4.080829497866564;221.8297619047621;0.0;845;0
75;140;2350;2;0.0;0.0;0.0
0;0;0;0;0.0;0.0;0.0
#auto generated file!
77;174;2258;0;46.56064339057073;42.550225845756614;4.0104175448141115;225.45190476190476;0.0;1016;0
77;174;2258;0;0.0;0.0;0.0
0;0;0;0;0.0;0.0;0.0
