#auto generated file!
27;6;155;21;51.60406649637747;47.45686203557157;4.147204460805888;268.2890476190476;0.0;68;0
27;6;155;21;0.0;0.0;0.0
0;0;0;0;0.0;0.0;0.0
#auto generated file!
5;7;151;18;26.765030198469777;22.211723056574865;4.553307141894913;288.8207142857142;0.0;74;0
5;7;151;18;0.0;0.0;0.0
0;0;0;0;0.0;0.0;0.0
#auto generated file!
2;14;202;32;11.523642867138477;7.080280640059341;4.443362227079136;274.60095238095255;0.0;80;0
2;14;202;32;0.0;0.0;0.0
0;0;0;0;0.0;0.0;0.0
#auto generated file!
27;16;155;16;24.124406802306492;19.805407438878248;4.318999363428241;278.41499999999996;0.0;124;0
27;16;155;16;0.0;0.0;0.0
0;0;0;0;0.0;0.0;0.0
#auto generated file!
8;8;178;19;60.115388435272585;56.75444297608708;3.360945459185515;281.1573809523809;0.0;74;0
8;8;178;19;0.0;0.0;0.0
0;0;0;0;0.0;0.0;0.0
#auto generated file!
8;18;109;32;26.99859231607885;23.028759058567843;3.9698332575110085;328.047380952381;0.0;116;0
8;18;109;32;0.0;0.0;0.0
0;0;0;0;0.0;0.0;0.0
#auto generated file!
24;16;215;26;32.43153732475543;28.12393192818087;4.307605396574568;267.27404761904774;0.0;109;0
24;16;215;26;0.0;0.0;0.0
0;0;0;0;0.0;0.0;0.0
#auto generated file!
11;11;162;10;45.27999940602258;41.3003776718026;3.979621734219984;244.51666666666674;0.0;85;0
11;11;162;10;0.0;0.0;0.0
0;0;0;0;0.0;0.0;0.0
#auto generated file!
4;15;151;14;71.63050112458231;67.31848569204062;4.312015432541674;279.6319047619047;0.0;99;0
4;15;151;14;0.0;0.0;0.0
0;0;0;0;0.0;0.0;0.0
#auto generated file!
16;7;171;24;28.522503318393962;24.458872364618756;4.063630953775205;266.1969047619046;0.0;90;0
16;7;171;24;0.0;0.0;0.0
0;0;0;0;0.0;0.0;0.0
