#auto generated file!
3;0;58;16;4.207049628814502;1.1366666666666647;3.0703829621478373;282.53833333333336;0.0;10;0
3;0;58;16;0.0;0.0;0.0
0;0;0;0;0.0;0.0;0.0
#auto generated file!
0;2;23;7;0.0;0.0;0.0;284.4350000000001;0.0;17;0
0;2;23;7;0.0;0.0;0.0
0;0;0;0;0.0;0.0;0.0
#auto generated file!
0;2;56;12;0.0;0.0;0.0;313.104761904762;0.0;24;0
0;2;56;12;0.0;0.0;0.0
0;0;0;0;0.0;0.0;0.0
#auto generated file!
0;1;20;11;0.0;0.0;0.0;300.54857142857156;0.0;15;0
0;1;20;11;0.0;0.0;0.0
0;0;0;0;0.0;0.0;0.0
#auto generated file!
1;1;25;9;22.728158745538252;18.396072772565088;4.332085972973164;308.8707142857142;0.0;27;0
1;1;25;9;0.0;0.0;0.0
0;0;0;0;0.0;0.0;0.0
#auto generated file!
3;3;31;11;25.976311444778407;22.958225328267407;3.0180861165110024;324.35380952380956;0.0;20;0
3;3;31;11;0.0;0.0;0.0
0;0;0;0;0.0;0.0;0.0
#auto generated file!
0;1;52;16;0.0;0.0;0.0;290.4569047619048;0.0;25;0
0;1;52;16;0.0;0.0;0.0
0;0;0;0;0.0;0.0;0.0
#auto generated file!
0;2;46;10;0.0;0.0;0.0;267.1871428571428;0.0;14;0
0;2;46;10;0.0;0.0;0.0
0;0;0;0;0.0;0.0;0.0
#auto generated file!
0;1;57;13;0.0;0.0;0.0;304.0019047619048;0.0;19;0
0;1;57;13;0.0;0.0;0.0
0;0;0;0;0.0;0.0;0.0
#auto generated file!
2;4;33;10;5.547595099796382;5.13028116410154;0.41731393569484276;322.70047619047597;0.0;25;0
2;4;33;10;0.0;0.0;0.0
0;0;0;0;0.0;0.0;0.0
