#auto generated file!
1369;687;439;0;50.3791251830738;46.42739005467016;3.9517351284036635;174.96809523809517;0.0;248;0
1369;687;439;0;50.3791251830738;46.42739005467016;3.9517351284036635
0;0;0;0;0.0;0.0;0.0
#auto generated file!
1483;837;508;0;48.63742343893304;44.65861433053141;3.978809108401696;178.23547619047622;0.0;329;0
1483;837;508;0;48.63742343893304;44.65861433053141;3.978809108401696
0;0;0;0;0.0;0.0;0.0
#auto generated file!
1424;443;409;0;39.728079240754084;35.76189624093423;3.9661829998198;133.1840476190476;0.0;34;0
1424;443;409;0;39.728079240754084;35.76189624093423;3.9661829998198
0;0;0;0;0.0;0.0;0.0
#auto generated file!
1447;943;482;0;48.800377248581455;44.82300295984213;3.977374288739268;185.1385714285713;0.0;461;0
1447;943;482;0;48.800377248581455;44.82300295984213;3.977374288739268
0;0;0;0;0.0;0.0;0.0
#auto generated file!
1417;566;431;0;46.60426123873848;42.61799650188872;3.986264736849819;160.15476190476184;0.0;135;0
1417;566;431;0;46.60426123873848;42.61799650188872;3.986264736849819
0;0;0;0;0.0;0.0;0.0
#auto generated file!
1518;1084;487;0;50.95781556787352;46.989078440690704;3.9687371271827327;199.96904761904744;0.0;597;0
1518;1084;487;0;50.95781556787352;46.989078440690704;3.9687371271827327
0;0;0;0;0.0;0.0;0.0
#auto generated file!
1417;888;480;0;49.29867982322196;45.310349276416964;3.988330546804989;187.0290476190476;0.0;408;0
1417;888;480;0;49.29867982322196;45.310349276416964;3.988330546804989
0;0;0;0;0.0;0.0;0.0
#auto generated file!
1352;397;354;0;45.43994352568653;41.4711052161672;3.9688383095193136;146.86690476190466;0.0;43;0
1352;397;354;0;45.43994352568653;41.4711052161672;3.9688383095193136
0;0;0;0;0.0;0.0;0.0
#auto generated file!
1476;816;506;0;49.50562914751468;45.515168795666305;3.9904603518484283;186.06095238095233;0.0;310;0
1476;816;506;0;49.50562914751468;45.515168795666305;3.9904603518484283
0;0;0;0;0.0;0.0;0.0
#auto generated file!
1419;813;479;0;51.426962130676735;47.4123738795071;4.014588251169717;177.93428571428566;0.0;334;0
1419;813;479;0;51.426962130676735;47.4123738795071;4.014588251169717
0;0;0;0;0.0;0.0;0.0
